2025-08-15 12:05:58,632:INFO:Created DataLoaders with 2994 training samples and 998 validation samples.
2025-08-15 12:07:18,982:INFO:Created DataLoaders with 2994 training samples and 998 validation samples.
2025-08-15 12:07:49,192:INFO:Created DataLoaders with 2994 training samples and 998 validation samples.
2025-08-15 12:09:20,932:INFO:Created DataLoaders with 2994 training samples and 998 validation samples.
2025-08-15 12:10:22,181:INFO:Created DataLoaders with 2994 training samples and 998 validation samples.
2025-08-15 12:10:23,506:INFO:model params: 479490
2025-08-15 12:10:25,258:INFO:Epoch: 0/2000 | Train Loss: 5.094e+00 | Dynamic Loss: 5.094e+00 | Regularization Loss: 6.195e-25 | Val Loss: 3.413e+00 | Time: 1.75s
2025-08-15 12:10:25,259:INFO:New best model found at epoch 0 with validation loss 3.413e+00. Saving...
2025-08-15 12:10:29,498:INFO:Epoch: 50/2000 | Train Loss: 9.023e-01 | Dynamic Loss: 9.023e-01 | Regularization Loss: 2.074e-21 | Val Loss: 9.511e-01 | Time: 4.22s
2025-08-15 12:10:29,498:INFO:New best model found at epoch 50 with validation loss 9.511e-01. Saving...
2025-08-15 12:10:33,590:INFO:Epoch: 100/2000 | Train Loss: 7.129e-01 | Dynamic Loss: 7.129e-01 | Regularization Loss: 1.892e-15 | Val Loss: 7.449e-01 | Time: 4.08s
2025-08-15 12:10:33,590:INFO:New best model found at epoch 100 with validation loss 7.449e-01. Saving...
2025-08-15 12:10:37,859:INFO:Epoch: 150/2000 | Train Loss: 6.434e-01 | Dynamic Loss: 6.434e-01 | Regularization Loss: 2.342e-08 | Val Loss: 6.642e-01 | Time: 4.26s
2025-08-15 12:10:37,859:INFO:New best model found at epoch 150 with validation loss 6.642e-01. Saving...
2025-08-15 12:10:42,090:INFO:Epoch: 200/2000 | Train Loss: 6.069e-01 | Dynamic Loss: 6.069e-01 | Regularization Loss: 6.373e-07 | Val Loss: 6.280e-01 | Time: 4.22s
2025-08-15 12:10:42,090:INFO:New best model found at epoch 200 with validation loss 6.280e-01. Saving...
2025-08-15 12:10:46,331:INFO:Epoch: 250/2000 | Train Loss: 5.925e-01 | Dynamic Loss: 5.925e-01 | Regularization Loss: 6.242e-07 | Val Loss: 6.005e-01 | Time: 4.23s
2025-08-15 12:10:46,331:INFO:New best model found at epoch 250 with validation loss 6.005e-01. Saving...
2025-08-15 12:10:55,626:INFO:Epoch: 300/2000 | Train Loss: 5.772e-01 | Dynamic Loss: 5.772e-01 | Regularization Loss: 6.029e-07 | Val Loss: 5.841e-01 | Time: 9.28s
2025-08-15 12:10:55,628:INFO:New best model found at epoch 300 with validation loss 5.841e-01. Saving...
2025-08-15 12:10:59,891:INFO:Epoch: 350/2000 | Train Loss: 5.739e-01 | Dynamic Loss: 5.739e-01 | Regularization Loss: 5.821e-07 | Val Loss: 5.742e-01 | Time: 4.25s
2025-08-15 12:10:59,891:INFO:New best model found at epoch 350 with validation loss 5.742e-01. Saving...
2025-08-15 12:11:04,093:INFO:Epoch: 400/2000 | Train Loss: 5.650e-01 | Dynamic Loss: 5.650e-01 | Regularization Loss: 5.630e-07 | Val Loss: 5.652e-01 | Time: 4.19s
2025-08-15 12:11:04,093:INFO:New best model found at epoch 400 with validation loss 5.652e-01. Saving...
2025-08-15 12:11:08,256:INFO:Epoch: 450/2000 | Train Loss: 5.606e-01 | Dynamic Loss: 5.606e-01 | Regularization Loss: 5.463e-07 | Val Loss: 5.572e-01 | Time: 4.15s
2025-08-15 12:11:08,256:INFO:New best model found at epoch 450 with validation loss 5.572e-01. Saving...
2025-08-15 12:11:18,461:INFO:Epoch: 500/2000 | Train Loss: 5.571e-01 | Dynamic Loss: 5.571e-01 | Regularization Loss: 5.288e-07 | Val Loss: 5.512e-01 | Time: 10.19s
2025-08-15 12:11:18,461:INFO:New best model found at epoch 500 with validation loss 5.512e-01. Saving...
2025-08-15 12:11:22,797:INFO:Epoch: 550/2000 | Train Loss: 5.510e-01 | Dynamic Loss: 5.510e-01 | Regularization Loss: 5.135e-07 | Val Loss: 5.460e-01 | Time: 4.33s
2025-08-15 12:11:22,797:INFO:New best model found at epoch 550 with validation loss 5.460e-01. Saving...
2025-08-15 12:11:27,110:INFO:Epoch: 600/2000 | Train Loss: 5.495e-01 | Dynamic Loss: 5.495e-01 | Regularization Loss: 4.986e-07 | Val Loss: 5.418e-01 | Time: 4.30s
2025-08-15 12:11:27,110:INFO:New best model found at epoch 600 with validation loss 5.418e-01. Saving...
2025-08-15 12:11:31,350:INFO:Epoch: 650/2000 | Train Loss: 5.447e-01 | Dynamic Loss: 5.447e-01 | Regularization Loss: 4.824e-07 | Val Loss: 5.369e-01 | Time: 4.23s
2025-08-15 12:11:31,350:INFO:New best model found at epoch 650 with validation loss 5.369e-01. Saving...
2025-08-15 12:11:36,513:INFO:Epoch: 700/2000 | Train Loss: 5.413e-01 | Dynamic Loss: 5.413e-01 | Regularization Loss: 4.676e-07 | Val Loss: 5.312e-01 | Time: 5.15s
2025-08-15 12:11:36,513:INFO:New best model found at epoch 700 with validation loss 5.312e-01. Saving...
2025-08-15 12:11:40,867:INFO:Epoch: 750/2000 | Train Loss: 5.349e-01 | Dynamic Loss: 5.349e-01 | Regularization Loss: 4.540e-07 | Val Loss: 5.274e-01 | Time: 4.34s
2025-08-15 12:11:40,867:INFO:New best model found at epoch 750 with validation loss 5.274e-01. Saving...
2025-08-15 12:11:45,213:INFO:Epoch: 800/2000 | Train Loss: 5.354e-01 | Dynamic Loss: 5.354e-01 | Regularization Loss: 4.443e-07 | Val Loss: 5.223e-01 | Time: 4.34s
2025-08-15 12:11:45,214:INFO:New best model found at epoch 800 with validation loss 5.223e-01. Saving...
2025-08-15 12:11:49,513:INFO:Epoch: 850/2000 | Train Loss: 5.291e-01 | Dynamic Loss: 5.291e-01 | Regularization Loss: 4.315e-07 | Val Loss: 5.195e-01 | Time: 4.29s
2025-08-15 12:11:49,513:INFO:New best model found at epoch 850 with validation loss 5.195e-01. Saving...
2025-08-15 12:11:55,139:INFO:Epoch: 900/2000 | Train Loss: 5.278e-01 | Dynamic Loss: 5.278e-01 | Regularization Loss: 4.226e-07 | Val Loss: 5.170e-01 | Time: 5.62s
2025-08-15 12:11:55,139:INFO:New best model found at epoch 900 with validation loss 5.170e-01. Saving...
2025-08-15 12:11:59,342:INFO:Epoch: 950/2000 | Train Loss: 5.230e-01 | Dynamic Loss: 5.230e-01 | Regularization Loss: 4.099e-07 | Val Loss: 5.156e-01 | Time: 4.19s
2025-08-15 12:11:59,342:INFO:New best model found at epoch 950 with validation loss 5.156e-01. Saving...
2025-08-15 12:12:03,583:INFO:Epoch: 1000/2000 | Train Loss: 5.216e-01 | Dynamic Loss: 5.216e-01 | Regularization Loss: 3.999e-07 | Val Loss: 5.104e-01 | Time: 4.23s
2025-08-15 12:12:03,583:INFO:New best model found at epoch 1000 with validation loss 5.104e-01. Saving...
2025-08-15 12:12:07,923:INFO:Epoch: 1050/2000 | Train Loss: 5.184e-01 | Dynamic Loss: 5.184e-01 | Regularization Loss: 3.883e-07 | Val Loss: 5.069e-01 | Time: 4.33s
2025-08-15 12:12:07,923:INFO:New best model found at epoch 1050 with validation loss 5.069e-01. Saving...
2025-08-15 12:12:12,994:INFO:Epoch: 1100/2000 | Train Loss: 5.147e-01 | Dynamic Loss: 5.147e-01 | Regularization Loss: 3.804e-07 | Val Loss: 5.048e-01 | Time: 5.06s
2025-08-15 12:12:12,994:INFO:New best model found at epoch 1100 with validation loss 5.048e-01. Saving...
2025-08-15 12:12:17,223:INFO:Epoch: 1150/2000 | Train Loss: 5.116e-01 | Dynamic Loss: 5.116e-01 | Regularization Loss: 3.717e-07 | Val Loss: 5.017e-01 | Time: 4.22s
2025-08-15 12:12:17,223:INFO:New best model found at epoch 1150 with validation loss 5.017e-01. Saving...
2025-08-15 12:12:21,547:INFO:Epoch: 1200/2000 | Train Loss: 5.118e-01 | Dynamic Loss: 5.118e-01 | Regularization Loss: 3.653e-07 | Val Loss: 5.010e-01 | Time: 4.31s
2025-08-15 12:12:21,547:INFO:New best model found at epoch 1200 with validation loss 5.010e-01. Saving...
2025-08-15 12:12:25,766:INFO:Epoch: 1250/2000 | Train Loss: 5.096e-01 | Dynamic Loss: 5.096e-01 | Regularization Loss: 3.583e-07 | Val Loss: 4.964e-01 | Time: 4.21s
2025-08-15 12:12:25,766:INFO:New best model found at epoch 1250 with validation loss 4.964e-01. Saving...
2025-08-15 12:12:30,048:INFO:Epoch: 1300/2000 | Train Loss: 5.073e-01 | Dynamic Loss: 5.073e-01 | Regularization Loss: 3.501e-07 | Val Loss: 4.945e-01 | Time: 4.27s
2025-08-15 12:12:30,048:INFO:New best model found at epoch 1300 with validation loss 4.945e-01. Saving...
2025-08-15 12:12:37,593:INFO:Epoch: 1350/2000 | Train Loss: 5.043e-01 | Dynamic Loss: 5.043e-01 | Regularization Loss: 3.430e-07 | Val Loss: 4.929e-01 | Time: 7.54s
2025-08-15 12:12:37,593:INFO:New best model found at epoch 1350 with validation loss 4.929e-01. Saving...
2025-08-15 12:12:41,840:INFO:Epoch: 1400/2000 | Train Loss: 5.011e-01 | Dynamic Loss: 5.011e-01 | Regularization Loss: 3.356e-07 | Val Loss: 4.897e-01 | Time: 4.24s
2025-08-15 12:12:41,840:INFO:New best model found at epoch 1400 with validation loss 4.897e-01. Saving...
2025-08-15 12:12:46,201:INFO:Epoch: 1450/2000 | Train Loss: 5.011e-01 | Dynamic Loss: 5.011e-01 | Regularization Loss: 3.299e-07 | Val Loss: 4.896e-01 | Time: 4.35s
2025-08-15 12:12:46,201:INFO:New best model found at epoch 1450 with validation loss 4.896e-01. Saving...
2025-08-15 12:12:50,402:INFO:Epoch: 1500/2000 | Train Loss: 4.995e-01 | Dynamic Loss: 4.995e-01 | Regularization Loss: 3.229e-07 | Val Loss: 4.860e-01 | Time: 4.19s
2025-08-15 12:12:50,402:INFO:New best model found at epoch 1500 with validation loss 4.860e-01. Saving...
2025-08-15 12:12:59,735:INFO:Epoch: 1550/2000 | Train Loss: 4.955e-01 | Dynamic Loss: 4.955e-01 | Regularization Loss: 3.192e-07 | Val Loss: 4.843e-01 | Time: 4.26s
2025-08-15 12:12:59,735:INFO:New best model found at epoch 1550 with validation loss 4.843e-01. Saving...
2025-08-15 12:13:09,959:INFO:Epoch: 1600/2000 | Train Loss: 4.951e-01 | Dynamic Loss: 4.951e-01 | Regularization Loss: 3.132e-07 | Val Loss: 4.834e-01 | Time: 10.21s
2025-08-15 12:13:09,959:INFO:New best model found at epoch 1600 with validation loss 4.834e-01. Saving...
2025-08-15 12:13:14,394:INFO:Epoch: 1650/2000 | Train Loss: 4.931e-01 | Dynamic Loss: 4.931e-01 | Regularization Loss: 3.086e-07 | Val Loss: 4.807e-01 | Time: 4.42s
2025-08-15 12:13:14,394:INFO:New best model found at epoch 1650 with validation loss 4.807e-01. Saving...
2025-08-15 12:13:18,746:INFO:Epoch: 1700/2000 | Train Loss: 4.938e-01 | Dynamic Loss: 4.938e-01 | Regularization Loss: 3.029e-07 | Val Loss: 4.820e-01 | Time: 4.34s
2025-08-15 12:13:23,115:INFO:Epoch: 1750/2000 | Train Loss: 4.893e-01 | Dynamic Loss: 4.893e-01 | Regularization Loss: 2.976e-07 | Val Loss: 4.776e-01 | Time: 4.37s
2025-08-15 12:13:23,115:INFO:New best model found at epoch 1750 with validation loss 4.776e-01. Saving...
2025-08-15 12:13:27,604:INFO:Epoch: 1800/2000 | Train Loss: 4.890e-01 | Dynamic Loss: 4.890e-01 | Regularization Loss: 2.946e-07 | Val Loss: 4.779e-01 | Time: 4.48s
2025-08-15 12:13:31,903:INFO:Epoch: 1850/2000 | Train Loss: 4.865e-01 | Dynamic Loss: 4.865e-01 | Regularization Loss: 2.884e-07 | Val Loss: 4.757e-01 | Time: 4.30s
2025-08-15 12:13:31,903:INFO:New best model found at epoch 1850 with validation loss 4.757e-01. Saving...
2025-08-15 12:13:36,293:INFO:Epoch: 1900/2000 | Train Loss: 4.838e-01 | Dynamic Loss: 4.838e-01 | Regularization Loss: 2.837e-07 | Val Loss: 4.746e-01 | Time: 4.38s
2025-08-15 12:13:36,294:INFO:New best model found at epoch 1900 with validation loss 4.746e-01. Saving...
2025-08-15 12:13:40,634:INFO:Epoch: 1950/2000 | Train Loss: 4.836e-01 | Dynamic Loss: 4.836e-01 | Regularization Loss: 2.777e-07 | Val Loss: 4.728e-01 | Time: 4.33s
2025-08-15 12:13:40,634:INFO:New best model found at epoch 1950 with validation loss 4.728e-01. Saving...
2025-08-15 12:13:44,961:INFO:Epoch: 2000/2000 | Train Loss: 4.810e-01 | Dynamic Loss: 4.810e-01 | Regularization Loss: 2.740e-07 | Val Loss: 4.712e-01 | Time: 4.32s
2025-08-15 12:13:44,961:INFO:New best model found at epoch 2000 with validation loss 4.712e-01. Saving...
2025-08-15 12:14:57,123:INFO:Using device: cuda
2025-08-15 12:15:58,346:INFO:Using device: cuda
2025-08-15 12:17:43,506:INFO:Using device: cuda
2025-08-15 12:18:31,356:INFO:Using device: cuda
2025-08-15 12:20:16,127:INFO:Created DataLoaders with 2994 training samples and 998 validation samples.
2025-08-15 12:20:17,990:INFO:model params: 479490
2025-08-15 12:20:19,849:INFO:Epoch: 0/2000 | Train Loss: 5.094e+00 | Dynamic Loss: 5.094e+00 | Regularization Loss: 6.195e-25 | Val Loss: 3.413e+00 | Time: 1.86s
2025-08-15 12:20:19,849:INFO:New best model found at epoch 0 with validation loss 3.413e+00. Saving...
2025-08-15 12:20:23,984:INFO:Epoch: 50/2000 | Train Loss: 9.023e-01 | Dynamic Loss: 9.023e-01 | Regularization Loss: 2.074e-21 | Val Loss: 9.511e-01 | Time: 4.11s
2025-08-15 12:20:23,984:INFO:New best model found at epoch 50 with validation loss 9.511e-01. Saving...
2025-08-15 12:20:28,038:INFO:Epoch: 100/2000 | Train Loss: 7.129e-01 | Dynamic Loss: 7.129e-01 | Regularization Loss: 1.892e-15 | Val Loss: 7.449e-01 | Time: 4.04s
2025-08-15 12:20:28,038:INFO:New best model found at epoch 100 with validation loss 7.449e-01. Saving...
2025-08-15 12:20:32,134:INFO:Epoch: 150/2000 | Train Loss: 6.434e-01 | Dynamic Loss: 6.434e-01 | Regularization Loss: 2.342e-08 | Val Loss: 6.642e-01 | Time: 4.09s
2025-08-15 12:20:32,134:INFO:New best model found at epoch 150 with validation loss 6.642e-01. Saving...
2025-08-15 12:20:36,209:INFO:Epoch: 200/2000 | Train Loss: 6.069e-01 | Dynamic Loss: 6.069e-01 | Regularization Loss: 6.373e-07 | Val Loss: 6.280e-01 | Time: 4.06s
2025-08-15 12:20:36,209:INFO:New best model found at epoch 200 with validation loss 6.280e-01. Saving...
2025-08-15 12:20:40,310:INFO:Epoch: 250/2000 | Train Loss: 5.925e-01 | Dynamic Loss: 5.925e-01 | Regularization Loss: 6.242e-07 | Val Loss: 6.005e-01 | Time: 4.09s
2025-08-15 12:20:40,310:INFO:New best model found at epoch 250 with validation loss 6.005e-01. Saving...
2025-08-15 12:20:49,577:INFO:Epoch: 300/2000 | Train Loss: 5.772e-01 | Dynamic Loss: 5.772e-01 | Regularization Loss: 6.029e-07 | Val Loss: 5.841e-01 | Time: 9.26s
2025-08-15 12:20:49,578:INFO:New best model found at epoch 300 with validation loss 5.841e-01. Saving...
2025-08-15 12:20:53,721:INFO:Epoch: 350/2000 | Train Loss: 5.739e-01 | Dynamic Loss: 5.739e-01 | Regularization Loss: 5.821e-07 | Val Loss: 5.742e-01 | Time: 4.13s
2025-08-15 12:20:53,721:INFO:New best model found at epoch 350 with validation loss 5.742e-01. Saving...
2025-08-15 12:20:57,821:INFO:Epoch: 400/2000 | Train Loss: 5.650e-01 | Dynamic Loss: 5.650e-01 | Regularization Loss: 5.630e-07 | Val Loss: 5.652e-01 | Time: 4.09s
2025-08-15 12:20:57,821:INFO:New best model found at epoch 400 with validation loss 5.652e-01. Saving...
2025-08-15 12:21:01,903:INFO:Epoch: 450/2000 | Train Loss: 5.606e-01 | Dynamic Loss: 5.606e-01 | Regularization Loss: 5.463e-07 | Val Loss: 5.572e-01 | Time: 4.07s
2025-08-15 12:21:01,903:INFO:New best model found at epoch 450 with validation loss 5.572e-01. Saving...
2025-08-15 12:21:11,580:INFO:Epoch: 500/2000 | Train Loss: 5.571e-01 | Dynamic Loss: 5.571e-01 | Regularization Loss: 5.288e-07 | Val Loss: 5.512e-01 | Time: 9.67s
2025-08-15 12:21:11,580:INFO:New best model found at epoch 500 with validation loss 5.512e-01. Saving...
2025-08-15 12:21:15,805:INFO:Epoch: 550/2000 | Train Loss: 5.510e-01 | Dynamic Loss: 5.510e-01 | Regularization Loss: 5.135e-07 | Val Loss: 5.460e-01 | Time: 4.22s
2025-08-15 12:21:15,806:INFO:New best model found at epoch 550 with validation loss 5.460e-01. Saving...
2025-08-15 12:21:20,390:INFO:Epoch: 600/2000 | Train Loss: 5.495e-01 | Dynamic Loss: 5.495e-01 | Regularization Loss: 4.986e-07 | Val Loss: 5.418e-01 | Time: 4.57s
2025-08-15 12:21:20,390:INFO:New best model found at epoch 600 with validation loss 5.418e-01. Saving...
2025-08-15 12:21:24,554:INFO:Epoch: 650/2000 | Train Loss: 5.447e-01 | Dynamic Loss: 5.447e-01 | Regularization Loss: 4.824e-07 | Val Loss: 5.369e-01 | Time: 4.15s
2025-08-15 12:21:24,554:INFO:New best model found at epoch 650 with validation loss 5.369e-01. Saving...
2025-08-15 12:21:29,442:INFO:Epoch: 700/2000 | Train Loss: 5.413e-01 | Dynamic Loss: 5.413e-01 | Regularization Loss: 4.676e-07 | Val Loss: 5.312e-01 | Time: 4.88s
2025-08-15 12:21:29,442:INFO:New best model found at epoch 700 with validation loss 5.312e-01. Saving...
2025-08-15 12:21:33,636:INFO:Epoch: 750/2000 | Train Loss: 5.349e-01 | Dynamic Loss: 5.349e-01 | Regularization Loss: 4.540e-07 | Val Loss: 5.274e-01 | Time: 4.18s
2025-08-15 12:21:33,636:INFO:New best model found at epoch 750 with validation loss 5.274e-01. Saving...
2025-08-15 12:21:37,854:INFO:Epoch: 800/2000 | Train Loss: 5.354e-01 | Dynamic Loss: 5.354e-01 | Regularization Loss: 4.443e-07 | Val Loss: 5.223e-01 | Time: 4.21s
2025-08-15 12:21:37,854:INFO:New best model found at epoch 800 with validation loss 5.223e-01. Saving...
2025-08-15 12:21:42,057:INFO:Epoch: 850/2000 | Train Loss: 5.291e-01 | Dynamic Loss: 5.291e-01 | Regularization Loss: 4.315e-07 | Val Loss: 5.195e-01 | Time: 4.19s
2025-08-15 12:21:42,057:INFO:New best model found at epoch 850 with validation loss 5.195e-01. Saving...
2025-08-15 12:21:47,541:INFO:Epoch: 900/2000 | Train Loss: 5.278e-01 | Dynamic Loss: 5.278e-01 | Regularization Loss: 4.226e-07 | Val Loss: 5.170e-01 | Time: 5.47s
2025-08-15 12:21:47,541:INFO:New best model found at epoch 900 with validation loss 5.170e-01. Saving...
2025-08-15 12:21:51,688:INFO:Epoch: 950/2000 | Train Loss: 5.230e-01 | Dynamic Loss: 5.230e-01 | Regularization Loss: 4.099e-07 | Val Loss: 5.156e-01 | Time: 4.14s
2025-08-15 12:21:51,689:INFO:New best model found at epoch 950 with validation loss 5.156e-01. Saving...
2025-08-15 12:21:55,835:INFO:Epoch: 1000/2000 | Train Loss: 5.216e-01 | Dynamic Loss: 5.216e-01 | Regularization Loss: 3.999e-07 | Val Loss: 5.104e-01 | Time: 4.14s
2025-08-15 12:21:55,835:INFO:New best model found at epoch 1000 with validation loss 5.104e-01. Saving...
2025-08-15 12:22:00,003:INFO:Epoch: 1050/2000 | Train Loss: 5.184e-01 | Dynamic Loss: 5.184e-01 | Regularization Loss: 3.883e-07 | Val Loss: 5.069e-01 | Time: 4.16s
2025-08-15 12:22:00,003:INFO:New best model found at epoch 1050 with validation loss 5.069e-01. Saving...
2025-08-15 12:22:04,993:INFO:Epoch: 1100/2000 | Train Loss: 5.147e-01 | Dynamic Loss: 5.147e-01 | Regularization Loss: 3.804e-07 | Val Loss: 5.048e-01 | Time: 4.98s
2025-08-15 12:22:04,993:INFO:New best model found at epoch 1100 with validation loss 5.048e-01. Saving...
2025-08-15 12:22:09,169:INFO:Epoch: 1150/2000 | Train Loss: 5.116e-01 | Dynamic Loss: 5.116e-01 | Regularization Loss: 3.717e-07 | Val Loss: 5.017e-01 | Time: 4.17s
2025-08-15 12:22:09,169:INFO:New best model found at epoch 1150 with validation loss 5.017e-01. Saving...
2025-08-15 12:22:13,391:INFO:Epoch: 1200/2000 | Train Loss: 5.118e-01 | Dynamic Loss: 5.118e-01 | Regularization Loss: 3.653e-07 | Val Loss: 5.010e-01 | Time: 4.21s
2025-08-15 12:22:13,391:INFO:New best model found at epoch 1200 with validation loss 5.010e-01. Saving...
2025-08-15 12:22:17,545:INFO:Epoch: 1250/2000 | Train Loss: 5.096e-01 | Dynamic Loss: 5.096e-01 | Regularization Loss: 3.583e-07 | Val Loss: 4.964e-01 | Time: 4.14s
2025-08-15 12:22:17,545:INFO:New best model found at epoch 1250 with validation loss 4.964e-01. Saving...
2025-08-15 12:22:21,714:INFO:Epoch: 1300/2000 | Train Loss: 5.073e-01 | Dynamic Loss: 5.073e-01 | Regularization Loss: 3.501e-07 | Val Loss: 4.945e-01 | Time: 4.16s
2025-08-15 12:22:21,715:INFO:New best model found at epoch 1300 with validation loss 4.945e-01. Saving...
2025-08-15 12:22:29,172:INFO:Epoch: 1350/2000 | Train Loss: 5.043e-01 | Dynamic Loss: 5.043e-01 | Regularization Loss: 3.430e-07 | Val Loss: 4.929e-01 | Time: 7.45s
2025-08-15 12:22:29,172:INFO:New best model found at epoch 1350 with validation loss 4.929e-01. Saving...
2025-08-15 12:22:33,348:INFO:Epoch: 1400/2000 | Train Loss: 5.011e-01 | Dynamic Loss: 5.011e-01 | Regularization Loss: 3.356e-07 | Val Loss: 4.897e-01 | Time: 4.17s
2025-08-15 12:22:33,348:INFO:New best model found at epoch 1400 with validation loss 4.897e-01. Saving...
2025-08-15 12:22:37,614:INFO:Epoch: 1450/2000 | Train Loss: 5.011e-01 | Dynamic Loss: 5.011e-01 | Regularization Loss: 3.299e-07 | Val Loss: 4.896e-01 | Time: 4.26s
2025-08-15 12:22:37,614:INFO:New best model found at epoch 1450 with validation loss 4.896e-01. Saving...
2025-08-15 12:22:41,738:INFO:Epoch: 1500/2000 | Train Loss: 4.995e-01 | Dynamic Loss: 4.995e-01 | Regularization Loss: 3.229e-07 | Val Loss: 4.860e-01 | Time: 4.11s
2025-08-15 12:22:41,738:INFO:New best model found at epoch 1500 with validation loss 4.860e-01. Saving...
2025-08-15 12:22:45,918:INFO:Epoch: 1550/2000 | Train Loss: 4.955e-01 | Dynamic Loss: 4.955e-01 | Regularization Loss: 3.192e-07 | Val Loss: 4.843e-01 | Time: 4.17s
2025-08-15 12:22:45,918:INFO:New best model found at epoch 1550 with validation loss 4.843e-01. Saving...
2025-08-15 12:22:56,172:INFO:Epoch: 1600/2000 | Train Loss: 4.951e-01 | Dynamic Loss: 4.951e-01 | Regularization Loss: 3.132e-07 | Val Loss: 4.834e-01 | Time: 10.24s
2025-08-15 12:22:56,172:INFO:New best model found at epoch 1600 with validation loss 4.834e-01. Saving...
2025-08-15 12:23:00,434:INFO:Epoch: 1650/2000 | Train Loss: 4.931e-01 | Dynamic Loss: 4.931e-01 | Regularization Loss: 3.086e-07 | Val Loss: 4.807e-01 | Time: 4.25s
2025-08-15 12:23:00,434:INFO:New best model found at epoch 1650 with validation loss 4.807e-01. Saving...
2025-08-15 12:23:04,719:INFO:Epoch: 1700/2000 | Train Loss: 4.938e-01 | Dynamic Loss: 4.938e-01 | Regularization Loss: 3.029e-07 | Val Loss: 4.820e-01 | Time: 4.28s
2025-08-15 12:23:08,924:INFO:Epoch: 1750/2000 | Train Loss: 4.893e-01 | Dynamic Loss: 4.893e-01 | Regularization Loss: 2.976e-07 | Val Loss: 4.776e-01 | Time: 4.20s
2025-08-15 12:23:08,924:INFO:New best model found at epoch 1750 with validation loss 4.776e-01. Saving...
2025-08-15 12:23:13,215:INFO:Epoch: 1800/2000 | Train Loss: 4.890e-01 | Dynamic Loss: 4.890e-01 | Regularization Loss: 2.946e-07 | Val Loss: 4.779e-01 | Time: 4.28s
2025-08-15 12:23:17,433:INFO:Epoch: 1850/2000 | Train Loss: 4.865e-01 | Dynamic Loss: 4.865e-01 | Regularization Loss: 2.884e-07 | Val Loss: 4.757e-01 | Time: 4.22s
2025-08-15 12:23:17,433:INFO:New best model found at epoch 1850 with validation loss 4.757e-01. Saving...
2025-08-15 12:23:21,681:INFO:Epoch: 1900/2000 | Train Loss: 4.838e-01 | Dynamic Loss: 4.838e-01 | Regularization Loss: 2.837e-07 | Val Loss: 4.746e-01 | Time: 4.24s
2025-08-15 12:23:21,681:INFO:New best model found at epoch 1900 with validation loss 4.746e-01. Saving...
2025-08-15 12:23:25,981:INFO:Epoch: 1950/2000 | Train Loss: 4.836e-01 | Dynamic Loss: 4.836e-01 | Regularization Loss: 2.777e-07 | Val Loss: 4.728e-01 | Time: 4.29s
2025-08-15 12:23:25,981:INFO:New best model found at epoch 1950 with validation loss 4.728e-01. Saving...
2025-08-15 12:23:30,241:INFO:Epoch: 2000/2000 | Train Loss: 4.810e-01 | Dynamic Loss: 4.810e-01 | Regularization Loss: 2.740e-07 | Val Loss: 4.712e-01 | Time: 4.25s
2025-08-15 12:23:30,241:INFO:New best model found at epoch 2000 with validation loss 4.712e-01. Saving...
2025-08-15 12:24:38,249:INFO:Using device: cuda
2025-08-15 12:32:24,609:INFO:Created DataLoaders with 2994 training samples and 998 validation samples.
2025-08-15 12:32:25,731:INFO:model params: 479490
2025-08-15 12:34:26,944:INFO:Using device: cuda
2025-08-15 12:35:42,002:INFO:Created DataLoaders with 2994 training samples and 998 validation samples.
2025-08-15 12:35:42,600:INFO:model params: 479490
2025-08-15 12:37:53,466:INFO:Using device: cuda
2025-08-15 12:38:43,125:INFO:Using device: cuda
2025-08-15 12:42:37,136:INFO:Using device: cuda
2025-08-15 12:45:32,724:INFO:Using device: cuda
2025-08-15 12:45:43,701:INFO:Using device: cuda
