2025-08-15 11:34:42,710:INFO:Created DataLoaders with 2994 training samples and 998 validation samples.
2025-08-15 11:35:01,044:INFO:model params: 479490
2025-08-15 11:35:41,994:INFO:Created DataLoaders with 2994 training samples and 998 validation samples.
2025-08-15 11:35:42,575:INFO:model params: 479490
2025-08-15 11:35:56,545:INFO:Epoch: 0/10000 | Train Loss: 5.094e+00 | Dynamic Loss: 5.094e+00 | Regularization Loss: 6.195e-22 | Val Loss: 3.413e+00 | Time: 13.97s
2025-08-15 11:35:56,545:INFO:New best model found at epoch 0 with validation loss 3.413e+00. Saving...
2025-08-15 11:36:01,705:INFO:Epoch: 50/10000 | Train Loss: 9.023e-01 | Dynamic Loss: 9.023e-01 | Regularization Loss: 2.074e-18 | Val Loss: 9.511e-01 | Time: 4.60s
2025-08-15 11:36:01,706:INFO:New best model found at epoch 50 with validation loss 9.511e-01. Saving...
2025-08-15 11:36:06,250:INFO:Epoch: 100/10000 | Train Loss: 7.129e-01 | Dynamic Loss: 7.129e-01 | Regularization Loss: 1.892e-12 | Val Loss: 7.449e-01 | Time: 4.53s
2025-08-15 11:36:06,250:INFO:New best model found at epoch 100 with validation loss 7.449e-01. Saving...
2025-08-15 11:36:10,883:INFO:Epoch: 150/10000 | Train Loss: 6.426e-01 | Dynamic Loss: 6.426e-01 | Regularization Loss: 7.156e-07 | Val Loss: 6.642e-01 | Time: 4.62s
2025-08-15 11:36:10,883:INFO:New best model found at epoch 150 with validation loss 6.642e-01. Saving...
2025-08-15 11:36:15,530:INFO:Epoch: 200/10000 | Train Loss: 6.088e-01 | Dynamic Loss: 6.088e-01 | Regularization Loss: 6.179e-07 | Val Loss: 6.260e-01 | Time: 4.64s
2025-08-15 11:36:15,530:INFO:New best model found at epoch 200 with validation loss 6.260e-01. Saving...
2025-08-15 11:36:20,184:INFO:Epoch: 250/10000 | Train Loss: 5.933e-01 | Dynamic Loss: 5.933e-01 | Regularization Loss: 6.053e-07 | Val Loss: 6.017e-01 | Time: 4.64s
2025-08-15 11:36:20,184:INFO:New best model found at epoch 250 with validation loss 6.017e-01. Saving...
2025-08-15 11:36:30,962:INFO:Epoch: 300/10000 | Train Loss: 5.795e-01 | Dynamic Loss: 5.795e-01 | Regularization Loss: 5.842e-07 | Val Loss: 5.861e-01 | Time: 10.77s
2025-08-15 11:36:30,962:INFO:New best model found at epoch 300 with validation loss 5.861e-01. Saving...
2025-08-15 11:36:35,750:INFO:Epoch: 350/10000 | Train Loss: 5.721e-01 | Dynamic Loss: 5.721e-01 | Regularization Loss: 5.629e-07 | Val Loss: 5.731e-01 | Time: 4.78s
2025-08-15 11:36:35,750:INFO:New best model found at epoch 350 with validation loss 5.731e-01. Saving...
2025-08-15 11:36:40,464:INFO:Epoch: 400/10000 | Train Loss: 5.639e-01 | Dynamic Loss: 5.639e-01 | Regularization Loss: 5.434e-07 | Val Loss: 5.664e-01 | Time: 4.70s
2025-08-15 11:36:40,464:INFO:New best model found at epoch 400 with validation loss 5.664e-01. Saving...
2025-08-15 11:36:45,143:INFO:Epoch: 450/10000 | Train Loss: 5.590e-01 | Dynamic Loss: 5.590e-01 | Regularization Loss: 5.271e-07 | Val Loss: 5.569e-01 | Time: 4.67s
2025-08-15 11:36:45,143:INFO:New best model found at epoch 450 with validation loss 5.569e-01. Saving...
2025-08-15 11:36:55,575:INFO:Epoch: 500/10000 | Train Loss: 5.568e-01 | Dynamic Loss: 5.568e-01 | Regularization Loss: 5.116e-07 | Val Loss: 5.512e-01 | Time: 10.42s
2025-08-15 11:36:55,575:INFO:New best model found at epoch 500 with validation loss 5.512e-01. Saving...
2025-08-15 11:37:00,410:INFO:Epoch: 550/10000 | Train Loss: 5.524e-01 | Dynamic Loss: 5.524e-01 | Regularization Loss: 4.989e-07 | Val Loss: 5.471e-01 | Time: 4.83s
2025-08-15 11:37:00,411:INFO:New best model found at epoch 550 with validation loss 5.471e-01. Saving...
2025-08-15 11:37:05,085:INFO:Epoch: 600/10000 | Train Loss: 5.473e-01 | Dynamic Loss: 5.473e-01 | Regularization Loss: 4.822e-07 | Val Loss: 5.411e-01 | Time: 4.66s
2025-08-15 11:37:05,085:INFO:New best model found at epoch 600 with validation loss 5.411e-01. Saving...
2025-08-15 11:37:09,808:INFO:Epoch: 650/10000 | Train Loss: 5.429e-01 | Dynamic Loss: 5.429e-01 | Regularization Loss: 4.683e-07 | Val Loss: 5.354e-01 | Time: 4.71s
2025-08-15 11:37:09,808:INFO:New best model found at epoch 650 with validation loss 5.354e-01. Saving...
2025-08-15 11:37:19,843:INFO:Epoch: 700/10000 | Train Loss: 5.436e-01 | Dynamic Loss: 5.436e-01 | Regularization Loss: 4.550e-07 | Val Loss: 5.316e-01 | Time: 10.03s
2025-08-15 11:37:19,843:INFO:New best model found at epoch 700 with validation loss 5.316e-01. Saving...
2025-08-15 11:37:24,531:INFO:Epoch: 750/10000 | Train Loss: 5.353e-01 | Dynamic Loss: 5.353e-01 | Regularization Loss: 4.426e-07 | Val Loss: 5.263e-01 | Time: 4.68s
2025-08-15 11:37:24,531:INFO:New best model found at epoch 750 with validation loss 5.263e-01. Saving...
2025-08-15 11:37:29,217:INFO:Epoch: 800/10000 | Train Loss: 5.325e-01 | Dynamic Loss: 5.325e-01 | Regularization Loss: 4.299e-07 | Val Loss: 5.234e-01 | Time: 4.68s
2025-08-15 11:37:29,217:INFO:New best model found at epoch 800 with validation loss 5.234e-01. Saving...
2025-08-15 11:37:33,924:INFO:Epoch: 850/10000 | Train Loss: 5.302e-01 | Dynamic Loss: 5.302e-01 | Regularization Loss: 4.189e-07 | Val Loss: 5.198e-01 | Time: 4.70s
2025-08-15 11:37:33,924:INFO:New best model found at epoch 850 with validation loss 5.198e-01. Saving...
2025-08-15 11:37:44,480:INFO:Epoch: 900/10000 | Train Loss: 5.256e-01 | Dynamic Loss: 5.256e-01 | Regularization Loss: 4.093e-07 | Val Loss: 5.172e-01 | Time: 10.55s
2025-08-15 11:37:44,481:INFO:New best model found at epoch 900 with validation loss 5.172e-01. Saving...
2025-08-15 11:37:49,198:INFO:Epoch: 950/10000 | Train Loss: 5.228e-01 | Dynamic Loss: 5.228e-01 | Regularization Loss: 3.974e-07 | Val Loss: 5.125e-01 | Time: 4.71s
2025-08-15 11:37:49,199:INFO:New best model found at epoch 950 with validation loss 5.125e-01. Saving...
2025-08-15 11:37:53,932:INFO:Epoch: 1000/10000 | Train Loss: 5.212e-01 | Dynamic Loss: 5.212e-01 | Regularization Loss: 3.885e-07 | Val Loss: 5.101e-01 | Time: 4.72s
2025-08-15 11:37:53,932:INFO:New best model found at epoch 1000 with validation loss 5.101e-01. Saving...
2025-08-15 11:37:58,629:INFO:Epoch: 1050/10000 | Train Loss: 5.183e-01 | Dynamic Loss: 5.183e-01 | Regularization Loss: 3.775e-07 | Val Loss: 5.079e-01 | Time: 4.69s
2025-08-15 11:37:58,629:INFO:New best model found at epoch 1050 with validation loss 5.079e-01. Saving...
2025-08-15 11:38:06,656:INFO:Epoch: 1100/10000 | Train Loss: 5.156e-01 | Dynamic Loss: 5.156e-01 | Regularization Loss: 3.696e-07 | Val Loss: 5.047e-01 | Time: 8.02s
2025-08-15 11:38:06,656:INFO:New best model found at epoch 1100 with validation loss 5.047e-01. Saving...
2025-08-15 11:38:11,352:INFO:Epoch: 1150/10000 | Train Loss: 5.122e-01 | Dynamic Loss: 5.122e-01 | Regularization Loss: 3.612e-07 | Val Loss: 5.018e-01 | Time: 4.69s
2025-08-15 11:38:11,352:INFO:New best model found at epoch 1150 with validation loss 5.018e-01. Saving...
2025-08-15 11:38:16,022:INFO:Epoch: 1200/10000 | Train Loss: 5.123e-01 | Dynamic Loss: 5.123e-01 | Regularization Loss: 3.554e-07 | Val Loss: 5.011e-01 | Time: 4.66s
2025-08-15 11:38:16,022:INFO:New best model found at epoch 1200 with validation loss 5.011e-01. Saving...
2025-08-15 11:38:21,128:INFO:Epoch: 1250/10000 | Train Loss: 5.099e-01 | Dynamic Loss: 5.099e-01 | Regularization Loss: 3.485e-07 | Val Loss: 4.967e-01 | Time: 5.10s
2025-08-15 11:38:21,128:INFO:New best model found at epoch 1250 with validation loss 4.967e-01. Saving...
2025-08-15 11:38:25,945:INFO:Epoch: 1300/10000 | Train Loss: 5.078e-01 | Dynamic Loss: 5.078e-01 | Regularization Loss: 3.405e-07 | Val Loss: 4.955e-01 | Time: 4.81s
2025-08-15 11:38:25,945:INFO:New best model found at epoch 1300 with validation loss 4.955e-01. Saving...
2025-08-15 11:38:30,712:INFO:Epoch: 1350/10000 | Train Loss: 5.047e-01 | Dynamic Loss: 5.047e-01 | Regularization Loss: 3.352e-07 | Val Loss: 4.935e-01 | Time: 4.76s
2025-08-15 11:38:30,713:INFO:New best model found at epoch 1350 with validation loss 4.935e-01. Saving...
2025-08-15 11:38:35,472:INFO:Epoch: 1400/10000 | Train Loss: 5.011e-01 | Dynamic Loss: 5.011e-01 | Regularization Loss: 3.269e-07 | Val Loss: 4.912e-01 | Time: 4.75s
2025-08-15 11:38:35,472:INFO:New best model found at epoch 1400 with validation loss 4.912e-01. Saving...
2025-08-15 11:38:40,140:INFO:Epoch: 1450/10000 | Train Loss: 5.012e-01 | Dynamic Loss: 5.012e-01 | Regularization Loss: 3.215e-07 | Val Loss: 4.894e-01 | Time: 4.66s
2025-08-15 11:38:40,140:INFO:New best model found at epoch 1450 with validation loss 4.894e-01. Saving...
2025-08-15 11:38:47,695:INFO:Epoch: 1500/10000 | Train Loss: 5.001e-01 | Dynamic Loss: 5.001e-01 | Regularization Loss: 3.146e-07 | Val Loss: 4.870e-01 | Time: 7.55s
2025-08-15 11:38:47,695:INFO:New best model found at epoch 1500 with validation loss 4.870e-01. Saving...
2025-08-15 11:38:52,345:INFO:Epoch: 1550/10000 | Train Loss: 4.981e-01 | Dynamic Loss: 4.981e-01 | Regularization Loss: 3.113e-07 | Val Loss: 4.858e-01 | Time: 4.64s
2025-08-15 11:38:52,345:INFO:New best model found at epoch 1550 with validation loss 4.858e-01. Saving...
2025-08-15 11:38:57,086:INFO:Epoch: 1600/10000 | Train Loss: 4.951e-01 | Dynamic Loss: 4.951e-01 | Regularization Loss: 3.052e-07 | Val Loss: 4.830e-01 | Time: 4.73s
2025-08-15 11:38:57,086:INFO:New best model found at epoch 1600 with validation loss 4.830e-01. Saving...
2025-08-15 11:39:01,845:INFO:Epoch: 1650/10000 | Train Loss: 4.925e-01 | Dynamic Loss: 4.925e-01 | Regularization Loss: 3.003e-07 | Val Loss: 4.824e-01 | Time: 4.75s
2025-08-15 11:39:01,845:INFO:New best model found at epoch 1650 with validation loss 4.824e-01. Saving...
2025-08-15 11:39:06,508:INFO:Epoch: 1700/10000 | Train Loss: 4.913e-01 | Dynamic Loss: 4.913e-01 | Regularization Loss: 2.942e-07 | Val Loss: 4.806e-01 | Time: 4.65s
2025-08-15 11:39:06,508:INFO:New best model found at epoch 1700 with validation loss 4.806e-01. Saving...
2025-08-15 11:39:14,006:INFO:Epoch: 1750/10000 | Train Loss: 4.894e-01 | Dynamic Loss: 4.894e-01 | Regularization Loss: 2.901e-07 | Val Loss: 4.783e-01 | Time: 7.49s
2025-08-15 11:39:14,006:INFO:New best model found at epoch 1750 with validation loss 4.783e-01. Saving...
2025-08-15 11:39:18,725:INFO:Epoch: 1800/10000 | Train Loss: 4.873e-01 | Dynamic Loss: 4.873e-01 | Regularization Loss: 2.864e-07 | Val Loss: 4.786e-01 | Time: 4.71s
2025-08-15 11:39:23,513:INFO:Epoch: 1850/10000 | Train Loss: 4.876e-01 | Dynamic Loss: 4.876e-01 | Regularization Loss: 2.814e-07 | Val Loss: 4.772e-01 | Time: 4.79s
2025-08-15 11:39:23,513:INFO:New best model found at epoch 1850 with validation loss 4.772e-01. Saving...
2025-08-15 11:39:28,372:INFO:Epoch: 1900/10000 | Train Loss: 4.845e-01 | Dynamic Loss: 4.845e-01 | Regularization Loss: 2.767e-07 | Val Loss: 4.755e-01 | Time: 4.85s
2025-08-15 11:39:28,372:INFO:New best model found at epoch 1900 with validation loss 4.755e-01. Saving...
2025-08-15 11:39:33,172:INFO:Epoch: 1950/10000 | Train Loss: 4.842e-01 | Dynamic Loss: 4.842e-01 | Regularization Loss: 2.712e-07 | Val Loss: 4.745e-01 | Time: 4.79s
2025-08-15 11:39:33,172:INFO:New best model found at epoch 1950 with validation loss 4.745e-01. Saving...
2025-08-15 11:39:37,901:INFO:Epoch: 2000/10000 | Train Loss: 4.812e-01 | Dynamic Loss: 4.812e-01 | Regularization Loss: 2.676e-07 | Val Loss: 4.717e-01 | Time: 4.72s
2025-08-15 11:39:37,901:INFO:New best model found at epoch 2000 with validation loss 4.717e-01. Saving...
2025-08-15 11:39:42,567:INFO:Epoch: 2050/10000 | Train Loss: 4.797e-01 | Dynamic Loss: 4.797e-01 | Regularization Loss: 2.621e-07 | Val Loss: 4.690e-01 | Time: 4.66s
2025-08-15 11:39:42,567:INFO:New best model found at epoch 2050 with validation loss 4.690e-01. Saving...
2025-08-15 11:39:48,024:INFO:Epoch: 2100/10000 | Train Loss: 4.778e-01 | Dynamic Loss: 4.778e-01 | Regularization Loss: 2.580e-07 | Val Loss: 4.693e-01 | Time: 5.45s
2025-08-15 11:39:52,696:INFO:Epoch: 2150/10000 | Train Loss: 4.769e-01 | Dynamic Loss: 4.769e-01 | Regularization Loss: 2.523e-07 | Val Loss: 4.664e-01 | Time: 4.67s
2025-08-15 11:39:52,696:INFO:New best model found at epoch 2150 with validation loss 4.664e-01. Saving...
2025-08-15 11:39:57,368:INFO:Epoch: 2200/10000 | Train Loss: 4.729e-01 | Dynamic Loss: 4.729e-01 | Regularization Loss: 2.473e-07 | Val Loss: 4.651e-01 | Time: 4.66s
2025-08-15 11:39:57,368:INFO:New best model found at epoch 2200 with validation loss 4.651e-01. Saving...
2025-08-15 11:40:02,082:INFO:Epoch: 2250/10000 | Train Loss: 4.701e-01 | Dynamic Loss: 4.701e-01 | Regularization Loss: 2.413e-07 | Val Loss: 4.643e-01 | Time: 4.70s
2025-08-15 11:40:02,082:INFO:New best model found at epoch 2250 with validation loss 4.643e-01. Saving...
2025-08-15 11:40:08,160:INFO:Epoch: 2300/10000 | Train Loss: 4.676e-01 | Dynamic Loss: 4.676e-01 | Regularization Loss: 2.373e-07 | Val Loss: 4.612e-01 | Time: 6.07s
2025-08-15 11:40:08,160:INFO:New best model found at epoch 2300 with validation loss 4.612e-01. Saving...
2025-08-15 11:40:12,900:INFO:Epoch: 2350/10000 | Train Loss: 4.639e-01 | Dynamic Loss: 4.639e-01 | Regularization Loss: 2.323e-07 | Val Loss: 4.596e-01 | Time: 4.73s
2025-08-15 11:40:12,901:INFO:New best model found at epoch 2350 with validation loss 4.596e-01. Saving...
2025-08-15 11:40:17,674:INFO:Epoch: 2400/10000 | Train Loss: 4.659e-01 | Dynamic Loss: 4.659e-01 | Regularization Loss: 2.295e-07 | Val Loss: 4.586e-01 | Time: 4.76s
2025-08-15 11:40:17,674:INFO:New best model found at epoch 2400 with validation loss 4.586e-01. Saving...
2025-08-15 11:40:22,423:INFO:Epoch: 2450/10000 | Train Loss: 4.629e-01 | Dynamic Loss: 4.629e-01 | Regularization Loss: 2.279e-07 | Val Loss: 4.574e-01 | Time: 4.74s
2025-08-15 11:40:22,423:INFO:New best model found at epoch 2450 with validation loss 4.574e-01. Saving...
2025-08-15 11:40:27,256:INFO:Epoch: 2500/10000 | Train Loss: 4.605e-01 | Dynamic Loss: 4.605e-01 | Regularization Loss: 2.241e-07 | Val Loss: 4.561e-01 | Time: 4.82s
2025-08-15 11:40:27,256:INFO:New best model found at epoch 2500 with validation loss 4.561e-01. Saving...
2025-08-15 11:40:31,976:INFO:Epoch: 2550/10000 | Train Loss: 4.605e-01 | Dynamic Loss: 4.605e-01 | Regularization Loss: 2.223e-07 | Val Loss: 4.554e-01 | Time: 4.71s
2025-08-15 11:40:31,976:INFO:New best model found at epoch 2550 with validation loss 4.554e-01. Saving...
2025-08-15 11:40:36,753:INFO:Epoch: 2600/10000 | Train Loss: 4.597e-01 | Dynamic Loss: 4.597e-01 | Regularization Loss: 2.191e-07 | Val Loss: 4.551e-01 | Time: 4.77s
2025-08-15 11:40:36,754:INFO:New best model found at epoch 2600 with validation loss 4.551e-01. Saving...
2025-08-15 11:40:41,440:INFO:Epoch: 2650/10000 | Train Loss: 4.583e-01 | Dynamic Loss: 4.583e-01 | Regularization Loss: 2.175e-07 | Val Loss: 4.541e-01 | Time: 4.68s
2025-08-15 11:40:41,440:INFO:New best model found at epoch 2650 with validation loss 4.541e-01. Saving...
2025-08-15 11:40:46,233:INFO:Epoch: 2700/10000 | Train Loss: 4.579e-01 | Dynamic Loss: 4.579e-01 | Regularization Loss: 2.157e-07 | Val Loss: 4.534e-01 | Time: 4.78s
2025-08-15 11:40:46,233:INFO:New best model found at epoch 2700 with validation loss 4.534e-01. Saving...
2025-08-15 11:40:50,938:INFO:Epoch: 2750/10000 | Train Loss: 4.553e-01 | Dynamic Loss: 4.553e-01 | Regularization Loss: 2.130e-07 | Val Loss: 4.523e-01 | Time: 4.70s
2025-08-15 11:40:50,938:INFO:New best model found at epoch 2750 with validation loss 4.523e-01. Saving...
2025-08-15 11:40:55,692:INFO:Epoch: 2800/10000 | Train Loss: 4.550e-01 | Dynamic Loss: 4.550e-01 | Regularization Loss: 2.114e-07 | Val Loss: 4.514e-01 | Time: 4.74s
2025-08-15 11:40:55,692:INFO:New best model found at epoch 2800 with validation loss 4.514e-01. Saving...
2025-08-15 11:41:00,415:INFO:Epoch: 2850/10000 | Train Loss: 4.542e-01 | Dynamic Loss: 4.542e-01 | Regularization Loss: 2.079e-07 | Val Loss: 4.511e-01 | Time: 4.71s
2025-08-15 11:41:00,415:INFO:New best model found at epoch 2850 with validation loss 4.511e-01. Saving...
2025-08-15 11:41:05,049:INFO:Epoch: 2900/10000 | Train Loss: 4.543e-01 | Dynamic Loss: 4.543e-01 | Regularization Loss: 2.066e-07 | Val Loss: 4.500e-01 | Time: 4.62s
2025-08-15 11:41:05,049:INFO:New best model found at epoch 2900 with validation loss 4.500e-01. Saving...
2025-08-15 11:41:15,282:INFO:Epoch: 2950/10000 | Train Loss: 4.536e-01 | Dynamic Loss: 4.536e-01 | Regularization Loss: 2.044e-07 | Val Loss: 4.493e-01 | Time: 10.22s
2025-08-15 11:41:15,282:INFO:New best model found at epoch 2950 with validation loss 4.493e-01. Saving...
2025-08-15 11:41:20,044:INFO:Epoch: 3000/10000 | Train Loss: 4.529e-01 | Dynamic Loss: 4.529e-01 | Regularization Loss: 2.010e-07 | Val Loss: 4.479e-01 | Time: 4.75s
2025-08-15 11:41:20,044:INFO:New best model found at epoch 3000 with validation loss 4.479e-01. Saving...
2025-08-15 11:41:24,869:INFO:Epoch: 3050/10000 | Train Loss: 4.490e-01 | Dynamic Loss: 4.490e-01 | Regularization Loss: 1.991e-07 | Val Loss: 4.464e-01 | Time: 4.81s
2025-08-15 11:41:24,869:INFO:New best model found at epoch 3050 with validation loss 4.464e-01. Saving...
2025-08-15 11:41:29,698:INFO:Epoch: 3100/10000 | Train Loss: 4.493e-01 | Dynamic Loss: 4.493e-01 | Regularization Loss: 1.971e-07 | Val Loss: 4.468e-01 | Time: 4.82s
2025-08-15 11:41:34,404:INFO:Epoch: 3150/10000 | Train Loss: 4.488e-01 | Dynamic Loss: 4.488e-01 | Regularization Loss: 1.959e-07 | Val Loss: 4.446e-01 | Time: 4.71s
2025-08-15 11:41:34,404:INFO:New best model found at epoch 3150 with validation loss 4.446e-01. Saving...
2025-08-15 11:41:39,227:INFO:Epoch: 3200/10000 | Train Loss: 4.479e-01 | Dynamic Loss: 4.479e-01 | Regularization Loss: 1.933e-07 | Val Loss: 4.439e-01 | Time: 4.81s
2025-08-15 11:41:39,227:INFO:New best model found at epoch 3200 with validation loss 4.439e-01. Saving...
2025-08-15 11:41:43,955:INFO:Epoch: 3250/10000 | Train Loss: 4.463e-01 | Dynamic Loss: 4.463e-01 | Regularization Loss: 1.921e-07 | Val Loss: 4.434e-01 | Time: 4.72s
2025-08-15 11:41:43,956:INFO:New best model found at epoch 3250 with validation loss 4.434e-01. Saving...
2025-08-15 11:41:48,652:INFO:Epoch: 3300/10000 | Train Loss: 4.451e-01 | Dynamic Loss: 4.451e-01 | Regularization Loss: 1.901e-07 | Val Loss: 4.432e-01 | Time: 4.69s
2025-08-15 11:41:48,653:INFO:New best model found at epoch 3300 with validation loss 4.432e-01. Saving...
2025-08-15 11:41:56,708:INFO:Epoch: 3350/10000 | Train Loss: 4.446e-01 | Dynamic Loss: 4.446e-01 | Regularization Loss: 1.881e-07 | Val Loss: 4.431e-01 | Time: 8.05s
2025-08-15 11:41:56,708:INFO:New best model found at epoch 3350 with validation loss 4.431e-01. Saving...
2025-08-15 11:42:01,473:INFO:Epoch: 3400/10000 | Train Loss: 4.450e-01 | Dynamic Loss: 4.450e-01 | Regularization Loss: 1.869e-07 | Val Loss: 4.411e-01 | Time: 4.76s
2025-08-15 11:42:01,473:INFO:New best model found at epoch 3400 with validation loss 4.411e-01. Saving...
2025-08-15 11:42:06,259:INFO:Epoch: 3450/10000 | Train Loss: 4.435e-01 | Dynamic Loss: 4.435e-01 | Regularization Loss: 1.850e-07 | Val Loss: 4.407e-01 | Time: 4.78s
2025-08-15 11:42:06,259:INFO:New best model found at epoch 3450 with validation loss 4.407e-01. Saving...
2025-08-15 11:42:11,078:INFO:Epoch: 3500/10000 | Train Loss: 4.436e-01 | Dynamic Loss: 4.436e-01 | Regularization Loss: 1.839e-07 | Val Loss: 4.403e-01 | Time: 4.81s
2025-08-15 11:42:11,078:INFO:New best model found at epoch 3500 with validation loss 4.403e-01. Saving...
2025-08-15 11:42:15,948:INFO:Epoch: 3550/10000 | Train Loss: 4.429e-01 | Dynamic Loss: 4.429e-01 | Regularization Loss: 1.830e-07 | Val Loss: 4.400e-01 | Time: 4.86s
2025-08-15 11:42:15,948:INFO:New best model found at epoch 3550 with validation loss 4.400e-01. Saving...
2025-08-15 11:42:20,693:INFO:Epoch: 3600/10000 | Train Loss: 4.418e-01 | Dynamic Loss: 4.418e-01 | Regularization Loss: 1.820e-07 | Val Loss: 4.395e-01 | Time: 4.74s
2025-08-15 11:42:20,693:INFO:New best model found at epoch 3600 with validation loss 4.395e-01. Saving...
2025-08-15 11:42:25,454:INFO:Epoch: 3650/10000 | Train Loss: 4.422e-01 | Dynamic Loss: 4.422e-01 | Regularization Loss: 1.805e-07 | Val Loss: 4.403e-01 | Time: 4.75s
2025-08-15 11:42:30,169:INFO:Epoch: 3700/10000 | Train Loss: 4.407e-01 | Dynamic Loss: 4.407e-01 | Regularization Loss: 1.797e-07 | Val Loss: 4.398e-01 | Time: 4.72s
2025-08-15 11:42:34,924:INFO:Epoch: 3750/10000 | Train Loss: 4.389e-01 | Dynamic Loss: 4.389e-01 | Regularization Loss: 1.772e-07 | Val Loss: 4.387e-01 | Time: 4.76s
2025-08-15 11:42:34,924:INFO:New best model found at epoch 3750 with validation loss 4.387e-01. Saving...
2025-08-15 11:42:44,138:INFO:Epoch: 3800/10000 | Train Loss: 4.388e-01 | Dynamic Loss: 4.388e-01 | Regularization Loss: 1.763e-07 | Val Loss: 4.377e-01 | Time: 9.20s
2025-08-15 11:42:44,138:INFO:New best model found at epoch 3800 with validation loss 4.377e-01. Saving...
2025-08-15 11:42:48,975:INFO:Epoch: 3850/10000 | Train Loss: 4.386e-01 | Dynamic Loss: 4.386e-01 | Regularization Loss: 1.745e-07 | Val Loss: 4.383e-01 | Time: 4.83s
2025-08-15 11:42:53,720:INFO:Epoch: 3900/10000 | Train Loss: 4.368e-01 | Dynamic Loss: 4.368e-01 | Regularization Loss: 1.730e-07 | Val Loss: 4.365e-01 | Time: 4.74s
2025-08-15 11:42:53,720:INFO:New best model found at epoch 3900 with validation loss 4.365e-01. Saving...
2025-08-15 11:42:58,513:INFO:Epoch: 3950/10000 | Train Loss: 4.365e-01 | Dynamic Loss: 4.365e-01 | Regularization Loss: 1.715e-07 | Val Loss: 4.367e-01 | Time: 4.78s
2025-08-15 11:43:04,728:INFO:Epoch: 4000/10000 | Train Loss: 4.353e-01 | Dynamic Loss: 4.353e-01 | Regularization Loss: 1.696e-07 | Val Loss: 4.350e-01 | Time: 6.22s
2025-08-15 11:43:04,728:INFO:New best model found at epoch 4000 with validation loss 4.350e-01. Saving...
2025-08-15 11:43:09,684:INFO:Epoch: 4050/10000 | Train Loss: 4.352e-01 | Dynamic Loss: 4.352e-01 | Regularization Loss: 1.690e-07 | Val Loss: 4.358e-01 | Time: 4.95s
2025-08-15 11:43:14,393:INFO:Epoch: 4100/10000 | Train Loss: 4.324e-01 | Dynamic Loss: 4.324e-01 | Regularization Loss: 1.667e-07 | Val Loss: 4.343e-01 | Time: 4.71s
2025-08-15 11:43:14,393:INFO:New best model found at epoch 4100 with validation loss 4.343e-01. Saving...
2025-08-15 11:43:19,095:INFO:Epoch: 4150/10000 | Train Loss: 4.338e-01 | Dynamic Loss: 4.338e-01 | Regularization Loss: 1.656e-07 | Val Loss: 4.344e-01 | Time: 4.69s
2025-08-15 11:43:25,559:INFO:Epoch: 4200/10000 | Train Loss: 4.311e-01 | Dynamic Loss: 4.311e-01 | Regularization Loss: 1.628e-07 | Val Loss: 4.326e-01 | Time: 6.46s
2025-08-15 11:43:25,559:INFO:New best model found at epoch 4200 with validation loss 4.326e-01. Saving...
2025-08-15 11:43:30,390:INFO:Epoch: 4250/10000 | Train Loss: 4.279e-01 | Dynamic Loss: 4.279e-01 | Regularization Loss: 1.609e-07 | Val Loss: 4.315e-01 | Time: 4.82s
2025-08-15 11:43:30,390:INFO:New best model found at epoch 4250 with validation loss 4.315e-01. Saving...
2025-08-15 11:43:35,221:INFO:Epoch: 4300/10000 | Train Loss: 4.270e-01 | Dynamic Loss: 4.270e-01 | Regularization Loss: 1.587e-07 | Val Loss: 4.303e-01 | Time: 4.82s
2025-08-15 11:43:35,221:INFO:New best model found at epoch 4300 with validation loss 4.303e-01. Saving...
2025-08-15 11:43:39,997:INFO:Epoch: 4350/10000 | Train Loss: 4.267e-01 | Dynamic Loss: 4.267e-01 | Regularization Loss: 1.574e-07 | Val Loss: 4.289e-01 | Time: 4.77s
2025-08-15 11:43:39,997:INFO:New best model found at epoch 4350 with validation loss 4.289e-01. Saving...
2025-08-15 11:43:44,772:INFO:Epoch: 4400/10000 | Train Loss: 4.253e-01 | Dynamic Loss: 4.253e-01 | Regularization Loss: 1.565e-07 | Val Loss: 4.279e-01 | Time: 4.76s
2025-08-15 11:43:44,773:INFO:New best model found at epoch 4400 with validation loss 4.279e-01. Saving...
2025-08-15 11:43:55,415:INFO:Epoch: 4450/10000 | Train Loss: 4.256e-01 | Dynamic Loss: 4.256e-01 | Regularization Loss: 1.554e-07 | Val Loss: 4.287e-01 | Time: 10.63s
2025-08-15 11:44:00,277:INFO:Epoch: 4500/10000 | Train Loss: 4.235e-01 | Dynamic Loss: 4.235e-01 | Regularization Loss: 1.536e-07 | Val Loss: 4.266e-01 | Time: 4.86s
2025-08-15 11:44:00,278:INFO:New best model found at epoch 4500 with validation loss 4.266e-01. Saving...
2025-08-15 11:44:05,143:INFO:Epoch: 4550/10000 | Train Loss: 4.227e-01 | Dynamic Loss: 4.227e-01 | Regularization Loss: 1.512e-07 | Val Loss: 4.257e-01 | Time: 4.86s
2025-08-15 11:44:05,143:INFO:New best model found at epoch 4550 with validation loss 4.257e-01. Saving...
2025-08-15 11:44:09,934:INFO:Epoch: 4600/10000 | Train Loss: 4.204e-01 | Dynamic Loss: 4.204e-01 | Regularization Loss: 1.500e-07 | Val Loss: 4.257e-01 | Time: 4.78s
2025-08-15 11:44:09,934:INFO:New best model found at epoch 4600 with validation loss 4.257e-01. Saving...
2025-08-15 11:44:14,760:INFO:Epoch: 4650/10000 | Train Loss: 4.200e-01 | Dynamic Loss: 4.200e-01 | Regularization Loss: 1.492e-07 | Val Loss: 4.252e-01 | Time: 4.82s
2025-08-15 11:44:14,760:INFO:New best model found at epoch 4650 with validation loss 4.252e-01. Saving...
2025-08-15 11:44:25,223:INFO:Epoch: 4700/10000 | Train Loss: 4.164e-01 | Dynamic Loss: 4.164e-01 | Regularization Loss: 1.478e-07 | Val Loss: 4.222e-01 | Time: 10.45s
2025-08-15 11:44:25,223:INFO:New best model found at epoch 4700 with validation loss 4.222e-01. Saving...
2025-08-15 11:44:30,032:INFO:Epoch: 4750/10000 | Train Loss: 4.157e-01 | Dynamic Loss: 4.157e-01 | Regularization Loss: 1.456e-07 | Val Loss: 4.212e-01 | Time: 4.80s
2025-08-15 11:44:30,032:INFO:New best model found at epoch 4750 with validation loss 4.212e-01. Saving...
2025-08-15 11:44:34,864:INFO:Epoch: 4800/10000 | Train Loss: 4.148e-01 | Dynamic Loss: 4.148e-01 | Regularization Loss: 1.444e-07 | Val Loss: 4.207e-01 | Time: 4.82s
2025-08-15 11:44:34,864:INFO:New best model found at epoch 4800 with validation loss 4.207e-01. Saving...
2025-08-15 11:44:39,680:INFO:Epoch: 4850/10000 | Train Loss: 4.131e-01 | Dynamic Loss: 4.131e-01 | Regularization Loss: 1.419e-07 | Val Loss: 4.205e-01 | Time: 4.81s
2025-08-15 11:44:39,680:INFO:New best model found at epoch 4850 with validation loss 4.205e-01. Saving...
2025-08-15 11:44:45,074:INFO:Epoch: 4900/10000 | Train Loss: 4.109e-01 | Dynamic Loss: 4.109e-01 | Regularization Loss: 1.408e-07 | Val Loss: 4.199e-01 | Time: 5.38s
2025-08-15 11:44:45,074:INFO:New best model found at epoch 4900 with validation loss 4.199e-01. Saving...
2025-08-15 11:44:49,795:INFO:Epoch: 4950/10000 | Train Loss: 4.105e-01 | Dynamic Loss: 4.105e-01 | Regularization Loss: 1.384e-07 | Val Loss: 4.186e-01 | Time: 4.71s
2025-08-15 11:44:49,795:INFO:New best model found at epoch 4950 with validation loss 4.186e-01. Saving...
2025-08-15 11:44:54,670:INFO:Epoch: 5000/10000 | Train Loss: 4.103e-01 | Dynamic Loss: 4.103e-01 | Regularization Loss: 1.384e-07 | Val Loss: 4.179e-01 | Time: 4.86s
2025-08-15 11:44:54,670:INFO:New best model found at epoch 5000 with validation loss 4.179e-01. Saving...
2025-08-15 11:44:59,454:INFO:Epoch: 5050/10000 | Train Loss: 4.089e-01 | Dynamic Loss: 4.089e-01 | Regularization Loss: 1.381e-07 | Val Loss: 4.175e-01 | Time: 4.77s
2025-08-15 11:44:59,455:INFO:New best model found at epoch 5050 with validation loss 4.175e-01. Saving...
2025-08-15 11:45:04,193:INFO:Epoch: 5100/10000 | Train Loss: 4.094e-01 | Dynamic Loss: 4.094e-01 | Regularization Loss: 1.362e-07 | Val Loss: 4.181e-01 | Time: 4.73s
2025-08-15 11:45:12,036:INFO:Epoch: 5150/10000 | Train Loss: 4.087e-01 | Dynamic Loss: 4.087e-01 | Regularization Loss: 1.345e-07 | Val Loss: 4.164e-01 | Time: 7.84s
2025-08-15 11:45:12,036:INFO:New best model found at epoch 5150 with validation loss 4.164e-01. Saving...
2025-08-15 11:45:16,822:INFO:Epoch: 5200/10000 | Train Loss: 4.055e-01 | Dynamic Loss: 4.055e-01 | Regularization Loss: 1.330e-07 | Val Loss: 4.159e-01 | Time: 4.78s
2025-08-15 11:45:16,822:INFO:New best model found at epoch 5200 with validation loss 4.159e-01. Saving...
2025-08-15 11:45:21,682:INFO:Epoch: 5250/10000 | Train Loss: 4.069e-01 | Dynamic Loss: 4.069e-01 | Regularization Loss: 1.316e-07 | Val Loss: 4.151e-01 | Time: 4.85s
2025-08-15 11:45:21,682:INFO:New best model found at epoch 5250 with validation loss 4.151e-01. Saving...
2025-08-15 11:45:26,488:INFO:Epoch: 5300/10000 | Train Loss: 4.067e-01 | Dynamic Loss: 4.067e-01 | Regularization Loss: 1.316e-07 | Val Loss: 4.150e-01 | Time: 4.80s
2025-08-15 11:45:26,489:INFO:New best model found at epoch 5300 with validation loss 4.150e-01. Saving...
2025-08-15 11:45:31,393:INFO:Epoch: 5350/10000 | Train Loss: 4.050e-01 | Dynamic Loss: 4.050e-01 | Regularization Loss: 1.294e-07 | Val Loss: 4.146e-01 | Time: 4.89s
2025-08-15 11:45:31,393:INFO:New best model found at epoch 5350 with validation loss 4.146e-01. Saving...
2025-08-15 11:45:37,490:INFO:Epoch: 5400/10000 | Train Loss: 4.044e-01 | Dynamic Loss: 4.044e-01 | Regularization Loss: 1.297e-07 | Val Loss: 4.146e-01 | Time: 6.09s
2025-08-15 11:45:37,491:INFO:New best model found at epoch 5400 with validation loss 4.146e-01. Saving...
2025-08-15 11:45:42,403:INFO:Epoch: 5450/10000 | Train Loss: 4.030e-01 | Dynamic Loss: 4.030e-01 | Regularization Loss: 1.292e-07 | Val Loss: 4.121e-01 | Time: 4.90s
2025-08-15 11:45:42,403:INFO:New best model found at epoch 5450 with validation loss 4.121e-01. Saving...
2025-08-15 11:45:47,225:INFO:Epoch: 5500/10000 | Train Loss: 4.022e-01 | Dynamic Loss: 4.022e-01 | Regularization Loss: 1.279e-07 | Val Loss: 4.115e-01 | Time: 4.81s
2025-08-15 11:45:47,225:INFO:New best model found at epoch 5500 with validation loss 4.115e-01. Saving...
2025-08-15 11:45:52,022:INFO:Epoch: 5550/10000 | Train Loss: 4.009e-01 | Dynamic Loss: 4.009e-01 | Regularization Loss: 1.254e-07 | Val Loss: 4.110e-01 | Time: 4.79s
2025-08-15 11:45:52,023:INFO:New best model found at epoch 5550 with validation loss 4.110e-01. Saving...
2025-08-15 11:45:56,894:INFO:Epoch: 5600/10000 | Train Loss: 4.021e-01 | Dynamic Loss: 4.021e-01 | Regularization Loss: 1.251e-07 | Val Loss: 4.104e-01 | Time: 4.86s
2025-08-15 11:45:56,894:INFO:New best model found at epoch 5600 with validation loss 4.104e-01. Saving...
2025-08-15 11:46:01,690:INFO:Epoch: 5650/10000 | Train Loss: 3.991e-01 | Dynamic Loss: 3.991e-01 | Regularization Loss: 1.262e-07 | Val Loss: 4.097e-01 | Time: 4.79s
2025-08-15 11:46:01,690:INFO:New best model found at epoch 5650 with validation loss 4.097e-01. Saving...
2025-08-15 11:46:06,516:INFO:Epoch: 5700/10000 | Train Loss: 3.997e-01 | Dynamic Loss: 3.997e-01 | Regularization Loss: 1.243e-07 | Val Loss: 4.096e-01 | Time: 4.82s
2025-08-15 11:46:06,516:INFO:New best model found at epoch 5700 with validation loss 4.096e-01. Saving...
2025-08-15 11:46:11,308:INFO:Epoch: 5750/10000 | Train Loss: 3.991e-01 | Dynamic Loss: 3.991e-01 | Regularization Loss: 1.210e-07 | Val Loss: 4.097e-01 | Time: 4.78s
2025-08-15 11:46:16,078:INFO:Epoch: 5800/10000 | Train Loss: 3.988e-01 | Dynamic Loss: 3.988e-01 | Regularization Loss: 1.219e-07 | Val Loss: 4.090e-01 | Time: 4.77s
2025-08-15 11:46:16,078:INFO:New best model found at epoch 5800 with validation loss 4.090e-01. Saving...
2025-08-15 11:46:26,979:INFO:Epoch: 5850/10000 | Train Loss: 3.979e-01 | Dynamic Loss: 3.979e-01 | Regularization Loss: 1.214e-07 | Val Loss: 4.097e-01 | Time: 10.89s
2025-08-15 11:46:31,857:INFO:Epoch: 5900/10000 | Train Loss: 3.954e-01 | Dynamic Loss: 3.954e-01 | Regularization Loss: 1.186e-07 | Val Loss: 4.074e-01 | Time: 4.88s
2025-08-15 11:46:31,858:INFO:New best model found at epoch 5900 with validation loss 4.074e-01. Saving...
2025-08-15 11:46:36,716:INFO:Epoch: 5950/10000 | Train Loss: 3.957e-01 | Dynamic Loss: 3.957e-01 | Regularization Loss: 1.174e-07 | Val Loss: 4.063e-01 | Time: 4.85s
2025-08-15 11:46:36,716:INFO:New best model found at epoch 5950 with validation loss 4.063e-01. Saving...
2025-08-15 11:46:41,601:INFO:Epoch: 6000/10000 | Train Loss: 3.937e-01 | Dynamic Loss: 3.937e-01 | Regularization Loss: 1.159e-07 | Val Loss: 4.053e-01 | Time: 4.88s
2025-08-15 11:46:41,601:INFO:New best model found at epoch 6000 with validation loss 4.053e-01. Saving...
2025-08-15 11:46:46,488:INFO:Epoch: 6050/10000 | Train Loss: 3.931e-01 | Dynamic Loss: 3.931e-01 | Regularization Loss: 1.159e-07 | Val Loss: 4.048e-01 | Time: 4.88s
2025-08-15 11:46:46,488:INFO:New best model found at epoch 6050 with validation loss 4.048e-01. Saving...
2025-08-15 11:46:57,298:INFO:Epoch: 6100/10000 | Train Loss: 3.906e-01 | Dynamic Loss: 3.906e-01 | Regularization Loss: 1.151e-07 | Val Loss: 4.042e-01 | Time: 10.80s
2025-08-15 11:46:57,298:INFO:New best model found at epoch 6100 with validation loss 4.042e-01. Saving...
2025-08-15 11:47:02,208:INFO:Epoch: 6150/10000 | Train Loss: 3.915e-01 | Dynamic Loss: 3.915e-01 | Regularization Loss: 1.135e-07 | Val Loss: 4.040e-01 | Time: 4.90s
2025-08-15 11:47:02,208:INFO:New best model found at epoch 6150 with validation loss 4.040e-01. Saving...
2025-08-15 11:47:07,113:INFO:Epoch: 6200/10000 | Train Loss: 3.903e-01 | Dynamic Loss: 3.903e-01 | Regularization Loss: 1.118e-07 | Val Loss: 4.036e-01 | Time: 4.89s
2025-08-15 11:47:07,113:INFO:New best model found at epoch 6200 with validation loss 4.036e-01. Saving...
2025-08-15 11:47:11,939:INFO:Epoch: 6250/10000 | Train Loss: 3.889e-01 | Dynamic Loss: 3.889e-01 | Regularization Loss: 1.105e-07 | Val Loss: 4.023e-01 | Time: 4.82s
2025-08-15 11:47:11,939:INFO:New best model found at epoch 6250 with validation loss 4.023e-01. Saving...
2025-08-15 11:47:16,720:INFO:Epoch: 6300/10000 | Train Loss: 3.892e-01 | Dynamic Loss: 3.892e-01 | Regularization Loss: 1.106e-07 | Val Loss: 4.020e-01 | Time: 4.75s
2025-08-15 11:47:16,720:INFO:New best model found at epoch 6300 with validation loss 4.020e-01. Saving...
2025-08-15 11:47:27,995:INFO:Epoch: 6350/10000 | Train Loss: 3.890e-01 | Dynamic Loss: 3.890e-01 | Regularization Loss: 1.103e-07 | Val Loss: 4.013e-01 | Time: 11.27s
2025-08-15 11:47:27,995:INFO:New best model found at epoch 6350 with validation loss 4.013e-01. Saving...
2025-08-15 11:47:32,895:INFO:Epoch: 6400/10000 | Train Loss: 3.892e-01 | Dynamic Loss: 3.892e-01 | Regularization Loss: 1.085e-07 | Val Loss: 4.019e-01 | Time: 4.89s
2025-08-15 11:47:37,778:INFO:Epoch: 6450/10000 | Train Loss: 3.878e-01 | Dynamic Loss: 3.878e-01 | Regularization Loss: 1.074e-07 | Val Loss: 4.026e-01 | Time: 4.88s
2025-08-15 11:47:42,642:INFO:Epoch: 6500/10000 | Train Loss: 3.872e-01 | Dynamic Loss: 3.872e-01 | Regularization Loss: 1.135e-07 | Val Loss: 4.015e-01 | Time: 4.86s
2025-08-15 11:47:47,557:INFO:Epoch: 6550/10000 | Train Loss: 3.875e-01 | Dynamic Loss: 3.875e-01 | Regularization Loss: 1.042e-07 | Val Loss: 4.031e-01 | Time: 4.91s
2025-08-15 11:47:52,447:INFO:Epoch: 6600/10000 | Train Loss: 3.850e-01 | Dynamic Loss: 3.850e-01 | Regularization Loss: 9.866e-08 | Val Loss: 4.010e-01 | Time: 4.89s
2025-08-15 11:47:52,448:INFO:New best model found at epoch 6600 with validation loss 4.010e-01. Saving...
2025-08-15 11:47:57,388:INFO:Epoch: 6650/10000 | Train Loss: 3.826e-01 | Dynamic Loss: 3.826e-01 | Regularization Loss: 7.214e-08 | Val Loss: 3.988e-01 | Time: 4.93s
2025-08-15 11:47:57,388:INFO:New best model found at epoch 6650 with validation loss 3.988e-01. Saving...
2025-08-15 11:48:02,303:INFO:Epoch: 6700/10000 | Train Loss: 3.853e-01 | Dynamic Loss: 3.853e-01 | Regularization Loss: 1.592e-07 | Val Loss: 3.990e-01 | Time: 4.90s
2025-08-15 11:48:07,191:INFO:Epoch: 6750/10000 | Train Loss: 3.839e-01 | Dynamic Loss: 3.839e-01 | Regularization Loss: 0.000e+00 | Val Loss: 3.991e-01 | Time: 4.89s
2025-08-15 11:48:18,514:INFO:Epoch: 6800/10000 | Train Loss: nan | Dynamic Loss: nan | Regularization Loss: nan | Val Loss: nan | Time: 11.32s
2025-08-15 11:48:23,334:INFO:Epoch: 6850/10000 | Train Loss: nan | Dynamic Loss: nan | Regularization Loss: nan | Val Loss: nan | Time: 4.82s
2025-08-15 11:48:28,355:INFO:Epoch: 6900/10000 | Train Loss: nan | Dynamic Loss: nan | Regularization Loss: nan | Val Loss: nan | Time: 5.02s
2025-08-15 11:48:33,261:INFO:Epoch: 6950/10000 | Train Loss: nan | Dynamic Loss: nan | Regularization Loss: nan | Val Loss: nan | Time: 4.91s
2025-08-15 11:48:38,139:INFO:Epoch: 7000/10000 | Train Loss: nan | Dynamic Loss: nan | Regularization Loss: nan | Val Loss: nan | Time: 4.88s
2025-08-15 11:48:48,491:INFO:Epoch: 7050/10000 | Train Loss: nan | Dynamic Loss: nan | Regularization Loss: nan | Val Loss: nan | Time: 10.35s
2025-08-15 11:48:53,260:INFO:Epoch: 7100/10000 | Train Loss: nan | Dynamic Loss: nan | Regularization Loss: nan | Val Loss: nan | Time: 4.77s
2025-08-15 11:48:58,206:INFO:Epoch: 7150/10000 | Train Loss: nan | Dynamic Loss: nan | Regularization Loss: nan | Val Loss: nan | Time: 4.95s
2025-08-15 11:49:03,093:INFO:Epoch: 7200/10000 | Train Loss: nan | Dynamic Loss: nan | Regularization Loss: nan | Val Loss: nan | Time: 4.89s
2025-08-15 11:49:07,877:INFO:Epoch: 7250/10000 | Train Loss: nan | Dynamic Loss: nan | Regularization Loss: nan | Val Loss: nan | Time: 4.78s
2025-08-15 11:49:18,824:INFO:Epoch: 7300/10000 | Train Loss: nan | Dynamic Loss: nan | Regularization Loss: nan | Val Loss: nan | Time: 10.95s
2025-08-15 11:49:23,812:INFO:Epoch: 7350/10000 | Train Loss: nan | Dynamic Loss: nan | Regularization Loss: nan | Val Loss: nan | Time: 4.99s
2025-08-15 11:49:28,613:INFO:Epoch: 7400/10000 | Train Loss: nan | Dynamic Loss: nan | Regularization Loss: nan | Val Loss: nan | Time: 4.80s
2025-08-15 11:49:33,353:INFO:Epoch: 7450/10000 | Train Loss: nan | Dynamic Loss: nan | Regularization Loss: nan | Val Loss: nan | Time: 4.74s
2025-08-15 11:49:39,628:INFO:Epoch: 7500/10000 | Train Loss: nan | Dynamic Loss: nan | Regularization Loss: nan | Val Loss: nan | Time: 6.27s
2025-08-15 11:49:44,517:INFO:Epoch: 7550/10000 | Train Loss: nan | Dynamic Loss: nan | Regularization Loss: nan | Val Loss: nan | Time: 4.89s
2025-08-15 11:49:49,331:INFO:Epoch: 7600/10000 | Train Loss: nan | Dynamic Loss: nan | Regularization Loss: nan | Val Loss: nan | Time: 4.81s
2025-08-15 11:49:54,063:INFO:Epoch: 7650/10000 | Train Loss: nan | Dynamic Loss: nan | Regularization Loss: nan | Val Loss: nan | Time: 4.73s
2025-08-15 11:50:02,938:INFO:Epoch: 7700/10000 | Train Loss: nan | Dynamic Loss: nan | Regularization Loss: nan | Val Loss: nan | Time: 8.87s
2025-08-15 11:50:07,884:INFO:Epoch: 7750/10000 | Train Loss: nan | Dynamic Loss: nan | Regularization Loss: nan | Val Loss: nan | Time: 4.95s
2025-08-15 11:50:12,768:INFO:Epoch: 7800/10000 | Train Loss: nan | Dynamic Loss: nan | Regularization Loss: nan | Val Loss: nan | Time: 4.88s
2025-08-15 11:50:17,644:INFO:Epoch: 7850/10000 | Train Loss: nan | Dynamic Loss: nan | Regularization Loss: nan | Val Loss: nan | Time: 4.88s
2025-08-15 11:50:22,507:INFO:Epoch: 7900/10000 | Train Loss: nan | Dynamic Loss: nan | Regularization Loss: nan | Val Loss: nan | Time: 4.86s
2025-08-15 11:50:27,328:INFO:Epoch: 7950/10000 | Train Loss: nan | Dynamic Loss: nan | Regularization Loss: nan | Val Loss: nan | Time: 4.82s
2025-08-15 11:50:32,170:INFO:Epoch: 8000/10000 | Train Loss: nan | Dynamic Loss: nan | Regularization Loss: nan | Val Loss: nan | Time: 4.84s
2025-08-15 11:50:37,033:INFO:Epoch: 8050/10000 | Train Loss: nan | Dynamic Loss: nan | Regularization Loss: nan | Val Loss: nan | Time: 4.86s
2025-08-15 11:50:41,927:INFO:Epoch: 8100/10000 | Train Loss: nan | Dynamic Loss: nan | Regularization Loss: nan | Val Loss: nan | Time: 4.89s
2025-08-15 11:50:52,478:INFO:Epoch: 8150/10000 | Train Loss: nan | Dynamic Loss: nan | Regularization Loss: nan | Val Loss: nan | Time: 10.55s
2025-08-15 11:50:57,332:INFO:Epoch: 8200/10000 | Train Loss: nan | Dynamic Loss: nan | Regularization Loss: nan | Val Loss: nan | Time: 4.85s
2025-08-15 11:51:02,256:INFO:Epoch: 8250/10000 | Train Loss: nan | Dynamic Loss: nan | Regularization Loss: nan | Val Loss: nan | Time: 4.92s
2025-08-15 11:51:07,112:INFO:Epoch: 8300/10000 | Train Loss: nan | Dynamic Loss: nan | Regularization Loss: nan | Val Loss: nan | Time: 4.86s
2025-08-15 11:51:11,932:INFO:Epoch: 8350/10000 | Train Loss: nan | Dynamic Loss: nan | Regularization Loss: nan | Val Loss: nan | Time: 4.82s
2025-08-15 11:51:21,841:INFO:Epoch: 8400/10000 | Train Loss: nan | Dynamic Loss: nan | Regularization Loss: nan | Val Loss: nan | Time: 9.91s
2025-08-15 11:51:26,783:INFO:Epoch: 8450/10000 | Train Loss: nan | Dynamic Loss: nan | Regularization Loss: nan | Val Loss: nan | Time: 4.94s
2025-08-15 11:51:31,617:INFO:Epoch: 8500/10000 | Train Loss: nan | Dynamic Loss: nan | Regularization Loss: nan | Val Loss: nan | Time: 4.83s
2025-08-15 11:51:36,795:INFO:Epoch: 8550/10000 | Train Loss: nan | Dynamic Loss: nan | Regularization Loss: nan | Val Loss: nan | Time: 5.18s
2025-08-15 11:51:41,665:INFO:Epoch: 8600/10000 | Train Loss: nan | Dynamic Loss: nan | Regularization Loss: nan | Val Loss: nan | Time: 4.87s
2025-08-15 11:51:46,494:INFO:Epoch: 8650/10000 | Train Loss: nan | Dynamic Loss: nan | Regularization Loss: nan | Val Loss: nan | Time: 4.83s
2025-08-15 11:51:51,396:INFO:Epoch: 8700/10000 | Train Loss: nan | Dynamic Loss: nan | Regularization Loss: nan | Val Loss: nan | Time: 4.90s
2025-08-15 11:51:56,299:INFO:Epoch: 8750/10000 | Train Loss: nan | Dynamic Loss: nan | Regularization Loss: nan | Val Loss: nan | Time: 4.90s
2025-08-15 11:52:01,133:INFO:Epoch: 8800/10000 | Train Loss: nan | Dynamic Loss: nan | Regularization Loss: nan | Val Loss: nan | Time: 4.83s
2025-08-15 11:52:07,483:INFO:Epoch: 8850/10000 | Train Loss: nan | Dynamic Loss: nan | Regularization Loss: nan | Val Loss: nan | Time: 6.35s
2025-08-15 11:52:12,365:INFO:Epoch: 8900/10000 | Train Loss: nan | Dynamic Loss: nan | Regularization Loss: nan | Val Loss: nan | Time: 4.88s
2025-08-15 11:52:17,653:INFO:Epoch: 8950/10000 | Train Loss: nan | Dynamic Loss: nan | Regularization Loss: nan | Val Loss: nan | Time: 5.29s
2025-08-15 11:52:22,549:INFO:Epoch: 9000/10000 | Train Loss: nan | Dynamic Loss: nan | Regularization Loss: nan | Val Loss: nan | Time: 4.90s
2025-08-15 11:52:27,424:INFO:Epoch: 9050/10000 | Train Loss: nan | Dynamic Loss: nan | Regularization Loss: nan | Val Loss: nan | Time: 4.87s
2025-08-15 11:52:37,631:INFO:Epoch: 9100/10000 | Train Loss: nan | Dynamic Loss: nan | Regularization Loss: nan | Val Loss: nan | Time: 10.21s
2025-08-15 11:52:42,476:INFO:Epoch: 9150/10000 | Train Loss: nan | Dynamic Loss: nan | Regularization Loss: nan | Val Loss: nan | Time: 4.85s
2025-08-15 11:52:47,305:INFO:Epoch: 9200/10000 | Train Loss: nan | Dynamic Loss: nan | Regularization Loss: nan | Val Loss: nan | Time: 4.83s
2025-08-15 11:52:52,196:INFO:Epoch: 9250/10000 | Train Loss: nan | Dynamic Loss: nan | Regularization Loss: nan | Val Loss: nan | Time: 4.89s
2025-08-15 11:52:57,115:INFO:Epoch: 9300/10000 | Train Loss: nan | Dynamic Loss: nan | Regularization Loss: nan | Val Loss: nan | Time: 4.92s
2025-08-15 11:53:01,997:INFO:Epoch: 9350/10000 | Train Loss: nan | Dynamic Loss: nan | Regularization Loss: nan | Val Loss: nan | Time: 4.88s
2025-08-15 11:53:06,848:INFO:Epoch: 9400/10000 | Train Loss: nan | Dynamic Loss: nan | Regularization Loss: nan | Val Loss: nan | Time: 4.85s
2025-08-15 11:53:11,668:INFO:Epoch: 9450/10000 | Train Loss: nan | Dynamic Loss: nan | Regularization Loss: nan | Val Loss: nan | Time: 4.82s
2025-08-15 11:53:16,496:INFO:Epoch: 9500/10000 | Train Loss: nan | Dynamic Loss: nan | Regularization Loss: nan | Val Loss: nan | Time: 4.83s
2025-08-15 11:53:22,142:INFO:Epoch: 9550/10000 | Train Loss: nan | Dynamic Loss: nan | Regularization Loss: nan | Val Loss: nan | Time: 5.65s
2025-08-15 11:53:26,965:INFO:Epoch: 9600/10000 | Train Loss: nan | Dynamic Loss: nan | Regularization Loss: nan | Val Loss: nan | Time: 4.82s
2025-08-15 11:53:31,834:INFO:Epoch: 9650/10000 | Train Loss: nan | Dynamic Loss: nan | Regularization Loss: nan | Val Loss: nan | Time: 4.87s
2025-08-15 11:53:36,655:INFO:Epoch: 9700/10000 | Train Loss: nan | Dynamic Loss: nan | Regularization Loss: nan | Val Loss: nan | Time: 4.82s
2025-08-15 11:53:41,461:INFO:Epoch: 9750/10000 | Train Loss: nan | Dynamic Loss: nan | Regularization Loss: nan | Val Loss: nan | Time: 4.81s
2025-08-15 11:53:53,854:INFO:Epoch: 9800/10000 | Train Loss: nan | Dynamic Loss: nan | Regularization Loss: nan | Val Loss: nan | Time: 12.39s
2025-08-15 11:53:58,780:INFO:Epoch: 9850/10000 | Train Loss: nan | Dynamic Loss: nan | Regularization Loss: nan | Val Loss: nan | Time: 4.93s
2025-08-15 11:54:03,663:INFO:Epoch: 9900/10000 | Train Loss: nan | Dynamic Loss: nan | Regularization Loss: nan | Val Loss: nan | Time: 4.88s
2025-08-15 11:54:08,525:INFO:Epoch: 9950/10000 | Train Loss: nan | Dynamic Loss: nan | Regularization Loss: nan | Val Loss: nan | Time: 4.86s
2025-08-15 11:54:13,365:INFO:Epoch: 10000/10000 | Train Loss: nan | Dynamic Loss: nan | Regularization Loss: nan | Val Loss: nan | Time: 4.84s
2025-08-15 11:57:06,928:INFO:Using device: cuda
2025-08-15 11:58:08,119:INFO:Using device: cuda
2025-08-15 11:59:09,386:INFO:Using device: cuda
