done
torch.Size([59850, 64, 64])
torch.Size([59850, 64, 64])
18028225
training...
Epoch 1 completed in 115.661 seconds. Train MSE: 4.266 Test MSE: 0.309 Test L2 err: 11.132
Epoch 2 completed in 114.438 seconds. Train MSE: 0.685 Test MSE: 0.175 Test L2 err: 8.217
Epoch 3 completed in 114.566 seconds. Train MSE: 0.626 Test MSE: 0.096 Test L2 err: 5.586
Epoch 4 completed in 114.621 seconds. Train MSE: 0.495 Test MSE: 0.074 Test L2 err: 4.872
Epoch 5 completed in 114.768 seconds. Train MSE: 0.476 Test MSE: 0.170 Test L2 err: 8.261
Epoch 6 completed in 114.897 seconds. Train MSE: 0.434 Test MSE: 0.114 Test L2 err: 6.505
Epoch 7 completed in 114.642 seconds. Train MSE: 0.482 Test MSE: 0.081 Test L2 err: 5.439
Epoch 8 completed in 114.592 seconds. Train MSE: 0.342 Test MSE: 0.074 Test L2 err: 5.147
Epoch 9 completed in 114.607 seconds. Train MSE: 0.329 Test MSE: 0.067 Test L2 err: 4.872
Epoch 10 completed in 114.629 seconds. Train MSE: 0.345 Test MSE: 0.055 Test L2 err: 4.194
Epoch 11 completed in 114.667 seconds. Train MSE: 0.146 Test MSE: 0.182 Test L2 err: 8.681
Epoch 12 completed in 114.637 seconds. Train MSE: 0.174 Test MSE: 0.144 Test L2 err: 7.616
Epoch 13 completed in 114.510 seconds. Train MSE: 0.240 Test MSE: 0.036 Test L2 err: 3.296
Epoch 14 completed in 114.479 seconds. Train MSE: 0.161 Test MSE: 0.036 Test L2 err: 3.347
Epoch 15 completed in 114.446 seconds. Train MSE: 0.167 Test MSE: 0.045 Test L2 err: 3.947
Epoch 16 completed in 114.465 seconds. Train MSE: 0.165 Test MSE: 0.037 Test L2 err: 3.384
Epoch 17 completed in 114.538 seconds. Train MSE: 0.291 Test MSE: 0.032 Test L2 err: 2.904
Epoch 18 completed in 114.576 seconds. Train MSE: 0.130 Test MSE: 0.034 Test L2 err: 3.200
Epoch 19 completed in 114.557 seconds. Train MSE: 0.159 Test MSE: 0.062 Test L2 err: 4.859
Epoch 20 completed in 114.530 seconds. Train MSE: 0.158 Test MSE: 0.034 Test L2 err: 3.270
Epoch 21 completed in 114.599 seconds. Train MSE: 0.086 Test MSE: 0.029 Test L2 err: 2.922
Epoch 22 completed in 114.525 seconds. Train MSE: 0.100 Test MSE: 0.030 Test L2 err: 3.061
Epoch 23 completed in 114.514 seconds. Train MSE: 0.100 Test MSE: 0.026 Test L2 err: 2.740
Epoch 24 completed in 114.463 seconds. Train MSE: 0.131 Test MSE: 0.024 Test L2 err: 2.555
Epoch 25 completed in 114.414 seconds. Train MSE: 0.088 Test MSE: 0.031 Test L2 err: 3.180
Epoch 26 completed in 114.448 seconds. Train MSE: 0.098 Test MSE: 0.046 Test L2 err: 4.130
Epoch 27 completed in 114.544 seconds. Train MSE: 0.097 Test MSE: 0.074 Test L2 err: 5.468
Epoch 28 completed in 114.433 seconds. Train MSE: 0.113 Test MSE: 0.027 Test L2 err: 2.784
Epoch 29 completed in 114.354 seconds. Train MSE: 0.087 Test MSE: 0.028 Test L2 err: 2.931
Epoch 30 completed in 114.368 seconds. Train MSE: 0.096 Test MSE: 0.023 Test L2 err: 2.495
Epoch 31 completed in 114.428 seconds. Train MSE: 0.069 Test MSE: 0.021 Test L2 err: 2.384
Epoch 32 completed in 114.371 seconds. Train MSE: 0.073 Test MSE: 0.025 Test L2 err: 2.777
Epoch 33 completed in 114.275 seconds. Train MSE: 0.073 Test MSE: 0.022 Test L2 err: 2.499
Epoch 34 completed in 114.117 seconds. Train MSE: 0.072 Test MSE: 0.020 Test L2 err: 2.336
Epoch 35 completed in 115.702 seconds. Train MSE: 0.076 Test MSE: 0.020 Test L2 err: 2.329
Epoch 36 completed in 114.394 seconds. Train MSE: 0.069 Test MSE: 0.020 Test L2 err: 2.303
Epoch 37 completed in 114.001 seconds. Train MSE: 0.071 Test MSE: 0.030 Test L2 err: 3.224
Epoch 38 completed in 113.922 seconds. Train MSE: 0.071 Test MSE: 0.021 Test L2 err: 2.400
Epoch 39 completed in 113.845 seconds. Train MSE: 0.070 Test MSE: 0.022 Test L2 err: 2.543
Epoch 40 completed in 113.813 seconds. Train MSE: 0.071 Test MSE: 0.021 Test L2 err: 2.447
Epoch 41 completed in 113.796 seconds. Train MSE: 0.061 Test MSE: 0.019 Test L2 err: 2.278
Epoch 42 completed in 113.771 seconds. Train MSE: 0.062 Test MSE: 0.020 Test L2 err: 2.323
Epoch 43 completed in 113.712 seconds. Train MSE: 0.062 Test MSE: 0.020 Test L2 err: 2.303
Epoch 44 completed in 113.656 seconds. Train MSE: 0.062 Test MSE: 0.018 Test L2 err: 2.164
Epoch 45 completed in 113.712 seconds. Train MSE: 0.061 Test MSE: 0.020 Test L2 err: 2.409
Epoch 46 completed in 113.723 seconds. Train MSE: 0.062 Test MSE: 0.019 Test L2 err: 2.235
Epoch 47 completed in 113.651 seconds. Train MSE: 0.061 Test MSE: 0.019 Test L2 err: 2.264
Epoch 48 completed in 113.609 seconds. Train MSE: 0.061 Test MSE: 0.020 Test L2 err: 2.330
Epoch 49 completed in 113.609 seconds. Train MSE: 0.061 Test MSE: 0.019 Test L2 err: 2.248
Epoch 50 completed in 113.677 seconds. Train MSE: 0.060 Test MSE: 0.019 Test L2 err: 2.273
(1, 64, 64)
(1, 64, 64)
tensor(-2.1495, device='cuda:0') tensor(2.1495, device='cuda:0')
torch.Size([1, 64, 64, 1])
torch.Size([1, 64, 64, 1])
<class 'numpy.ndarray'>
torch.Size([80000, 64, 64])
torch.Size([10000, 64, 64])
torch.Size([80000, 4096])
(19951, 4096)
torch.Size([19951, 64, 64])
torch.Size([19951, 64, 64])
torch.Size([19951, 4096])
