2025-08-15 12:05:47,467:INFO:Created DataLoaders with 2994 training samples and 998 validation samples.
2025-08-15 12:07:18,927:INFO:Created DataLoaders with 2994 training samples and 998 validation samples.
2025-08-15 12:07:49,257:INFO:Created DataLoaders with 2994 training samples and 998 validation samples.
2025-08-15 12:09:20,898:INFO:Created DataLoaders with 2994 training samples and 998 validation samples.
2025-08-15 12:10:22,056:INFO:Created DataLoaders with 2994 training samples and 998 validation samples.
2025-08-15 12:10:22,663:INFO:model params: 479490
2025-08-15 12:10:23,408:INFO:Epoch: 0/2000 | Train Loss: 5.094e+00 | Dynamic Loss: 5.094e+00 | Regularization Loss: 6.195e-23 | Val Loss: 3.413e+00 | Time: 0.75s
2025-08-15 12:10:23,408:INFO:New best model found at epoch 0 with validation loss 3.413e+00. Saving...
2025-08-15 12:10:27,953:INFO:Epoch: 50/2000 | Train Loss: 9.023e-01 | Dynamic Loss: 9.023e-01 | Regularization Loss: 2.074e-19 | Val Loss: 9.511e-01 | Time: 4.53s
2025-08-15 12:10:27,953:INFO:New best model found at epoch 50 with validation loss 9.511e-01. Saving...
2025-08-15 12:10:32,307:INFO:Epoch: 100/2000 | Train Loss: 7.129e-01 | Dynamic Loss: 7.129e-01 | Regularization Loss: 1.892e-13 | Val Loss: 7.449e-01 | Time: 4.34s
2025-08-15 12:10:32,307:INFO:New best model found at epoch 100 with validation loss 7.449e-01. Saving...
2025-08-15 12:10:36,789:INFO:Epoch: 150/2000 | Train Loss: 6.436e-01 | Dynamic Loss: 6.436e-01 | Regularization Loss: 8.614e-07 | Val Loss: 6.642e-01 | Time: 4.47s
2025-08-15 12:10:36,789:INFO:New best model found at epoch 150 with validation loss 6.642e-01. Saving...
2025-08-15 12:10:41,259:INFO:Epoch: 200/2000 | Train Loss: 6.073e-01 | Dynamic Loss: 6.073e-01 | Regularization Loss: 6.270e-07 | Val Loss: 6.274e-01 | Time: 4.46s
2025-08-15 12:10:41,260:INFO:New best model found at epoch 200 with validation loss 6.274e-01. Saving...
2025-08-15 12:10:45,830:INFO:Epoch: 250/2000 | Train Loss: 5.892e-01 | Dynamic Loss: 5.892e-01 | Regularization Loss: 6.087e-07 | Val Loss: 6.030e-01 | Time: 4.56s
2025-08-15 12:10:45,830:INFO:New best model found at epoch 250 with validation loss 6.030e-01. Saving...
2025-08-15 12:10:55,612:INFO:Epoch: 300/2000 | Train Loss: 5.770e-01 | Dynamic Loss: 5.770e-01 | Regularization Loss: 5.891e-07 | Val Loss: 5.845e-01 | Time: 9.77s
2025-08-15 12:10:55,612:INFO:New best model found at epoch 300 with validation loss 5.845e-01. Saving...
2025-08-15 12:11:00,146:INFO:Epoch: 350/2000 | Train Loss: 5.720e-01 | Dynamic Loss: 5.720e-01 | Regularization Loss: 5.699e-07 | Val Loss: 5.730e-01 | Time: 4.52s
2025-08-15 12:11:00,146:INFO:New best model found at epoch 350 with validation loss 5.730e-01. Saving...
2025-08-15 12:11:04,644:INFO:Epoch: 400/2000 | Train Loss: 5.659e-01 | Dynamic Loss: 5.659e-01 | Regularization Loss: 5.512e-07 | Val Loss: 5.649e-01 | Time: 4.49s
2025-08-15 12:11:04,644:INFO:New best model found at epoch 400 with validation loss 5.649e-01. Saving...
2025-08-15 12:11:09,112:INFO:Epoch: 450/2000 | Train Loss: 5.604e-01 | Dynamic Loss: 5.604e-01 | Regularization Loss: 5.347e-07 | Val Loss: 5.591e-01 | Time: 4.46s
2025-08-15 12:11:09,112:INFO:New best model found at epoch 450 with validation loss 5.591e-01. Saving...
2025-08-15 12:11:19,196:INFO:Epoch: 500/2000 | Train Loss: 5.577e-01 | Dynamic Loss: 5.577e-01 | Regularization Loss: 5.186e-07 | Val Loss: 5.531e-01 | Time: 10.07s
2025-08-15 12:11:19,196:INFO:New best model found at epoch 500 with validation loss 5.531e-01. Saving...
2025-08-15 12:11:23,728:INFO:Epoch: 550/2000 | Train Loss: 5.506e-01 | Dynamic Loss: 5.506e-01 | Regularization Loss: 5.018e-07 | Val Loss: 5.453e-01 | Time: 4.52s
2025-08-15 12:11:23,728:INFO:New best model found at epoch 550 with validation loss 5.453e-01. Saving...
2025-08-15 12:11:28,337:INFO:Epoch: 600/2000 | Train Loss: 5.486e-01 | Dynamic Loss: 5.486e-01 | Regularization Loss: 4.890e-07 | Val Loss: 5.422e-01 | Time: 4.60s
2025-08-15 12:11:28,337:INFO:New best model found at epoch 600 with validation loss 5.422e-01. Saving...
2025-08-15 12:11:32,873:INFO:Epoch: 650/2000 | Train Loss: 5.443e-01 | Dynamic Loss: 5.443e-01 | Regularization Loss: 4.729e-07 | Val Loss: 5.353e-01 | Time: 4.53s
2025-08-15 12:11:32,873:INFO:New best model found at epoch 650 with validation loss 5.353e-01. Saving...
2025-08-15 12:11:38,562:INFO:Epoch: 700/2000 | Train Loss: 5.432e-01 | Dynamic Loss: 5.432e-01 | Regularization Loss: 4.597e-07 | Val Loss: 5.306e-01 | Time: 5.68s
2025-08-15 12:11:38,562:INFO:New best model found at epoch 700 with validation loss 5.306e-01. Saving...
2025-08-15 12:11:43,142:INFO:Epoch: 750/2000 | Train Loss: 5.359e-01 | Dynamic Loss: 5.359e-01 | Regularization Loss: 4.448e-07 | Val Loss: 5.259e-01 | Time: 4.57s
2025-08-15 12:11:43,143:INFO:New best model found at epoch 750 with validation loss 5.259e-01. Saving...
2025-08-15 12:11:47,686:INFO:Epoch: 800/2000 | Train Loss: 5.339e-01 | Dynamic Loss: 5.339e-01 | Regularization Loss: 4.352e-07 | Val Loss: 5.237e-01 | Time: 4.53s
2025-08-15 12:11:47,686:INFO:New best model found at epoch 800 with validation loss 5.237e-01. Saving...
2025-08-15 12:11:52,281:INFO:Epoch: 850/2000 | Train Loss: 5.289e-01 | Dynamic Loss: 5.289e-01 | Regularization Loss: 4.226e-07 | Val Loss: 5.184e-01 | Time: 4.58s
2025-08-15 12:11:52,281:INFO:New best model found at epoch 850 with validation loss 5.184e-01. Saving...
2025-08-15 12:11:57,658:INFO:Epoch: 900/2000 | Train Loss: 5.283e-01 | Dynamic Loss: 5.283e-01 | Regularization Loss: 4.122e-07 | Val Loss: 5.160e-01 | Time: 5.37s
2025-08-15 12:11:57,658:INFO:New best model found at epoch 900 with validation loss 5.160e-01. Saving...
2025-08-15 12:12:02,150:INFO:Epoch: 950/2000 | Train Loss: 5.250e-01 | Dynamic Loss: 5.250e-01 | Regularization Loss: 4.023e-07 | Val Loss: 5.121e-01 | Time: 4.48s
2025-08-15 12:12:02,150:INFO:New best model found at epoch 950 with validation loss 5.121e-01. Saving...
2025-08-15 12:12:06,791:INFO:Epoch: 1000/2000 | Train Loss: 5.223e-01 | Dynamic Loss: 5.223e-01 | Regularization Loss: 3.927e-07 | Val Loss: 5.096e-01 | Time: 4.63s
2025-08-15 12:12:06,791:INFO:New best model found at epoch 1000 with validation loss 5.096e-01. Saving...
2025-08-15 12:12:11,452:INFO:Epoch: 1050/2000 | Train Loss: 5.173e-01 | Dynamic Loss: 5.173e-01 | Regularization Loss: 3.811e-07 | Val Loss: 5.069e-01 | Time: 4.65s
2025-08-15 12:12:11,452:INFO:New best model found at epoch 1050 with validation loss 5.069e-01. Saving...
2025-08-15 12:12:16,075:INFO:Epoch: 1100/2000 | Train Loss: 5.153e-01 | Dynamic Loss: 5.153e-01 | Regularization Loss: 3.725e-07 | Val Loss: 5.040e-01 | Time: 4.61s
2025-08-15 12:12:16,076:INFO:New best model found at epoch 1100 with validation loss 5.040e-01. Saving...
2025-08-15 12:12:25,683:INFO:Epoch: 1150/2000 | Train Loss: 5.118e-01 | Dynamic Loss: 5.118e-01 | Regularization Loss: 3.634e-07 | Val Loss: 5.010e-01 | Time: 9.60s
2025-08-15 12:12:25,683:INFO:New best model found at epoch 1150 with validation loss 5.010e-01. Saving...
2025-08-15 12:12:30,244:INFO:Epoch: 1200/2000 | Train Loss: 5.117e-01 | Dynamic Loss: 5.117e-01 | Regularization Loss: 3.573e-07 | Val Loss: 5.004e-01 | Time: 4.55s
2025-08-15 12:12:30,244:INFO:New best model found at epoch 1200 with validation loss 5.004e-01. Saving...
2025-08-15 12:12:34,756:INFO:Epoch: 1250/2000 | Train Loss: 5.089e-01 | Dynamic Loss: 5.089e-01 | Regularization Loss: 3.511e-07 | Val Loss: 4.962e-01 | Time: 4.50s
2025-08-15 12:12:34,757:INFO:New best model found at epoch 1250 with validation loss 4.962e-01. Saving...
2025-08-15 12:12:39,365:INFO:Epoch: 1300/2000 | Train Loss: 5.076e-01 | Dynamic Loss: 5.076e-01 | Regularization Loss: 3.419e-07 | Val Loss: 4.952e-01 | Time: 4.60s
2025-08-15 12:12:39,365:INFO:New best model found at epoch 1300 with validation loss 4.952e-01. Saving...
2025-08-15 12:12:49,410:INFO:Epoch: 1350/2000 | Train Loss: 5.056e-01 | Dynamic Loss: 5.056e-01 | Regularization Loss: 3.374e-07 | Val Loss: 4.942e-01 | Time: 10.03s
2025-08-15 12:12:49,410:INFO:New best model found at epoch 1350 with validation loss 4.942e-01. Saving...
2025-08-15 12:12:54,027:INFO:Epoch: 1400/2000 | Train Loss: 5.008e-01 | Dynamic Loss: 5.008e-01 | Regularization Loss: 3.290e-07 | Val Loss: 4.899e-01 | Time: 4.61s
2025-08-15 12:12:54,027:INFO:New best model found at epoch 1400 with validation loss 4.899e-01. Saving...
2025-08-15 12:12:58,719:INFO:Epoch: 1450/2000 | Train Loss: 5.001e-01 | Dynamic Loss: 5.001e-01 | Regularization Loss: 3.225e-07 | Val Loss: 4.884e-01 | Time: 4.68s
2025-08-15 12:12:58,719:INFO:New best model found at epoch 1450 with validation loss 4.884e-01. Saving...
2025-08-15 12:13:03,399:INFO:Epoch: 1500/2000 | Train Loss: 4.983e-01 | Dynamic Loss: 4.983e-01 | Regularization Loss: 3.159e-07 | Val Loss: 4.854e-01 | Time: 4.67s
2025-08-15 12:13:03,399:INFO:New best model found at epoch 1500 with validation loss 4.854e-01. Saving...
2025-08-15 12:13:08,536:INFO:Epoch: 1550/2000 | Train Loss: 4.977e-01 | Dynamic Loss: 4.977e-01 | Regularization Loss: 3.137e-07 | Val Loss: 4.877e-01 | Time: 5.13s
2025-08-15 12:13:13,279:INFO:Epoch: 1600/2000 | Train Loss: 4.934e-01 | Dynamic Loss: 4.934e-01 | Regularization Loss: 3.061e-07 | Val Loss: 4.819e-01 | Time: 4.74s
2025-08-15 12:13:13,279:INFO:New best model found at epoch 1600 with validation loss 4.819e-01. Saving...
2025-08-15 12:13:18,014:INFO:Epoch: 1650/2000 | Train Loss: 4.931e-01 | Dynamic Loss: 4.931e-01 | Regularization Loss: 3.004e-07 | Val Loss: 4.807e-01 | Time: 4.73s
2025-08-15 12:13:18,014:INFO:New best model found at epoch 1650 with validation loss 4.807e-01. Saving...
2025-08-15 12:13:22,601:INFO:Epoch: 1700/2000 | Train Loss: 4.897e-01 | Dynamic Loss: 4.897e-01 | Regularization Loss: 2.945e-07 | Val Loss: 4.792e-01 | Time: 4.58s
2025-08-15 12:13:22,601:INFO:New best model found at epoch 1700 with validation loss 4.792e-01. Saving...
2025-08-15 12:13:30,224:INFO:Epoch: 1750/2000 | Train Loss: 4.905e-01 | Dynamic Loss: 4.905e-01 | Regularization Loss: 2.905e-07 | Val Loss: 4.768e-01 | Time: 7.61s
2025-08-15 12:13:30,224:INFO:New best model found at epoch 1750 with validation loss 4.768e-01. Saving...
2025-08-15 12:13:34,876:INFO:Epoch: 1800/2000 | Train Loss: 4.869e-01 | Dynamic Loss: 4.869e-01 | Regularization Loss: 2.863e-07 | Val Loss: 4.775e-01 | Time: 4.64s
2025-08-15 12:13:39,501:INFO:Epoch: 1850/2000 | Train Loss: 4.845e-01 | Dynamic Loss: 4.845e-01 | Regularization Loss: 2.810e-07 | Val Loss: 4.758e-01 | Time: 4.62s
2025-08-15 12:13:39,501:INFO:New best model found at epoch 1850 with validation loss 4.758e-01. Saving...
2025-08-15 12:13:44,034:INFO:Epoch: 1900/2000 | Train Loss: 4.836e-01 | Dynamic Loss: 4.836e-01 | Regularization Loss: 2.762e-07 | Val Loss: 4.736e-01 | Time: 4.52s
2025-08-15 12:13:44,035:INFO:New best model found at epoch 1900 with validation loss 4.736e-01. Saving...
2025-08-15 12:13:48,578:INFO:Epoch: 1950/2000 | Train Loss: 4.812e-01 | Dynamic Loss: 4.812e-01 | Regularization Loss: 2.707e-07 | Val Loss: 4.731e-01 | Time: 4.53s
2025-08-15 12:13:48,578:INFO:New best model found at epoch 1950 with validation loss 4.731e-01. Saving...
2025-08-15 12:13:57,526:INFO:Epoch: 2000/2000 | Train Loss: 4.782e-01 | Dynamic Loss: 4.782e-01 | Regularization Loss: 2.658e-07 | Val Loss: 4.694e-01 | Time: 8.94s
2025-08-15 12:13:57,526:INFO:New best model found at epoch 2000 with validation loss 4.694e-01. Saving...
2025-08-15 12:14:57,049:INFO:Using device: cuda
2025-08-15 12:15:58,252:INFO:Using device: cuda
2025-08-15 12:17:43,235:INFO:Using device: cuda
2025-08-15 12:18:31,191:INFO:Using device: cuda
2025-08-15 12:20:03,106:INFO:Created DataLoaders with 2994 training samples and 998 validation samples.
2025-08-15 12:20:03,716:INFO:model params: 479490
2025-08-15 12:20:04,448:INFO:Epoch: 0/2000 | Train Loss: 5.094e+00 | Dynamic Loss: 5.094e+00 | Regularization Loss: 6.195e-23 | Val Loss: 3.413e+00 | Time: 0.73s
2025-08-15 12:20:04,448:INFO:New best model found at epoch 0 with validation loss 3.413e+00. Saving...
2025-08-15 12:20:09,152:INFO:Epoch: 50/2000 | Train Loss: 9.023e-01 | Dynamic Loss: 9.023e-01 | Regularization Loss: 2.074e-19 | Val Loss: 9.511e-01 | Time: 4.69s
2025-08-15 12:20:09,152:INFO:New best model found at epoch 50 with validation loss 9.511e-01. Saving...
2025-08-15 12:20:13,596:INFO:Epoch: 100/2000 | Train Loss: 7.129e-01 | Dynamic Loss: 7.129e-01 | Regularization Loss: 1.892e-13 | Val Loss: 7.449e-01 | Time: 4.43s
2025-08-15 12:20:13,597:INFO:New best model found at epoch 100 with validation loss 7.449e-01. Saving...
2025-08-15 12:20:18,054:INFO:Epoch: 150/2000 | Train Loss: 6.436e-01 | Dynamic Loss: 6.436e-01 | Regularization Loss: 8.614e-07 | Val Loss: 6.642e-01 | Time: 4.45s
2025-08-15 12:20:18,054:INFO:New best model found at epoch 150 with validation loss 6.642e-01. Saving...
2025-08-15 12:20:22,508:INFO:Epoch: 200/2000 | Train Loss: 6.073e-01 | Dynamic Loss: 6.073e-01 | Regularization Loss: 6.270e-07 | Val Loss: 6.274e-01 | Time: 4.44s
2025-08-15 12:20:22,508:INFO:New best model found at epoch 200 with validation loss 6.274e-01. Saving...
2025-08-15 12:20:26,971:INFO:Epoch: 250/2000 | Train Loss: 5.892e-01 | Dynamic Loss: 5.892e-01 | Regularization Loss: 6.087e-07 | Val Loss: 6.030e-01 | Time: 4.45s
2025-08-15 12:20:26,971:INFO:New best model found at epoch 250 with validation loss 6.030e-01. Saving...
2025-08-15 12:20:36,414:INFO:Epoch: 300/2000 | Train Loss: 5.770e-01 | Dynamic Loss: 5.770e-01 | Regularization Loss: 5.891e-07 | Val Loss: 5.845e-01 | Time: 9.43s
2025-08-15 12:20:36,414:INFO:New best model found at epoch 300 with validation loss 5.845e-01. Saving...
2025-08-15 12:20:40,887:INFO:Epoch: 350/2000 | Train Loss: 5.720e-01 | Dynamic Loss: 5.720e-01 | Regularization Loss: 5.699e-07 | Val Loss: 5.730e-01 | Time: 4.46s
2025-08-15 12:20:40,887:INFO:New best model found at epoch 350 with validation loss 5.730e-01. Saving...
2025-08-15 12:20:45,278:INFO:Epoch: 400/2000 | Train Loss: 5.659e-01 | Dynamic Loss: 5.659e-01 | Regularization Loss: 5.512e-07 | Val Loss: 5.649e-01 | Time: 4.38s
2025-08-15 12:20:45,278:INFO:New best model found at epoch 400 with validation loss 5.649e-01. Saving...
2025-08-15 12:20:49,759:INFO:Epoch: 450/2000 | Train Loss: 5.604e-01 | Dynamic Loss: 5.604e-01 | Regularization Loss: 5.347e-07 | Val Loss: 5.591e-01 | Time: 4.47s
2025-08-15 12:20:49,759:INFO:New best model found at epoch 450 with validation loss 5.591e-01. Saving...
2025-08-15 12:21:00,042:INFO:Epoch: 500/2000 | Train Loss: 5.577e-01 | Dynamic Loss: 5.577e-01 | Regularization Loss: 5.186e-07 | Val Loss: 5.531e-01 | Time: 10.27s
2025-08-15 12:21:00,042:INFO:New best model found at epoch 500 with validation loss 5.531e-01. Saving...
2025-08-15 12:21:04,629:INFO:Epoch: 550/2000 | Train Loss: 5.506e-01 | Dynamic Loss: 5.506e-01 | Regularization Loss: 5.018e-07 | Val Loss: 5.453e-01 | Time: 4.58s
2025-08-15 12:21:04,629:INFO:New best model found at epoch 550 with validation loss 5.453e-01. Saving...
2025-08-15 12:21:09,156:INFO:Epoch: 600/2000 | Train Loss: 5.486e-01 | Dynamic Loss: 5.486e-01 | Regularization Loss: 4.890e-07 | Val Loss: 5.422e-01 | Time: 4.52s
2025-08-15 12:21:09,156:INFO:New best model found at epoch 600 with validation loss 5.422e-01. Saving...
2025-08-15 12:21:13,575:INFO:Epoch: 650/2000 | Train Loss: 5.443e-01 | Dynamic Loss: 5.443e-01 | Regularization Loss: 4.729e-07 | Val Loss: 5.353e-01 | Time: 4.41s
2025-08-15 12:21:13,575:INFO:New best model found at epoch 650 with validation loss 5.353e-01. Saving...
2025-08-15 12:21:19,157:INFO:Epoch: 700/2000 | Train Loss: 5.432e-01 | Dynamic Loss: 5.432e-01 | Regularization Loss: 4.597e-07 | Val Loss: 5.306e-01 | Time: 5.57s
2025-08-15 12:21:19,157:INFO:New best model found at epoch 700 with validation loss 5.306e-01. Saving...
2025-08-15 12:21:23,694:INFO:Epoch: 750/2000 | Train Loss: 5.359e-01 | Dynamic Loss: 5.359e-01 | Regularization Loss: 4.448e-07 | Val Loss: 5.259e-01 | Time: 4.53s
2025-08-15 12:21:23,694:INFO:New best model found at epoch 750 with validation loss 5.259e-01. Saving...
2025-08-15 12:21:28,297:INFO:Epoch: 800/2000 | Train Loss: 5.339e-01 | Dynamic Loss: 5.339e-01 | Regularization Loss: 4.352e-07 | Val Loss: 5.237e-01 | Time: 4.59s
2025-08-15 12:21:28,297:INFO:New best model found at epoch 800 with validation loss 5.237e-01. Saving...
2025-08-15 12:21:32,803:INFO:Epoch: 850/2000 | Train Loss: 5.289e-01 | Dynamic Loss: 5.289e-01 | Regularization Loss: 4.226e-07 | Val Loss: 5.184e-01 | Time: 4.50s
2025-08-15 12:21:32,803:INFO:New best model found at epoch 850 with validation loss 5.184e-01. Saving...
2025-08-15 12:21:38,102:INFO:Epoch: 900/2000 | Train Loss: 5.283e-01 | Dynamic Loss: 5.283e-01 | Regularization Loss: 4.122e-07 | Val Loss: 5.160e-01 | Time: 5.29s
2025-08-15 12:21:38,102:INFO:New best model found at epoch 900 with validation loss 5.160e-01. Saving...
2025-08-15 12:21:42,536:INFO:Epoch: 950/2000 | Train Loss: 5.250e-01 | Dynamic Loss: 5.250e-01 | Regularization Loss: 4.023e-07 | Val Loss: 5.121e-01 | Time: 4.42s
2025-08-15 12:21:42,536:INFO:New best model found at epoch 950 with validation loss 5.121e-01. Saving...
2025-08-15 12:21:47,031:INFO:Epoch: 1000/2000 | Train Loss: 5.223e-01 | Dynamic Loss: 5.223e-01 | Regularization Loss: 3.927e-07 | Val Loss: 5.096e-01 | Time: 4.49s
2025-08-15 12:21:47,031:INFO:New best model found at epoch 1000 with validation loss 5.096e-01. Saving...
2025-08-15 12:21:51,528:INFO:Epoch: 1050/2000 | Train Loss: 5.173e-01 | Dynamic Loss: 5.173e-01 | Regularization Loss: 3.811e-07 | Val Loss: 5.069e-01 | Time: 4.49s
2025-08-15 12:21:51,528:INFO:New best model found at epoch 1050 with validation loss 5.069e-01. Saving...
2025-08-15 12:21:55,981:INFO:Epoch: 1100/2000 | Train Loss: 5.153e-01 | Dynamic Loss: 5.153e-01 | Regularization Loss: 3.725e-07 | Val Loss: 5.040e-01 | Time: 4.44s
2025-08-15 12:21:55,981:INFO:New best model found at epoch 1100 with validation loss 5.040e-01. Saving...
2025-08-15 12:22:05,505:INFO:Epoch: 1150/2000 | Train Loss: 5.118e-01 | Dynamic Loss: 5.118e-01 | Regularization Loss: 3.634e-07 | Val Loss: 5.010e-01 | Time: 9.51s
2025-08-15 12:22:05,505:INFO:New best model found at epoch 1150 with validation loss 5.010e-01. Saving...
2025-08-15 12:22:10,016:INFO:Epoch: 1200/2000 | Train Loss: 5.117e-01 | Dynamic Loss: 5.117e-01 | Regularization Loss: 3.573e-07 | Val Loss: 5.004e-01 | Time: 4.50s
2025-08-15 12:22:10,016:INFO:New best model found at epoch 1200 with validation loss 5.004e-01. Saving...
2025-08-15 12:22:14,592:INFO:Epoch: 1250/2000 | Train Loss: 5.089e-01 | Dynamic Loss: 5.089e-01 | Regularization Loss: 3.511e-07 | Val Loss: 4.962e-01 | Time: 4.56s
2025-08-15 12:22:14,592:INFO:New best model found at epoch 1250 with validation loss 4.962e-01. Saving...
2025-08-15 12:22:19,148:INFO:Epoch: 1300/2000 | Train Loss: 5.076e-01 | Dynamic Loss: 5.076e-01 | Regularization Loss: 3.419e-07 | Val Loss: 4.952e-01 | Time: 4.55s
2025-08-15 12:22:19,148:INFO:New best model found at epoch 1300 with validation loss 4.952e-01. Saving...
2025-08-15 12:22:29,158:INFO:Epoch: 1350/2000 | Train Loss: 5.056e-01 | Dynamic Loss: 5.056e-01 | Regularization Loss: 3.374e-07 | Val Loss: 4.942e-01 | Time: 10.00s
2025-08-15 12:22:29,158:INFO:New best model found at epoch 1350 with validation loss 4.942e-01. Saving...
2025-08-15 12:22:33,671:INFO:Epoch: 1400/2000 | Train Loss: 5.008e-01 | Dynamic Loss: 5.008e-01 | Regularization Loss: 3.290e-07 | Val Loss: 4.899e-01 | Time: 4.50s
2025-08-15 12:22:33,671:INFO:New best model found at epoch 1400 with validation loss 4.899e-01. Saving...
2025-08-15 12:22:38,308:INFO:Epoch: 1450/2000 | Train Loss: 5.001e-01 | Dynamic Loss: 5.001e-01 | Regularization Loss: 3.225e-07 | Val Loss: 4.884e-01 | Time: 4.63s
2025-08-15 12:22:38,308:INFO:New best model found at epoch 1450 with validation loss 4.884e-01. Saving...
2025-08-15 12:22:42,919:INFO:Epoch: 1500/2000 | Train Loss: 4.983e-01 | Dynamic Loss: 4.983e-01 | Regularization Loss: 3.159e-07 | Val Loss: 4.854e-01 | Time: 4.60s
2025-08-15 12:22:42,919:INFO:New best model found at epoch 1500 with validation loss 4.854e-01. Saving...
2025-08-15 12:22:47,724:INFO:Epoch: 1550/2000 | Train Loss: 4.977e-01 | Dynamic Loss: 4.977e-01 | Regularization Loss: 3.137e-07 | Val Loss: 4.877e-01 | Time: 4.79s
2025-08-15 12:22:52,277:INFO:Epoch: 1600/2000 | Train Loss: 4.934e-01 | Dynamic Loss: 4.934e-01 | Regularization Loss: 3.061e-07 | Val Loss: 4.819e-01 | Time: 4.55s
2025-08-15 12:22:52,277:INFO:New best model found at epoch 1600 with validation loss 4.819e-01. Saving...
2025-08-15 12:22:56,774:INFO:Epoch: 1650/2000 | Train Loss: 4.931e-01 | Dynamic Loss: 4.931e-01 | Regularization Loss: 3.004e-07 | Val Loss: 4.807e-01 | Time: 4.49s
2025-08-15 12:22:56,775:INFO:New best model found at epoch 1650 with validation loss 4.807e-01. Saving...
2025-08-15 12:23:01,352:INFO:Epoch: 1700/2000 | Train Loss: 4.897e-01 | Dynamic Loss: 4.897e-01 | Regularization Loss: 2.945e-07 | Val Loss: 4.792e-01 | Time: 4.57s
2025-08-15 12:23:01,353:INFO:New best model found at epoch 1700 with validation loss 4.792e-01. Saving...
2025-08-15 12:23:08,909:INFO:Epoch: 1750/2000 | Train Loss: 4.905e-01 | Dynamic Loss: 4.905e-01 | Regularization Loss: 2.905e-07 | Val Loss: 4.768e-01 | Time: 7.55s
2025-08-15 12:23:08,909:INFO:New best model found at epoch 1750 with validation loss 4.768e-01. Saving...
2025-08-15 12:23:13,458:INFO:Epoch: 1800/2000 | Train Loss: 4.869e-01 | Dynamic Loss: 4.869e-01 | Regularization Loss: 2.863e-07 | Val Loss: 4.775e-01 | Time: 4.54s
2025-08-15 12:23:17,915:INFO:Epoch: 1850/2000 | Train Loss: 4.845e-01 | Dynamic Loss: 4.845e-01 | Regularization Loss: 2.810e-07 | Val Loss: 4.758e-01 | Time: 4.46s
2025-08-15 12:23:17,915:INFO:New best model found at epoch 1850 with validation loss 4.758e-01. Saving...
2025-08-15 12:23:22,778:INFO:Epoch: 1900/2000 | Train Loss: 4.836e-01 | Dynamic Loss: 4.836e-01 | Regularization Loss: 2.762e-07 | Val Loss: 4.736e-01 | Time: 4.85s
2025-08-15 12:23:22,778:INFO:New best model found at epoch 1900 with validation loss 4.736e-01. Saving...
2025-08-15 12:23:27,307:INFO:Epoch: 1950/2000 | Train Loss: 4.812e-01 | Dynamic Loss: 4.812e-01 | Regularization Loss: 2.707e-07 | Val Loss: 4.731e-01 | Time: 4.52s
2025-08-15 12:23:27,307:INFO:New best model found at epoch 1950 with validation loss 4.731e-01. Saving...
2025-08-15 12:23:36,110:INFO:Epoch: 2000/2000 | Train Loss: 4.782e-01 | Dynamic Loss: 4.782e-01 | Regularization Loss: 2.658e-07 | Val Loss: 4.694e-01 | Time: 8.79s
2025-08-15 12:23:36,110:INFO:New best model found at epoch 2000 with validation loss 4.694e-01. Saving...
2025-08-15 12:24:38,220:INFO:Using device: cuda
2025-08-15 12:32:16,954:INFO:Created DataLoaders with 2994 training samples and 998 validation samples.
2025-08-15 12:32:17,571:INFO:model params: 479490
2025-08-15 12:34:19,887:INFO:Using device: cuda
2025-08-15 12:35:42,113:INFO:Created DataLoaders with 2994 training samples and 998 validation samples.
2025-08-15 12:35:42,738:INFO:model params: 479490
2025-08-15 12:37:53,489:INFO:Using device: cuda
2025-08-15 12:38:43,164:INFO:Using device: cuda
2025-08-15 12:42:28,578:INFO:Using device: cuda
2025-08-15 12:45:32,417:INFO:Using device: cuda
2025-08-15 12:45:43,569:INFO:Using device: cuda
