Using backend: pytorch
Other supported backends: tensorflow.compat.v1, tensorflow, jax, paddle.
paddle supports more examples now and is recommended.
Compiling model...
'compile' took 0.893689 s

Warning: epochs is deprecated and will be removed in a future version. Use iterations instead.
Training model...

Step      Train loss    Test loss     Test metric   
0         [9.45e-01]    [9.46e-01]    [1.00e+00]    
1000      [2.01e-02]    [2.03e-02]    [1.42e-01]    
2000      [3.12e-03]    [2.99e-03]    [5.17e-02]    
3000      [4.05e-03]    [3.91e-03]    [6.09e-02]    
4000      [2.15e-03]    [2.11e-03]    [4.43e-02]    
5000      [1.41e-03]    [1.42e-03]    [3.51e-02]    
6000      [1.51e-03]    [1.46e-03]    [3.66e-02]    
7000      [1.06e-03]    [9.44e-04]    [2.82e-02]    
8000      [1.93e-03]    [1.75e-03]    [4.03e-02]    
9000      [8.08e-04]    [8.12e-04]    [2.65e-02]    
10000     [8.07e-04]    [7.74e-04]    [2.61e-02]    
11000     [8.35e-04]    [8.18e-04]    [2.75e-02]    
12000     [8.17e-04]    [7.77e-04]    [2.68e-02]    
13000     [5.27e-04]    [5.38e-04]    [2.16e-02]    
14000     [7.10e-04]    [7.41e-04]    [2.64e-02]    
15000     [5.67e-04]    [5.40e-04]    [2.20e-02]    
16000     [8.78e-04]    [8.32e-04]    [2.83e-02]    
17000     [4.71e-04]    [4.90e-04]    [2.13e-02]    
18000     [1.10e-03]    [1.03e-03]    [3.16e-02]    
19000     [3.12e-04]    [2.97e-04]    [1.56e-02]    
20000     [2.74e-04]    [2.80e-04]    [1.51e-02]    
21000     [5.69e-04]    [5.53e-04]    [2.31e-02]    
22000     [3.02e-04]    [2.92e-04]    [1.59e-02]    
23000     [3.67e-04]    [3.58e-04]    [1.82e-02]    
24000     [3.97e-04]    [3.94e-04]    [1.92e-02]    
25000     [2.68e-04]    [2.69e-04]    [1.53e-02]    
26000     [2.14e-04]    [2.15e-04]    [1.33e-02]    
27000     [2.11e-04]    [2.28e-04]    [1.39e-02]    
28000     [2.70e-04]    [2.65e-04]    [1.53e-02]    
29000     [2.28e-04]    [2.20e-04]    [1.37e-02]    
30000     [3.24e-04]    [3.42e-04]    [1.80e-02]    
31000     [2.69e-04]    [2.79e-04]    [1.59e-02]    
32000     [2.62e-04]    [2.57e-04]    [1.52e-02]    
33000     [2.11e-04]    [2.20e-04]    [1.39e-02]    
34000     [2.69e-04]    [2.84e-04]    [1.61e-02]    
35000     [7.02e-04]    [7.03e-04]    [2.66e-02]    
36000     [1.94e-04]    [1.95e-04]    [1.30e-02]    
37000     [4.26e-04]    [4.41e-04]    [2.08e-02]    
38000     [1.47e-04]    [1.60e-04]    [1.15e-02]    
39000     [1.33e-04]    [1.45e-04]    [1.08e-02]    
40000     [5.03e-04]    [5.07e-04]    [2.25e-02]    
41000     [2.08e-04]    [2.15e-04]    [1.38e-02]    
42000     [2.77e-04]    [2.76e-04]    [1.61e-02]    
43000     [1.61e-04]    [1.65e-04]    [1.18e-02]    
44000     [1.72e-04]    [1.78e-04]    [1.26e-02]    
45000     [6.65e-04]    [6.42e-04]    [2.54e-02]    
46000     [3.41e-04]    [3.45e-04]    [1.83e-02]    
47000     [1.21e-04]    [1.36e-04]    [1.06e-02]    
48000     [1.54e-04]    [1.70e-04]    [1.21e-02]    
49000     [2.18e-04]    [2.15e-04]    [1.39e-02]    
50000     [1.26e-04]    [1.30e-04]    [1.03e-02]    
51000     [1.28e-04]    [1.43e-04]    [1.10e-02]    
52000     [1.83e-04]    [1.90e-04]    [1.31e-02]    
53000     [1.21e-04]    [1.34e-04]    [1.06e-02]    
54000     [1.74e-04]    [1.83e-04]    [1.28e-02]    
55000     [2.24e-04]    [2.39e-04]    [1.52e-02]    
56000     [2.81e-04]    [2.87e-04]    [1.66e-02]    
57000     [1.58e-04]    [1.70e-04]    [1.25e-02]    
58000     [1.64e-04]    [1.72e-04]    [1.25e-02]    
59000     [1.08e-04]    [1.18e-04]    [9.84e-03]    
60000     [1.86e-04]    [1.93e-04]    [1.34e-02]    
61000     [1.22e-04]    [1.36e-04]    [1.08e-02]    
62000     [1.33e-04]    [1.38e-04]    [1.10e-02]    
63000     [1.46e-04]    [1.50e-04]    [1.16e-02]    
64000     [1.14e-04]    [1.24e-04]    [1.02e-02]    
65000     [9.56e-05]    [1.10e-04]    [9.39e-03]    
66000     [1.09e-04]    [1.24e-04]    [1.02e-02]    
67000     [5.92e-04]    [5.78e-04]    [2.41e-02]    
68000     [9.69e-05]    [1.12e-04]    [9.65e-03]    
69000     [9.93e-05]    [1.03e-04]    [9.09e-03]    
70000     [1.80e-04]    [1.89e-04]    [1.33e-02]    
71000     [9.86e-05]    [1.18e-04]    [1.00e-02]    
72000     [7.69e-05]    [9.36e-05]    [8.55e-03]    
73000     [1.51e-04]    [1.56e-04]    [1.19e-02]    
74000     [2.28e-04]    [2.39e-04]    [1.51e-02]    
75000     [1.90e-04]    [1.93e-04]    [1.33e-02]    
76000     [1.77e-04]    [1.88e-04]    [1.33e-02]    
77000     [7.36e-05]    [8.57e-05]    [8.10e-03]    
78000     [2.29e-04]    [2.30e-04]    [1.50e-02]    
79000     [1.11e-04]    [1.28e-04]    [1.07e-02]    
80000     [1.21e-04]    [1.36e-04]    [1.08e-02]    
81000     [8.69e-05]    [9.77e-05]    [8.94e-03]    
82000     [8.84e-05]    [1.09e-04]    [9.61e-03]    
83000     [1.24e-04]    [1.28e-04]    [1.06e-02]    
84000     [1.22e-04]    [1.29e-04]    [1.07e-02]    
85000     [7.53e-05]    [8.49e-05]    [8.13e-03]    
86000     [1.93e-04]    [1.94e-04]    [1.34e-02]    
87000     [9.58e-05]    [1.09e-04]    [9.62e-03]    
88000     [9.67e-05]    [1.08e-04]    [9.63e-03]    
89000     [1.99e-04]    [2.19e-04]    [1.44e-02]    
90000     [1.17e-04]    [1.26e-04]    [1.06e-02]    
91000     [6.36e-05]    [7.94e-05]    [7.80e-03]    
92000     [1.39e-04]    [1.50e-04]    [1.18e-02]    
93000     [7.90e-05]    [9.27e-05]    [8.70e-03]    
94000     [7.94e-05]    [9.04e-05]    [8.53e-03]    
95000     [8.12e-05]    [9.02e-05]    [8.53e-03]    
96000     [8.18e-05]    [8.75e-05]    [8.39e-03]    
97000     [1.71e-04]    [1.77e-04]    [1.29e-02]    
98000     [6.97e-05]    [8.28e-05]    [8.14e-03]    
99000     [9.32e-05]    [1.01e-04]    [9.18e-03]    
100000    [1.57e-04]    [1.67e-04]    [1.20e-02]    

Best model at step 91000:
  train loss: 6.36e-05
  test loss: 7.94e-05
  test metric: [7.80e-03]

'train' took 13672.655159 s

91000
Restoring model from models/model.ckpt-91000.pt ...

(19950, 4096)
(19950, 4096)
<class 'numpy.ndarray'>
<class 'numpy.ndarray'>
torch.Size([20000, 4096])
torch.Size([10000, 4096])
torch.Size([19950, 4096])
torch.Size([19950, 4096])
torch.Size([19950, 64, 64])
torch.Size([19950, 64, 64])
torch.Size([19950, 4096])
