2025-08-15 11:34:42,711:INFO:Created DataLoaders with 2994 training samples and 998 validation samples.
2025-08-15 11:35:01,045:INFO:model params: 479490
2025-08-15 11:35:42,047:INFO:Created DataLoaders with 2994 training samples and 998 validation samples.
2025-08-15 11:35:42,623:INFO:model params: 479490
2025-08-15 11:35:56,706:INFO:Epoch: 0/10000 | Train Loss: 5.094e+00 | Dynamic Loss: 5.094e+00 | Regularization Loss: 6.195e-25 | Val Loss: 3.413e+00 | Time: 14.08s
2025-08-15 11:35:56,707:INFO:New best model found at epoch 0 with validation loss 3.413e+00. Saving...
2025-08-15 11:36:01,578:INFO:Epoch: 50/10000 | Train Loss: 9.023e-01 | Dynamic Loss: 9.023e-01 | Regularization Loss: 2.074e-21 | Val Loss: 9.511e-01 | Time: 4.47s
2025-08-15 11:36:01,579:INFO:New best model found at epoch 50 with validation loss 9.511e-01. Saving...
2025-08-15 11:36:05,988:INFO:Epoch: 100/10000 | Train Loss: 7.129e-01 | Dynamic Loss: 7.129e-01 | Regularization Loss: 1.892e-15 | Val Loss: 7.449e-01 | Time: 4.40s
2025-08-15 11:36:05,988:INFO:New best model found at epoch 100 with validation loss 7.449e-01. Saving...
2025-08-15 11:36:10,421:INFO:Epoch: 150/10000 | Train Loss: 6.434e-01 | Dynamic Loss: 6.434e-01 | Regularization Loss: 2.342e-08 | Val Loss: 6.642e-01 | Time: 4.42s
2025-08-15 11:36:10,421:INFO:New best model found at epoch 150 with validation loss 6.642e-01. Saving...
2025-08-15 11:36:14,800:INFO:Epoch: 200/10000 | Train Loss: 6.069e-01 | Dynamic Loss: 6.069e-01 | Regularization Loss: 6.373e-07 | Val Loss: 6.280e-01 | Time: 4.37s
2025-08-15 11:36:14,800:INFO:New best model found at epoch 200 with validation loss 6.280e-01. Saving...
2025-08-15 11:36:19,290:INFO:Epoch: 250/10000 | Train Loss: 5.925e-01 | Dynamic Loss: 5.925e-01 | Regularization Loss: 6.242e-07 | Val Loss: 6.005e-01 | Time: 4.48s
2025-08-15 11:36:19,290:INFO:New best model found at epoch 250 with validation loss 6.005e-01. Saving...
2025-08-15 11:36:28,977:INFO:Epoch: 300/10000 | Train Loss: 5.772e-01 | Dynamic Loss: 5.772e-01 | Regularization Loss: 6.029e-07 | Val Loss: 5.841e-01 | Time: 9.68s
2025-08-15 11:36:28,977:INFO:New best model found at epoch 300 with validation loss 5.841e-01. Saving...
2025-08-15 11:36:33,556:INFO:Epoch: 350/10000 | Train Loss: 5.739e-01 | Dynamic Loss: 5.739e-01 | Regularization Loss: 5.821e-07 | Val Loss: 5.742e-01 | Time: 4.57s
2025-08-15 11:36:33,556:INFO:New best model found at epoch 350 with validation loss 5.742e-01. Saving...
2025-08-15 11:36:38,107:INFO:Epoch: 400/10000 | Train Loss: 5.650e-01 | Dynamic Loss: 5.650e-01 | Regularization Loss: 5.630e-07 | Val Loss: 5.652e-01 | Time: 4.54s
2025-08-15 11:36:38,107:INFO:New best model found at epoch 400 with validation loss 5.652e-01. Saving...
2025-08-15 11:36:42,535:INFO:Epoch: 450/10000 | Train Loss: 5.606e-01 | Dynamic Loss: 5.606e-01 | Regularization Loss: 5.463e-07 | Val Loss: 5.572e-01 | Time: 4.42s
2025-08-15 11:36:42,535:INFO:New best model found at epoch 450 with validation loss 5.572e-01. Saving...
2025-08-15 11:36:52,573:INFO:Epoch: 500/10000 | Train Loss: 5.571e-01 | Dynamic Loss: 5.571e-01 | Regularization Loss: 5.288e-07 | Val Loss: 5.512e-01 | Time: 10.03s
2025-08-15 11:36:52,573:INFO:New best model found at epoch 500 with validation loss 5.512e-01. Saving...
2025-08-15 11:36:57,071:INFO:Epoch: 550/10000 | Train Loss: 5.510e-01 | Dynamic Loss: 5.510e-01 | Regularization Loss: 5.135e-07 | Val Loss: 5.460e-01 | Time: 4.49s
2025-08-15 11:36:57,071:INFO:New best model found at epoch 550 with validation loss 5.460e-01. Saving...
2025-08-15 11:37:01,592:INFO:Epoch: 600/10000 | Train Loss: 5.495e-01 | Dynamic Loss: 5.495e-01 | Regularization Loss: 4.986e-07 | Val Loss: 5.418e-01 | Time: 4.51s
2025-08-15 11:37:01,593:INFO:New best model found at epoch 600 with validation loss 5.418e-01. Saving...
2025-08-15 11:37:06,092:INFO:Epoch: 650/10000 | Train Loss: 5.447e-01 | Dynamic Loss: 5.447e-01 | Regularization Loss: 4.824e-07 | Val Loss: 5.369e-01 | Time: 4.49s
2025-08-15 11:37:06,092:INFO:New best model found at epoch 650 with validation loss 5.369e-01. Saving...
2025-08-15 11:37:11,837:INFO:Epoch: 700/10000 | Train Loss: 5.413e-01 | Dynamic Loss: 5.413e-01 | Regularization Loss: 4.676e-07 | Val Loss: 5.312e-01 | Time: 5.74s
2025-08-15 11:37:11,837:INFO:New best model found at epoch 700 with validation loss 5.312e-01. Saving...
2025-08-15 11:37:16,343:INFO:Epoch: 750/10000 | Train Loss: 5.349e-01 | Dynamic Loss: 5.349e-01 | Regularization Loss: 4.540e-07 | Val Loss: 5.274e-01 | Time: 4.50s
2025-08-15 11:37:16,343:INFO:New best model found at epoch 750 with validation loss 5.274e-01. Saving...
2025-08-15 11:37:20,876:INFO:Epoch: 800/10000 | Train Loss: 5.354e-01 | Dynamic Loss: 5.354e-01 | Regularization Loss: 4.443e-07 | Val Loss: 5.223e-01 | Time: 4.52s
2025-08-15 11:37:20,877:INFO:New best model found at epoch 800 with validation loss 5.223e-01. Saving...
2025-08-15 11:37:25,428:INFO:Epoch: 850/10000 | Train Loss: 5.291e-01 | Dynamic Loss: 5.291e-01 | Regularization Loss: 4.315e-07 | Val Loss: 5.195e-01 | Time: 4.54s
2025-08-15 11:37:25,428:INFO:New best model found at epoch 850 with validation loss 5.195e-01. Saving...
2025-08-15 11:37:31,297:INFO:Epoch: 900/10000 | Train Loss: 5.278e-01 | Dynamic Loss: 5.278e-01 | Regularization Loss: 4.226e-07 | Val Loss: 5.170e-01 | Time: 5.86s
2025-08-15 11:37:31,297:INFO:New best model found at epoch 900 with validation loss 5.170e-01. Saving...
2025-08-15 11:37:35,775:INFO:Epoch: 950/10000 | Train Loss: 5.230e-01 | Dynamic Loss: 5.230e-01 | Regularization Loss: 4.099e-07 | Val Loss: 5.156e-01 | Time: 4.47s
2025-08-15 11:37:35,775:INFO:New best model found at epoch 950 with validation loss 5.156e-01. Saving...
2025-08-15 11:37:40,306:INFO:Epoch: 1000/10000 | Train Loss: 5.216e-01 | Dynamic Loss: 5.216e-01 | Regularization Loss: 3.999e-07 | Val Loss: 5.104e-01 | Time: 4.52s
2025-08-15 11:37:40,306:INFO:New best model found at epoch 1000 with validation loss 5.104e-01. Saving...
2025-08-15 11:37:44,821:INFO:Epoch: 1050/10000 | Train Loss: 5.184e-01 | Dynamic Loss: 5.184e-01 | Regularization Loss: 3.883e-07 | Val Loss: 5.069e-01 | Time: 4.50s
2025-08-15 11:37:44,821:INFO:New best model found at epoch 1050 with validation loss 5.069e-01. Saving...
2025-08-15 11:37:50,106:INFO:Epoch: 1100/10000 | Train Loss: 5.147e-01 | Dynamic Loss: 5.147e-01 | Regularization Loss: 3.804e-07 | Val Loss: 5.048e-01 | Time: 5.28s
2025-08-15 11:37:50,107:INFO:New best model found at epoch 1100 with validation loss 5.048e-01. Saving...
2025-08-15 11:37:54,570:INFO:Epoch: 1150/10000 | Train Loss: 5.116e-01 | Dynamic Loss: 5.116e-01 | Regularization Loss: 3.717e-07 | Val Loss: 5.017e-01 | Time: 4.45s
2025-08-15 11:37:54,570:INFO:New best model found at epoch 1150 with validation loss 5.017e-01. Saving...
2025-08-15 11:37:59,193:INFO:Epoch: 1200/10000 | Train Loss: 5.118e-01 | Dynamic Loss: 5.118e-01 | Regularization Loss: 3.653e-07 | Val Loss: 5.010e-01 | Time: 4.61s
2025-08-15 11:37:59,193:INFO:New best model found at epoch 1200 with validation loss 5.010e-01. Saving...
2025-08-15 11:38:03,721:INFO:Epoch: 1250/10000 | Train Loss: 5.096e-01 | Dynamic Loss: 5.096e-01 | Regularization Loss: 3.583e-07 | Val Loss: 4.964e-01 | Time: 4.52s
2025-08-15 11:38:03,721:INFO:New best model found at epoch 1250 with validation loss 4.964e-01. Saving...
2025-08-15 11:38:08,248:INFO:Epoch: 1300/10000 | Train Loss: 5.073e-01 | Dynamic Loss: 5.073e-01 | Regularization Loss: 3.501e-07 | Val Loss: 4.945e-01 | Time: 4.52s
2025-08-15 11:38:08,248:INFO:New best model found at epoch 1300 with validation loss 4.945e-01. Saving...
2025-08-15 11:38:16,349:INFO:Epoch: 1350/10000 | Train Loss: 5.043e-01 | Dynamic Loss: 5.043e-01 | Regularization Loss: 3.430e-07 | Val Loss: 4.929e-01 | Time: 8.09s
2025-08-15 11:38:16,349:INFO:New best model found at epoch 1350 with validation loss 4.929e-01. Saving...
2025-08-15 11:38:20,882:INFO:Epoch: 1400/10000 | Train Loss: 5.011e-01 | Dynamic Loss: 5.011e-01 | Regularization Loss: 3.356e-07 | Val Loss: 4.897e-01 | Time: 4.52s
2025-08-15 11:38:20,882:INFO:New best model found at epoch 1400 with validation loss 4.897e-01. Saving...
2025-08-15 11:38:25,305:INFO:Epoch: 1450/10000 | Train Loss: 5.011e-01 | Dynamic Loss: 5.011e-01 | Regularization Loss: 3.299e-07 | Val Loss: 4.896e-01 | Time: 4.41s
2025-08-15 11:38:25,305:INFO:New best model found at epoch 1450 with validation loss 4.896e-01. Saving...
2025-08-15 11:38:29,746:INFO:Epoch: 1500/10000 | Train Loss: 4.995e-01 | Dynamic Loss: 4.995e-01 | Regularization Loss: 3.229e-07 | Val Loss: 4.860e-01 | Time: 4.43s
2025-08-15 11:38:29,746:INFO:New best model found at epoch 1500 with validation loss 4.860e-01. Saving...
2025-08-15 11:38:34,237:INFO:Epoch: 1550/10000 | Train Loss: 4.955e-01 | Dynamic Loss: 4.955e-01 | Regularization Loss: 3.192e-07 | Val Loss: 4.843e-01 | Time: 4.48s
2025-08-15 11:38:34,237:INFO:New best model found at epoch 1550 with validation loss 4.843e-01. Saving...
2025-08-15 11:38:44,796:INFO:Epoch: 1600/10000 | Train Loss: 4.951e-01 | Dynamic Loss: 4.951e-01 | Regularization Loss: 3.132e-07 | Val Loss: 4.834e-01 | Time: 10.55s
2025-08-15 11:38:44,796:INFO:New best model found at epoch 1600 with validation loss 4.834e-01. Saving...
2025-08-15 11:38:49,325:INFO:Epoch: 1650/10000 | Train Loss: 4.931e-01 | Dynamic Loss: 4.931e-01 | Regularization Loss: 3.086e-07 | Val Loss: 4.807e-01 | Time: 4.52s
2025-08-15 11:38:49,326:INFO:New best model found at epoch 1650 with validation loss 4.807e-01. Saving...
2025-08-15 11:38:53,870:INFO:Epoch: 1700/10000 | Train Loss: 4.938e-01 | Dynamic Loss: 4.938e-01 | Regularization Loss: 3.029e-07 | Val Loss: 4.820e-01 | Time: 4.54s
2025-08-15 11:38:58,468:INFO:Epoch: 1750/10000 | Train Loss: 4.893e-01 | Dynamic Loss: 4.893e-01 | Regularization Loss: 2.976e-07 | Val Loss: 4.776e-01 | Time: 4.60s
2025-08-15 11:38:58,468:INFO:New best model found at epoch 1750 with validation loss 4.776e-01. Saving...
2025-08-15 11:39:03,104:INFO:Epoch: 1800/10000 | Train Loss: 4.890e-01 | Dynamic Loss: 4.890e-01 | Regularization Loss: 2.946e-07 | Val Loss: 4.779e-01 | Time: 4.63s
2025-08-15 11:39:07,697:INFO:Epoch: 1850/10000 | Train Loss: 4.865e-01 | Dynamic Loss: 4.865e-01 | Regularization Loss: 2.884e-07 | Val Loss: 4.757e-01 | Time: 4.59s
2025-08-15 11:39:07,697:INFO:New best model found at epoch 1850 with validation loss 4.757e-01. Saving...
2025-08-15 11:39:12,285:INFO:Epoch: 1900/10000 | Train Loss: 4.838e-01 | Dynamic Loss: 4.838e-01 | Regularization Loss: 2.837e-07 | Val Loss: 4.746e-01 | Time: 4.58s
2025-08-15 11:39:12,285:INFO:New best model found at epoch 1900 with validation loss 4.746e-01. Saving...
2025-08-15 11:39:16,859:INFO:Epoch: 1950/10000 | Train Loss: 4.836e-01 | Dynamic Loss: 4.836e-01 | Regularization Loss: 2.777e-07 | Val Loss: 4.728e-01 | Time: 4.56s
2025-08-15 11:39:16,859:INFO:New best model found at epoch 1950 with validation loss 4.728e-01. Saving...
2025-08-15 11:39:21,394:INFO:Epoch: 2000/10000 | Train Loss: 4.810e-01 | Dynamic Loss: 4.810e-01 | Regularization Loss: 2.740e-07 | Val Loss: 4.712e-01 | Time: 4.53s
2025-08-15 11:39:21,394:INFO:New best model found at epoch 2000 with validation loss 4.712e-01. Saving...
2025-08-15 11:39:30,610:INFO:Epoch: 2050/10000 | Train Loss: 4.819e-01 | Dynamic Loss: 4.819e-01 | Regularization Loss: 2.689e-07 | Val Loss: 4.721e-01 | Time: 9.21s
2025-08-15 11:39:35,130:INFO:Epoch: 2100/10000 | Train Loss: 4.759e-01 | Dynamic Loss: 4.759e-01 | Regularization Loss: 2.638e-07 | Val Loss: 4.676e-01 | Time: 4.52s
2025-08-15 11:39:35,130:INFO:New best model found at epoch 2100 with validation loss 4.676e-01. Saving...
2025-08-15 11:39:39,711:INFO:Epoch: 2150/10000 | Train Loss: 4.743e-01 | Dynamic Loss: 4.743e-01 | Regularization Loss: 2.574e-07 | Val Loss: 4.652e-01 | Time: 4.57s
2025-08-15 11:39:39,712:INFO:New best model found at epoch 2150 with validation loss 4.652e-01. Saving...
2025-08-15 11:39:44,279:INFO:Epoch: 2200/10000 | Train Loss: 4.717e-01 | Dynamic Loss: 4.717e-01 | Regularization Loss: 2.526e-07 | Val Loss: 4.659e-01 | Time: 4.56s
2025-08-15 11:39:48,906:INFO:Epoch: 2250/10000 | Train Loss: 4.693e-01 | Dynamic Loss: 4.693e-01 | Regularization Loss: 2.468e-07 | Val Loss: 4.618e-01 | Time: 4.63s
2025-08-15 11:39:48,906:INFO:New best model found at epoch 2250 with validation loss 4.618e-01. Saving...
2025-08-15 11:39:53,532:INFO:Epoch: 2300/10000 | Train Loss: 4.659e-01 | Dynamic Loss: 4.659e-01 | Regularization Loss: 2.422e-07 | Val Loss: 4.610e-01 | Time: 4.61s
2025-08-15 11:39:53,532:INFO:New best model found at epoch 2300 with validation loss 4.610e-01. Saving...
2025-08-15 11:39:58,089:INFO:Epoch: 2350/10000 | Train Loss: 4.648e-01 | Dynamic Loss: 4.648e-01 | Regularization Loss: 2.388e-07 | Val Loss: 4.583e-01 | Time: 4.55s
2025-08-15 11:39:58,089:INFO:New best model found at epoch 2350 with validation loss 4.583e-01. Saving...
2025-08-15 11:40:02,751:INFO:Epoch: 2400/10000 | Train Loss: 4.651e-01 | Dynamic Loss: 4.651e-01 | Regularization Loss: 2.356e-07 | Val Loss: 4.590e-01 | Time: 4.65s
2025-08-15 11:40:07,300:INFO:Epoch: 2450/10000 | Train Loss: 4.629e-01 | Dynamic Loss: 4.629e-01 | Regularization Loss: 2.338e-07 | Val Loss: 4.568e-01 | Time: 4.55s
2025-08-15 11:40:07,300:INFO:New best model found at epoch 2450 with validation loss 4.568e-01. Saving...
2025-08-15 11:40:15,804:INFO:Epoch: 2500/10000 | Train Loss: 4.624e-01 | Dynamic Loss: 4.624e-01 | Regularization Loss: 2.306e-07 | Val Loss: 4.566e-01 | Time: 8.49s
2025-08-15 11:40:15,804:INFO:New best model found at epoch 2500 with validation loss 4.566e-01. Saving...
2025-08-15 11:40:20,371:INFO:Epoch: 2550/10000 | Train Loss: 4.599e-01 | Dynamic Loss: 4.599e-01 | Regularization Loss: 2.283e-07 | Val Loss: 4.546e-01 | Time: 4.56s
2025-08-15 11:40:20,371:INFO:New best model found at epoch 2550 with validation loss 4.546e-01. Saving...
2025-08-15 11:40:24,943:INFO:Epoch: 2600/10000 | Train Loss: 4.598e-01 | Dynamic Loss: 4.598e-01 | Regularization Loss: 2.250e-07 | Val Loss: 4.539e-01 | Time: 4.56s
2025-08-15 11:40:24,943:INFO:New best model found at epoch 2600 with validation loss 4.539e-01. Saving...
2025-08-15 11:40:29,488:INFO:Epoch: 2650/10000 | Train Loss: 4.585e-01 | Dynamic Loss: 4.585e-01 | Regularization Loss: 2.235e-07 | Val Loss: 4.546e-01 | Time: 4.54s
2025-08-15 11:40:35,764:INFO:Epoch: 2700/10000 | Train Loss: 4.573e-01 | Dynamic Loss: 4.573e-01 | Regularization Loss: 2.214e-07 | Val Loss: 4.526e-01 | Time: 6.28s
2025-08-15 11:40:35,764:INFO:New best model found at epoch 2700 with validation loss 4.526e-01. Saving...
2025-08-15 11:40:40,285:INFO:Epoch: 2750/10000 | Train Loss: 4.564e-01 | Dynamic Loss: 4.564e-01 | Regularization Loss: 2.189e-07 | Val Loss: 4.524e-01 | Time: 4.51s
2025-08-15 11:40:40,285:INFO:New best model found at epoch 2750 with validation loss 4.524e-01. Saving...
2025-08-15 11:40:44,821:INFO:Epoch: 2800/10000 | Train Loss: 4.553e-01 | Dynamic Loss: 4.553e-01 | Regularization Loss: 2.176e-07 | Val Loss: 4.519e-01 | Time: 4.53s
2025-08-15 11:40:44,821:INFO:New best model found at epoch 2800 with validation loss 4.519e-01. Saving...
2025-08-15 11:40:49,364:INFO:Epoch: 2850/10000 | Train Loss: 4.542e-01 | Dynamic Loss: 4.542e-01 | Regularization Loss: 2.137e-07 | Val Loss: 4.526e-01 | Time: 4.53s
2025-08-15 11:40:53,996:INFO:Epoch: 2900/10000 | Train Loss: 4.537e-01 | Dynamic Loss: 4.537e-01 | Regularization Loss: 2.125e-07 | Val Loss: 4.497e-01 | Time: 4.63s
2025-08-15 11:40:53,996:INFO:New best model found at epoch 2900 with validation loss 4.497e-01. Saving...
2025-08-15 11:40:58,687:INFO:Epoch: 2950/10000 | Train Loss: 4.538e-01 | Dynamic Loss: 4.538e-01 | Regularization Loss: 2.098e-07 | Val Loss: 4.490e-01 | Time: 4.68s
2025-08-15 11:40:58,687:INFO:New best model found at epoch 2950 with validation loss 4.490e-01. Saving...
2025-08-15 11:41:03,346:INFO:Epoch: 3000/10000 | Train Loss: 4.530e-01 | Dynamic Loss: 4.530e-01 | Regularization Loss: 2.068e-07 | Val Loss: 4.489e-01 | Time: 4.65s
2025-08-15 11:41:03,346:INFO:New best model found at epoch 3000 with validation loss 4.489e-01. Saving...
2025-08-15 11:41:07,903:INFO:Epoch: 3050/10000 | Train Loss: 4.498e-01 | Dynamic Loss: 4.498e-01 | Regularization Loss: 2.048e-07 | Val Loss: 4.464e-01 | Time: 4.55s
2025-08-15 11:41:07,903:INFO:New best model found at epoch 3050 with validation loss 4.464e-01. Saving...
2025-08-15 11:41:12,393:INFO:Epoch: 3100/10000 | Train Loss: 4.506e-01 | Dynamic Loss: 4.506e-01 | Regularization Loss: 2.026e-07 | Val Loss: 4.456e-01 | Time: 4.48s
2025-08-15 11:41:12,393:INFO:New best model found at epoch 3100 with validation loss 4.456e-01. Saving...
2025-08-15 11:41:20,570:INFO:Epoch: 3150/10000 | Train Loss: 4.493e-01 | Dynamic Loss: 4.493e-01 | Regularization Loss: 2.013e-07 | Val Loss: 4.447e-01 | Time: 8.17s
2025-08-15 11:41:20,570:INFO:New best model found at epoch 3150 with validation loss 4.447e-01. Saving...
2025-08-15 11:41:25,221:INFO:Epoch: 3200/10000 | Train Loss: 4.485e-01 | Dynamic Loss: 4.485e-01 | Regularization Loss: 1.989e-07 | Val Loss: 4.438e-01 | Time: 4.64s
2025-08-15 11:41:25,221:INFO:New best model found at epoch 3200 with validation loss 4.438e-01. Saving...
2025-08-15 11:41:29,820:INFO:Epoch: 3250/10000 | Train Loss: 4.460e-01 | Dynamic Loss: 4.460e-01 | Regularization Loss: 1.975e-07 | Val Loss: 4.434e-01 | Time: 4.59s
2025-08-15 11:41:29,820:INFO:New best model found at epoch 3250 with validation loss 4.434e-01. Saving...
2025-08-15 11:41:34,337:INFO:Epoch: 3300/10000 | Train Loss: 4.452e-01 | Dynamic Loss: 4.452e-01 | Regularization Loss: 1.955e-07 | Val Loss: 4.437e-01 | Time: 4.51s
2025-08-15 11:41:38,865:INFO:Epoch: 3350/10000 | Train Loss: 4.452e-01 | Dynamic Loss: 4.452e-01 | Regularization Loss: 1.932e-07 | Val Loss: 4.438e-01 | Time: 4.53s
2025-08-15 11:41:49,458:INFO:Epoch: 3400/10000 | Train Loss: 4.445e-01 | Dynamic Loss: 4.445e-01 | Regularization Loss: 1.921e-07 | Val Loss: 4.417e-01 | Time: 10.59s
2025-08-15 11:41:49,458:INFO:New best model found at epoch 3400 with validation loss 4.417e-01. Saving...
2025-08-15 11:41:54,026:INFO:Epoch: 3450/10000 | Train Loss: 4.441e-01 | Dynamic Loss: 4.441e-01 | Regularization Loss: 1.900e-07 | Val Loss: 4.403e-01 | Time: 4.56s
2025-08-15 11:41:54,026:INFO:New best model found at epoch 3450 with validation loss 4.403e-01. Saving...
2025-08-15 11:41:58,568:INFO:Epoch: 3500/10000 | Train Loss: 4.441e-01 | Dynamic Loss: 4.441e-01 | Regularization Loss: 1.896e-07 | Val Loss: 4.408e-01 | Time: 4.53s
2025-08-15 11:42:03,116:INFO:Epoch: 3550/10000 | Train Loss: 4.430e-01 | Dynamic Loss: 4.430e-01 | Regularization Loss: 1.883e-07 | Val Loss: 4.396e-01 | Time: 4.55s
2025-08-15 11:42:03,116:INFO:New best model found at epoch 3550 with validation loss 4.396e-01. Saving...
2025-08-15 11:42:10,567:INFO:Epoch: 3600/10000 | Train Loss: 4.428e-01 | Dynamic Loss: 4.428e-01 | Regularization Loss: 1.872e-07 | Val Loss: 4.403e-01 | Time: 7.44s
2025-08-15 11:42:15,138:INFO:Epoch: 3650/10000 | Train Loss: 4.421e-01 | Dynamic Loss: 4.421e-01 | Regularization Loss: 1.855e-07 | Val Loss: 4.392e-01 | Time: 4.57s
2025-08-15 11:42:15,139:INFO:New best model found at epoch 3650 with validation loss 4.392e-01. Saving...
2025-08-15 11:42:19,709:INFO:Epoch: 3700/10000 | Train Loss: 4.406e-01 | Dynamic Loss: 4.406e-01 | Regularization Loss: 1.845e-07 | Val Loss: 4.392e-01 | Time: 4.56s
2025-08-15 11:42:24,246:INFO:Epoch: 3750/10000 | Train Loss: 4.405e-01 | Dynamic Loss: 4.405e-01 | Regularization Loss: 1.827e-07 | Val Loss: 4.390e-01 | Time: 4.54s
2025-08-15 11:42:24,247:INFO:New best model found at epoch 3750 with validation loss 4.390e-01. Saving...
2025-08-15 11:42:28,861:INFO:Epoch: 3800/10000 | Train Loss: 4.401e-01 | Dynamic Loss: 4.401e-01 | Regularization Loss: 1.813e-07 | Val Loss: 4.391e-01 | Time: 4.60s
2025-08-15 11:42:38,745:INFO:Epoch: 3850/10000 | Train Loss: 4.392e-01 | Dynamic Loss: 4.392e-01 | Regularization Loss: 1.801e-07 | Val Loss: 4.386e-01 | Time: 9.88s
2025-08-15 11:42:38,745:INFO:New best model found at epoch 3850 with validation loss 4.386e-01. Saving...
2025-08-15 11:42:43,384:INFO:Epoch: 3900/10000 | Train Loss: 4.385e-01 | Dynamic Loss: 4.385e-01 | Regularization Loss: 1.785e-07 | Val Loss: 4.377e-01 | Time: 4.63s
2025-08-15 11:42:43,385:INFO:New best model found at epoch 3900 with validation loss 4.377e-01. Saving...
2025-08-15 11:42:47,991:INFO:Epoch: 3950/10000 | Train Loss: 4.383e-01 | Dynamic Loss: 4.383e-01 | Regularization Loss: 1.778e-07 | Val Loss: 4.370e-01 | Time: 4.60s
2025-08-15 11:42:47,991:INFO:New best model found at epoch 3950 with validation loss 4.370e-01. Saving...
2025-08-15 11:42:52,504:INFO:Epoch: 4000/10000 | Train Loss: 4.381e-01 | Dynamic Loss: 4.381e-01 | Regularization Loss: 1.762e-07 | Val Loss: 4.370e-01 | Time: 4.50s
2025-08-15 11:42:57,218:INFO:Epoch: 4050/10000 | Train Loss: 4.366e-01 | Dynamic Loss: 4.366e-01 | Regularization Loss: 1.753e-07 | Val Loss: 4.361e-01 | Time: 4.71s
2025-08-15 11:42:57,218:INFO:New best model found at epoch 4050 with validation loss 4.361e-01. Saving...
2025-08-15 11:43:01,816:INFO:Epoch: 4100/10000 | Train Loss: 4.347e-01 | Dynamic Loss: 4.347e-01 | Regularization Loss: 1.731e-07 | Val Loss: 4.359e-01 | Time: 4.59s
2025-08-15 11:43:01,817:INFO:New best model found at epoch 4100 with validation loss 4.359e-01. Saving...
2025-08-15 11:43:06,418:INFO:Epoch: 4150/10000 | Train Loss: 4.346e-01 | Dynamic Loss: 4.346e-01 | Regularization Loss: 1.722e-07 | Val Loss: 4.353e-01 | Time: 4.59s
2025-08-15 11:43:06,418:INFO:New best model found at epoch 4150 with validation loss 4.353e-01. Saving...
2025-08-15 11:43:11,002:INFO:Epoch: 4200/10000 | Train Loss: 4.351e-01 | Dynamic Loss: 4.351e-01 | Regularization Loss: 1.692e-07 | Val Loss: 4.346e-01 | Time: 4.57s
2025-08-15 11:43:11,003:INFO:New best model found at epoch 4200 with validation loss 4.346e-01. Saving...
2025-08-15 11:43:15,553:INFO:Epoch: 4250/10000 | Train Loss: 4.308e-01 | Dynamic Loss: 4.308e-01 | Regularization Loss: 1.669e-07 | Val Loss: 4.330e-01 | Time: 4.54s
2025-08-15 11:43:15,553:INFO:New best model found at epoch 4250 with validation loss 4.330e-01. Saving...
2025-08-15 11:43:25,866:INFO:Epoch: 4300/10000 | Train Loss: 4.301e-01 | Dynamic Loss: 4.301e-01 | Regularization Loss: 1.642e-07 | Val Loss: 4.322e-01 | Time: 10.30s
2025-08-15 11:43:25,866:INFO:New best model found at epoch 4300 with validation loss 4.322e-01. Saving...
2025-08-15 11:43:30,496:INFO:Epoch: 4350/10000 | Train Loss: 4.297e-01 | Dynamic Loss: 4.297e-01 | Regularization Loss: 1.638e-07 | Val Loss: 4.324e-01 | Time: 4.62s
2025-08-15 11:43:35,195:INFO:Epoch: 4400/10000 | Train Loss: 4.290e-01 | Dynamic Loss: 4.290e-01 | Regularization Loss: 1.628e-07 | Val Loss: 4.312e-01 | Time: 4.70s
2025-08-15 11:43:35,195:INFO:New best model found at epoch 4400 with validation loss 4.312e-01. Saving...
2025-08-15 11:43:39,836:INFO:Epoch: 4450/10000 | Train Loss: 4.271e-01 | Dynamic Loss: 4.271e-01 | Regularization Loss: 1.610e-07 | Val Loss: 4.294e-01 | Time: 4.63s
2025-08-15 11:43:39,836:INFO:New best model found at epoch 4450 with validation loss 4.294e-01. Saving...
2025-08-15 11:43:44,558:INFO:Epoch: 4500/10000 | Train Loss: 4.273e-01 | Dynamic Loss: 4.273e-01 | Regularization Loss: 1.595e-07 | Val Loss: 4.304e-01 | Time: 4.71s
2025-08-15 11:43:49,177:INFO:Epoch: 4550/10000 | Train Loss: 4.267e-01 | Dynamic Loss: 4.267e-01 | Regularization Loss: 1.581e-07 | Val Loss: 4.290e-01 | Time: 4.62s
2025-08-15 11:43:49,177:INFO:New best model found at epoch 4550 with validation loss 4.290e-01. Saving...
2025-08-15 11:43:53,784:INFO:Epoch: 4600/10000 | Train Loss: 4.214e-01 | Dynamic Loss: 4.214e-01 | Regularization Loss: 1.559e-07 | Val Loss: 4.256e-01 | Time: 4.60s
2025-08-15 11:43:53,784:INFO:New best model found at epoch 4600 with validation loss 4.256e-01. Saving...
2025-08-15 11:43:58,370:INFO:Epoch: 4650/10000 | Train Loss: 4.212e-01 | Dynamic Loss: 4.212e-01 | Regularization Loss: 1.546e-07 | Val Loss: 4.248e-01 | Time: 4.58s
2025-08-15 11:43:58,370:INFO:New best model found at epoch 4650 with validation loss 4.248e-01. Saving...
2025-08-15 11:44:03,000:INFO:Epoch: 4700/10000 | Train Loss: 4.199e-01 | Dynamic Loss: 4.199e-01 | Regularization Loss: 1.542e-07 | Val Loss: 4.243e-01 | Time: 4.62s
2025-08-15 11:44:03,000:INFO:New best model found at epoch 4700 with validation loss 4.243e-01. Saving...
2025-08-15 11:44:11,855:INFO:Epoch: 4750/10000 | Train Loss: 4.206e-01 | Dynamic Loss: 4.206e-01 | Regularization Loss: 1.527e-07 | Val Loss: 4.242e-01 | Time: 8.84s
2025-08-15 11:44:11,855:INFO:New best model found at epoch 4750 with validation loss 4.242e-01. Saving...
2025-08-15 11:44:16,500:INFO:Epoch: 4800/10000 | Train Loss: 4.197e-01 | Dynamic Loss: 4.197e-01 | Regularization Loss: 1.514e-07 | Val Loss: 4.236e-01 | Time: 4.63s
2025-08-15 11:44:16,500:INFO:New best model found at epoch 4800 with validation loss 4.236e-01. Saving...
2025-08-15 11:44:21,136:INFO:Epoch: 4850/10000 | Train Loss: 4.177e-01 | Dynamic Loss: 4.177e-01 | Regularization Loss: 1.496e-07 | Val Loss: 4.238e-01 | Time: 4.63s
2025-08-15 11:44:25,747:INFO:Epoch: 4900/10000 | Train Loss: 4.161e-01 | Dynamic Loss: 4.161e-01 | Regularization Loss: 1.487e-07 | Val Loss: 4.227e-01 | Time: 4.61s
2025-08-15 11:44:25,747:INFO:New best model found at epoch 4900 with validation loss 4.227e-01. Saving...
2025-08-15 11:44:30,321:INFO:Epoch: 4950/10000 | Train Loss: 4.161e-01 | Dynamic Loss: 4.161e-01 | Regularization Loss: 1.465e-07 | Val Loss: 4.225e-01 | Time: 4.56s
2025-08-15 11:44:30,321:INFO:New best model found at epoch 4950 with validation loss 4.225e-01. Saving...
2025-08-15 11:44:41,329:INFO:Epoch: 5000/10000 | Train Loss: 4.153e-01 | Dynamic Loss: 4.153e-01 | Regularization Loss: 1.465e-07 | Val Loss: 4.223e-01 | Time: 11.00s
2025-08-15 11:44:41,329:INFO:New best model found at epoch 5000 with validation loss 4.223e-01. Saving...
2025-08-15 11:44:46,093:INFO:Epoch: 5050/10000 | Train Loss: 4.138e-01 | Dynamic Loss: 4.138e-01 | Regularization Loss: 1.453e-07 | Val Loss: 4.217e-01 | Time: 4.75s
2025-08-15 11:44:46,093:INFO:New best model found at epoch 5050 with validation loss 4.217e-01. Saving...
2025-08-15 11:44:50,807:INFO:Epoch: 5100/10000 | Train Loss: 4.123e-01 | Dynamic Loss: 4.123e-01 | Regularization Loss: 1.438e-07 | Val Loss: 4.210e-01 | Time: 4.70s
2025-08-15 11:44:50,807:INFO:New best model found at epoch 5100 with validation loss 4.210e-01. Saving...
2025-08-15 11:44:55,488:INFO:Epoch: 5150/10000 | Train Loss: 4.128e-01 | Dynamic Loss: 4.128e-01 | Regularization Loss: 1.410e-07 | Val Loss: 4.206e-01 | Time: 4.67s
2025-08-15 11:44:55,489:INFO:New best model found at epoch 5150 with validation loss 4.206e-01. Saving...
2025-08-15 11:45:00,137:INFO:Epoch: 5200/10000 | Train Loss: 4.097e-01 | Dynamic Loss: 4.097e-01 | Regularization Loss: 1.398e-07 | Val Loss: 4.195e-01 | Time: 4.64s
2025-08-15 11:45:00,137:INFO:New best model found at epoch 5200 with validation loss 4.195e-01. Saving...
2025-08-15 11:45:10,647:INFO:Epoch: 5250/10000 | Train Loss: 4.108e-01 | Dynamic Loss: 4.108e-01 | Regularization Loss: 1.384e-07 | Val Loss: 4.184e-01 | Time: 10.50s
2025-08-15 11:45:10,647:INFO:New best model found at epoch 5250 with validation loss 4.184e-01. Saving...
2025-08-15 11:45:15,249:INFO:Epoch: 5300/10000 | Train Loss: 4.100e-01 | Dynamic Loss: 4.100e-01 | Regularization Loss: 1.381e-07 | Val Loss: 4.176e-01 | Time: 4.59s
2025-08-15 11:45:15,250:INFO:New best model found at epoch 5300 with validation loss 4.176e-01. Saving...
2025-08-15 11:45:19,949:INFO:Epoch: 5350/10000 | Train Loss: 4.085e-01 | Dynamic Loss: 4.085e-01 | Regularization Loss: 1.361e-07 | Val Loss: 4.172e-01 | Time: 4.69s
2025-08-15 11:45:19,949:INFO:New best model found at epoch 5350 with validation loss 4.172e-01. Saving...
2025-08-15 11:45:24,559:INFO:Epoch: 5400/10000 | Train Loss: 4.078e-01 | Dynamic Loss: 4.078e-01 | Regularization Loss: 1.363e-07 | Val Loss: 4.166e-01 | Time: 4.60s
2025-08-15 11:45:24,559:INFO:New best model found at epoch 5400 with validation loss 4.166e-01. Saving...
2025-08-15 11:45:32,646:INFO:Epoch: 5450/10000 | Train Loss: 4.067e-01 | Dynamic Loss: 4.067e-01 | Regularization Loss: 1.352e-07 | Val Loss: 4.152e-01 | Time: 8.08s
2025-08-15 11:45:32,647:INFO:New best model found at epoch 5450 with validation loss 4.152e-01. Saving...
2025-08-15 11:45:37,386:INFO:Epoch: 5500/10000 | Train Loss: 4.075e-01 | Dynamic Loss: 4.075e-01 | Regularization Loss: 1.350e-07 | Val Loss: 4.161e-01 | Time: 4.73s
2025-08-15 11:45:42,096:INFO:Epoch: 5550/10000 | Train Loss: 4.062e-01 | Dynamic Loss: 4.062e-01 | Regularization Loss: 1.329e-07 | Val Loss: 4.146e-01 | Time: 4.71s
2025-08-15 11:45:42,096:INFO:New best model found at epoch 5550 with validation loss 4.146e-01. Saving...
2025-08-15 11:45:46,641:INFO:Epoch: 5600/10000 | Train Loss: 4.069e-01 | Dynamic Loss: 4.069e-01 | Regularization Loss: 1.323e-07 | Val Loss: 4.141e-01 | Time: 4.54s
2025-08-15 11:45:46,641:INFO:New best model found at epoch 5600 with validation loss 4.141e-01. Saving...
2025-08-15 11:45:51,215:INFO:Epoch: 5650/10000 | Train Loss: 4.047e-01 | Dynamic Loss: 4.047e-01 | Regularization Loss: 1.339e-07 | Val Loss: 4.140e-01 | Time: 4.57s
2025-08-15 11:45:51,215:INFO:New best model found at epoch 5650 with validation loss 4.140e-01. Saving...
2025-08-15 11:46:02,181:INFO:Epoch: 5700/10000 | Train Loss: 4.048e-01 | Dynamic Loss: 4.048e-01 | Regularization Loss: 1.319e-07 | Val Loss: 4.128e-01 | Time: 10.96s
2025-08-15 11:46:02,181:INFO:New best model found at epoch 5700 with validation loss 4.128e-01. Saving...
2025-08-15 11:46:06,860:INFO:Epoch: 5750/10000 | Train Loss: 4.034e-01 | Dynamic Loss: 4.034e-01 | Regularization Loss: 1.292e-07 | Val Loss: 4.123e-01 | Time: 4.67s
2025-08-15 11:46:06,860:INFO:New best model found at epoch 5750 with validation loss 4.123e-01. Saving...
2025-08-15 11:46:11,615:INFO:Epoch: 5800/10000 | Train Loss: 4.025e-01 | Dynamic Loss: 4.025e-01 | Regularization Loss: 1.299e-07 | Val Loss: 4.118e-01 | Time: 4.74s
2025-08-15 11:46:11,615:INFO:New best model found at epoch 5800 with validation loss 4.118e-01. Saving...
2025-08-15 11:46:16,204:INFO:Epoch: 5850/10000 | Train Loss: 4.017e-01 | Dynamic Loss: 4.017e-01 | Regularization Loss: 1.295e-07 | Val Loss: 4.110e-01 | Time: 4.58s
2025-08-15 11:46:16,204:INFO:New best model found at epoch 5850 with validation loss 4.110e-01. Saving...
2025-08-15 11:46:20,988:INFO:Epoch: 5900/10000 | Train Loss: 4.004e-01 | Dynamic Loss: 4.004e-01 | Regularization Loss: 1.264e-07 | Val Loss: 4.102e-01 | Time: 4.77s
2025-08-15 11:46:20,989:INFO:New best model found at epoch 5900 with validation loss 4.102e-01. Saving...
2025-08-15 11:46:25,647:INFO:Epoch: 5950/10000 | Train Loss: 4.003e-01 | Dynamic Loss: 4.003e-01 | Regularization Loss: 1.253e-07 | Val Loss: 4.100e-01 | Time: 4.65s
2025-08-15 11:46:25,647:INFO:New best model found at epoch 5950 with validation loss 4.100e-01. Saving...
2025-08-15 11:46:30,303:INFO:Epoch: 6000/10000 | Train Loss: 3.976e-01 | Dynamic Loss: 3.976e-01 | Regularization Loss: 1.226e-07 | Val Loss: 4.084e-01 | Time: 4.65s
2025-08-15 11:46:30,303:INFO:New best model found at epoch 6000 with validation loss 4.084e-01. Saving...
2025-08-15 11:46:34,946:INFO:Epoch: 6050/10000 | Train Loss: 3.966e-01 | Dynamic Loss: 3.966e-01 | Regularization Loss: 1.221e-07 | Val Loss: 4.073e-01 | Time: 4.63s
2025-08-15 11:46:34,946:INFO:New best model found at epoch 6050 with validation loss 4.073e-01. Saving...
2025-08-15 11:46:39,551:INFO:Epoch: 6100/10000 | Train Loss: 3.939e-01 | Dynamic Loss: 3.939e-01 | Regularization Loss: 1.209e-07 | Val Loss: 4.060e-01 | Time: 4.59s
2025-08-15 11:46:39,551:INFO:New best model found at epoch 6100 with validation loss 4.060e-01. Saving...
2025-08-15 11:46:48,385:INFO:Epoch: 6150/10000 | Train Loss: 3.939e-01 | Dynamic Loss: 3.939e-01 | Regularization Loss: 1.191e-07 | Val Loss: 4.054e-01 | Time: 8.82s
2025-08-15 11:46:48,385:INFO:New best model found at epoch 6150 with validation loss 4.054e-01. Saving...
2025-08-15 11:46:53,098:INFO:Epoch: 6200/10000 | Train Loss: 3.934e-01 | Dynamic Loss: 3.934e-01 | Regularization Loss: 1.172e-07 | Val Loss: 4.045e-01 | Time: 4.70s
2025-08-15 11:46:53,098:INFO:New best model found at epoch 6200 with validation loss 4.045e-01. Saving...
2025-08-15 11:46:57,875:INFO:Epoch: 6250/10000 | Train Loss: 3.915e-01 | Dynamic Loss: 3.915e-01 | Regularization Loss: 1.156e-07 | Val Loss: 4.023e-01 | Time: 4.77s
2025-08-15 11:46:57,875:INFO:New best model found at epoch 6250 with validation loss 4.023e-01. Saving...
2025-08-15 11:47:02,527:INFO:Epoch: 6300/10000 | Train Loss: 3.909e-01 | Dynamic Loss: 3.909e-01 | Regularization Loss: 1.156e-07 | Val Loss: 4.016e-01 | Time: 4.64s
2025-08-15 11:47:02,527:INFO:New best model found at epoch 6300 with validation loss 4.016e-01. Saving...
2025-08-15 11:47:07,114:INFO:Epoch: 6350/10000 | Train Loss: 3.902e-01 | Dynamic Loss: 3.902e-01 | Regularization Loss: 1.157e-07 | Val Loss: 4.012e-01 | Time: 4.58s
2025-08-15 11:47:07,114:INFO:New best model found at epoch 6350 with validation loss 4.012e-01. Saving...
2025-08-15 11:47:15,690:INFO:Epoch: 6400/10000 | Train Loss: 3.908e-01 | Dynamic Loss: 3.908e-01 | Regularization Loss: 1.143e-07 | Val Loss: 4.002e-01 | Time: 8.57s
2025-08-15 11:47:15,690:INFO:New best model found at epoch 6400 with validation loss 4.002e-01. Saving...
2025-08-15 11:47:20,392:INFO:Epoch: 6450/10000 | Train Loss: 3.900e-01 | Dynamic Loss: 3.900e-01 | Regularization Loss: 1.138e-07 | Val Loss: 3.999e-01 | Time: 4.69s
2025-08-15 11:47:20,393:INFO:New best model found at epoch 6450 with validation loss 3.999e-01. Saving...
2025-08-15 11:47:25,122:INFO:Epoch: 6500/10000 | Train Loss: 3.894e-01 | Dynamic Loss: 3.894e-01 | Regularization Loss: 1.121e-07 | Val Loss: 3.995e-01 | Time: 4.72s
2025-08-15 11:47:25,122:INFO:New best model found at epoch 6500 with validation loss 3.995e-01. Saving...
2025-08-15 11:47:29,817:INFO:Epoch: 6550/10000 | Train Loss: 3.866e-01 | Dynamic Loss: 3.866e-01 | Regularization Loss: 1.126e-07 | Val Loss: 3.983e-01 | Time: 4.68s
2025-08-15 11:47:29,817:INFO:New best model found at epoch 6550 with validation loss 3.983e-01. Saving...
2025-08-15 11:47:34,427:INFO:Epoch: 6600/10000 | Train Loss: 3.891e-01 | Dynamic Loss: 3.891e-01 | Regularization Loss: 1.096e-07 | Val Loss: 3.980e-01 | Time: 4.60s
2025-08-15 11:47:34,428:INFO:New best model found at epoch 6600 with validation loss 3.980e-01. Saving...
2025-08-15 11:47:43,714:INFO:Epoch: 6650/10000 | Train Loss: 3.876e-01 | Dynamic Loss: 3.876e-01 | Regularization Loss: 1.108e-07 | Val Loss: 3.979e-01 | Time: 9.28s
2025-08-15 11:47:43,714:INFO:New best model found at epoch 6650 with validation loss 3.979e-01. Saving...
2025-08-15 11:47:48,494:INFO:Epoch: 6700/10000 | Train Loss: 3.874e-01 | Dynamic Loss: 3.874e-01 | Regularization Loss: 1.099e-07 | Val Loss: 3.973e-01 | Time: 4.75s
2025-08-15 11:47:48,494:INFO:New best model found at epoch 6700 with validation loss 3.973e-01. Saving...
2025-08-15 11:47:53,254:INFO:Epoch: 6750/10000 | Train Loss: 3.866e-01 | Dynamic Loss: 3.866e-01 | Regularization Loss: 1.090e-07 | Val Loss: 3.965e-01 | Time: 4.75s
2025-08-15 11:47:53,254:INFO:New best model found at epoch 6750 with validation loss 3.965e-01. Saving...
2025-08-15 11:47:57,992:INFO:Epoch: 6800/10000 | Train Loss: 3.863e-01 | Dynamic Loss: 3.863e-01 | Regularization Loss: 1.099e-07 | Val Loss: 3.961e-01 | Time: 4.73s
2025-08-15 11:47:57,992:INFO:New best model found at epoch 6800 with validation loss 3.961e-01. Saving...
2025-08-15 11:48:02,650:INFO:Epoch: 6850/10000 | Train Loss: 3.848e-01 | Dynamic Loss: 3.848e-01 | Regularization Loss: 1.072e-07 | Val Loss: 3.957e-01 | Time: 4.65s
2025-08-15 11:48:02,651:INFO:New best model found at epoch 6850 with validation loss 3.957e-01. Saving...
2025-08-15 11:48:12,333:INFO:Epoch: 6900/10000 | Train Loss: 3.855e-01 | Dynamic Loss: 3.855e-01 | Regularization Loss: 1.094e-07 | Val Loss: 3.959e-01 | Time: 9.67s
2025-08-15 11:48:17,042:INFO:Epoch: 6950/10000 | Train Loss: nan | Dynamic Loss: nan | Regularization Loss: nan | Val Loss: nan | Time: 4.71s
2025-08-15 11:48:21,744:INFO:Epoch: 7000/10000 | Train Loss: nan | Dynamic Loss: nan | Regularization Loss: nan | Val Loss: nan | Time: 4.70s
2025-08-15 11:48:26,374:INFO:Epoch: 7050/10000 | Train Loss: nan | Dynamic Loss: nan | Regularization Loss: nan | Val Loss: nan | Time: 4.63s
2025-08-15 11:48:31,006:INFO:Epoch: 7100/10000 | Train Loss: nan | Dynamic Loss: nan | Regularization Loss: nan | Val Loss: nan | Time: 4.63s
2025-08-15 11:48:38,818:INFO:Epoch: 7150/10000 | Train Loss: nan | Dynamic Loss: nan | Regularization Loss: nan | Val Loss: nan | Time: 7.81s
2025-08-15 11:48:43,532:INFO:Epoch: 7200/10000 | Train Loss: nan | Dynamic Loss: nan | Regularization Loss: nan | Val Loss: nan | Time: 4.71s
2025-08-15 11:48:48,280:INFO:Epoch: 7250/10000 | Train Loss: nan | Dynamic Loss: nan | Regularization Loss: nan | Val Loss: nan | Time: 4.75s
2025-08-15 11:48:53,011:INFO:Epoch: 7300/10000 | Train Loss: nan | Dynamic Loss: nan | Regularization Loss: nan | Val Loss: nan | Time: 4.73s
2025-08-15 11:48:57,632:INFO:Epoch: 7350/10000 | Train Loss: nan | Dynamic Loss: nan | Regularization Loss: nan | Val Loss: nan | Time: 4.62s
2025-08-15 11:49:08,817:INFO:Epoch: 7400/10000 | Train Loss: nan | Dynamic Loss: nan | Regularization Loss: nan | Val Loss: nan | Time: 11.18s
2025-08-15 11:49:13,546:INFO:Epoch: 7450/10000 | Train Loss: nan | Dynamic Loss: nan | Regularization Loss: nan | Val Loss: nan | Time: 4.73s
2025-08-15 11:49:18,191:INFO:Epoch: 7500/10000 | Train Loss: nan | Dynamic Loss: nan | Regularization Loss: nan | Val Loss: nan | Time: 4.64s
2025-08-15 11:49:22,803:INFO:Epoch: 7550/10000 | Train Loss: nan | Dynamic Loss: nan | Regularization Loss: nan | Val Loss: nan | Time: 4.61s
2025-08-15 11:49:27,549:INFO:Epoch: 7600/10000 | Train Loss: nan | Dynamic Loss: nan | Regularization Loss: nan | Val Loss: nan | Time: 4.75s
2025-08-15 11:49:32,236:INFO:Epoch: 7650/10000 | Train Loss: nan | Dynamic Loss: nan | Regularization Loss: nan | Val Loss: nan | Time: 4.69s
2025-08-15 11:49:37,130:INFO:Epoch: 7700/10000 | Train Loss: nan | Dynamic Loss: nan | Regularization Loss: nan | Val Loss: nan | Time: 4.89s
2025-08-15 11:49:41,881:INFO:Epoch: 7750/10000 | Train Loss: nan | Dynamic Loss: nan | Regularization Loss: nan | Val Loss: nan | Time: 4.75s
2025-08-15 11:49:46,508:INFO:Epoch: 7800/10000 | Train Loss: nan | Dynamic Loss: nan | Regularization Loss: nan | Val Loss: nan | Time: 4.63s
2025-08-15 11:49:56,728:INFO:Epoch: 7850/10000 | Train Loss: nan | Dynamic Loss: nan | Regularization Loss: nan | Val Loss: nan | Time: 10.22s
2025-08-15 11:50:01,422:INFO:Epoch: 7900/10000 | Train Loss: nan | Dynamic Loss: nan | Regularization Loss: nan | Val Loss: nan | Time: 4.69s
2025-08-15 11:50:06,159:INFO:Epoch: 7950/10000 | Train Loss: nan | Dynamic Loss: nan | Regularization Loss: nan | Val Loss: nan | Time: 4.74s
2025-08-15 11:50:10,906:INFO:Epoch: 8000/10000 | Train Loss: nan | Dynamic Loss: nan | Regularization Loss: nan | Val Loss: nan | Time: 4.75s
2025-08-15 11:50:15,564:INFO:Epoch: 8050/10000 | Train Loss: nan | Dynamic Loss: nan | Regularization Loss: nan | Val Loss: nan | Time: 4.66s
2025-08-15 11:50:26,799:INFO:Epoch: 8100/10000 | Train Loss: nan | Dynamic Loss: nan | Regularization Loss: nan | Val Loss: nan | Time: 11.23s
2025-08-15 11:50:31,610:INFO:Epoch: 8150/10000 | Train Loss: nan | Dynamic Loss: nan | Regularization Loss: nan | Val Loss: nan | Time: 4.81s
2025-08-15 11:50:36,343:INFO:Epoch: 8200/10000 | Train Loss: nan | Dynamic Loss: nan | Regularization Loss: nan | Val Loss: nan | Time: 4.73s
2025-08-15 11:50:41,056:INFO:Epoch: 8250/10000 | Train Loss: nan | Dynamic Loss: nan | Regularization Loss: nan | Val Loss: nan | Time: 4.71s
2025-08-15 11:50:47,134:INFO:Epoch: 8300/10000 | Train Loss: nan | Dynamic Loss: nan | Regularization Loss: nan | Val Loss: nan | Time: 6.08s
2025-08-15 11:50:51,929:INFO:Epoch: 8350/10000 | Train Loss: nan | Dynamic Loss: nan | Regularization Loss: nan | Val Loss: nan | Time: 4.80s
2025-08-15 11:50:56,708:INFO:Epoch: 8400/10000 | Train Loss: nan | Dynamic Loss: nan | Regularization Loss: nan | Val Loss: nan | Time: 4.78s
2025-08-15 11:51:01,402:INFO:Epoch: 8450/10000 | Train Loss: nan | Dynamic Loss: nan | Regularization Loss: nan | Val Loss: nan | Time: 4.69s
2025-08-15 11:51:06,107:INFO:Epoch: 8500/10000 | Train Loss: nan | Dynamic Loss: nan | Regularization Loss: nan | Val Loss: nan | Time: 4.70s
2025-08-15 11:51:11,963:INFO:Epoch: 8550/10000 | Train Loss: nan | Dynamic Loss: nan | Regularization Loss: nan | Val Loss: nan | Time: 5.86s
2025-08-15 11:51:16,649:INFO:Epoch: 8600/10000 | Train Loss: nan | Dynamic Loss: nan | Regularization Loss: nan | Val Loss: nan | Time: 4.69s
2025-08-15 11:51:21,308:INFO:Epoch: 8650/10000 | Train Loss: nan | Dynamic Loss: nan | Regularization Loss: nan | Val Loss: nan | Time: 4.66s
2025-08-15 11:51:26,016:INFO:Epoch: 8700/10000 | Train Loss: nan | Dynamic Loss: nan | Regularization Loss: nan | Val Loss: nan | Time: 4.71s
2025-08-15 11:51:30,621:INFO:Epoch: 8750/10000 | Train Loss: nan | Dynamic Loss: nan | Regularization Loss: nan | Val Loss: nan | Time: 4.60s
2025-08-15 11:51:38,308:INFO:Epoch: 8800/10000 | Train Loss: nan | Dynamic Loss: nan | Regularization Loss: nan | Val Loss: nan | Time: 7.69s
2025-08-15 11:51:42,979:INFO:Epoch: 8850/10000 | Train Loss: nan | Dynamic Loss: nan | Regularization Loss: nan | Val Loss: nan | Time: 4.67s
2025-08-15 11:51:47,688:INFO:Epoch: 8900/10000 | Train Loss: nan | Dynamic Loss: nan | Regularization Loss: nan | Val Loss: nan | Time: 4.71s
2025-08-15 11:51:52,401:INFO:Epoch: 8950/10000 | Train Loss: nan | Dynamic Loss: nan | Regularization Loss: nan | Val Loss: nan | Time: 4.71s
2025-08-15 11:51:57,078:INFO:Epoch: 9000/10000 | Train Loss: nan | Dynamic Loss: nan | Regularization Loss: nan | Val Loss: nan | Time: 4.68s
2025-08-15 11:52:04,777:INFO:Epoch: 9050/10000 | Train Loss: nan | Dynamic Loss: nan | Regularization Loss: nan | Val Loss: nan | Time: 7.70s
2025-08-15 11:52:09,460:INFO:Epoch: 9100/10000 | Train Loss: nan | Dynamic Loss: nan | Regularization Loss: nan | Val Loss: nan | Time: 4.68s
2025-08-15 11:52:14,123:INFO:Epoch: 9150/10000 | Train Loss: nan | Dynamic Loss: nan | Regularization Loss: nan | Val Loss: nan | Time: 4.66s
2025-08-15 11:52:18,799:INFO:Epoch: 9200/10000 | Train Loss: nan | Dynamic Loss: nan | Regularization Loss: nan | Val Loss: nan | Time: 4.68s
2025-08-15 11:52:23,463:INFO:Epoch: 9250/10000 | Train Loss: nan | Dynamic Loss: nan | Regularization Loss: nan | Val Loss: nan | Time: 4.66s
2025-08-15 11:52:29,453:INFO:Epoch: 9300/10000 | Train Loss: nan | Dynamic Loss: nan | Regularization Loss: nan | Val Loss: nan | Time: 5.99s
2025-08-15 11:52:34,215:INFO:Epoch: 9350/10000 | Train Loss: nan | Dynamic Loss: nan | Regularization Loss: nan | Val Loss: nan | Time: 4.76s
2025-08-15 11:52:38,908:INFO:Epoch: 9400/10000 | Train Loss: nan | Dynamic Loss: nan | Regularization Loss: nan | Val Loss: nan | Time: 4.69s
2025-08-15 11:52:43,595:INFO:Epoch: 9450/10000 | Train Loss: nan | Dynamic Loss: nan | Regularization Loss: nan | Val Loss: nan | Time: 4.69s
2025-08-15 11:52:48,261:INFO:Epoch: 9500/10000 | Train Loss: nan | Dynamic Loss: nan | Regularization Loss: nan | Val Loss: nan | Time: 4.67s
2025-08-15 11:52:55,887:INFO:Epoch: 9550/10000 | Train Loss: nan | Dynamic Loss: nan | Regularization Loss: nan | Val Loss: nan | Time: 7.63s
2025-08-15 11:53:00,575:INFO:Epoch: 9600/10000 | Train Loss: nan | Dynamic Loss: nan | Regularization Loss: nan | Val Loss: nan | Time: 4.69s
2025-08-15 11:53:05,330:INFO:Epoch: 9650/10000 | Train Loss: nan | Dynamic Loss: nan | Regularization Loss: nan | Val Loss: nan | Time: 4.75s
2025-08-15 11:53:10,010:INFO:Epoch: 9700/10000 | Train Loss: nan | Dynamic Loss: nan | Regularization Loss: nan | Val Loss: nan | Time: 4.68s
2025-08-15 11:53:14,709:INFO:Epoch: 9750/10000 | Train Loss: nan | Dynamic Loss: nan | Regularization Loss: nan | Val Loss: nan | Time: 4.70s
2025-08-15 11:53:25,950:INFO:Epoch: 9800/10000 | Train Loss: nan | Dynamic Loss: nan | Regularization Loss: nan | Val Loss: nan | Time: 11.24s
2025-08-15 11:53:30,622:INFO:Epoch: 9850/10000 | Train Loss: nan | Dynamic Loss: nan | Regularization Loss: nan | Val Loss: nan | Time: 4.67s
2025-08-15 11:53:35,448:INFO:Epoch: 9900/10000 | Train Loss: nan | Dynamic Loss: nan | Regularization Loss: nan | Val Loss: nan | Time: 4.83s
2025-08-15 11:53:40,196:INFO:Epoch: 9950/10000 | Train Loss: nan | Dynamic Loss: nan | Regularization Loss: nan | Val Loss: nan | Time: 4.75s
2025-08-15 11:53:44,839:INFO:Epoch: 10000/10000 | Train Loss: nan | Dynamic Loss: nan | Regularization Loss: nan | Val Loss: nan | Time: 4.64s
2025-08-15 11:57:06,948:INFO:Using device: cuda
2025-08-15 11:58:08,027:INFO:Using device: cuda
2025-08-15 11:59:20,980:INFO:Using device: cuda
