2025-08-15 12:05:47,509:INFO:Created DataLoaders with 2994 training samples and 998 validation samples.
2025-08-15 12:07:19,144:INFO:Created DataLoaders with 2994 training samples and 998 validation samples.
2025-08-15 12:07:49,368:INFO:Created DataLoaders with 2994 training samples and 998 validation samples.
2025-08-15 12:09:20,954:INFO:Created DataLoaders with 2994 training samples and 998 validation samples.
2025-08-15 12:10:22,074:INFO:Created DataLoaders with 2994 training samples and 998 validation samples.
2025-08-15 12:10:23,495:INFO:model params: 479490
2025-08-15 12:10:24,693:INFO:Epoch: 0/2000 | Train Loss: 5.094e+00 | Dynamic Loss: 5.094e+00 | Regularization Loss: 6.195e-24 | Val Loss: 3.413e+00 | Time: 1.20s
2025-08-15 12:10:24,693:INFO:New best model found at epoch 0 with validation loss 3.413e+00. Saving...
2025-08-15 12:10:29,172:INFO:Epoch: 50/2000 | Train Loss: 9.023e-01 | Dynamic Loss: 9.023e-01 | Regularization Loss: 2.074e-20 | Val Loss: 9.511e-01 | Time: 4.47s
2025-08-15 12:10:29,172:INFO:New best model found at epoch 50 with validation loss 9.511e-01. Saving...
2025-08-15 12:10:33,582:INFO:Epoch: 100/2000 | Train Loss: 7.129e-01 | Dynamic Loss: 7.129e-01 | Regularization Loss: 1.892e-14 | Val Loss: 7.449e-01 | Time: 4.40s
2025-08-15 12:10:33,582:INFO:New best model found at epoch 100 with validation loss 7.449e-01. Saving...
2025-08-15 12:10:38,052:INFO:Epoch: 150/2000 | Train Loss: 6.419e-01 | Dynamic Loss: 6.419e-01 | Regularization Loss: 2.082e-07 | Val Loss: 6.647e-01 | Time: 4.46s
2025-08-15 12:10:38,052:INFO:New best model found at epoch 150 with validation loss 6.647e-01. Saving...
2025-08-15 12:10:42,477:INFO:Epoch: 200/2000 | Train Loss: 6.087e-01 | Dynamic Loss: 6.086e-01 | Regularization Loss: 6.321e-07 | Val Loss: 6.246e-01 | Time: 4.42s
2025-08-15 12:10:42,477:INFO:New best model found at epoch 200 with validation loss 6.246e-01. Saving...
2025-08-15 12:10:46,911:INFO:Epoch: 250/2000 | Train Loss: 5.900e-01 | Dynamic Loss: 5.900e-01 | Regularization Loss: 6.162e-07 | Val Loss: 6.009e-01 | Time: 4.42s
2025-08-15 12:10:46,911:INFO:New best model found at epoch 250 with validation loss 6.009e-01. Saving...
2025-08-15 12:10:56,592:INFO:Epoch: 300/2000 | Train Loss: 5.803e-01 | Dynamic Loss: 5.803e-01 | Regularization Loss: 5.963e-07 | Val Loss: 5.864e-01 | Time: 9.67s
2025-08-15 12:10:56,592:INFO:New best model found at epoch 300 with validation loss 5.864e-01. Saving...
2025-08-15 12:11:01,078:INFO:Epoch: 350/2000 | Train Loss: 5.717e-01 | Dynamic Loss: 5.717e-01 | Regularization Loss: 5.766e-07 | Val Loss: 5.749e-01 | Time: 4.48s
2025-08-15 12:11:01,078:INFO:New best model found at epoch 350 with validation loss 5.749e-01. Saving...
2025-08-15 12:11:05,583:INFO:Epoch: 400/2000 | Train Loss: 5.636e-01 | Dynamic Loss: 5.636e-01 | Regularization Loss: 5.566e-07 | Val Loss: 5.642e-01 | Time: 4.49s
2025-08-15 12:11:05,584:INFO:New best model found at epoch 400 with validation loss 5.642e-01. Saving...
2025-08-15 12:11:09,975:INFO:Epoch: 450/2000 | Train Loss: 5.583e-01 | Dynamic Loss: 5.583e-01 | Regularization Loss: 5.376e-07 | Val Loss: 5.581e-01 | Time: 4.38s
2025-08-15 12:11:09,976:INFO:New best model found at epoch 450 with validation loss 5.581e-01. Saving...
2025-08-15 12:11:20,019:INFO:Epoch: 500/2000 | Train Loss: 5.562e-01 | Dynamic Loss: 5.562e-01 | Regularization Loss: 5.229e-07 | Val Loss: 5.513e-01 | Time: 10.03s
2025-08-15 12:11:20,019:INFO:New best model found at epoch 500 with validation loss 5.513e-01. Saving...
2025-08-15 12:11:24,455:INFO:Epoch: 550/2000 | Train Loss: 5.532e-01 | Dynamic Loss: 5.532e-01 | Regularization Loss: 5.086e-07 | Val Loss: 5.472e-01 | Time: 4.43s
2025-08-15 12:11:24,455:INFO:New best model found at epoch 550 with validation loss 5.472e-01. Saving...
2025-08-15 12:11:28,986:INFO:Epoch: 600/2000 | Train Loss: 5.500e-01 | Dynamic Loss: 5.500e-01 | Regularization Loss: 4.920e-07 | Val Loss: 5.401e-01 | Time: 4.52s
2025-08-15 12:11:28,986:INFO:New best model found at epoch 600 with validation loss 5.401e-01. Saving...
2025-08-15 12:11:33,425:INFO:Epoch: 650/2000 | Train Loss: 5.428e-01 | Dynamic Loss: 5.428e-01 | Regularization Loss: 4.776e-07 | Val Loss: 5.353e-01 | Time: 4.43s
2025-08-15 12:11:33,425:INFO:New best model found at epoch 650 with validation loss 5.353e-01. Saving...
2025-08-15 12:11:38,067:INFO:Epoch: 700/2000 | Train Loss: 5.407e-01 | Dynamic Loss: 5.407e-01 | Regularization Loss: 4.639e-07 | Val Loss: 5.311e-01 | Time: 4.63s
2025-08-15 12:11:38,067:INFO:New best model found at epoch 700 with validation loss 5.311e-01. Saving...
2025-08-15 12:11:42,926:INFO:Epoch: 750/2000 | Train Loss: 5.354e-01 | Dynamic Loss: 5.354e-01 | Regularization Loss: 4.494e-07 | Val Loss: 5.260e-01 | Time: 4.85s
2025-08-15 12:11:42,926:INFO:New best model found at epoch 750 with validation loss 5.260e-01. Saving...
2025-08-15 12:11:47,493:INFO:Epoch: 800/2000 | Train Loss: 5.333e-01 | Dynamic Loss: 5.333e-01 | Regularization Loss: 4.386e-07 | Val Loss: 5.233e-01 | Time: 4.56s
2025-08-15 12:11:47,493:INFO:New best model found at epoch 800 with validation loss 5.233e-01. Saving...
2025-08-15 12:11:51,940:INFO:Epoch: 850/2000 | Train Loss: 5.307e-01 | Dynamic Loss: 5.307e-01 | Regularization Loss: 4.276e-07 | Val Loss: 5.193e-01 | Time: 4.44s
2025-08-15 12:11:51,983:INFO:New best model found at epoch 850 with validation loss 5.193e-01. Saving...
2025-08-15 12:11:56,388:INFO:Epoch: 900/2000 | Train Loss: 5.255e-01 | Dynamic Loss: 5.255e-01 | Regularization Loss: 4.167e-07 | Val Loss: 5.165e-01 | Time: 4.39s
2025-08-15 12:11:56,388:INFO:New best model found at epoch 900 with validation loss 5.165e-01. Saving...
2025-08-15 12:12:06,608:INFO:Epoch: 950/2000 | Train Loss: 5.230e-01 | Dynamic Loss: 5.230e-01 | Regularization Loss: 4.055e-07 | Val Loss: 5.135e-01 | Time: 10.21s
2025-08-15 12:12:06,608:INFO:New best model found at epoch 950 with validation loss 5.135e-01. Saving...
2025-08-15 12:12:11,114:INFO:Epoch: 1000/2000 | Train Loss: 5.215e-01 | Dynamic Loss: 5.215e-01 | Regularization Loss: 3.958e-07 | Val Loss: 5.096e-01 | Time: 4.50s
2025-08-15 12:12:11,114:INFO:New best model found at epoch 1000 with validation loss 5.096e-01. Saving...
2025-08-15 12:12:15,658:INFO:Epoch: 1050/2000 | Train Loss: 5.192e-01 | Dynamic Loss: 5.192e-01 | Regularization Loss: 3.842e-07 | Val Loss: 5.068e-01 | Time: 4.53s
2025-08-15 12:12:15,658:INFO:New best model found at epoch 1050 with validation loss 5.068e-01. Saving...
2025-08-15 12:12:20,156:INFO:Epoch: 1100/2000 | Train Loss: 5.151e-01 | Dynamic Loss: 5.151e-01 | Regularization Loss: 3.767e-07 | Val Loss: 5.045e-01 | Time: 4.49s
2025-08-15 12:12:20,156:INFO:New best model found at epoch 1100 with validation loss 5.045e-01. Saving...
2025-08-15 12:12:26,104:INFO:Epoch: 1150/2000 | Train Loss: 5.117e-01 | Dynamic Loss: 5.117e-01 | Regularization Loss: 3.671e-07 | Val Loss: 5.026e-01 | Time: 5.94s
2025-08-15 12:12:26,104:INFO:New best model found at epoch 1150 with validation loss 5.026e-01. Saving...
2025-08-15 12:12:30,586:INFO:Epoch: 1200/2000 | Train Loss: 5.103e-01 | Dynamic Loss: 5.103e-01 | Regularization Loss: 3.605e-07 | Val Loss: 4.985e-01 | Time: 4.47s
2025-08-15 12:12:30,586:INFO:New best model found at epoch 1200 with validation loss 4.985e-01. Saving...
2025-08-15 12:12:35,110:INFO:Epoch: 1250/2000 | Train Loss: 5.079e-01 | Dynamic Loss: 5.079e-01 | Regularization Loss: 3.540e-07 | Val Loss: 4.968e-01 | Time: 4.51s
2025-08-15 12:12:35,110:INFO:New best model found at epoch 1250 with validation loss 4.968e-01. Saving...
2025-08-15 12:12:39,646:INFO:Epoch: 1300/2000 | Train Loss: 5.066e-01 | Dynamic Loss: 5.066e-01 | Regularization Loss: 3.453e-07 | Val Loss: 4.957e-01 | Time: 4.53s
2025-08-15 12:12:39,646:INFO:New best model found at epoch 1300 with validation loss 4.957e-01. Saving...
2025-08-15 12:12:44,637:INFO:Epoch: 1350/2000 | Train Loss: 5.041e-01 | Dynamic Loss: 5.041e-01 | Regularization Loss: 3.397e-07 | Val Loss: 4.933e-01 | Time: 4.98s
2025-08-15 12:12:44,639:INFO:New best model found at epoch 1350 with validation loss 4.933e-01. Saving...
2025-08-15 12:12:49,123:INFO:Epoch: 1400/2000 | Train Loss: 4.997e-01 | Dynamic Loss: 4.997e-01 | Regularization Loss: 3.314e-07 | Val Loss: 4.896e-01 | Time: 4.47s
2025-08-15 12:12:49,123:INFO:New best model found at epoch 1400 with validation loss 4.896e-01. Saving...
2025-08-15 12:12:53,660:INFO:Epoch: 1450/2000 | Train Loss: 4.996e-01 | Dynamic Loss: 4.996e-01 | Regularization Loss: 3.255e-07 | Val Loss: 4.873e-01 | Time: 4.53s
2025-08-15 12:12:53,662:INFO:New best model found at epoch 1450 with validation loss 4.873e-01. Saving...
2025-08-15 12:12:58,170:INFO:Epoch: 1500/2000 | Train Loss: 4.975e-01 | Dynamic Loss: 4.975e-01 | Regularization Loss: 3.184e-07 | Val Loss: 4.860e-01 | Time: 4.50s
2025-08-15 12:12:58,170:INFO:New best model found at epoch 1500 with validation loss 4.860e-01. Saving...
2025-08-15 12:13:03,527:INFO:Epoch: 1550/2000 | Train Loss: 4.945e-01 | Dynamic Loss: 4.945e-01 | Regularization Loss: 3.146e-07 | Val Loss: 4.832e-01 | Time: 5.35s
2025-08-15 12:13:03,527:INFO:New best model found at epoch 1550 with validation loss 4.832e-01. Saving...
2025-08-15 12:13:08,137:INFO:Epoch: 1600/2000 | Train Loss: 4.932e-01 | Dynamic Loss: 4.932e-01 | Regularization Loss: 3.085e-07 | Val Loss: 4.812e-01 | Time: 4.60s
2025-08-15 12:13:08,137:INFO:New best model found at epoch 1600 with validation loss 4.812e-01. Saving...
2025-08-15 12:13:12,671:INFO:Epoch: 1650/2000 | Train Loss: 4.913e-01 | Dynamic Loss: 4.913e-01 | Regularization Loss: 3.036e-07 | Val Loss: 4.799e-01 | Time: 4.52s
2025-08-15 12:13:12,673:INFO:New best model found at epoch 1650 with validation loss 4.799e-01. Saving...
2025-08-15 12:13:17,110:INFO:Epoch: 1700/2000 | Train Loss: 4.917e-01 | Dynamic Loss: 4.917e-01 | Regularization Loss: 2.980e-07 | Val Loss: 4.792e-01 | Time: 4.43s
2025-08-15 12:13:17,110:INFO:New best model found at epoch 1700 with validation loss 4.792e-01. Saving...
2025-08-15 12:13:21,705:INFO:Epoch: 1750/2000 | Train Loss: 4.906e-01 | Dynamic Loss: 4.906e-01 | Regularization Loss: 2.928e-07 | Val Loss: 4.782e-01 | Time: 4.58s
2025-08-15 12:13:21,705:INFO:New best model found at epoch 1750 with validation loss 4.782e-01. Saving...
2025-08-15 12:13:30,715:INFO:Epoch: 1800/2000 | Train Loss: 4.866e-01 | Dynamic Loss: 4.866e-01 | Regularization Loss: 2.890e-07 | Val Loss: 4.755e-01 | Time: 9.00s
2025-08-15 12:13:30,715:INFO:New best model found at epoch 1800 with validation loss 4.755e-01. Saving...
2025-08-15 12:13:35,257:INFO:Epoch: 1850/2000 | Train Loss: 4.845e-01 | Dynamic Loss: 4.845e-01 | Regularization Loss: 2.838e-07 | Val Loss: 4.744e-01 | Time: 4.53s
2025-08-15 12:13:35,257:INFO:New best model found at epoch 1850 with validation loss 4.744e-01. Saving...
2025-08-15 12:13:39,739:INFO:Epoch: 1900/2000 | Train Loss: 4.826e-01 | Dynamic Loss: 4.826e-01 | Regularization Loss: 2.791e-07 | Val Loss: 4.728e-01 | Time: 4.47s
2025-08-15 12:13:39,739:INFO:New best model found at epoch 1900 with validation loss 4.728e-01. Saving...
2025-08-15 12:13:44,264:INFO:Epoch: 1950/2000 | Train Loss: 4.810e-01 | Dynamic Loss: 4.810e-01 | Regularization Loss: 2.724e-07 | Val Loss: 4.703e-01 | Time: 4.51s
2025-08-15 12:13:44,266:INFO:New best model found at epoch 1950 with validation loss 4.703e-01. Saving...
2025-08-15 12:13:52,997:INFO:Epoch: 2000/2000 | Train Loss: 4.788e-01 | Dynamic Loss: 4.788e-01 | Regularization Loss: 2.686e-07 | Val Loss: 4.698e-01 | Time: 8.72s
2025-08-15 12:13:52,999:INFO:New best model found at epoch 2000 with validation loss 4.698e-01. Saving...
2025-08-15 12:14:57,007:INFO:Using device: cuda
2025-08-15 12:15:58,287:INFO:Using device: cuda
2025-08-15 12:17:43,298:INFO:Using device: cuda
2025-08-15 12:18:31,167:INFO:Using device: cuda
2025-08-15 12:20:02,954:INFO:Created DataLoaders with 2994 training samples and 998 validation samples.
2025-08-15 12:20:03,550:INFO:model params: 479490
2025-08-15 12:20:04,283:INFO:Epoch: 0/2000 | Train Loss: 5.094e+00 | Dynamic Loss: 5.094e+00 | Regularization Loss: 6.195e-24 | Val Loss: 3.413e+00 | Time: 0.73s
2025-08-15 12:20:04,283:INFO:New best model found at epoch 0 with validation loss 3.413e+00. Saving...
2025-08-15 12:20:08,715:INFO:Epoch: 50/2000 | Train Loss: 9.023e-01 | Dynamic Loss: 9.023e-01 | Regularization Loss: 2.074e-20 | Val Loss: 9.511e-01 | Time: 4.42s
2025-08-15 12:20:08,715:INFO:New best model found at epoch 50 with validation loss 9.511e-01. Saving...
2025-08-15 12:20:13,178:INFO:Epoch: 100/2000 | Train Loss: 7.129e-01 | Dynamic Loss: 7.129e-01 | Regularization Loss: 1.892e-14 | Val Loss: 7.449e-01 | Time: 4.45s
2025-08-15 12:20:13,178:INFO:New best model found at epoch 100 with validation loss 7.449e-01. Saving...
2025-08-15 12:20:17,679:INFO:Epoch: 150/2000 | Train Loss: 6.419e-01 | Dynamic Loss: 6.419e-01 | Regularization Loss: 2.082e-07 | Val Loss: 6.647e-01 | Time: 4.49s
2025-08-15 12:20:17,679:INFO:New best model found at epoch 150 with validation loss 6.647e-01. Saving...
2025-08-15 12:20:22,071:INFO:Epoch: 200/2000 | Train Loss: 6.087e-01 | Dynamic Loss: 6.086e-01 | Regularization Loss: 6.321e-07 | Val Loss: 6.246e-01 | Time: 4.38s
2025-08-15 12:20:22,071:INFO:New best model found at epoch 200 with validation loss 6.246e-01. Saving...
2025-08-15 12:20:26,771:INFO:Epoch: 250/2000 | Train Loss: 5.900e-01 | Dynamic Loss: 5.900e-01 | Regularization Loss: 6.162e-07 | Val Loss: 6.009e-01 | Time: 4.69s
2025-08-15 12:20:26,772:INFO:New best model found at epoch 250 with validation loss 6.009e-01. Saving...
2025-08-15 12:20:36,366:INFO:Epoch: 300/2000 | Train Loss: 5.803e-01 | Dynamic Loss: 5.803e-01 | Regularization Loss: 5.963e-07 | Val Loss: 5.864e-01 | Time: 9.58s
2025-08-15 12:20:36,367:INFO:New best model found at epoch 300 with validation loss 5.864e-01. Saving...
2025-08-15 12:20:40,891:INFO:Epoch: 350/2000 | Train Loss: 5.717e-01 | Dynamic Loss: 5.717e-01 | Regularization Loss: 5.766e-07 | Val Loss: 5.749e-01 | Time: 4.51s
2025-08-15 12:20:40,891:INFO:New best model found at epoch 350 with validation loss 5.749e-01. Saving...
2025-08-15 12:20:45,384:INFO:Epoch: 400/2000 | Train Loss: 5.636e-01 | Dynamic Loss: 5.636e-01 | Regularization Loss: 5.566e-07 | Val Loss: 5.642e-01 | Time: 4.48s
2025-08-15 12:20:45,385:INFO:New best model found at epoch 400 with validation loss 5.642e-01. Saving...
2025-08-15 12:20:49,817:INFO:Epoch: 450/2000 | Train Loss: 5.583e-01 | Dynamic Loss: 5.583e-01 | Regularization Loss: 5.376e-07 | Val Loss: 5.581e-01 | Time: 4.42s
2025-08-15 12:20:49,817:INFO:New best model found at epoch 450 with validation loss 5.581e-01. Saving...
2025-08-15 12:21:00,109:INFO:Epoch: 500/2000 | Train Loss: 5.562e-01 | Dynamic Loss: 5.562e-01 | Regularization Loss: 5.229e-07 | Val Loss: 5.513e-01 | Time: 10.28s
2025-08-15 12:21:00,109:INFO:New best model found at epoch 500 with validation loss 5.513e-01. Saving...
2025-08-15 12:21:04,710:INFO:Epoch: 550/2000 | Train Loss: 5.532e-01 | Dynamic Loss: 5.532e-01 | Regularization Loss: 5.086e-07 | Val Loss: 5.472e-01 | Time: 4.59s
2025-08-15 12:21:04,710:INFO:New best model found at epoch 550 with validation loss 5.472e-01. Saving...
2025-08-15 12:21:09,291:INFO:Epoch: 600/2000 | Train Loss: 5.500e-01 | Dynamic Loss: 5.500e-01 | Regularization Loss: 4.920e-07 | Val Loss: 5.401e-01 | Time: 4.57s
2025-08-15 12:21:09,291:INFO:New best model found at epoch 600 with validation loss 5.401e-01. Saving...
2025-08-15 12:21:13,738:INFO:Epoch: 650/2000 | Train Loss: 5.428e-01 | Dynamic Loss: 5.428e-01 | Regularization Loss: 4.776e-07 | Val Loss: 5.353e-01 | Time: 4.44s
2025-08-15 12:21:13,738:INFO:New best model found at epoch 650 with validation loss 5.353e-01. Saving...
2025-08-15 12:21:18,309:INFO:Epoch: 700/2000 | Train Loss: 5.407e-01 | Dynamic Loss: 5.407e-01 | Regularization Loss: 4.639e-07 | Val Loss: 5.311e-01 | Time: 4.56s
2025-08-15 12:21:18,309:INFO:New best model found at epoch 700 with validation loss 5.311e-01. Saving...
2025-08-15 12:21:22,836:INFO:Epoch: 750/2000 | Train Loss: 5.354e-01 | Dynamic Loss: 5.354e-01 | Regularization Loss: 4.494e-07 | Val Loss: 5.260e-01 | Time: 4.52s
2025-08-15 12:21:22,836:INFO:New best model found at epoch 750 with validation loss 5.260e-01. Saving...
2025-08-15 12:21:27,379:INFO:Epoch: 800/2000 | Train Loss: 5.333e-01 | Dynamic Loss: 5.333e-01 | Regularization Loss: 4.386e-07 | Val Loss: 5.233e-01 | Time: 4.53s
2025-08-15 12:21:27,379:INFO:New best model found at epoch 800 with validation loss 5.233e-01. Saving...
2025-08-15 12:21:31,962:INFO:Epoch: 850/2000 | Train Loss: 5.307e-01 | Dynamic Loss: 5.307e-01 | Regularization Loss: 4.276e-07 | Val Loss: 5.193e-01 | Time: 4.57s
2025-08-15 12:21:31,962:INFO:New best model found at epoch 850 with validation loss 5.193e-01. Saving...
2025-08-15 12:21:36,510:INFO:Epoch: 900/2000 | Train Loss: 5.255e-01 | Dynamic Loss: 5.255e-01 | Regularization Loss: 4.167e-07 | Val Loss: 5.165e-01 | Time: 4.54s
2025-08-15 12:21:36,511:INFO:New best model found at epoch 900 with validation loss 5.165e-01. Saving...
2025-08-15 12:21:46,875:INFO:Epoch: 950/2000 | Train Loss: 5.230e-01 | Dynamic Loss: 5.230e-01 | Regularization Loss: 4.055e-07 | Val Loss: 5.135e-01 | Time: 10.35s
2025-08-15 12:21:46,875:INFO:New best model found at epoch 950 with validation loss 5.135e-01. Saving...
2025-08-15 12:21:51,468:INFO:Epoch: 1000/2000 | Train Loss: 5.215e-01 | Dynamic Loss: 5.215e-01 | Regularization Loss: 3.958e-07 | Val Loss: 5.096e-01 | Time: 4.58s
2025-08-15 12:21:51,468:INFO:New best model found at epoch 1000 with validation loss 5.096e-01. Saving...
2025-08-15 12:21:55,998:INFO:Epoch: 1050/2000 | Train Loss: 5.192e-01 | Dynamic Loss: 5.192e-01 | Regularization Loss: 3.842e-07 | Val Loss: 5.068e-01 | Time: 4.52s
2025-08-15 12:21:55,998:INFO:New best model found at epoch 1050 with validation loss 5.068e-01. Saving...
2025-08-15 12:22:00,485:INFO:Epoch: 1100/2000 | Train Loss: 5.151e-01 | Dynamic Loss: 5.151e-01 | Regularization Loss: 3.767e-07 | Val Loss: 5.045e-01 | Time: 4.48s
2025-08-15 12:22:00,485:INFO:New best model found at epoch 1100 with validation loss 5.045e-01. Saving...
2025-08-15 12:22:06,460:INFO:Epoch: 1150/2000 | Train Loss: 5.117e-01 | Dynamic Loss: 5.117e-01 | Regularization Loss: 3.671e-07 | Val Loss: 5.026e-01 | Time: 5.97s
2025-08-15 12:22:06,460:INFO:New best model found at epoch 1150 with validation loss 5.026e-01. Saving...
2025-08-15 12:22:10,995:INFO:Epoch: 1200/2000 | Train Loss: 5.103e-01 | Dynamic Loss: 5.103e-01 | Regularization Loss: 3.605e-07 | Val Loss: 4.985e-01 | Time: 4.53s
2025-08-15 12:22:10,995:INFO:New best model found at epoch 1200 with validation loss 4.985e-01. Saving...
2025-08-15 12:22:15,503:INFO:Epoch: 1250/2000 | Train Loss: 5.079e-01 | Dynamic Loss: 5.079e-01 | Regularization Loss: 3.540e-07 | Val Loss: 4.968e-01 | Time: 4.50s
2025-08-15 12:22:15,505:INFO:New best model found at epoch 1250 with validation loss 4.968e-01. Saving...
2025-08-15 12:22:20,042:INFO:Epoch: 1300/2000 | Train Loss: 5.066e-01 | Dynamic Loss: 5.066e-01 | Regularization Loss: 3.453e-07 | Val Loss: 4.957e-01 | Time: 4.53s
2025-08-15 12:22:20,044:INFO:New best model found at epoch 1300 with validation loss 4.957e-01. Saving...
2025-08-15 12:22:24,955:INFO:Epoch: 1350/2000 | Train Loss: 5.041e-01 | Dynamic Loss: 5.041e-01 | Regularization Loss: 3.397e-07 | Val Loss: 4.933e-01 | Time: 4.90s
2025-08-15 12:22:24,957:INFO:New best model found at epoch 1350 with validation loss 4.933e-01. Saving...
2025-08-15 12:22:29,513:INFO:Epoch: 1400/2000 | Train Loss: 4.997e-01 | Dynamic Loss: 4.997e-01 | Regularization Loss: 3.314e-07 | Val Loss: 4.896e-01 | Time: 4.54s
2025-08-15 12:22:29,514:INFO:New best model found at epoch 1400 with validation loss 4.896e-01. Saving...
2025-08-15 12:22:34,049:INFO:Epoch: 1450/2000 | Train Loss: 4.996e-01 | Dynamic Loss: 4.996e-01 | Regularization Loss: 3.255e-07 | Val Loss: 4.873e-01 | Time: 4.52s
2025-08-15 12:22:34,049:INFO:New best model found at epoch 1450 with validation loss 4.873e-01. Saving...
2025-08-15 12:22:38,627:INFO:Epoch: 1500/2000 | Train Loss: 4.975e-01 | Dynamic Loss: 4.975e-01 | Regularization Loss: 3.184e-07 | Val Loss: 4.860e-01 | Time: 4.57s
2025-08-15 12:22:38,628:INFO:New best model found at epoch 1500 with validation loss 4.860e-01. Saving...
2025-08-15 12:22:44,033:INFO:Epoch: 1550/2000 | Train Loss: 4.945e-01 | Dynamic Loss: 4.945e-01 | Regularization Loss: 3.146e-07 | Val Loss: 4.832e-01 | Time: 5.40s
2025-08-15 12:22:44,033:INFO:New best model found at epoch 1550 with validation loss 4.832e-01. Saving...
2025-08-15 12:22:48,655:INFO:Epoch: 1600/2000 | Train Loss: 4.932e-01 | Dynamic Loss: 4.932e-01 | Regularization Loss: 3.085e-07 | Val Loss: 4.812e-01 | Time: 4.61s
2025-08-15 12:22:48,655:INFO:New best model found at epoch 1600 with validation loss 4.812e-01. Saving...
2025-08-15 12:22:53,206:INFO:Epoch: 1650/2000 | Train Loss: 4.913e-01 | Dynamic Loss: 4.913e-01 | Regularization Loss: 3.036e-07 | Val Loss: 4.799e-01 | Time: 4.54s
2025-08-15 12:22:53,208:INFO:New best model found at epoch 1650 with validation loss 4.799e-01. Saving...
2025-08-15 12:22:57,794:INFO:Epoch: 1700/2000 | Train Loss: 4.917e-01 | Dynamic Loss: 4.917e-01 | Regularization Loss: 2.980e-07 | Val Loss: 4.792e-01 | Time: 4.58s
2025-08-15 12:22:57,796:INFO:New best model found at epoch 1700 with validation loss 4.792e-01. Saving...
2025-08-15 12:23:02,309:INFO:Epoch: 1750/2000 | Train Loss: 4.906e-01 | Dynamic Loss: 4.906e-01 | Regularization Loss: 2.928e-07 | Val Loss: 4.782e-01 | Time: 4.50s
2025-08-15 12:23:02,309:INFO:New best model found at epoch 1750 with validation loss 4.782e-01. Saving...
2025-08-15 12:23:11,152:INFO:Epoch: 1800/2000 | Train Loss: 4.866e-01 | Dynamic Loss: 4.866e-01 | Regularization Loss: 2.890e-07 | Val Loss: 4.755e-01 | Time: 8.83s
2025-08-15 12:23:11,152:INFO:New best model found at epoch 1800 with validation loss 4.755e-01. Saving...
2025-08-15 12:23:15,716:INFO:Epoch: 1850/2000 | Train Loss: 4.845e-01 | Dynamic Loss: 4.845e-01 | Regularization Loss: 2.838e-07 | Val Loss: 4.744e-01 | Time: 4.55s
2025-08-15 12:23:15,716:INFO:New best model found at epoch 1850 with validation loss 4.744e-01. Saving...
2025-08-15 12:23:20,253:INFO:Epoch: 1900/2000 | Train Loss: 4.826e-01 | Dynamic Loss: 4.826e-01 | Regularization Loss: 2.791e-07 | Val Loss: 4.728e-01 | Time: 4.53s
2025-08-15 12:23:20,253:INFO:New best model found at epoch 1900 with validation loss 4.728e-01. Saving...
2025-08-15 12:23:25,185:INFO:Epoch: 1950/2000 | Train Loss: 4.810e-01 | Dynamic Loss: 4.810e-01 | Regularization Loss: 2.724e-07 | Val Loss: 4.703e-01 | Time: 4.92s
2025-08-15 12:23:25,185:INFO:New best model found at epoch 1950 with validation loss 4.703e-01. Saving...
2025-08-15 12:23:34,102:INFO:Epoch: 2000/2000 | Train Loss: 4.788e-01 | Dynamic Loss: 4.788e-01 | Regularization Loss: 2.686e-07 | Val Loss: 4.698e-01 | Time: 8.91s
2025-08-15 12:23:34,103:INFO:New best model found at epoch 2000 with validation loss 4.698e-01. Saving...
2025-08-15 12:24:38,261:INFO:Using device: cuda
2025-08-15 12:32:16,926:INFO:Created DataLoaders with 2994 training samples and 998 validation samples.
2025-08-15 12:32:17,526:INFO:model params: 479490
2025-08-15 12:34:19,390:INFO:Using device: cuda
2025-08-15 12:35:42,006:INFO:Created DataLoaders with 2994 training samples and 998 validation samples.
2025-08-15 12:35:42,612:INFO:model params: 479490
2025-08-15 12:37:53,448:INFO:Using device: cuda
2025-08-15 12:38:43,195:INFO:Using device: cuda
2025-08-15 12:42:28,595:INFO:Using device: cuda
2025-08-15 12:45:32,365:INFO:Using device: cuda
2025-08-15 12:45:43,452:INFO:Using device: cuda
