2025-08-15 12:05:47,300:INFO:Created DataLoaders with 2994 training samples and 998 validation samples.
2025-08-15 12:07:18,990:INFO:Created DataLoaders with 2994 training samples and 998 validation samples.
2025-08-15 12:07:49,137:INFO:Created DataLoaders with 2994 training samples and 998 validation samples.
2025-08-15 12:09:20,920:INFO:Created DataLoaders with 2994 training samples and 998 validation samples.
2025-08-15 12:10:22,040:INFO:Created DataLoaders with 2994 training samples and 998 validation samples.
2025-08-15 12:10:22,623:INFO:model params: 479490
2025-08-15 12:10:23,348:INFO:Epoch: 0/2000 | Train Loss: 5.094e+00 | Dynamic Loss: 5.094e+00 | Regularization Loss: 6.195e-22 | Val Loss: 3.413e+00 | Time: 0.72s
2025-08-15 12:10:23,348:INFO:New best model found at epoch 0 with validation loss 3.413e+00. Saving...
2025-08-15 12:10:27,790:INFO:Epoch: 50/2000 | Train Loss: 9.023e-01 | Dynamic Loss: 9.023e-01 | Regularization Loss: 2.074e-18 | Val Loss: 9.511e-01 | Time: 4.43s
2025-08-15 12:10:27,790:INFO:New best model found at epoch 50 with validation loss 9.511e-01. Saving...
2025-08-15 12:10:32,272:INFO:Epoch: 100/2000 | Train Loss: 7.129e-01 | Dynamic Loss: 7.129e-01 | Regularization Loss: 1.892e-12 | Val Loss: 7.449e-01 | Time: 4.47s
2025-08-15 12:10:32,272:INFO:New best model found at epoch 100 with validation loss 7.449e-01. Saving...
2025-08-15 12:10:36,912:INFO:Epoch: 150/2000 | Train Loss: 6.426e-01 | Dynamic Loss: 6.426e-01 | Regularization Loss: 7.156e-07 | Val Loss: 6.642e-01 | Time: 4.63s
2025-08-15 12:10:36,913:INFO:New best model found at epoch 150 with validation loss 6.642e-01. Saving...
2025-08-15 12:10:41,376:INFO:Epoch: 200/2000 | Train Loss: 6.088e-01 | Dynamic Loss: 6.088e-01 | Regularization Loss: 6.179e-07 | Val Loss: 6.260e-01 | Time: 4.45s
2025-08-15 12:10:41,376:INFO:New best model found at epoch 200 with validation loss 6.260e-01. Saving...
2025-08-15 12:10:45,827:INFO:Epoch: 250/2000 | Train Loss: 5.933e-01 | Dynamic Loss: 5.933e-01 | Regularization Loss: 6.053e-07 | Val Loss: 6.017e-01 | Time: 4.44s
2025-08-15 12:10:45,827:INFO:New best model found at epoch 250 with validation loss 6.017e-01. Saving...
2025-08-15 12:10:56,135:INFO:Epoch: 300/2000 | Train Loss: 5.795e-01 | Dynamic Loss: 5.795e-01 | Regularization Loss: 5.842e-07 | Val Loss: 5.861e-01 | Time: 10.30s
2025-08-15 12:10:56,135:INFO:New best model found at epoch 300 with validation loss 5.861e-01. Saving...
2025-08-15 12:11:00,618:INFO:Epoch: 350/2000 | Train Loss: 5.721e-01 | Dynamic Loss: 5.721e-01 | Regularization Loss: 5.629e-07 | Val Loss: 5.731e-01 | Time: 4.47s
2025-08-15 12:11:00,618:INFO:New best model found at epoch 350 with validation loss 5.731e-01. Saving...
2025-08-15 12:11:05,133:INFO:Epoch: 400/2000 | Train Loss: 5.639e-01 | Dynamic Loss: 5.639e-01 | Regularization Loss: 5.434e-07 | Val Loss: 5.664e-01 | Time: 4.50s
2025-08-15 12:11:05,133:INFO:New best model found at epoch 400 with validation loss 5.664e-01. Saving...
2025-08-15 12:11:09,627:INFO:Epoch: 450/2000 | Train Loss: 5.590e-01 | Dynamic Loss: 5.590e-01 | Regularization Loss: 5.271e-07 | Val Loss: 5.569e-01 | Time: 4.48s
2025-08-15 12:11:09,627:INFO:New best model found at epoch 450 with validation loss 5.569e-01. Saving...
2025-08-15 12:11:19,933:INFO:Epoch: 500/2000 | Train Loss: 5.568e-01 | Dynamic Loss: 5.568e-01 | Regularization Loss: 5.116e-07 | Val Loss: 5.512e-01 | Time: 10.30s
2025-08-15 12:11:19,933:INFO:New best model found at epoch 500 with validation loss 5.512e-01. Saving...
2025-08-15 12:11:24,427:INFO:Epoch: 550/2000 | Train Loss: 5.524e-01 | Dynamic Loss: 5.524e-01 | Regularization Loss: 4.989e-07 | Val Loss: 5.471e-01 | Time: 4.48s
2025-08-15 12:11:24,428:INFO:New best model found at epoch 550 with validation loss 5.471e-01. Saving...
2025-08-15 12:11:28,928:INFO:Epoch: 600/2000 | Train Loss: 5.473e-01 | Dynamic Loss: 5.473e-01 | Regularization Loss: 4.822e-07 | Val Loss: 5.411e-01 | Time: 4.49s
2025-08-15 12:11:28,929:INFO:New best model found at epoch 600 with validation loss 5.411e-01. Saving...
2025-08-15 12:11:33,475:INFO:Epoch: 650/2000 | Train Loss: 5.429e-01 | Dynamic Loss: 5.429e-01 | Regularization Loss: 4.683e-07 | Val Loss: 5.354e-01 | Time: 4.54s
2025-08-15 12:11:33,476:INFO:New best model found at epoch 650 with validation loss 5.354e-01. Saving...
2025-08-15 12:11:43,150:INFO:Epoch: 700/2000 | Train Loss: 5.436e-01 | Dynamic Loss: 5.436e-01 | Regularization Loss: 4.550e-07 | Val Loss: 5.316e-01 | Time: 9.67s
2025-08-15 12:11:43,150:INFO:New best model found at epoch 700 with validation loss 5.316e-01. Saving...
2025-08-15 12:11:47,704:INFO:Epoch: 750/2000 | Train Loss: 5.353e-01 | Dynamic Loss: 5.353e-01 | Regularization Loss: 4.426e-07 | Val Loss: 5.263e-01 | Time: 4.54s
2025-08-15 12:11:47,704:INFO:New best model found at epoch 750 with validation loss 5.263e-01. Saving...
2025-08-15 12:11:52,217:INFO:Epoch: 800/2000 | Train Loss: 5.325e-01 | Dynamic Loss: 5.325e-01 | Regularization Loss: 4.299e-07 | Val Loss: 5.234e-01 | Time: 4.50s
2025-08-15 12:11:52,217:INFO:New best model found at epoch 800 with validation loss 5.234e-01. Saving...
2025-08-15 12:11:56,684:INFO:Epoch: 850/2000 | Train Loss: 5.302e-01 | Dynamic Loss: 5.302e-01 | Regularization Loss: 4.189e-07 | Val Loss: 5.198e-01 | Time: 4.46s
2025-08-15 12:11:56,684:INFO:New best model found at epoch 850 with validation loss 5.198e-01. Saving...
2025-08-15 12:12:07,083:INFO:Epoch: 900/2000 | Train Loss: 5.256e-01 | Dynamic Loss: 5.256e-01 | Regularization Loss: 4.093e-07 | Val Loss: 5.172e-01 | Time: 10.39s
2025-08-15 12:12:07,083:INFO:New best model found at epoch 900 with validation loss 5.172e-01. Saving...
2025-08-15 12:12:11,644:INFO:Epoch: 950/2000 | Train Loss: 5.228e-01 | Dynamic Loss: 5.228e-01 | Regularization Loss: 3.974e-07 | Val Loss: 5.125e-01 | Time: 4.55s
2025-08-15 12:12:11,644:INFO:New best model found at epoch 950 with validation loss 5.125e-01. Saving...
2025-08-15 12:12:16,213:INFO:Epoch: 1000/2000 | Train Loss: 5.212e-01 | Dynamic Loss: 5.212e-01 | Regularization Loss: 3.885e-07 | Val Loss: 5.101e-01 | Time: 4.56s
2025-08-15 12:12:16,213:INFO:New best model found at epoch 1000 with validation loss 5.101e-01. Saving...
2025-08-15 12:12:20,781:INFO:Epoch: 1050/2000 | Train Loss: 5.183e-01 | Dynamic Loss: 5.183e-01 | Regularization Loss: 3.775e-07 | Val Loss: 5.079e-01 | Time: 4.56s
2025-08-15 12:12:20,781:INFO:New best model found at epoch 1050 with validation loss 5.079e-01. Saving...
2025-08-15 12:12:28,781:INFO:Epoch: 1100/2000 | Train Loss: 5.156e-01 | Dynamic Loss: 5.156e-01 | Regularization Loss: 3.696e-07 | Val Loss: 5.047e-01 | Time: 7.99s
2025-08-15 12:12:28,781:INFO:New best model found at epoch 1100 with validation loss 5.047e-01. Saving...
2025-08-15 12:12:33,415:INFO:Epoch: 1150/2000 | Train Loss: 5.122e-01 | Dynamic Loss: 5.122e-01 | Regularization Loss: 3.612e-07 | Val Loss: 5.018e-01 | Time: 4.62s
2025-08-15 12:12:33,415:INFO:New best model found at epoch 1150 with validation loss 5.018e-01. Saving...
2025-08-15 12:12:38,015:INFO:Epoch: 1200/2000 | Train Loss: 5.123e-01 | Dynamic Loss: 5.123e-01 | Regularization Loss: 3.554e-07 | Val Loss: 5.011e-01 | Time: 4.59s
2025-08-15 12:12:38,015:INFO:New best model found at epoch 1200 with validation loss 5.011e-01. Saving...
2025-08-15 12:12:42,570:INFO:Epoch: 1250/2000 | Train Loss: 5.099e-01 | Dynamic Loss: 5.099e-01 | Regularization Loss: 3.485e-07 | Val Loss: 4.967e-01 | Time: 4.55s
2025-08-15 12:12:42,571:INFO:New best model found at epoch 1250 with validation loss 4.967e-01. Saving...
2025-08-15 12:12:47,188:INFO:Epoch: 1300/2000 | Train Loss: 5.078e-01 | Dynamic Loss: 5.078e-01 | Regularization Loss: 3.405e-07 | Val Loss: 4.955e-01 | Time: 4.61s
2025-08-15 12:12:47,188:INFO:New best model found at epoch 1300 with validation loss 4.955e-01. Saving...
2025-08-15 12:12:51,739:INFO:Epoch: 1350/2000 | Train Loss: 5.047e-01 | Dynamic Loss: 5.047e-01 | Regularization Loss: 3.352e-07 | Val Loss: 4.935e-01 | Time: 4.54s
2025-08-15 12:12:51,740:INFO:New best model found at epoch 1350 with validation loss 4.935e-01. Saving...
2025-08-15 12:12:56,301:INFO:Epoch: 1400/2000 | Train Loss: 5.011e-01 | Dynamic Loss: 5.011e-01 | Regularization Loss: 3.269e-07 | Val Loss: 4.912e-01 | Time: 4.55s
2025-08-15 12:12:56,302:INFO:New best model found at epoch 1400 with validation loss 4.912e-01. Saving...
2025-08-15 12:13:00,851:INFO:Epoch: 1450/2000 | Train Loss: 5.012e-01 | Dynamic Loss: 5.012e-01 | Regularization Loss: 3.215e-07 | Val Loss: 4.894e-01 | Time: 4.54s
2025-08-15 12:13:00,852:INFO:New best model found at epoch 1450 with validation loss 4.894e-01. Saving...
2025-08-15 12:13:08,044:INFO:Epoch: 1500/2000 | Train Loss: 5.001e-01 | Dynamic Loss: 5.001e-01 | Regularization Loss: 3.146e-07 | Val Loss: 4.870e-01 | Time: 7.18s
2025-08-15 12:13:08,044:INFO:New best model found at epoch 1500 with validation loss 4.870e-01. Saving...
2025-08-15 12:13:12,664:INFO:Epoch: 1550/2000 | Train Loss: 4.981e-01 | Dynamic Loss: 4.981e-01 | Regularization Loss: 3.113e-07 | Val Loss: 4.858e-01 | Time: 4.61s
2025-08-15 12:13:12,664:INFO:New best model found at epoch 1550 with validation loss 4.858e-01. Saving...
2025-08-15 12:13:17,231:INFO:Epoch: 1600/2000 | Train Loss: 4.951e-01 | Dynamic Loss: 4.951e-01 | Regularization Loss: 3.052e-07 | Val Loss: 4.830e-01 | Time: 4.56s
2025-08-15 12:13:17,231:INFO:New best model found at epoch 1600 with validation loss 4.830e-01. Saving...
2025-08-15 12:13:21,831:INFO:Epoch: 1650/2000 | Train Loss: 4.925e-01 | Dynamic Loss: 4.925e-01 | Regularization Loss: 3.003e-07 | Val Loss: 4.824e-01 | Time: 4.59s
2025-08-15 12:13:21,831:INFO:New best model found at epoch 1650 with validation loss 4.824e-01. Saving...
2025-08-15 12:13:26,524:INFO:Epoch: 1700/2000 | Train Loss: 4.913e-01 | Dynamic Loss: 4.913e-01 | Regularization Loss: 2.942e-07 | Val Loss: 4.806e-01 | Time: 4.68s
2025-08-15 12:13:26,524:INFO:New best model found at epoch 1700 with validation loss 4.806e-01. Saving...
2025-08-15 12:13:33,792:INFO:Epoch: 1750/2000 | Train Loss: 4.894e-01 | Dynamic Loss: 4.894e-01 | Regularization Loss: 2.901e-07 | Val Loss: 4.783e-01 | Time: 7.26s
2025-08-15 12:13:33,792:INFO:New best model found at epoch 1750 with validation loss 4.783e-01. Saving...
2025-08-15 12:13:38,408:INFO:Epoch: 1800/2000 | Train Loss: 4.873e-01 | Dynamic Loss: 4.873e-01 | Regularization Loss: 2.864e-07 | Val Loss: 4.786e-01 | Time: 4.61s
2025-08-15 12:13:43,056:INFO:Epoch: 1850/2000 | Train Loss: 4.876e-01 | Dynamic Loss: 4.876e-01 | Regularization Loss: 2.814e-07 | Val Loss: 4.772e-01 | Time: 4.65s
2025-08-15 12:13:43,056:INFO:New best model found at epoch 1850 with validation loss 4.772e-01. Saving...
2025-08-15 12:13:47,718:INFO:Epoch: 1900/2000 | Train Loss: 4.845e-01 | Dynamic Loss: 4.845e-01 | Regularization Loss: 2.767e-07 | Val Loss: 4.755e-01 | Time: 4.65s
2025-08-15 12:13:47,718:INFO:New best model found at epoch 1900 with validation loss 4.755e-01. Saving...
2025-08-15 12:13:52,307:INFO:Epoch: 1950/2000 | Train Loss: 4.842e-01 | Dynamic Loss: 4.842e-01 | Regularization Loss: 2.712e-07 | Val Loss: 4.745e-01 | Time: 4.58s
2025-08-15 12:13:52,307:INFO:New best model found at epoch 1950 with validation loss 4.745e-01. Saving...
2025-08-15 12:13:56,944:INFO:Epoch: 2000/2000 | Train Loss: 4.812e-01 | Dynamic Loss: 4.812e-01 | Regularization Loss: 2.676e-07 | Val Loss: 4.717e-01 | Time: 4.63s
2025-08-15 12:13:56,944:INFO:New best model found at epoch 2000 with validation loss 4.717e-01. Saving...
2025-08-15 12:15:08,330:INFO:Using device: cuda
2025-08-15 12:15:58,235:INFO:Using device: cuda
2025-08-15 12:17:43,245:INFO:Using device: cuda
2025-08-15 12:18:31,185:INFO:Using device: cuda
2025-08-15 12:20:02,930:INFO:Created DataLoaders with 2994 training samples and 998 validation samples.
2025-08-15 12:20:03,499:INFO:model params: 479490
2025-08-15 12:20:04,214:INFO:Epoch: 0/2000 | Train Loss: 5.094e+00 | Dynamic Loss: 5.094e+00 | Regularization Loss: 6.195e-22 | Val Loss: 3.413e+00 | Time: 0.72s
2025-08-15 12:20:04,215:INFO:New best model found at epoch 0 with validation loss 3.413e+00. Saving...
2025-08-15 12:20:09,067:INFO:Epoch: 50/2000 | Train Loss: 9.023e-01 | Dynamic Loss: 9.023e-01 | Regularization Loss: 2.074e-18 | Val Loss: 9.511e-01 | Time: 4.83s
2025-08-15 12:20:09,068:INFO:New best model found at epoch 50 with validation loss 9.511e-01. Saving...
2025-08-15 12:20:13,449:INFO:Epoch: 100/2000 | Train Loss: 7.129e-01 | Dynamic Loss: 7.129e-01 | Regularization Loss: 1.892e-12 | Val Loss: 7.449e-01 | Time: 4.37s
2025-08-15 12:20:13,449:INFO:New best model found at epoch 100 with validation loss 7.449e-01. Saving...
2025-08-15 12:20:17,961:INFO:Epoch: 150/2000 | Train Loss: 6.426e-01 | Dynamic Loss: 6.426e-01 | Regularization Loss: 7.156e-07 | Val Loss: 6.642e-01 | Time: 4.50s
2025-08-15 12:20:17,962:INFO:New best model found at epoch 150 with validation loss 6.642e-01. Saving...
2025-08-15 12:20:22,450:INFO:Epoch: 200/2000 | Train Loss: 6.088e-01 | Dynamic Loss: 6.088e-01 | Regularization Loss: 6.179e-07 | Val Loss: 6.260e-01 | Time: 4.48s
2025-08-15 12:20:22,450:INFO:New best model found at epoch 200 with validation loss 6.260e-01. Saving...
2025-08-15 12:20:26,882:INFO:Epoch: 250/2000 | Train Loss: 5.933e-01 | Dynamic Loss: 5.933e-01 | Regularization Loss: 6.053e-07 | Val Loss: 6.017e-01 | Time: 4.42s
2025-08-15 12:20:26,882:INFO:New best model found at epoch 250 with validation loss 6.017e-01. Saving...
2025-08-15 12:20:37,492:INFO:Epoch: 300/2000 | Train Loss: 5.795e-01 | Dynamic Loss: 5.795e-01 | Regularization Loss: 5.842e-07 | Val Loss: 5.861e-01 | Time: 10.60s
2025-08-15 12:20:37,492:INFO:New best model found at epoch 300 with validation loss 5.861e-01. Saving...
2025-08-15 12:20:41,966:INFO:Epoch: 350/2000 | Train Loss: 5.721e-01 | Dynamic Loss: 5.721e-01 | Regularization Loss: 5.629e-07 | Val Loss: 5.731e-01 | Time: 4.46s
2025-08-15 12:20:41,966:INFO:New best model found at epoch 350 with validation loss 5.731e-01. Saving...
2025-08-15 12:20:46,460:INFO:Epoch: 400/2000 | Train Loss: 5.639e-01 | Dynamic Loss: 5.639e-01 | Regularization Loss: 5.434e-07 | Val Loss: 5.664e-01 | Time: 4.49s
2025-08-15 12:20:46,460:INFO:New best model found at epoch 400 with validation loss 5.664e-01. Saving...
2025-08-15 12:20:50,923:INFO:Epoch: 450/2000 | Train Loss: 5.590e-01 | Dynamic Loss: 5.590e-01 | Regularization Loss: 5.271e-07 | Val Loss: 5.569e-01 | Time: 4.45s
2025-08-15 12:20:50,923:INFO:New best model found at epoch 450 with validation loss 5.569e-01. Saving...
2025-08-15 12:21:01,154:INFO:Epoch: 500/2000 | Train Loss: 5.568e-01 | Dynamic Loss: 5.568e-01 | Regularization Loss: 5.116e-07 | Val Loss: 5.512e-01 | Time: 10.22s
2025-08-15 12:21:01,154:INFO:New best model found at epoch 500 with validation loss 5.512e-01. Saving...
2025-08-15 12:21:05,713:INFO:Epoch: 550/2000 | Train Loss: 5.524e-01 | Dynamic Loss: 5.524e-01 | Regularization Loss: 4.989e-07 | Val Loss: 5.471e-01 | Time: 4.55s
2025-08-15 12:21:05,713:INFO:New best model found at epoch 550 with validation loss 5.471e-01. Saving...
2025-08-15 12:21:10,314:INFO:Epoch: 600/2000 | Train Loss: 5.473e-01 | Dynamic Loss: 5.473e-01 | Regularization Loss: 4.822e-07 | Val Loss: 5.411e-01 | Time: 4.59s
2025-08-15 12:21:10,314:INFO:New best model found at epoch 600 with validation loss 5.411e-01. Saving...
2025-08-15 12:21:14,871:INFO:Epoch: 650/2000 | Train Loss: 5.429e-01 | Dynamic Loss: 5.429e-01 | Regularization Loss: 4.683e-07 | Val Loss: 5.354e-01 | Time: 4.55s
2025-08-15 12:21:14,871:INFO:New best model found at epoch 650 with validation loss 5.354e-01. Saving...
2025-08-15 12:21:24,893:INFO:Epoch: 700/2000 | Train Loss: 5.436e-01 | Dynamic Loss: 5.436e-01 | Regularization Loss: 4.550e-07 | Val Loss: 5.316e-01 | Time: 10.01s
2025-08-15 12:21:24,893:INFO:New best model found at epoch 700 with validation loss 5.316e-01. Saving...
2025-08-15 12:21:29,460:INFO:Epoch: 750/2000 | Train Loss: 5.353e-01 | Dynamic Loss: 5.353e-01 | Regularization Loss: 4.426e-07 | Val Loss: 5.263e-01 | Time: 4.56s
2025-08-15 12:21:29,460:INFO:New best model found at epoch 750 with validation loss 5.263e-01. Saving...
2025-08-15 12:21:33,987:INFO:Epoch: 800/2000 | Train Loss: 5.325e-01 | Dynamic Loss: 5.325e-01 | Regularization Loss: 4.299e-07 | Val Loss: 5.234e-01 | Time: 4.52s
2025-08-15 12:21:33,987:INFO:New best model found at epoch 800 with validation loss 5.234e-01. Saving...
2025-08-15 12:21:38,526:INFO:Epoch: 850/2000 | Train Loss: 5.302e-01 | Dynamic Loss: 5.302e-01 | Regularization Loss: 4.189e-07 | Val Loss: 5.198e-01 | Time: 4.53s
2025-08-15 12:21:38,526:INFO:New best model found at epoch 850 with validation loss 5.198e-01. Saving...
2025-08-15 12:21:48,901:INFO:Epoch: 900/2000 | Train Loss: 5.256e-01 | Dynamic Loss: 5.256e-01 | Regularization Loss: 4.093e-07 | Val Loss: 5.172e-01 | Time: 10.36s
2025-08-15 12:21:48,901:INFO:New best model found at epoch 900 with validation loss 5.172e-01. Saving...
2025-08-15 12:21:53,357:INFO:Epoch: 950/2000 | Train Loss: 5.228e-01 | Dynamic Loss: 5.228e-01 | Regularization Loss: 3.974e-07 | Val Loss: 5.125e-01 | Time: 4.45s
2025-08-15 12:21:53,357:INFO:New best model found at epoch 950 with validation loss 5.125e-01. Saving...
2025-08-15 12:21:57,923:INFO:Epoch: 1000/2000 | Train Loss: 5.212e-01 | Dynamic Loss: 5.212e-01 | Regularization Loss: 3.885e-07 | Val Loss: 5.101e-01 | Time: 4.56s
2025-08-15 12:21:57,923:INFO:New best model found at epoch 1000 with validation loss 5.101e-01. Saving...
2025-08-15 12:22:02,537:INFO:Epoch: 1050/2000 | Train Loss: 5.183e-01 | Dynamic Loss: 5.183e-01 | Regularization Loss: 3.775e-07 | Val Loss: 5.079e-01 | Time: 4.60s
2025-08-15 12:22:02,537:INFO:New best model found at epoch 1050 with validation loss 5.079e-01. Saving...
2025-08-15 12:22:10,359:INFO:Epoch: 1100/2000 | Train Loss: 5.156e-01 | Dynamic Loss: 5.156e-01 | Regularization Loss: 3.696e-07 | Val Loss: 5.047e-01 | Time: 7.81s
2025-08-15 12:22:10,359:INFO:New best model found at epoch 1100 with validation loss 5.047e-01. Saving...
2025-08-15 12:22:14,930:INFO:Epoch: 1150/2000 | Train Loss: 5.122e-01 | Dynamic Loss: 5.122e-01 | Regularization Loss: 3.612e-07 | Val Loss: 5.018e-01 | Time: 4.56s
2025-08-15 12:22:14,930:INFO:New best model found at epoch 1150 with validation loss 5.018e-01. Saving...
2025-08-15 12:22:19,456:INFO:Epoch: 1200/2000 | Train Loss: 5.123e-01 | Dynamic Loss: 5.123e-01 | Regularization Loss: 3.554e-07 | Val Loss: 5.011e-01 | Time: 4.52s
2025-08-15 12:22:19,456:INFO:New best model found at epoch 1200 with validation loss 5.011e-01. Saving...
2025-08-15 12:22:23,939:INFO:Epoch: 1250/2000 | Train Loss: 5.099e-01 | Dynamic Loss: 5.099e-01 | Regularization Loss: 3.485e-07 | Val Loss: 4.967e-01 | Time: 4.47s
2025-08-15 12:22:23,939:INFO:New best model found at epoch 1250 with validation loss 4.967e-01. Saving...
2025-08-15 12:22:28,606:INFO:Epoch: 1300/2000 | Train Loss: 5.078e-01 | Dynamic Loss: 5.078e-01 | Regularization Loss: 3.405e-07 | Val Loss: 4.955e-01 | Time: 4.66s
2025-08-15 12:22:28,606:INFO:New best model found at epoch 1300 with validation loss 4.955e-01. Saving...
2025-08-15 12:22:33,152:INFO:Epoch: 1350/2000 | Train Loss: 5.047e-01 | Dynamic Loss: 5.047e-01 | Regularization Loss: 3.352e-07 | Val Loss: 4.935e-01 | Time: 4.54s
2025-08-15 12:22:33,152:INFO:New best model found at epoch 1350 with validation loss 4.935e-01. Saving...
2025-08-15 12:22:37,682:INFO:Epoch: 1400/2000 | Train Loss: 5.011e-01 | Dynamic Loss: 5.011e-01 | Regularization Loss: 3.269e-07 | Val Loss: 4.912e-01 | Time: 4.52s
2025-08-15 12:22:37,682:INFO:New best model found at epoch 1400 with validation loss 4.912e-01. Saving...
2025-08-15 12:22:42,219:INFO:Epoch: 1450/2000 | Train Loss: 5.012e-01 | Dynamic Loss: 5.012e-01 | Regularization Loss: 3.215e-07 | Val Loss: 4.894e-01 | Time: 4.53s
2025-08-15 12:22:42,219:INFO:New best model found at epoch 1450 with validation loss 4.894e-01. Saving...
2025-08-15 12:22:49,626:INFO:Epoch: 1500/2000 | Train Loss: 5.001e-01 | Dynamic Loss: 5.001e-01 | Regularization Loss: 3.146e-07 | Val Loss: 4.870e-01 | Time: 7.40s
2025-08-15 12:22:49,626:INFO:New best model found at epoch 1500 with validation loss 4.870e-01. Saving...
2025-08-15 12:22:54,270:INFO:Epoch: 1550/2000 | Train Loss: 4.981e-01 | Dynamic Loss: 4.981e-01 | Regularization Loss: 3.113e-07 | Val Loss: 4.858e-01 | Time: 4.63s
2025-08-15 12:22:54,270:INFO:New best model found at epoch 1550 with validation loss 4.858e-01. Saving...
2025-08-15 12:22:58,903:INFO:Epoch: 1600/2000 | Train Loss: 4.951e-01 | Dynamic Loss: 4.951e-01 | Regularization Loss: 3.052e-07 | Val Loss: 4.830e-01 | Time: 4.62s
2025-08-15 12:22:58,903:INFO:New best model found at epoch 1600 with validation loss 4.830e-01. Saving...
2025-08-15 12:23:03,539:INFO:Epoch: 1650/2000 | Train Loss: 4.925e-01 | Dynamic Loss: 4.925e-01 | Regularization Loss: 3.003e-07 | Val Loss: 4.824e-01 | Time: 4.63s
2025-08-15 12:23:03,540:INFO:New best model found at epoch 1650 with validation loss 4.824e-01. Saving...
2025-08-15 12:23:08,121:INFO:Epoch: 1700/2000 | Train Loss: 4.913e-01 | Dynamic Loss: 4.913e-01 | Regularization Loss: 2.942e-07 | Val Loss: 4.806e-01 | Time: 4.57s
2025-08-15 12:23:08,121:INFO:New best model found at epoch 1700 with validation loss 4.806e-01. Saving...
2025-08-15 12:23:15,616:INFO:Epoch: 1750/2000 | Train Loss: 4.894e-01 | Dynamic Loss: 4.894e-01 | Regularization Loss: 2.901e-07 | Val Loss: 4.783e-01 | Time: 7.49s
2025-08-15 12:23:15,616:INFO:New best model found at epoch 1750 with validation loss 4.783e-01. Saving...
2025-08-15 12:23:20,231:INFO:Epoch: 1800/2000 | Train Loss: 4.873e-01 | Dynamic Loss: 4.873e-01 | Regularization Loss: 2.864e-07 | Val Loss: 4.786e-01 | Time: 4.60s
2025-08-15 12:23:24,794:INFO:Epoch: 1850/2000 | Train Loss: 4.876e-01 | Dynamic Loss: 4.876e-01 | Regularization Loss: 2.814e-07 | Val Loss: 4.772e-01 | Time: 4.56s
2025-08-15 12:23:24,794:INFO:New best model found at epoch 1850 with validation loss 4.772e-01. Saving...
2025-08-15 12:23:29,422:INFO:Epoch: 1900/2000 | Train Loss: 4.845e-01 | Dynamic Loss: 4.845e-01 | Regularization Loss: 2.767e-07 | Val Loss: 4.755e-01 | Time: 4.62s
2025-08-15 12:23:29,422:INFO:New best model found at epoch 1900 with validation loss 4.755e-01. Saving...
2025-08-15 12:23:34,039:INFO:Epoch: 1950/2000 | Train Loss: 4.842e-01 | Dynamic Loss: 4.842e-01 | Regularization Loss: 2.712e-07 | Val Loss: 4.745e-01 | Time: 4.61s
2025-08-15 12:23:34,039:INFO:New best model found at epoch 1950 with validation loss 4.745e-01. Saving...
2025-08-15 12:23:38,598:INFO:Epoch: 2000/2000 | Train Loss: 4.812e-01 | Dynamic Loss: 4.812e-01 | Regularization Loss: 2.676e-07 | Val Loss: 4.717e-01 | Time: 4.55s
2025-08-15 12:23:38,598:INFO:New best model found at epoch 2000 with validation loss 4.717e-01. Saving...
2025-08-15 12:24:38,192:INFO:Using device: cuda
2025-08-15 12:32:17,146:INFO:Created DataLoaders with 2994 training samples and 998 validation samples.
2025-08-15 12:32:17,774:INFO:model params: 479490
2025-08-15 12:34:19,439:INFO:Using device: cuda
2025-08-15 12:35:42,016:INFO:Created DataLoaders with 2994 training samples and 998 validation samples.
2025-08-15 12:35:42,601:INFO:model params: 479490
2025-08-15 12:37:53,484:INFO:Using device: cuda
2025-08-15 12:38:43,073:INFO:Using device: cuda
2025-08-15 12:42:28,557:INFO:Using device: cuda
2025-08-15 12:45:32,361:INFO:Using device: cuda
2025-08-15 12:45:43,536:INFO:Using device: cuda
