2025-08-15 01:37:04,424:INFO:Created DataLoaders with 2994 training samples and 998 validation samples.
2025-08-15 01:37:17,422:INFO:model params: 479490
2025-08-15 01:39:24,666:INFO:Created DataLoaders with 2994 training samples and 998 validation samples.
2025-08-15 01:39:25,273:INFO:model params: 479490
2025-08-15 01:39:30,443:INFO:Epoch: 0/10000 | Train Loss: 1.082e+03 | Dynamic Loss: 1.082e+03 | Regularization Loss: 6.257e-25 | Val Loss: 5.132e+02 | Time: 5.17s
2025-08-15 01:39:30,443:INFO:New best model found at epoch 0 with validation loss 5.132e+02. Saving...
2025-08-15 01:39:34,727:INFO:Epoch: 50/10000 | Train Loss: 4.047e+00 | Dynamic Loss: 4.047e+00 | Regularization Loss: 2.597e-21 | Val Loss: 1.661e+01 | Time: 3.83s
2025-08-15 01:39:34,728:INFO:New best model found at epoch 50 with validation loss 1.661e+01. Saving...
2025-08-15 01:39:38,968:INFO:Epoch: 100/10000 | Train Loss: 2.398e+00 | Dynamic Loss: 2.398e+00 | Regularization Loss: 1.343e-18 | Val Loss: 1.112e+01 | Time: 4.23s
2025-08-15 01:39:38,970:INFO:New best model found at epoch 100 with validation loss 1.112e+01. Saving...
2025-08-15 01:39:42,876:INFO:Epoch: 150/10000 | Train Loss: 1.845e+00 | Dynamic Loss: 1.845e+00 | Regularization Loss: 8.132e-16 | Val Loss: 8.360e+00 | Time: 3.90s
2025-08-15 01:39:42,878:INFO:New best model found at epoch 150 with validation loss 8.360e+00. Saving...
2025-08-15 01:39:46,732:INFO:Epoch: 200/10000 | Train Loss: 1.578e+00 | Dynamic Loss: 1.578e+00 | Regularization Loss: 6.292e-13 | Val Loss: 6.661e+00 | Time: 3.84s
2025-08-15 01:39:46,732:INFO:New best model found at epoch 200 with validation loss 6.661e+00. Saving...
2025-08-15 01:39:50,541:INFO:Epoch: 250/10000 | Train Loss: 1.411e+00 | Dynamic Loss: 1.411e+00 | Regularization Loss: 6.786e-10 | Val Loss: 5.581e+00 | Time: 3.80s
2025-08-15 01:39:50,543:INFO:New best model found at epoch 250 with validation loss 5.581e+00. Saving...
2025-08-15 01:39:54,361:INFO:Epoch: 300/10000 | Train Loss: 1.276e+00 | Dynamic Loss: 1.276e+00 | Regularization Loss: 4.514e-07 | Val Loss: 4.822e+00 | Time: 3.81s
2025-08-15 01:39:54,362:INFO:New best model found at epoch 300 with validation loss 4.822e+00. Saving...
2025-08-15 01:39:58,175:INFO:Epoch: 350/10000 | Train Loss: 1.186e+00 | Dynamic Loss: 1.186e+00 | Regularization Loss: 5.169e-07 | Val Loss: 4.202e+00 | Time: 3.80s
2025-08-15 01:39:58,175:INFO:New best model found at epoch 350 with validation loss 4.202e+00. Saving...
2025-08-15 01:40:01,989:INFO:Epoch: 400/10000 | Train Loss: 1.170e+00 | Dynamic Loss: 1.170e+00 | Regularization Loss: 5.421e-07 | Val Loss: 3.714e+00 | Time: 3.80s
2025-08-15 01:40:01,989:INFO:New best model found at epoch 400 with validation loss 3.714e+00. Saving...
2025-08-15 01:40:05,824:INFO:Epoch: 450/10000 | Train Loss: 1.034e+00 | Dynamic Loss: 1.034e+00 | Regularization Loss: 5.413e-07 | Val Loss: 3.347e+00 | Time: 3.83s
2025-08-15 01:40:05,824:INFO:New best model found at epoch 450 with validation loss 3.347e+00. Saving...
2025-08-15 01:40:09,648:INFO:Epoch: 500/10000 | Train Loss: 9.737e-01 | Dynamic Loss: 9.737e-01 | Regularization Loss: 5.443e-07 | Val Loss: 3.027e+00 | Time: 3.81s
2025-08-15 01:40:09,648:INFO:New best model found at epoch 500 with validation loss 3.027e+00. Saving...
2025-08-15 01:40:13,487:INFO:Epoch: 550/10000 | Train Loss: 9.769e-01 | Dynamic Loss: 9.769e-01 | Regularization Loss: 5.494e-07 | Val Loss: 2.799e+00 | Time: 3.83s
2025-08-15 01:40:13,487:INFO:New best model found at epoch 550 with validation loss 2.799e+00. Saving...
2025-08-15 01:40:17,318:INFO:Epoch: 600/10000 | Train Loss: 9.115e-01 | Dynamic Loss: 9.115e-01 | Regularization Loss: 5.411e-07 | Val Loss: 2.539e+00 | Time: 3.82s
2025-08-15 01:40:17,318:INFO:New best model found at epoch 600 with validation loss 2.539e+00. Saving...
2025-08-15 01:40:21,140:INFO:Epoch: 650/10000 | Train Loss: 8.713e-01 | Dynamic Loss: 8.713e-01 | Regularization Loss: 5.397e-07 | Val Loss: 2.349e+00 | Time: 3.81s
2025-08-15 01:40:21,140:INFO:New best model found at epoch 650 with validation loss 2.349e+00. Saving...
2025-08-15 01:40:24,978:INFO:Epoch: 700/10000 | Train Loss: 9.445e-01 | Dynamic Loss: 9.445e-01 | Regularization Loss: 5.418e-07 | Val Loss: 2.202e+00 | Time: 3.83s
2025-08-15 01:40:24,978:INFO:New best model found at epoch 700 with validation loss 2.202e+00. Saving...
2025-08-15 01:40:28,808:INFO:Epoch: 750/10000 | Train Loss: 9.303e-01 | Dynamic Loss: 9.303e-01 | Regularization Loss: 5.328e-07 | Val Loss: 2.112e+00 | Time: 3.82s
2025-08-15 01:40:28,808:INFO:New best model found at epoch 750 with validation loss 2.112e+00. Saving...
2025-08-15 01:40:33,022:INFO:Epoch: 800/10000 | Train Loss: 9.353e-01 | Dynamic Loss: 9.353e-01 | Regularization Loss: 5.295e-07 | Val Loss: 1.986e+00 | Time: 4.20s
2025-08-15 01:40:33,022:INFO:New best model found at epoch 800 with validation loss 1.986e+00. Saving...
2025-08-15 01:40:37,926:INFO:Epoch: 850/10000 | Train Loss: 7.425e-01 | Dynamic Loss: 7.425e-01 | Regularization Loss: 5.326e-07 | Val Loss: 1.817e+00 | Time: 4.90s
2025-08-15 01:40:37,926:INFO:New best model found at epoch 850 with validation loss 1.817e+00. Saving...
2025-08-15 01:40:43,358:INFO:Epoch: 900/10000 | Train Loss: 8.135e-01 | Dynamic Loss: 8.135e-01 | Regularization Loss: 5.303e-07 | Val Loss: 1.702e+00 | Time: 5.42s
2025-08-15 01:40:43,358:INFO:New best model found at epoch 900 with validation loss 1.702e+00. Saving...
2025-08-15 01:40:51,078:INFO:Epoch: 950/10000 | Train Loss: 8.116e-01 | Dynamic Loss: 8.116e-01 | Regularization Loss: 5.240e-07 | Val Loss: 1.638e+00 | Time: 7.71s
2025-08-15 01:40:51,079:INFO:New best model found at epoch 950 with validation loss 1.638e+00. Saving...
2025-08-15 01:40:58,933:INFO:Epoch: 1000/10000 | Train Loss: 7.658e-01 | Dynamic Loss: 7.658e-01 | Regularization Loss: 5.237e-07 | Val Loss: 1.587e+00 | Time: 7.85s
2025-08-15 01:40:58,933:INFO:New best model found at epoch 1000 with validation loss 1.587e+00. Saving...
2025-08-15 01:41:06,455:INFO:Epoch: 1050/10000 | Train Loss: 7.029e-01 | Dynamic Loss: 7.029e-01 | Regularization Loss: 5.178e-07 | Val Loss: 1.539e+00 | Time: 7.51s
2025-08-15 01:41:06,455:INFO:New best model found at epoch 1050 with validation loss 1.539e+00. Saving...
2025-08-15 01:41:10,288:INFO:Epoch: 1100/10000 | Train Loss: 6.923e-01 | Dynamic Loss: 6.923e-01 | Regularization Loss: 5.205e-07 | Val Loss: 1.397e+00 | Time: 3.82s
2025-08-15 01:41:10,288:INFO:New best model found at epoch 1100 with validation loss 1.397e+00. Saving...
2025-08-15 01:41:14,123:INFO:Epoch: 1150/10000 | Train Loss: 6.596e-01 | Dynamic Loss: 6.596e-01 | Regularization Loss: 5.081e-07 | Val Loss: 1.319e+00 | Time: 3.83s
2025-08-15 01:41:14,123:INFO:New best model found at epoch 1150 with validation loss 1.319e+00. Saving...
2025-08-15 01:41:17,976:INFO:Epoch: 1200/10000 | Train Loss: 6.598e-01 | Dynamic Loss: 6.598e-01 | Regularization Loss: 5.046e-07 | Val Loss: 1.317e+00 | Time: 3.84s
2025-08-15 01:41:17,976:INFO:New best model found at epoch 1200 with validation loss 1.317e+00. Saving...
2025-08-15 01:41:21,806:INFO:Epoch: 1250/10000 | Train Loss: 7.101e-01 | Dynamic Loss: 7.101e-01 | Regularization Loss: 5.016e-07 | Val Loss: 1.335e+00 | Time: 3.82s
2025-08-15 01:41:25,665:INFO:Epoch: 1300/10000 | Train Loss: 6.860e-01 | Dynamic Loss: 6.860e-01 | Regularization Loss: 4.980e-07 | Val Loss: 1.135e+00 | Time: 3.86s
2025-08-15 01:41:25,667:INFO:New best model found at epoch 1300 with validation loss 1.135e+00. Saving...
2025-08-15 01:41:29,513:INFO:Epoch: 1350/10000 | Train Loss: 6.699e-01 | Dynamic Loss: 6.699e-01 | Regularization Loss: 4.952e-07 | Val Loss: 1.126e+00 | Time: 3.84s
2025-08-15 01:41:29,513:INFO:New best model found at epoch 1350 with validation loss 1.126e+00. Saving...
2025-08-15 01:41:33,360:INFO:Epoch: 1400/10000 | Train Loss: 6.858e-01 | Dynamic Loss: 6.858e-01 | Regularization Loss: 4.912e-07 | Val Loss: 1.057e+00 | Time: 3.84s
2025-08-15 01:41:33,360:INFO:New best model found at epoch 1400 with validation loss 1.057e+00. Saving...
2025-08-15 01:41:37,244:INFO:Epoch: 1450/10000 | Train Loss: 6.276e-01 | Dynamic Loss: 6.276e-01 | Regularization Loss: 4.845e-07 | Val Loss: 1.054e+00 | Time: 3.87s
2025-08-15 01:41:37,244:INFO:New best model found at epoch 1450 with validation loss 1.054e+00. Saving...
2025-08-15 01:41:41,085:INFO:Epoch: 1500/10000 | Train Loss: 6.317e-01 | Dynamic Loss: 6.317e-01 | Regularization Loss: 4.796e-07 | Val Loss: 9.673e-01 | Time: 3.83s
2025-08-15 01:41:41,085:INFO:New best model found at epoch 1500 with validation loss 9.673e-01. Saving...
2025-08-15 01:41:44,942:INFO:Epoch: 1550/10000 | Train Loss: 6.118e-01 | Dynamic Loss: 6.118e-01 | Regularization Loss: 4.775e-07 | Val Loss: 9.272e-01 | Time: 3.85s
2025-08-15 01:41:44,942:INFO:New best model found at epoch 1550 with validation loss 9.272e-01. Saving...
2025-08-15 01:41:48,788:INFO:Epoch: 1600/10000 | Train Loss: 6.109e-01 | Dynamic Loss: 6.109e-01 | Regularization Loss: 4.730e-07 | Val Loss: 8.969e-01 | Time: 3.84s
2025-08-15 01:41:48,788:INFO:New best model found at epoch 1600 with validation loss 8.969e-01. Saving...
2025-08-15 01:41:52,626:INFO:Epoch: 1650/10000 | Train Loss: 6.104e-01 | Dynamic Loss: 6.104e-01 | Regularization Loss: 4.720e-07 | Val Loss: 8.834e-01 | Time: 3.83s
2025-08-15 01:41:52,626:INFO:New best model found at epoch 1650 with validation loss 8.834e-01. Saving...
2025-08-15 01:41:56,471:INFO:Epoch: 1700/10000 | Train Loss: 5.975e-01 | Dynamic Loss: 5.975e-01 | Regularization Loss: 4.613e-07 | Val Loss: 8.522e-01 | Time: 3.84s
2025-08-15 01:41:56,471:INFO:New best model found at epoch 1700 with validation loss 8.522e-01. Saving...
2025-08-15 01:42:00,314:INFO:Epoch: 1750/10000 | Train Loss: 6.810e-01 | Dynamic Loss: 6.810e-01 | Regularization Loss: 4.504e-07 | Val Loss: 8.497e-01 | Time: 3.83s
2025-08-15 01:42:00,314:INFO:New best model found at epoch 1750 with validation loss 8.497e-01. Saving...
2025-08-15 01:42:04,159:INFO:Epoch: 1800/10000 | Train Loss: 6.372e-01 | Dynamic Loss: 6.372e-01 | Regularization Loss: 4.605e-07 | Val Loss: 7.875e-01 | Time: 3.84s
2025-08-15 01:42:04,159:INFO:New best model found at epoch 1800 with validation loss 7.875e-01. Saving...
2025-08-15 01:42:08,026:INFO:Epoch: 1850/10000 | Train Loss: 5.949e-01 | Dynamic Loss: 5.949e-01 | Regularization Loss: 4.466e-07 | Val Loss: 7.866e-01 | Time: 3.86s
2025-08-15 01:42:08,026:INFO:New best model found at epoch 1850 with validation loss 7.866e-01. Saving...
2025-08-15 01:42:11,854:INFO:Epoch: 1900/10000 | Train Loss: 6.011e-01 | Dynamic Loss: 6.011e-01 | Regularization Loss: 4.412e-07 | Val Loss: 8.007e-01 | Time: 3.82s
2025-08-15 01:49:47,715:INFO:Created DataLoaders with 2994 training samples and 998 validation samples.
2025-08-15 01:49:48,310:INFO:model params: 479490
2025-08-15 01:50:48,785:INFO:Created DataLoaders with 2994 training samples and 998 validation samples.
2025-08-15 01:50:49,382:INFO:model params: 479490
2025-08-15 01:53:21,555:INFO:Created DataLoaders with 2994 training samples and 998 validation samples.
2025-08-15 01:53:22,164:INFO:model params: 479490
2025-08-15 01:55:23,635:INFO:Created DataLoaders with 2994 training samples and 998 validation samples.
2025-08-15 01:55:24,241:INFO:model params: 479490
2025-08-15 01:55:25,365:INFO:Epoch: 0/10000 | Train Loss: 1.082e+03 | Dynamic Loss: 1.082e+03 | Regularization Loss: 6.257e-25 | Val Loss: 5.132e+02 | Time: 1.12s
2025-08-15 01:55:25,365:INFO:New best model found at epoch 0 with validation loss 5.132e+02. Saving...
2025-08-15 01:58:57,435:INFO:Created DataLoaders with 2994 training samples and 998 validation samples.
2025-08-15 01:58:58,030:INFO:model params: 479490
2025-08-15 01:58:58,623:INFO:Epoch: 0/10000 | Train Loss: 1.082e+03 | Dynamic Loss: 1.082e+03 | Regularization Loss: 6.257e-25 | Val Loss: 5.132e+02 | Time: 0.59s
2025-08-15 01:58:58,623:INFO:New best model found at epoch 0 with validation loss 5.132e+02. Saving...
2025-08-15 01:59:03,023:INFO:Epoch: 50/10000 | Train Loss: 4.047e+00 | Dynamic Loss: 4.047e+00 | Regularization Loss: 2.597e-21 | Val Loss: 1.661e+01 | Time: 4.38s
2025-08-15 01:59:03,023:INFO:New best model found at epoch 50 with validation loss 1.661e+01. Saving...
2025-08-15 01:59:07,542:INFO:Epoch: 100/10000 | Train Loss: 2.398e+00 | Dynamic Loss: 2.398e+00 | Regularization Loss: 1.343e-18 | Val Loss: 1.112e+01 | Time: 4.51s
2025-08-15 01:59:07,542:INFO:New best model found at epoch 100 with validation loss 1.112e+01. Saving...
2025-08-15 01:59:15,335:INFO:Epoch: 150/10000 | Train Loss: 1.845e+00 | Dynamic Loss: 1.845e+00 | Regularization Loss: 8.132e-16 | Val Loss: 8.360e+00 | Time: 7.78s
2025-08-15 01:59:15,335:INFO:New best model found at epoch 150 with validation loss 8.360e+00. Saving...
2025-08-15 01:59:25,853:INFO:Epoch: 200/10000 | Train Loss: 1.578e+00 | Dynamic Loss: 1.578e+00 | Regularization Loss: 6.292e-13 | Val Loss: 6.661e+00 | Time: 10.51s
2025-08-15 01:59:25,853:INFO:New best model found at epoch 200 with validation loss 6.661e+00. Saving...
2025-08-15 01:59:30,490:INFO:Epoch: 250/10000 | Train Loss: 1.411e+00 | Dynamic Loss: 1.411e+00 | Regularization Loss: 6.786e-10 | Val Loss: 5.581e+00 | Time: 4.63s
2025-08-15 01:59:30,492:INFO:New best model found at epoch 250 with validation loss 5.581e+00. Saving...
2025-08-15 01:59:35,080:INFO:Epoch: 300/10000 | Train Loss: 1.276e+00 | Dynamic Loss: 1.276e+00 | Regularization Loss: 4.514e-07 | Val Loss: 4.822e+00 | Time: 4.58s
2025-08-15 01:59:35,081:INFO:New best model found at epoch 300 with validation loss 4.822e+00. Saving...
2025-08-15 01:59:39,636:INFO:Epoch: 350/10000 | Train Loss: 1.186e+00 | Dynamic Loss: 1.186e+00 | Regularization Loss: 5.169e-07 | Val Loss: 4.202e+00 | Time: 4.55s
2025-08-15 01:59:39,638:INFO:New best model found at epoch 350 with validation loss 4.202e+00. Saving...
2025-08-15 01:59:44,179:INFO:Epoch: 400/10000 | Train Loss: 1.170e+00 | Dynamic Loss: 1.170e+00 | Regularization Loss: 5.421e-07 | Val Loss: 3.714e+00 | Time: 4.53s
2025-08-15 01:59:44,179:INFO:New best model found at epoch 400 with validation loss 3.714e+00. Saving...
2025-08-15 01:59:48,785:INFO:Epoch: 450/10000 | Train Loss: 1.034e+00 | Dynamic Loss: 1.034e+00 | Regularization Loss: 5.413e-07 | Val Loss: 3.347e+00 | Time: 4.60s
2025-08-15 01:59:48,785:INFO:New best model found at epoch 450 with validation loss 3.347e+00. Saving...
2025-08-15 01:59:53,388:INFO:Epoch: 500/10000 | Train Loss: 9.737e-01 | Dynamic Loss: 9.737e-01 | Regularization Loss: 5.443e-07 | Val Loss: 3.027e+00 | Time: 4.59s
2025-08-15 01:59:53,390:INFO:New best model found at epoch 500 with validation loss 3.027e+00. Saving...
2025-08-15 02:00:02,705:INFO:Epoch: 550/10000 | Train Loss: 9.769e-01 | Dynamic Loss: 9.769e-01 | Regularization Loss: 5.494e-07 | Val Loss: 2.799e+00 | Time: 9.31s
2025-08-15 02:00:02,705:INFO:New best model found at epoch 550 with validation loss 2.799e+00. Saving...
2025-08-15 02:00:13,166:INFO:Epoch: 600/10000 | Train Loss: 9.115e-01 | Dynamic Loss: 9.115e-01 | Regularization Loss: 5.411e-07 | Val Loss: 2.539e+00 | Time: 10.45s
2025-08-15 02:00:13,166:INFO:New best model found at epoch 600 with validation loss 2.539e+00. Saving...
2025-08-15 02:00:17,835:INFO:Epoch: 650/10000 | Train Loss: 8.713e-01 | Dynamic Loss: 8.713e-01 | Regularization Loss: 5.397e-07 | Val Loss: 2.349e+00 | Time: 4.66s
2025-08-15 02:00:17,835:INFO:New best model found at epoch 650 with validation loss 2.349e+00. Saving...
2025-08-15 02:00:22,517:INFO:Epoch: 700/10000 | Train Loss: 9.445e-01 | Dynamic Loss: 9.445e-01 | Regularization Loss: 5.418e-07 | Val Loss: 2.202e+00 | Time: 4.67s
2025-08-15 02:00:22,517:INFO:New best model found at epoch 700 with validation loss 2.202e+00. Saving...
2025-08-15 02:00:27,277:INFO:Epoch: 750/10000 | Train Loss: 9.303e-01 | Dynamic Loss: 9.303e-01 | Regularization Loss: 5.328e-07 | Val Loss: 2.112e+00 | Time: 4.75s
2025-08-15 02:00:27,277:INFO:New best model found at epoch 750 with validation loss 2.112e+00. Saving...
2025-08-15 02:00:31,938:INFO:Epoch: 800/10000 | Train Loss: 9.353e-01 | Dynamic Loss: 9.353e-01 | Regularization Loss: 5.295e-07 | Val Loss: 1.986e+00 | Time: 4.65s
2025-08-15 02:00:31,938:INFO:New best model found at epoch 800 with validation loss 1.986e+00. Saving...
2025-08-15 02:00:36,579:INFO:Epoch: 850/10000 | Train Loss: 7.425e-01 | Dynamic Loss: 7.425e-01 | Regularization Loss: 5.326e-07 | Val Loss: 1.817e+00 | Time: 4.63s
2025-08-15 02:00:36,579:INFO:New best model found at epoch 850 with validation loss 1.817e+00. Saving...
2025-08-15 02:00:41,123:INFO:Epoch: 900/10000 | Train Loss: 8.135e-01 | Dynamic Loss: 8.135e-01 | Regularization Loss: 5.303e-07 | Val Loss: 1.702e+00 | Time: 4.54s
2025-08-15 02:00:41,124:INFO:New best model found at epoch 900 with validation loss 1.702e+00. Saving...
2025-08-15 02:00:51,567:INFO:Epoch: 950/10000 | Train Loss: 8.116e-01 | Dynamic Loss: 8.116e-01 | Regularization Loss: 5.240e-07 | Val Loss: 1.638e+00 | Time: 10.43s
2025-08-15 02:00:51,567:INFO:New best model found at epoch 950 with validation loss 1.638e+00. Saving...
2025-08-15 02:00:56,308:INFO:Epoch: 1000/10000 | Train Loss: 7.658e-01 | Dynamic Loss: 7.658e-01 | Regularization Loss: 5.237e-07 | Val Loss: 1.587e+00 | Time: 4.73s
2025-08-15 02:00:56,308:INFO:New best model found at epoch 1000 with validation loss 1.587e+00. Saving...
2025-08-15 02:01:01,041:INFO:Epoch: 1050/10000 | Train Loss: 7.029e-01 | Dynamic Loss: 7.029e-01 | Regularization Loss: 5.178e-07 | Val Loss: 1.539e+00 | Time: 4.72s
2025-08-15 02:01:01,041:INFO:New best model found at epoch 1050 with validation loss 1.539e+00. Saving...
2025-08-15 02:01:05,753:INFO:Epoch: 1100/10000 | Train Loss: 6.923e-01 | Dynamic Loss: 6.923e-01 | Regularization Loss: 5.205e-07 | Val Loss: 1.397e+00 | Time: 4.70s
2025-08-15 02:01:05,753:INFO:New best model found at epoch 1100 with validation loss 1.397e+00. Saving...
2025-08-15 02:01:10,358:INFO:Epoch: 1150/10000 | Train Loss: 6.596e-01 | Dynamic Loss: 6.596e-01 | Regularization Loss: 5.081e-07 | Val Loss: 1.319e+00 | Time: 4.60s
2025-08-15 02:01:10,358:INFO:New best model found at epoch 1150 with validation loss 1.319e+00. Saving...
2025-08-15 02:01:14,954:INFO:Epoch: 1200/10000 | Train Loss: 6.598e-01 | Dynamic Loss: 6.598e-01 | Regularization Loss: 5.046e-07 | Val Loss: 1.317e+00 | Time: 4.59s
2025-08-15 02:01:14,954:INFO:New best model found at epoch 1200 with validation loss 1.317e+00. Saving...
2025-08-15 02:01:19,660:INFO:Epoch: 1250/10000 | Train Loss: 7.101e-01 | Dynamic Loss: 7.101e-01 | Regularization Loss: 5.016e-07 | Val Loss: 1.335e+00 | Time: 4.70s
2025-08-15 02:01:29,613:INFO:Epoch: 1300/10000 | Train Loss: 6.860e-01 | Dynamic Loss: 6.860e-01 | Regularization Loss: 4.980e-07 | Val Loss: 1.135e+00 | Time: 9.95s
2025-08-15 02:01:29,613:INFO:New best model found at epoch 1300 with validation loss 1.135e+00. Saving...
2025-08-15 02:01:34,277:INFO:Epoch: 1350/10000 | Train Loss: 6.699e-01 | Dynamic Loss: 6.699e-01 | Regularization Loss: 4.952e-07 | Val Loss: 1.126e+00 | Time: 4.65s
2025-08-15 02:01:34,277:INFO:New best model found at epoch 1350 with validation loss 1.126e+00. Saving...
2025-08-15 02:01:39,150:INFO:Epoch: 1400/10000 | Train Loss: 6.858e-01 | Dynamic Loss: 6.858e-01 | Regularization Loss: 4.912e-07 | Val Loss: 1.057e+00 | Time: 4.86s
2025-08-15 02:01:39,150:INFO:New best model found at epoch 1400 with validation loss 1.057e+00. Saving...
2025-08-15 02:01:43,829:INFO:Epoch: 1450/10000 | Train Loss: 6.276e-01 | Dynamic Loss: 6.276e-01 | Regularization Loss: 4.845e-07 | Val Loss: 1.054e+00 | Time: 4.67s
2025-08-15 02:01:43,829:INFO:New best model found at epoch 1450 with validation loss 1.054e+00. Saving...
2025-08-15 02:01:48,514:INFO:Epoch: 1500/10000 | Train Loss: 6.317e-01 | Dynamic Loss: 6.317e-01 | Regularization Loss: 4.796e-07 | Val Loss: 9.673e-01 | Time: 4.68s
2025-08-15 02:01:48,514:INFO:New best model found at epoch 1500 with validation loss 9.673e-01. Saving...
2025-08-15 02:01:53,113:INFO:Epoch: 1550/10000 | Train Loss: 6.118e-01 | Dynamic Loss: 6.118e-01 | Regularization Loss: 4.775e-07 | Val Loss: 9.272e-01 | Time: 4.59s
2025-08-15 02:01:53,114:INFO:New best model found at epoch 1550 with validation loss 9.272e-01. Saving...
2025-08-15 02:01:57,848:INFO:Epoch: 1600/10000 | Train Loss: 6.109e-01 | Dynamic Loss: 6.109e-01 | Regularization Loss: 4.730e-07 | Val Loss: 8.969e-01 | Time: 4.72s
2025-08-15 02:01:57,848:INFO:New best model found at epoch 1600 with validation loss 8.969e-01. Saving...
2025-08-15 02:02:07,235:INFO:Epoch: 1650/10000 | Train Loss: 6.104e-01 | Dynamic Loss: 6.104e-01 | Regularization Loss: 4.720e-07 | Val Loss: 8.834e-01 | Time: 9.38s
2025-08-15 02:02:07,235:INFO:New best model found at epoch 1650 with validation loss 8.834e-01. Saving...
2025-08-15 02:02:16,777:INFO:Epoch: 1700/10000 | Train Loss: 5.975e-01 | Dynamic Loss: 5.975e-01 | Regularization Loss: 4.613e-07 | Val Loss: 8.522e-01 | Time: 9.53s
2025-08-15 02:02:16,777:INFO:New best model found at epoch 1700 with validation loss 8.522e-01. Saving...
2025-08-15 02:02:21,470:INFO:Epoch: 1750/10000 | Train Loss: 6.810e-01 | Dynamic Loss: 6.810e-01 | Regularization Loss: 4.504e-07 | Val Loss: 8.497e-01 | Time: 4.68s
2025-08-15 02:02:21,470:INFO:New best model found at epoch 1750 with validation loss 8.497e-01. Saving...
2025-08-15 02:02:26,184:INFO:Epoch: 1800/10000 | Train Loss: 6.372e-01 | Dynamic Loss: 6.372e-01 | Regularization Loss: 4.605e-07 | Val Loss: 7.875e-01 | Time: 4.70s
2025-08-15 02:02:26,184:INFO:New best model found at epoch 1800 with validation loss 7.875e-01. Saving...
2025-08-15 02:02:30,903:INFO:Epoch: 1850/10000 | Train Loss: 5.949e-01 | Dynamic Loss: 5.949e-01 | Regularization Loss: 4.466e-07 | Val Loss: 7.866e-01 | Time: 4.71s
2025-08-15 02:02:30,903:INFO:New best model found at epoch 1850 with validation loss 7.866e-01. Saving...
2025-08-15 02:02:35,623:INFO:Epoch: 1900/10000 | Train Loss: 6.011e-01 | Dynamic Loss: 6.011e-01 | Regularization Loss: 4.412e-07 | Val Loss: 8.007e-01 | Time: 4.71s
2025-08-15 02:02:40,322:INFO:Epoch: 1950/10000 | Train Loss: 6.283e-01 | Dynamic Loss: 6.283e-01 | Regularization Loss: 4.382e-07 | Val Loss: 7.288e-01 | Time: 4.70s
2025-08-15 02:02:40,322:INFO:New best model found at epoch 1950 with validation loss 7.288e-01. Saving...
2025-08-15 02:02:45,001:INFO:Epoch: 2000/10000 | Train Loss: 6.416e-01 | Dynamic Loss: 6.416e-01 | Regularization Loss: 4.336e-07 | Val Loss: 7.068e-01 | Time: 4.67s
2025-08-15 02:02:45,002:INFO:New best model found at epoch 2000 with validation loss 7.068e-01. Saving...
2025-08-15 02:02:54,773:INFO:Epoch: 2050/10000 | Train Loss: 6.368e-01 | Dynamic Loss: 6.368e-01 | Regularization Loss: 4.439e-07 | Val Loss: 7.716e-01 | Time: 9.76s
2025-08-15 02:02:59,549:INFO:Epoch: 2100/10000 | Train Loss: 6.095e-01 | Dynamic Loss: 6.095e-01 | Regularization Loss: 4.337e-07 | Val Loss: 7.309e-01 | Time: 4.78s
2025-08-15 02:03:04,250:INFO:Epoch: 2150/10000 | Train Loss: 6.236e-01 | Dynamic Loss: 6.236e-01 | Regularization Loss: 4.283e-07 | Val Loss: 6.580e-01 | Time: 4.70s
2025-08-15 02:03:04,250:INFO:New best model found at epoch 2150 with validation loss 6.580e-01. Saving...
2025-08-15 02:03:08,941:INFO:Epoch: 2200/10000 | Train Loss: 5.996e-01 | Dynamic Loss: 5.996e-01 | Regularization Loss: 4.220e-07 | Val Loss: 6.673e-01 | Time: 4.68s
2025-08-15 02:03:13,598:INFO:Epoch: 2250/10000 | Train Loss: 5.622e-01 | Dynamic Loss: 5.622e-01 | Regularization Loss: 4.090e-07 | Val Loss: 6.192e-01 | Time: 4.66s
2025-08-15 02:03:13,598:INFO:New best model found at epoch 2250 with validation loss 6.192e-01. Saving...
2025-08-15 02:03:18,272:INFO:Epoch: 2300/10000 | Train Loss: 5.603e-01 | Dynamic Loss: 5.603e-01 | Regularization Loss: 4.048e-07 | Val Loss: 6.162e-01 | Time: 4.66s
2025-08-15 02:03:18,272:INFO:New best model found at epoch 2300 with validation loss 6.162e-01. Saving...
2025-08-15 02:03:22,993:INFO:Epoch: 2350/10000 | Train Loss: 5.777e-01 | Dynamic Loss: 5.777e-01 | Regularization Loss: 4.022e-07 | Val Loss: 6.056e-01 | Time: 4.71s
2025-08-15 02:03:22,994:INFO:New best model found at epoch 2350 with validation loss 6.056e-01. Saving...
2025-08-15 02:03:29,234:INFO:Epoch: 2400/10000 | Train Loss: 5.964e-01 | Dynamic Loss: 5.964e-01 | Regularization Loss: 4.049e-07 | Val Loss: 5.919e-01 | Time: 6.23s
2025-08-15 02:03:29,234:INFO:New best model found at epoch 2400 with validation loss 5.919e-01. Saving...
2025-08-15 02:03:40,803:INFO:Epoch: 2450/10000 | Train Loss: 5.818e-01 | Dynamic Loss: 5.818e-01 | Regularization Loss: 3.992e-07 | Val Loss: 6.279e-01 | Time: 11.56s
2025-08-15 02:03:45,568:INFO:Epoch: 2500/10000 | Train Loss: 5.811e-01 | Dynamic Loss: 5.811e-01 | Regularization Loss: 4.001e-07 | Val Loss: 5.779e-01 | Time: 4.76s
2025-08-15 02:03:45,568:INFO:New best model found at epoch 2500 with validation loss 5.779e-01. Saving...
2025-08-15 02:03:50,208:INFO:Epoch: 2550/10000 | Train Loss: 5.749e-01 | Dynamic Loss: 5.749e-01 | Regularization Loss: 3.912e-07 | Val Loss: 6.075e-01 | Time: 4.63s
2025-08-15 02:03:55,040:INFO:Epoch: 2600/10000 | Train Loss: 5.619e-01 | Dynamic Loss: 5.619e-01 | Regularization Loss: 3.863e-07 | Val Loss: 5.948e-01 | Time: 4.83s
2025-08-15 02:03:59,752:INFO:Epoch: 2650/10000 | Train Loss: 5.614e-01 | Dynamic Loss: 5.614e-01 | Regularization Loss: 3.808e-07 | Val Loss: 5.777e-01 | Time: 4.71s
2025-08-15 02:03:59,752:INFO:New best model found at epoch 2650 with validation loss 5.777e-01. Saving...
2025-08-15 02:04:04,407:INFO:Epoch: 2700/10000 | Train Loss: 5.610e-01 | Dynamic Loss: 5.610e-01 | Regularization Loss: 3.789e-07 | Val Loss: 5.819e-01 | Time: 4.65s
2025-08-15 02:04:09,253:INFO:Epoch: 2750/10000 | Train Loss: 5.659e-01 | Dynamic Loss: 5.659e-01 | Regularization Loss: 3.792e-07 | Val Loss: 5.468e-01 | Time: 4.85s
2025-08-15 02:04:09,253:INFO:New best model found at epoch 2750 with validation loss 5.468e-01. Saving...
2025-08-15 02:04:20,180:INFO:Epoch: 2800/10000 | Train Loss: 5.427e-01 | Dynamic Loss: 5.427e-01 | Regularization Loss: 3.634e-07 | Val Loss: 5.454e-01 | Time: 10.92s
2025-08-15 02:04:20,180:INFO:New best model found at epoch 2800 with validation loss 5.454e-01. Saving...
2025-08-15 02:04:24,983:INFO:Epoch: 2850/10000 | Train Loss: 5.743e-01 | Dynamic Loss: 5.743e-01 | Regularization Loss: 3.621e-07 | Val Loss: 5.408e-01 | Time: 4.79s
2025-08-15 02:04:24,983:INFO:New best model found at epoch 2850 with validation loss 5.408e-01. Saving...
2025-08-15 02:04:29,799:INFO:Epoch: 2900/10000 | Train Loss: 5.525e-01 | Dynamic Loss: 5.525e-01 | Regularization Loss: 3.669e-07 | Val Loss: 5.598e-01 | Time: 4.81s
2025-08-15 02:04:34,578:INFO:Epoch: 2950/10000 | Train Loss: 5.535e-01 | Dynamic Loss: 5.535e-01 | Regularization Loss: 3.577e-07 | Val Loss: 5.661e-01 | Time: 4.78s
2025-08-15 02:04:39,242:INFO:Epoch: 3000/10000 | Train Loss: 5.489e-01 | Dynamic Loss: 5.489e-01 | Regularization Loss: 3.573e-07 | Val Loss: 5.495e-01 | Time: 4.66s
2025-08-15 02:04:43,967:INFO:Epoch: 3050/10000 | Train Loss: 5.533e-01 | Dynamic Loss: 5.533e-01 | Regularization Loss: 3.474e-07 | Val Loss: 5.310e-01 | Time: 4.72s
2025-08-15 02:04:43,967:INFO:New best model found at epoch 3050 with validation loss 5.310e-01. Saving...
2025-08-15 02:04:48,656:INFO:Epoch: 3100/10000 | Train Loss: 5.627e-01 | Dynamic Loss: 5.627e-01 | Regularization Loss: 3.485e-07 | Val Loss: 5.391e-01 | Time: 4.68s
2025-08-15 02:04:59,605:INFO:Epoch: 3150/10000 | Train Loss: 5.385e-01 | Dynamic Loss: 5.385e-01 | Regularization Loss: 3.479e-07 | Val Loss: 5.504e-01 | Time: 10.95s
2025-08-15 02:05:04,428:INFO:Epoch: 3200/10000 | Train Loss: 5.507e-01 | Dynamic Loss: 5.507e-01 | Regularization Loss: 3.434e-07 | Val Loss: 5.358e-01 | Time: 4.82s
2025-08-15 02:05:09,235:INFO:Epoch: 3250/10000 | Train Loss: 5.407e-01 | Dynamic Loss: 5.407e-01 | Regularization Loss: 3.424e-07 | Val Loss: 5.425e-01 | Time: 4.81s
2025-08-15 02:05:14,062:INFO:Epoch: 3300/10000 | Train Loss: 5.359e-01 | Dynamic Loss: 5.359e-01 | Regularization Loss: 3.399e-07 | Val Loss: 5.547e-01 | Time: 4.83s
2025-08-15 02:05:18,805:INFO:Epoch: 3350/10000 | Train Loss: 5.415e-01 | Dynamic Loss: 5.415e-01 | Regularization Loss: 3.316e-07 | Val Loss: 5.283e-01 | Time: 4.74s
2025-08-15 02:05:18,805:INFO:New best model found at epoch 3350 with validation loss 5.283e-01. Saving...
2025-08-15 02:05:23,462:INFO:Epoch: 3400/10000 | Train Loss: 5.383e-01 | Dynamic Loss: 5.383e-01 | Regularization Loss: 3.281e-07 | Val Loss: 5.223e-01 | Time: 4.65s
2025-08-15 02:05:23,462:INFO:New best model found at epoch 3400 with validation loss 5.223e-01. Saving...
2025-08-15 02:05:28,243:INFO:Epoch: 3450/10000 | Train Loss: 5.460e-01 | Dynamic Loss: 5.460e-01 | Regularization Loss: 3.291e-07 | Val Loss: 5.228e-01 | Time: 4.77s
2025-08-15 02:05:37,487:INFO:Epoch: 3500/10000 | Train Loss: 5.384e-01 | Dynamic Loss: 5.384e-01 | Regularization Loss: 3.252e-07 | Val Loss: 5.286e-01 | Time: 9.24s
2025-08-15 02:05:47,439:INFO:Epoch: 3550/10000 | Train Loss: 5.358e-01 | Dynamic Loss: 5.358e-01 | Regularization Loss: 3.191e-07 | Val Loss: 5.230e-01 | Time: 9.95s
2025-08-15 02:05:52,231:INFO:Epoch: 3600/10000 | Train Loss: 5.311e-01 | Dynamic Loss: 5.311e-01 | Regularization Loss: 3.158e-07 | Val Loss: 5.176e-01 | Time: 4.79s
2025-08-15 02:05:52,231:INFO:New best model found at epoch 3600 with validation loss 5.176e-01. Saving...
2025-08-15 02:05:57,083:INFO:Epoch: 3650/10000 | Train Loss: 5.240e-01 | Dynamic Loss: 5.240e-01 | Regularization Loss: 3.115e-07 | Val Loss: 5.153e-01 | Time: 4.84s
2025-08-15 02:05:57,083:INFO:New best model found at epoch 3650 with validation loss 5.153e-01. Saving...
2025-08-15 02:06:01,839:INFO:Epoch: 3700/10000 | Train Loss: 5.357e-01 | Dynamic Loss: 5.357e-01 | Regularization Loss: 3.086e-07 | Val Loss: 5.165e-01 | Time: 4.75s
2025-08-15 02:06:06,515:INFO:Epoch: 3750/10000 | Train Loss: 5.302e-01 | Dynamic Loss: 5.302e-01 | Regularization Loss: 3.115e-07 | Val Loss: 5.255e-01 | Time: 4.68s
2025-08-15 02:06:11,309:INFO:Epoch: 3800/10000 | Train Loss: 5.311e-01 | Dynamic Loss: 5.311e-01 | Regularization Loss: 3.053e-07 | Val Loss: 5.344e-01 | Time: 4.79s
2025-08-15 02:06:20,347:INFO:Epoch: 3850/10000 | Train Loss: 5.210e-01 | Dynamic Loss: 5.210e-01 | Regularization Loss: 3.002e-07 | Val Loss: 5.152e-01 | Time: 9.04s
2025-08-15 02:06:20,347:INFO:New best model found at epoch 3850 with validation loss 5.152e-01. Saving...
2025-08-15 02:06:30,538:INFO:Epoch: 3900/10000 | Train Loss: 5.179e-01 | Dynamic Loss: 5.179e-01 | Regularization Loss: 2.977e-07 | Val Loss: 5.105e-01 | Time: 10.18s
2025-08-15 02:06:30,538:INFO:New best model found at epoch 3900 with validation loss 5.105e-01. Saving...
2025-08-15 02:06:35,320:INFO:Epoch: 3950/10000 | Train Loss: 5.302e-01 | Dynamic Loss: 5.302e-01 | Regularization Loss: 2.970e-07 | Val Loss: 5.156e-01 | Time: 4.77s
2025-08-15 02:06:40,137:INFO:Epoch: 4000/10000 | Train Loss: 5.200e-01 | Dynamic Loss: 5.200e-01 | Regularization Loss: 2.961e-07 | Val Loss: 5.182e-01 | Time: 4.82s
2025-08-15 02:06:44,940:INFO:Epoch: 4050/10000 | Train Loss: 5.224e-01 | Dynamic Loss: 5.224e-01 | Regularization Loss: 2.912e-07 | Val Loss: 5.085e-01 | Time: 4.80s
2025-08-15 02:06:44,940:INFO:New best model found at epoch 4050 with validation loss 5.085e-01. Saving...
2025-08-15 02:06:49,674:INFO:Epoch: 4100/10000 | Train Loss: 5.260e-01 | Dynamic Loss: 5.260e-01 | Regularization Loss: 2.925e-07 | Val Loss: 5.171e-01 | Time: 4.72s
2025-08-15 02:06:54,317:INFO:Epoch: 4150/10000 | Train Loss: 5.198e-01 | Dynamic Loss: 5.198e-01 | Regularization Loss: 2.880e-07 | Val Loss: 5.086e-01 | Time: 4.64s
2025-08-15 02:06:58,975:INFO:Epoch: 4200/10000 | Train Loss: 5.212e-01 | Dynamic Loss: 5.212e-01 | Regularization Loss: 2.844e-07 | Val Loss: 5.056e-01 | Time: 4.66s
2025-08-15 02:06:58,975:INFO:New best model found at epoch 4200 with validation loss 5.056e-01. Saving...
2025-08-15 02:07:07,472:INFO:Epoch: 4250/10000 | Train Loss: 5.152e-01 | Dynamic Loss: 5.152e-01 | Regularization Loss: 2.825e-07 | Val Loss: 5.054e-01 | Time: 8.49s
2025-08-15 02:07:07,472:INFO:New best model found at epoch 4250 with validation loss 5.054e-01. Saving...
2025-08-15 02:07:12,140:INFO:Epoch: 4300/10000 | Train Loss: 5.149e-01 | Dynamic Loss: 5.149e-01 | Regularization Loss: 2.802e-07 | Val Loss: 5.105e-01 | Time: 4.66s
2025-08-15 02:07:16,802:INFO:Epoch: 4350/10000 | Train Loss: 5.111e-01 | Dynamic Loss: 5.111e-01 | Regularization Loss: 2.770e-07 | Val Loss: 5.034e-01 | Time: 4.66s
2025-08-15 02:07:16,802:INFO:New best model found at epoch 4350 with validation loss 5.034e-01. Saving...
2025-08-15 02:07:21,532:INFO:Epoch: 4400/10000 | Train Loss: 5.128e-01 | Dynamic Loss: 5.128e-01 | Regularization Loss: 2.752e-07 | Val Loss: 5.075e-01 | Time: 4.72s
2025-08-15 02:07:26,173:INFO:Epoch: 4450/10000 | Train Loss: 5.157e-01 | Dynamic Loss: 5.157e-01 | Regularization Loss: 2.724e-07 | Val Loss: 5.027e-01 | Time: 4.64s
2025-08-15 02:07:26,173:INFO:New best model found at epoch 4450 with validation loss 5.027e-01. Saving...
2025-08-15 02:07:30,933:INFO:Epoch: 4500/10000 | Train Loss: 5.186e-01 | Dynamic Loss: 5.186e-01 | Regularization Loss: 2.731e-07 | Val Loss: 5.020e-01 | Time: 4.75s
2025-08-15 02:07:30,933:INFO:New best model found at epoch 4500 with validation loss 5.020e-01. Saving...
2025-08-15 02:07:35,672:INFO:Epoch: 4550/10000 | Train Loss: 5.113e-01 | Dynamic Loss: 5.113e-01 | Regularization Loss: 2.695e-07 | Val Loss: 5.043e-01 | Time: 4.73s
2025-08-15 02:07:40,305:INFO:Epoch: 4600/10000 | Train Loss: 5.140e-01 | Dynamic Loss: 5.140e-01 | Regularization Loss: 2.680e-07 | Val Loss: 5.160e-01 | Time: 4.63s
2025-08-15 02:07:50,119:INFO:Epoch: 4650/10000 | Train Loss: 5.111e-01 | Dynamic Loss: 5.111e-01 | Regularization Loss: 2.644e-07 | Val Loss: 5.012e-01 | Time: 9.81s
2025-08-15 02:07:50,119:INFO:New best model found at epoch 4650 with validation loss 5.012e-01. Saving...
2025-08-15 02:07:54,913:INFO:Epoch: 4700/10000 | Train Loss: 5.085e-01 | Dynamic Loss: 5.085e-01 | Regularization Loss: 2.648e-07 | Val Loss: 5.115e-01 | Time: 4.78s
2025-08-15 02:07:59,679:INFO:Epoch: 4750/10000 | Train Loss: 5.121e-01 | Dynamic Loss: 5.121e-01 | Regularization Loss: 2.620e-07 | Val Loss: 5.065e-01 | Time: 4.77s
2025-08-15 02:08:04,502:INFO:Epoch: 4800/10000 | Train Loss: 5.083e-01 | Dynamic Loss: 5.083e-01 | Regularization Loss: 2.600e-07 | Val Loss: 4.966e-01 | Time: 4.82s
2025-08-15 02:08:04,502:INFO:New best model found at epoch 4800 with validation loss 4.966e-01. Saving...
2025-08-15 02:08:09,220:INFO:Epoch: 4850/10000 | Train Loss: 5.086e-01 | Dynamic Loss: 5.086e-01 | Regularization Loss: 2.573e-07 | Val Loss: 4.996e-01 | Time: 4.71s
2025-08-15 02:08:13,962:INFO:Epoch: 4900/10000 | Train Loss: 5.107e-01 | Dynamic Loss: 5.107e-01 | Regularization Loss: 2.552e-07 | Val Loss: 5.020e-01 | Time: 4.74s
2025-08-15 02:08:18,526:INFO:Epoch: 4950/10000 | Train Loss: 5.068e-01 | Dynamic Loss: 5.068e-01 | Regularization Loss: 2.536e-07 | Val Loss: 5.010e-01 | Time: 4.56s
2025-08-15 02:08:26,966:INFO:Epoch: 5000/10000 | Train Loss: 5.064e-01 | Dynamic Loss: 5.064e-01 | Regularization Loss: 2.532e-07 | Val Loss: 4.967e-01 | Time: 8.44s
2025-08-15 02:08:31,618:INFO:Epoch: 5050/10000 | Train Loss: 5.055e-01 | Dynamic Loss: 5.055e-01 | Regularization Loss: 2.501e-07 | Val Loss: 4.980e-01 | Time: 4.65s
2025-08-15 02:08:36,360:INFO:Epoch: 5100/10000 | Train Loss: 5.040e-01 | Dynamic Loss: 5.040e-01 | Regularization Loss: 2.486e-07 | Val Loss: 4.964e-01 | Time: 4.74s
2025-08-15 02:08:36,360:INFO:New best model found at epoch 5100 with validation loss 4.964e-01. Saving...
2025-08-15 02:08:41,109:INFO:Epoch: 5150/10000 | Train Loss: 5.042e-01 | Dynamic Loss: 5.042e-01 | Regularization Loss: 2.459e-07 | Val Loss: 4.954e-01 | Time: 4.74s
2025-08-15 02:08:41,109:INFO:New best model found at epoch 5150 with validation loss 4.954e-01. Saving...
2025-08-15 02:08:45,834:INFO:Epoch: 5200/10000 | Train Loss: 5.010e-01 | Dynamic Loss: 5.010e-01 | Regularization Loss: 2.432e-07 | Val Loss: 4.970e-01 | Time: 4.72s
2025-08-15 02:08:50,567:INFO:Epoch: 5250/10000 | Train Loss: 5.070e-01 | Dynamic Loss: 5.070e-01 | Regularization Loss: 2.436e-07 | Val Loss: 4.988e-01 | Time: 4.73s
2025-08-15 02:08:55,224:INFO:Epoch: 5300/10000 | Train Loss: 5.064e-01 | Dynamic Loss: 5.064e-01 | Regularization Loss: 2.429e-07 | Val Loss: 4.976e-01 | Time: 4.66s
2025-08-15 02:08:59,824:INFO:Epoch: 5350/10000 | Train Loss: 5.030e-01 | Dynamic Loss: 5.030e-01 | Regularization Loss: 2.396e-07 | Val Loss: 4.990e-01 | Time: 4.60s
2025-08-15 02:09:06,861:INFO:Epoch: 5400/10000 | Train Loss: 5.012e-01 | Dynamic Loss: 5.012e-01 | Regularization Loss: 2.369e-07 | Val Loss: 4.930e-01 | Time: 7.04s
2025-08-15 02:09:06,862:INFO:New best model found at epoch 5400 with validation loss 4.930e-01. Saving...
2025-08-15 02:09:17,853:INFO:Epoch: 5450/10000 | Train Loss: 5.012e-01 | Dynamic Loss: 5.012e-01 | Regularization Loss: 2.381e-07 | Val Loss: 4.943e-01 | Time: 10.98s
2025-08-15 02:09:22,617:INFO:Epoch: 5500/10000 | Train Loss: 5.052e-01 | Dynamic Loss: 5.052e-01 | Regularization Loss: 2.360e-07 | Val Loss: 4.924e-01 | Time: 4.76s
2025-08-15 02:09:22,617:INFO:New best model found at epoch 5500 with validation loss 4.924e-01. Saving...
2025-08-15 02:09:27,327:INFO:Epoch: 5550/10000 | Train Loss: 5.017e-01 | Dynamic Loss: 5.017e-01 | Regularization Loss: 2.326e-07 | Val Loss: 4.901e-01 | Time: 4.70s
2025-08-15 02:09:27,327:INFO:New best model found at epoch 5550 with validation loss 4.901e-01. Saving...
2025-08-15 02:09:32,031:INFO:Epoch: 5600/10000 | Train Loss: 5.040e-01 | Dynamic Loss: 5.040e-01 | Regularization Loss: 2.317e-07 | Val Loss: 4.934e-01 | Time: 4.69s
2025-08-15 02:09:36,767:INFO:Epoch: 5650/10000 | Train Loss: 5.006e-01 | Dynamic Loss: 5.006e-01 | Regularization Loss: 2.316e-07 | Val Loss: 4.935e-01 | Time: 4.74s
2025-08-15 02:09:41,489:INFO:Epoch: 5700/10000 | Train Loss: 5.018e-01 | Dynamic Loss: 5.018e-01 | Regularization Loss: 2.288e-07 | Val Loss: 4.937e-01 | Time: 4.72s
2025-08-15 02:09:47,533:INFO:Epoch: 5750/10000 | Train Loss: 5.012e-01 | Dynamic Loss: 5.012e-01 | Regularization Loss: 2.282e-07 | Val Loss: 4.939e-01 | Time: 6.04s
2025-08-15 02:09:58,008:INFO:Epoch: 5800/10000 | Train Loss: 4.981e-01 | Dynamic Loss: 4.981e-01 | Regularization Loss: 2.260e-07 | Val Loss: 4.872e-01 | Time: 10.47s
2025-08-15 02:09:58,008:INFO:New best model found at epoch 5800 with validation loss 4.872e-01. Saving...
2025-08-15 02:10:02,751:INFO:Epoch: 5850/10000 | Train Loss: 5.006e-01 | Dynamic Loss: 5.006e-01 | Regularization Loss: 2.254e-07 | Val Loss: 4.935e-01 | Time: 4.73s
2025-08-15 02:10:07,479:INFO:Epoch: 5900/10000 | Train Loss: 4.993e-01 | Dynamic Loss: 4.993e-01 | Regularization Loss: 2.208e-07 | Val Loss: 4.879e-01 | Time: 4.73s
2025-08-15 02:10:12,199:INFO:Epoch: 5950/10000 | Train Loss: 4.970e-01 | Dynamic Loss: 4.970e-01 | Regularization Loss: 2.210e-07 | Val Loss: 4.876e-01 | Time: 4.72s
2025-08-15 02:10:16,913:INFO:Epoch: 6000/10000 | Train Loss: 4.991e-01 | Dynamic Loss: 4.991e-01 | Regularization Loss: 2.174e-07 | Val Loss: 4.880e-01 | Time: 4.71s
2025-08-15 02:10:21,588:INFO:Epoch: 6050/10000 | Train Loss: 4.954e-01 | Dynamic Loss: 4.954e-01 | Regularization Loss: 2.191e-07 | Val Loss: 4.859e-01 | Time: 4.67s
2025-08-15 02:10:21,588:INFO:New best model found at epoch 6050 with validation loss 4.859e-01. Saving...
2025-08-15 02:10:28,272:INFO:Epoch: 6100/10000 | Train Loss: 4.995e-01 | Dynamic Loss: 4.995e-01 | Regularization Loss: 2.149e-07 | Val Loss: 4.899e-01 | Time: 6.67s
2025-08-15 02:10:38,393:INFO:Epoch: 6150/10000 | Train Loss: 4.963e-01 | Dynamic Loss: 4.963e-01 | Regularization Loss: 2.149e-07 | Val Loss: 4.849e-01 | Time: 10.12s
2025-08-15 02:10:38,393:INFO:New best model found at epoch 6150 with validation loss 4.849e-01. Saving...
2025-08-15 02:10:43,076:INFO:Epoch: 6200/10000 | Train Loss: 4.925e-01 | Dynamic Loss: 4.925e-01 | Regularization Loss: 2.125e-07 | Val Loss: 4.870e-01 | Time: 4.67s
2025-08-15 02:10:47,688:INFO:Epoch: 6250/10000 | Train Loss: 4.949e-01 | Dynamic Loss: 4.949e-01 | Regularization Loss: 2.087e-07 | Val Loss: 4.863e-01 | Time: 4.61s
2025-08-15 02:10:52,534:INFO:Epoch: 6300/10000 | Train Loss: 4.947e-01 | Dynamic Loss: 4.947e-01 | Regularization Loss: 2.069e-07 | Val Loss: 4.843e-01 | Time: 4.85s
2025-08-15 02:10:52,534:INFO:New best model found at epoch 6300 with validation loss 4.843e-01. Saving...
2025-08-15 02:10:57,297:INFO:Epoch: 6350/10000 | Train Loss: 4.920e-01 | Dynamic Loss: 4.920e-01 | Regularization Loss: 2.105e-07 | Val Loss: 4.859e-01 | Time: 4.75s
2025-08-15 02:11:02,046:INFO:Epoch: 6400/10000 | Train Loss: 4.928e-01 | Dynamic Loss: 4.928e-01 | Regularization Loss: 2.075e-07 | Val Loss: 4.905e-01 | Time: 4.75s
2025-08-15 02:11:06,800:INFO:Epoch: 6450/10000 | Train Loss: 4.908e-01 | Dynamic Loss: 4.908e-01 | Regularization Loss: 2.042e-07 | Val Loss: 4.809e-01 | Time: 4.75s
2025-08-15 02:11:06,800:INFO:New best model found at epoch 6450 with validation loss 4.809e-01. Saving...
2025-08-15 02:11:14,586:INFO:Epoch: 6500/10000 | Train Loss: 4.898e-01 | Dynamic Loss: 4.898e-01 | Regularization Loss: 2.041e-07 | Val Loss: 4.816e-01 | Time: 7.78s
2025-08-15 02:11:19,338:INFO:Epoch: 6550/10000 | Train Loss: 4.859e-01 | Dynamic Loss: 4.859e-01 | Regularization Loss: 2.035e-07 | Val Loss: 4.795e-01 | Time: 4.75s
2025-08-15 02:11:19,338:INFO:New best model found at epoch 6550 with validation loss 4.795e-01. Saving...
2025-08-15 02:11:24,119:INFO:Epoch: 6600/10000 | Train Loss: 4.901e-01 | Dynamic Loss: 4.901e-01 | Regularization Loss: 2.005e-07 | Val Loss: 4.846e-01 | Time: 4.77s
2025-08-15 02:11:28,886:INFO:Epoch: 6650/10000 | Train Loss: 4.842e-01 | Dynamic Loss: 4.842e-01 | Regularization Loss: 1.979e-07 | Val Loss: 4.782e-01 | Time: 4.77s
2025-08-15 02:11:28,886:INFO:New best model found at epoch 6650 with validation loss 4.782e-01. Saving...
2025-08-15 02:11:33,644:INFO:Epoch: 6700/10000 | Train Loss: 4.843e-01 | Dynamic Loss: 4.843e-01 | Regularization Loss: 1.981e-07 | Val Loss: 4.760e-01 | Time: 4.75s
2025-08-15 02:11:33,644:INFO:New best model found at epoch 6700 with validation loss 4.760e-01. Saving...
2025-08-15 02:11:38,416:INFO:Epoch: 6750/10000 | Train Loss: 4.857e-01 | Dynamic Loss: 4.857e-01 | Regularization Loss: 1.965e-07 | Val Loss: 4.783e-01 | Time: 4.76s
2025-08-15 02:11:43,066:INFO:Epoch: 6800/10000 | Train Loss: 4.851e-01 | Dynamic Loss: 4.851e-01 | Regularization Loss: 1.948e-07 | Val Loss: 4.801e-01 | Time: 4.65s
2025-08-15 02:11:51,658:INFO:Epoch: 6850/10000 | Train Loss: 4.823e-01 | Dynamic Loss: 4.823e-01 | Regularization Loss: 1.945e-07 | Val Loss: 4.771e-01 | Time: 8.59s
2025-08-15 02:11:56,428:INFO:Epoch: 6900/10000 | Train Loss: 4.821e-01 | Dynamic Loss: 4.821e-01 | Regularization Loss: 1.913e-07 | Val Loss: 4.753e-01 | Time: 4.77s
2025-08-15 02:11:56,429:INFO:New best model found at epoch 6900 with validation loss 4.753e-01. Saving...
2025-08-15 02:12:01,142:INFO:Epoch: 6950/10000 | Train Loss: 4.855e-01 | Dynamic Loss: 4.855e-01 | Regularization Loss: 1.932e-07 | Val Loss: 4.752e-01 | Time: 4.70s
2025-08-15 02:12:01,142:INFO:New best model found at epoch 6950 with validation loss 4.752e-01. Saving...
2025-08-15 02:12:05,900:INFO:Epoch: 7000/10000 | Train Loss: 4.841e-01 | Dynamic Loss: 4.841e-01 | Regularization Loss: 1.918e-07 | Val Loss: 4.737e-01 | Time: 4.75s
2025-08-15 02:12:05,900:INFO:New best model found at epoch 7000 with validation loss 4.737e-01. Saving...
2025-08-15 02:12:10,670:INFO:Epoch: 7050/10000 | Train Loss: 4.822e-01 | Dynamic Loss: 4.822e-01 | Regularization Loss: 1.894e-07 | Val Loss: 4.730e-01 | Time: 4.76s
2025-08-15 02:12:10,670:INFO:New best model found at epoch 7050 with validation loss 4.730e-01. Saving...
2025-08-15 02:12:15,429:INFO:Epoch: 7100/10000 | Train Loss: 4.820e-01 | Dynamic Loss: 4.820e-01 | Regularization Loss: 1.874e-07 | Val Loss: 4.740e-01 | Time: 4.75s
2025-08-15 02:12:20,139:INFO:Epoch: 7150/10000 | Train Loss: 4.815e-01 | Dynamic Loss: 4.815e-01 | Regularization Loss: 1.884e-07 | Val Loss: 4.748e-01 | Time: 4.71s
2025-08-15 02:12:28,067:INFO:Epoch: 7200/10000 | Train Loss: 4.793e-01 | Dynamic Loss: 4.793e-01 | Regularization Loss: 1.847e-07 | Val Loss: 4.720e-01 | Time: 7.93s
2025-08-15 02:12:28,067:INFO:New best model found at epoch 7200 with validation loss 4.720e-01. Saving...
2025-08-15 02:12:32,975:INFO:Epoch: 7250/10000 | Train Loss: 4.791e-01 | Dynamic Loss: 4.791e-01 | Regularization Loss: 1.853e-07 | Val Loss: 4.696e-01 | Time: 4.90s
2025-08-15 02:12:32,975:INFO:New best model found at epoch 7250 with validation loss 4.696e-01. Saving...
2025-08-15 02:12:37,746:INFO:Epoch: 7300/10000 | Train Loss: 4.786e-01 | Dynamic Loss: 4.786e-01 | Regularization Loss: 1.834e-07 | Val Loss: 4.725e-01 | Time: 4.76s
2025-08-15 02:12:42,547:INFO:Epoch: 7350/10000 | Train Loss: 4.760e-01 | Dynamic Loss: 4.760e-01 | Regularization Loss: 1.814e-07 | Val Loss: 4.679e-01 | Time: 4.80s
2025-08-15 02:12:42,547:INFO:New best model found at epoch 7350 with validation loss 4.679e-01. Saving...
2025-08-15 02:12:47,327:INFO:Epoch: 7400/10000 | Train Loss: 4.745e-01 | Dynamic Loss: 4.745e-01 | Regularization Loss: 1.802e-07 | Val Loss: 4.672e-01 | Time: 4.77s
2025-08-15 02:12:47,327:INFO:New best model found at epoch 7400 with validation loss 4.672e-01. Saving...
2025-08-15 02:12:52,119:INFO:Epoch: 7450/10000 | Train Loss: 4.707e-01 | Dynamic Loss: 4.707e-01 | Regularization Loss: 1.786e-07 | Val Loss: 4.623e-01 | Time: 4.78s
2025-08-15 02:12:52,119:INFO:New best model found at epoch 7450 with validation loss 4.623e-01. Saving...
2025-08-15 02:12:56,866:INFO:Epoch: 7500/10000 | Train Loss: 4.689e-01 | Dynamic Loss: 4.689e-01 | Regularization Loss: 1.759e-07 | Val Loss: 4.616e-01 | Time: 4.74s
2025-08-15 02:12:56,866:INFO:New best model found at epoch 7500 with validation loss 4.616e-01. Saving...
2025-08-15 02:13:05,842:INFO:Epoch: 7550/10000 | Train Loss: 4.662e-01 | Dynamic Loss: 4.662e-01 | Regularization Loss: 1.744e-07 | Val Loss: 4.608e-01 | Time: 8.97s
2025-08-15 02:13:05,842:INFO:New best model found at epoch 7550 with validation loss 4.608e-01. Saving...
2025-08-15 02:13:10,546:INFO:Epoch: 7600/10000 | Train Loss: 4.665e-01 | Dynamic Loss: 4.665e-01 | Regularization Loss: 1.725e-07 | Val Loss: 4.605e-01 | Time: 4.69s
2025-08-15 02:13:10,546:INFO:New best model found at epoch 7600 with validation loss 4.605e-01. Saving...
2025-08-15 02:13:15,320:INFO:Epoch: 7650/10000 | Train Loss: 4.627e-01 | Dynamic Loss: 4.627e-01 | Regularization Loss: 1.713e-07 | Val Loss: 4.597e-01 | Time: 4.77s
2025-08-15 02:13:15,320:INFO:New best model found at epoch 7650 with validation loss 4.597e-01. Saving...
2025-08-15 02:13:20,154:INFO:Epoch: 7700/10000 | Train Loss: 4.633e-01 | Dynamic Loss: 4.633e-01 | Regularization Loss: 1.676e-07 | Val Loss: 4.588e-01 | Time: 4.82s
2025-08-15 02:13:20,155:INFO:New best model found at epoch 7700 with validation loss 4.588e-01. Saving...
2025-08-15 02:13:24,913:INFO:Epoch: 7750/10000 | Train Loss: 4.617e-01 | Dynamic Loss: 4.617e-01 | Regularization Loss: 1.649e-07 | Val Loss: 4.585e-01 | Time: 4.75s
2025-08-15 02:13:24,914:INFO:New best model found at epoch 7750 with validation loss 4.585e-01. Saving...
2025-08-15 02:13:29,632:INFO:Epoch: 7800/10000 | Train Loss: 4.605e-01 | Dynamic Loss: 4.605e-01 | Regularization Loss: 1.629e-07 | Val Loss: 4.577e-01 | Time: 4.71s
2025-08-15 02:13:29,632:INFO:New best model found at epoch 7800 with validation loss 4.577e-01. Saving...
2025-08-15 02:13:34,354:INFO:Epoch: 7850/10000 | Train Loss: 4.587e-01 | Dynamic Loss: 4.587e-01 | Regularization Loss: 1.645e-07 | Val Loss: 4.572e-01 | Time: 4.71s
2025-08-15 02:13:34,354:INFO:New best model found at epoch 7850 with validation loss 4.572e-01. Saving...
2025-08-15 02:13:43,137:INFO:Epoch: 7900/10000 | Train Loss: 4.589e-01 | Dynamic Loss: 4.589e-01 | Regularization Loss: 1.610e-07 | Val Loss: 4.564e-01 | Time: 8.77s
2025-08-15 02:13:43,137:INFO:New best model found at epoch 7900 with validation loss 4.564e-01. Saving...
2025-08-15 02:13:47,915:INFO:Epoch: 7950/10000 | Train Loss: 4.579e-01 | Dynamic Loss: 4.579e-01 | Regularization Loss: 1.621e-07 | Val Loss: 4.564e-01 | Time: 4.77s
2025-08-15 02:13:47,915:INFO:New best model found at epoch 7950 with validation loss 4.564e-01. Saving...
2025-08-15 02:13:52,690:INFO:Epoch: 8000/10000 | Train Loss: 4.592e-01 | Dynamic Loss: 4.592e-01 | Regularization Loss: 1.577e-07 | Val Loss: 4.586e-01 | Time: 4.77s
2025-08-15 02:13:57,446:INFO:Epoch: 8050/10000 | Train Loss: 4.566e-01 | Dynamic Loss: 4.566e-01 | Regularization Loss: 1.594e-07 | Val Loss: 4.550e-01 | Time: 4.76s
2025-08-15 02:13:57,446:INFO:New best model found at epoch 8050 with validation loss 4.550e-01. Saving...
2025-08-15 02:14:02,149:INFO:Epoch: 8100/10000 | Train Loss: 4.551e-01 | Dynamic Loss: 4.551e-01 | Regularization Loss: 1.567e-07 | Val Loss: 4.543e-01 | Time: 4.69s
2025-08-15 02:14:02,150:INFO:New best model found at epoch 8100 with validation loss 4.543e-01. Saving...
2025-08-15 02:14:07,296:INFO:Epoch: 8150/10000 | Train Loss: 4.527e-01 | Dynamic Loss: 4.527e-01 | Regularization Loss: 1.562e-07 | Val Loss: 4.537e-01 | Time: 5.14s
2025-08-15 02:14:07,296:INFO:New best model found at epoch 8150 with validation loss 4.537e-01. Saving...
2025-08-15 02:14:13,666:INFO:Epoch: 8200/10000 | Train Loss: 4.524e-01 | Dynamic Loss: 4.524e-01 | Regularization Loss: 1.524e-07 | Val Loss: 4.529e-01 | Time: 6.36s
2025-08-15 02:14:13,667:INFO:New best model found at epoch 8200 with validation loss 4.529e-01. Saving...
2025-08-15 02:14:24,119:INFO:Epoch: 8250/10000 | Train Loss: 4.535e-01 | Dynamic Loss: 4.535e-01 | Regularization Loss: 1.519e-07 | Val Loss: 4.547e-01 | Time: 10.44s
2025-08-15 02:14:28,925:INFO:Epoch: 8300/10000 | Train Loss: 4.530e-01 | Dynamic Loss: 4.530e-01 | Regularization Loss: 1.516e-07 | Val Loss: 4.541e-01 | Time: 4.81s
2025-08-15 02:14:33,766:INFO:Epoch: 8350/10000 | Train Loss: 4.522e-01 | Dynamic Loss: 4.522e-01 | Regularization Loss: 1.493e-07 | Val Loss: 4.526e-01 | Time: 4.84s
2025-08-15 02:14:33,766:INFO:New best model found at epoch 8350 with validation loss 4.526e-01. Saving...
2025-08-15 02:14:38,613:INFO:Epoch: 8400/10000 | Train Loss: 4.493e-01 | Dynamic Loss: 4.493e-01 | Regularization Loss: 1.488e-07 | Val Loss: 4.511e-01 | Time: 4.84s
2025-08-15 02:14:38,613:INFO:New best model found at epoch 8400 with validation loss 4.511e-01. Saving...
2025-08-15 02:14:43,414:INFO:Epoch: 8450/10000 | Train Loss: 4.506e-01 | Dynamic Loss: 4.506e-01 | Regularization Loss: 1.481e-07 | Val Loss: 4.512e-01 | Time: 4.79s
2025-08-15 02:14:48,146:INFO:Epoch: 8500/10000 | Train Loss: 4.511e-01 | Dynamic Loss: 4.511e-01 | Regularization Loss: 1.467e-07 | Val Loss: 4.507e-01 | Time: 4.73s
2025-08-15 02:14:48,146:INFO:New best model found at epoch 8500 with validation loss 4.507e-01. Saving...
2025-08-15 02:14:52,774:INFO:Epoch: 8550/10000 | Train Loss: 4.491e-01 | Dynamic Loss: 4.491e-01 | Regularization Loss: 1.465e-07 | Val Loss: 4.501e-01 | Time: 4.62s
2025-08-15 02:14:52,774:INFO:New best model found at epoch 8550 with validation loss 4.501e-01. Saving...
2025-08-15 02:15:01,814:INFO:Epoch: 8600/10000 | Train Loss: 4.476e-01 | Dynamic Loss: 4.476e-01 | Regularization Loss: 1.441e-07 | Val Loss: 4.505e-01 | Time: 9.03s
2025-08-15 02:15:06,546:INFO:Epoch: 8650/10000 | Train Loss: 4.488e-01 | Dynamic Loss: 4.488e-01 | Regularization Loss: 1.441e-07 | Val Loss: 4.495e-01 | Time: 4.73s
2025-08-15 02:15:06,546:INFO:New best model found at epoch 8650 with validation loss 4.495e-01. Saving...
2025-08-15 02:15:11,413:INFO:Epoch: 8700/10000 | Train Loss: 4.480e-01 | Dynamic Loss: 4.480e-01 | Regularization Loss: 1.426e-07 | Val Loss: 4.491e-01 | Time: 4.86s
2025-08-15 02:15:11,414:INFO:New best model found at epoch 8700 with validation loss 4.491e-01. Saving...
2025-08-15 02:15:16,266:INFO:Epoch: 8750/10000 | Train Loss: 4.472e-01 | Dynamic Loss: 4.472e-01 | Regularization Loss: 1.416e-07 | Val Loss: 4.486e-01 | Time: 4.84s
2025-08-15 02:15:16,266:INFO:New best model found at epoch 8750 with validation loss 4.486e-01. Saving...
2025-08-15 02:15:21,059:INFO:Epoch: 8800/10000 | Train Loss: 4.463e-01 | Dynamic Loss: 4.463e-01 | Regularization Loss: 1.402e-07 | Val Loss: 4.491e-01 | Time: 4.78s
2025-08-15 02:15:25,825:INFO:Epoch: 8850/10000 | Train Loss: 4.457e-01 | Dynamic Loss: 4.457e-01 | Regularization Loss: 1.401e-07 | Val Loss: 4.483e-01 | Time: 4.77s
2025-08-15 02:15:25,826:INFO:New best model found at epoch 8850 with validation loss 4.483e-01. Saving...
2025-08-15 02:15:30,634:INFO:Epoch: 8900/10000 | Train Loss: 4.451e-01 | Dynamic Loss: 4.451e-01 | Regularization Loss: 1.367e-07 | Val Loss: 4.470e-01 | Time: 4.80s
2025-08-15 02:15:30,634:INFO:New best model found at epoch 8900 with validation loss 4.470e-01. Saving...
2025-08-15 02:15:36,193:INFO:Epoch: 8950/10000 | Train Loss: 4.453e-01 | Dynamic Loss: 4.453e-01 | Regularization Loss: 1.393e-07 | Val Loss: 4.474e-01 | Time: 5.55s
2025-08-15 02:15:45,202:INFO:Epoch: 9000/10000 | Train Loss: 4.454e-01 | Dynamic Loss: 4.454e-01 | Regularization Loss: 1.355e-07 | Val Loss: 4.466e-01 | Time: 9.01s
2025-08-15 02:15:45,203:INFO:New best model found at epoch 9000 with validation loss 4.466e-01. Saving...
2025-08-15 02:15:49,951:INFO:Epoch: 9050/10000 | Train Loss: 4.440e-01 | Dynamic Loss: 4.440e-01 | Regularization Loss: 1.372e-07 | Val Loss: 4.467e-01 | Time: 4.74s
2025-08-15 02:15:54,693:INFO:Epoch: 9100/10000 | Train Loss: 4.433e-01 | Dynamic Loss: 4.433e-01 | Regularization Loss: 1.371e-07 | Val Loss: 4.455e-01 | Time: 4.74s
2025-08-15 02:15:54,693:INFO:New best model found at epoch 9100 with validation loss 4.455e-01. Saving...
2025-08-15 02:15:59,537:INFO:Epoch: 9150/10000 | Train Loss: 4.431e-01 | Dynamic Loss: 4.431e-01 | Regularization Loss: 1.356e-07 | Val Loss: 4.451e-01 | Time: 4.83s
2025-08-15 02:15:59,537:INFO:New best model found at epoch 9150 with validation loss 4.451e-01. Saving...
2025-08-15 02:16:04,317:INFO:Epoch: 9200/10000 | Train Loss: 4.430e-01 | Dynamic Loss: 4.430e-01 | Regularization Loss: 1.347e-07 | Val Loss: 4.447e-01 | Time: 4.77s
2025-08-15 02:16:04,317:INFO:New best model found at epoch 9200 with validation loss 4.447e-01. Saving...
2025-08-15 02:16:09,058:INFO:Epoch: 9250/10000 | Train Loss: 4.413e-01 | Dynamic Loss: 4.413e-01 | Regularization Loss: 1.317e-07 | Val Loss: 4.447e-01 | Time: 4.73s
2025-08-15 02:16:13,868:INFO:Epoch: 9300/10000 | Train Loss: 4.426e-01 | Dynamic Loss: 4.426e-01 | Regularization Loss: 1.308e-07 | Val Loss: 4.458e-01 | Time: 4.81s
2025-08-15 02:16:22,036:INFO:Epoch: 9350/10000 | Train Loss: 4.461e-01 | Dynamic Loss: 4.461e-01 | Regularization Loss: 1.308e-07 | Val Loss: 4.483e-01 | Time: 8.17s
2025-08-15 02:16:32,762:INFO:Epoch: 9400/10000 | Train Loss: 4.423e-01 | Dynamic Loss: 4.423e-01 | Regularization Loss: 1.310e-07 | Val Loss: 4.442e-01 | Time: 10.73s
2025-08-15 02:16:32,762:INFO:New best model found at epoch 9400 with validation loss 4.442e-01. Saving...
2025-08-15 02:16:37,575:INFO:Epoch: 9450/10000 | Train Loss: 4.404e-01 | Dynamic Loss: 4.404e-01 | Regularization Loss: 1.304e-07 | Val Loss: 4.446e-01 | Time: 4.80s
2025-08-15 02:16:42,346:INFO:Epoch: 9500/10000 | Train Loss: 4.390e-01 | Dynamic Loss: 4.390e-01 | Regularization Loss: 1.281e-07 | Val Loss: 4.429e-01 | Time: 4.77s
2025-08-15 02:16:42,346:INFO:New best model found at epoch 9500 with validation loss 4.429e-01. Saving...
2025-08-15 02:16:47,163:INFO:Epoch: 9550/10000 | Train Loss: 4.399e-01 | Dynamic Loss: 4.399e-01 | Regularization Loss: 1.286e-07 | Val Loss: 4.430e-01 | Time: 4.81s
2025-08-15 02:16:51,920:INFO:Epoch: 9600/10000 | Train Loss: 4.418e-01 | Dynamic Loss: 4.418e-01 | Regularization Loss: 1.275e-07 | Val Loss: 4.442e-01 | Time: 4.76s
2025-08-15 02:16:56,791:INFO:Epoch: 9650/10000 | Train Loss: 4.392e-01 | Dynamic Loss: 4.392e-01 | Regularization Loss: 1.280e-07 | Val Loss: 4.423e-01 | Time: 4.87s
2025-08-15 02:16:56,791:INFO:New best model found at epoch 9650 with validation loss 4.423e-01. Saving...
2025-08-15 02:17:01,592:INFO:Epoch: 9700/10000 | Train Loss: 4.379e-01 | Dynamic Loss: 4.379e-01 | Regularization Loss: 1.266e-07 | Val Loss: 4.419e-01 | Time: 4.79s
2025-08-15 02:17:01,592:INFO:New best model found at epoch 9700 with validation loss 4.419e-01. Saving...
2025-08-15 02:17:06,339:INFO:Epoch: 9750/10000 | Train Loss: 4.387e-01 | Dynamic Loss: 4.387e-01 | Regularization Loss: 1.272e-07 | Val Loss: 4.434e-01 | Time: 4.74s
2025-08-15 02:17:17,339:INFO:Epoch: 9800/10000 | Train Loss: 4.399e-01 | Dynamic Loss: 4.399e-01 | Regularization Loss: 1.259e-07 | Val Loss: 4.427e-01 | Time: 11.00s
2025-08-15 02:17:22,213:INFO:Epoch: 9850/10000 | Train Loss: 4.397e-01 | Dynamic Loss: 4.397e-01 | Regularization Loss: 1.248e-07 | Val Loss: 4.451e-01 | Time: 4.87s
2025-08-15 02:17:27,009:INFO:Epoch: 9900/10000 | Train Loss: 4.368e-01 | Dynamic Loss: 4.368e-01 | Regularization Loss: 1.253e-07 | Val Loss: 4.415e-01 | Time: 4.80s
2025-08-15 02:17:27,009:INFO:New best model found at epoch 9900 with validation loss 4.415e-01. Saving...
2025-08-15 02:17:31,848:INFO:Epoch: 9950/10000 | Train Loss: 4.369e-01 | Dynamic Loss: 4.369e-01 | Regularization Loss: 1.219e-07 | Val Loss: 4.414e-01 | Time: 4.83s
2025-08-15 02:17:31,848:INFO:New best model found at epoch 9950 with validation loss 4.414e-01. Saving...
2025-08-15 02:17:36,683:INFO:Epoch: 10000/10000 | Train Loss: 4.387e-01 | Dynamic Loss: 4.387e-01 | Regularization Loss: 1.233e-07 | Val Loss: 4.435e-01 | Time: 4.83s
