2025-08-15 01:37:04,366:INFO:Created DataLoaders with 2994 training samples and 998 validation samples.
2025-08-15 01:37:17,422:INFO:model params: 479490
2025-08-15 01:39:24,576:INFO:Created DataLoaders with 2994 training samples and 998 validation samples.
2025-08-15 01:39:25,168:INFO:model params: 479490
2025-08-15 01:39:30,443:INFO:Epoch: 0/10000 | Train Loss: 1.082e+03 | Dynamic Loss: 1.082e+03 | Regularization Loss: 6.257e-23 | Val Loss: 5.132e+02 | Time: 5.27s
2025-08-15 01:39:30,443:INFO:New best model found at epoch 0 with validation loss 5.132e+02. Saving...
2025-08-15 01:39:34,883:INFO:Epoch: 50/10000 | Train Loss: 4.047e+00 | Dynamic Loss: 4.047e+00 | Regularization Loss: 2.597e-19 | Val Loss: 1.661e+01 | Time: 3.98s
2025-08-15 01:39:34,883:INFO:New best model found at epoch 50 with validation loss 1.661e+01. Saving...
2025-08-15 01:39:38,889:INFO:Epoch: 100/10000 | Train Loss: 2.398e+00 | Dynamic Loss: 2.398e+00 | Regularization Loss: 1.343e-16 | Val Loss: 1.112e+01 | Time: 3.99s
2025-08-15 01:39:38,889:INFO:New best model found at epoch 100 with validation loss 1.112e+01. Saving...
2025-08-15 01:39:42,896:INFO:Epoch: 150/10000 | Train Loss: 1.845e+00 | Dynamic Loss: 1.845e+00 | Regularization Loss: 8.132e-14 | Val Loss: 8.360e+00 | Time: 4.00s
2025-08-15 01:39:42,897:INFO:New best model found at epoch 150 with validation loss 8.360e+00. Saving...
2025-08-15 01:39:46,902:INFO:Epoch: 200/10000 | Train Loss: 1.578e+00 | Dynamic Loss: 1.578e+00 | Regularization Loss: 6.291e-11 | Val Loss: 6.661e+00 | Time: 4.00s
2025-08-15 01:39:46,904:INFO:New best model found at epoch 200 with validation loss 6.661e+00. Saving...
2025-08-15 01:39:50,920:INFO:Epoch: 250/10000 | Train Loss: 1.411e+00 | Dynamic Loss: 1.411e+00 | Regularization Loss: 6.297e-08 | Val Loss: 5.581e+00 | Time: 4.01s
2025-08-15 01:39:50,922:INFO:New best model found at epoch 250 with validation loss 5.581e+00. Saving...
2025-08-15 01:39:54,935:INFO:Epoch: 300/10000 | Train Loss: 1.276e+00 | Dynamic Loss: 1.276e+00 | Regularization Loss: 5.034e-07 | Val Loss: 4.822e+00 | Time: 4.01s
2025-08-15 01:39:54,936:INFO:New best model found at epoch 300 with validation loss 4.822e+00. Saving...
2025-08-15 01:39:58,889:INFO:Epoch: 350/10000 | Train Loss: 1.185e+00 | Dynamic Loss: 1.185e+00 | Regularization Loss: 5.079e-07 | Val Loss: 4.202e+00 | Time: 3.94s
2025-08-15 01:39:58,890:INFO:New best model found at epoch 350 with validation loss 4.202e+00. Saving...
2025-08-15 01:40:02,861:INFO:Epoch: 400/10000 | Train Loss: 1.194e+00 | Dynamic Loss: 1.194e+00 | Regularization Loss: 5.318e-07 | Val Loss: 3.765e+00 | Time: 3.96s
2025-08-15 01:40:02,862:INFO:New best model found at epoch 400 with validation loss 3.765e+00. Saving...
2025-08-15 01:40:06,829:INFO:Epoch: 450/10000 | Train Loss: 1.095e+00 | Dynamic Loss: 1.095e+00 | Regularization Loss: 5.273e-07 | Val Loss: 3.460e+00 | Time: 3.96s
2025-08-15 01:40:06,829:INFO:New best model found at epoch 450 with validation loss 3.460e+00. Saving...
2025-08-15 01:40:10,801:INFO:Epoch: 500/10000 | Train Loss: 1.146e+00 | Dynamic Loss: 1.146e+00 | Regularization Loss: 5.282e-07 | Val Loss: 3.109e+00 | Time: 3.96s
2025-08-15 01:40:10,801:INFO:New best model found at epoch 500 with validation loss 3.109e+00. Saving...
2025-08-15 01:40:14,791:INFO:Epoch: 550/10000 | Train Loss: 1.117e+00 | Dynamic Loss: 1.117e+00 | Regularization Loss: 5.353e-07 | Val Loss: 2.893e+00 | Time: 3.98s
2025-08-15 01:40:14,791:INFO:New best model found at epoch 550 with validation loss 2.893e+00. Saving...
2025-08-15 01:40:18,777:INFO:Epoch: 600/10000 | Train Loss: 9.888e-01 | Dynamic Loss: 9.888e-01 | Regularization Loss: 5.371e-07 | Val Loss: 2.643e+00 | Time: 3.98s
2025-08-15 01:40:18,778:INFO:New best model found at epoch 600 with validation loss 2.643e+00. Saving...
2025-08-15 01:40:22,773:INFO:Epoch: 650/10000 | Train Loss: 9.485e-01 | Dynamic Loss: 9.485e-01 | Regularization Loss: 5.379e-07 | Val Loss: 2.441e+00 | Time: 3.99s
2025-08-15 01:40:22,774:INFO:New best model found at epoch 650 with validation loss 2.441e+00. Saving...
2025-08-15 01:40:26,763:INFO:Epoch: 700/10000 | Train Loss: 8.168e-01 | Dynamic Loss: 8.168e-01 | Regularization Loss: 5.340e-07 | Val Loss: 2.180e+00 | Time: 3.98s
2025-08-15 01:40:26,763:INFO:New best model found at epoch 700 with validation loss 2.180e+00. Saving...
2025-08-15 01:40:30,772:INFO:Epoch: 750/10000 | Train Loss: 8.733e-01 | Dynamic Loss: 8.733e-01 | Regularization Loss: 5.298e-07 | Val Loss: 2.022e+00 | Time: 4.00s
2025-08-15 01:40:30,772:INFO:New best model found at epoch 750 with validation loss 2.022e+00. Saving...
2025-08-15 01:40:35,155:INFO:Epoch: 800/10000 | Train Loss: 8.214e-01 | Dynamic Loss: 8.214e-01 | Regularization Loss: 5.246e-07 | Val Loss: 1.960e+00 | Time: 4.37s
2025-08-15 01:40:35,155:INFO:New best model found at epoch 800 with validation loss 1.960e+00. Saving...
2025-08-15 01:40:40,232:INFO:Epoch: 850/10000 | Train Loss: 7.453e-01 | Dynamic Loss: 7.453e-01 | Regularization Loss: 5.232e-07 | Val Loss: 1.833e+00 | Time: 5.07s
2025-08-15 01:40:40,232:INFO:New best model found at epoch 850 with validation loss 1.833e+00. Saving...
2025-08-15 01:40:45,853:INFO:Epoch: 900/10000 | Train Loss: 7.455e-01 | Dynamic Loss: 7.455e-01 | Regularization Loss: 5.197e-07 | Val Loss: 1.706e+00 | Time: 5.61s
2025-08-15 01:40:45,853:INFO:New best model found at epoch 900 with validation loss 1.706e+00. Saving...
2025-08-15 01:40:53,836:INFO:Epoch: 950/10000 | Train Loss: 7.648e-01 | Dynamic Loss: 7.648e-01 | Regularization Loss: 5.171e-07 | Val Loss: 1.630e+00 | Time: 7.97s
2025-08-15 01:40:53,836:INFO:New best model found at epoch 950 with validation loss 1.630e+00. Saving...
2025-08-15 01:41:01,903:INFO:Epoch: 1000/10000 | Train Loss: 6.964e-01 | Dynamic Loss: 6.964e-01 | Regularization Loss: 5.103e-07 | Val Loss: 1.508e+00 | Time: 8.06s
2025-08-15 01:41:01,903:INFO:New best model found at epoch 1000 with validation loss 1.508e+00. Saving...
2025-08-15 01:41:09,624:INFO:Epoch: 1050/10000 | Train Loss: 7.153e-01 | Dynamic Loss: 7.153e-01 | Regularization Loss: 5.089e-07 | Val Loss: 1.483e+00 | Time: 7.71s
2025-08-15 01:41:09,624:INFO:New best model found at epoch 1050 with validation loss 1.483e+00. Saving...
2025-08-15 01:41:13,587:INFO:Epoch: 1100/10000 | Train Loss: 7.120e-01 | Dynamic Loss: 7.120e-01 | Regularization Loss: 5.063e-07 | Val Loss: 1.363e+00 | Time: 3.95s
2025-08-15 01:41:13,587:INFO:New best model found at epoch 1100 with validation loss 1.363e+00. Saving...
2025-08-15 01:41:17,593:INFO:Epoch: 1150/10000 | Train Loss: 7.818e-01 | Dynamic Loss: 7.818e-01 | Regularization Loss: 5.016e-07 | Val Loss: 1.352e+00 | Time: 4.00s
2025-08-15 01:41:17,593:INFO:New best model found at epoch 1150 with validation loss 1.352e+00. Saving...
2025-08-15 01:41:21,592:INFO:Epoch: 1200/10000 | Train Loss: 6.846e-01 | Dynamic Loss: 6.846e-01 | Regularization Loss: 4.993e-07 | Val Loss: 1.234e+00 | Time: 3.99s
2025-08-15 01:41:21,592:INFO:New best model found at epoch 1200 with validation loss 1.234e+00. Saving...
2025-08-15 01:41:25,591:INFO:Epoch: 1250/10000 | Train Loss: 6.928e-01 | Dynamic Loss: 6.928e-01 | Regularization Loss: 4.954e-07 | Val Loss: 1.206e+00 | Time: 3.99s
2025-08-15 01:41:25,591:INFO:New best model found at epoch 1250 with validation loss 1.206e+00. Saving...
2025-08-15 01:41:29,575:INFO:Epoch: 1300/10000 | Train Loss: 6.690e-01 | Dynamic Loss: 6.690e-01 | Regularization Loss: 4.901e-07 | Val Loss: 1.140e+00 | Time: 3.98s
2025-08-15 01:41:29,575:INFO:New best model found at epoch 1300 with validation loss 1.140e+00. Saving...
2025-08-15 01:41:33,563:INFO:Epoch: 1350/10000 | Train Loss: 6.810e-01 | Dynamic Loss: 6.810e-01 | Regularization Loss: 4.844e-07 | Val Loss: 1.156e+00 | Time: 3.98s
2025-08-15 01:41:37,567:INFO:Epoch: 1400/10000 | Train Loss: 6.785e-01 | Dynamic Loss: 6.785e-01 | Regularization Loss: 4.807e-07 | Val Loss: 1.047e+00 | Time: 4.00s
2025-08-15 01:41:37,567:INFO:New best model found at epoch 1400 with validation loss 1.047e+00. Saving...
2025-08-15 01:41:41,599:INFO:Epoch: 1450/10000 | Train Loss: 6.567e-01 | Dynamic Loss: 6.567e-01 | Regularization Loss: 4.710e-07 | Val Loss: 1.081e+00 | Time: 4.02s
2025-08-15 01:41:45,606:INFO:Epoch: 1500/10000 | Train Loss: 6.788e-01 | Dynamic Loss: 6.788e-01 | Regularization Loss: 4.740e-07 | Val Loss: 1.049e+00 | Time: 4.01s
2025-08-15 01:41:49,650:INFO:Epoch: 1550/10000 | Train Loss: 7.064e-01 | Dynamic Loss: 7.064e-01 | Regularization Loss: 4.646e-07 | Val Loss: 9.436e-01 | Time: 4.04s
2025-08-15 01:41:49,652:INFO:New best model found at epoch 1550 with validation loss 9.436e-01. Saving...
2025-08-15 01:41:53,678:INFO:Epoch: 1600/10000 | Train Loss: 6.345e-01 | Dynamic Loss: 6.345e-01 | Regularization Loss: 4.641e-07 | Val Loss: 9.045e-01 | Time: 4.02s
2025-08-15 01:41:53,678:INFO:New best model found at epoch 1600 with validation loss 9.045e-01. Saving...
2025-08-15 01:41:57,714:INFO:Epoch: 1650/10000 | Train Loss: 6.912e-01 | Dynamic Loss: 6.912e-01 | Regularization Loss: 4.566e-07 | Val Loss: 8.885e-01 | Time: 4.03s
2025-08-15 01:41:57,714:INFO:New best model found at epoch 1650 with validation loss 8.885e-01. Saving...
2025-08-15 01:42:01,799:INFO:Epoch: 1700/10000 | Train Loss: 5.997e-01 | Dynamic Loss: 5.997e-01 | Regularization Loss: 4.509e-07 | Val Loss: 8.278e-01 | Time: 4.08s
2025-08-15 01:42:01,799:INFO:New best model found at epoch 1700 with validation loss 8.278e-01. Saving...
2025-08-15 01:42:05,802:INFO:Epoch: 1750/10000 | Train Loss: 6.063e-01 | Dynamic Loss: 6.063e-01 | Regularization Loss: 4.469e-07 | Val Loss: 8.263e-01 | Time: 3.99s
2025-08-15 01:42:05,802:INFO:New best model found at epoch 1750 with validation loss 8.263e-01. Saving...
2025-08-15 01:42:09,835:INFO:Epoch: 1800/10000 | Train Loss: 5.884e-01 | Dynamic Loss: 5.884e-01 | Regularization Loss: 4.436e-07 | Val Loss: 7.843e-01 | Time: 4.02s
2025-08-15 01:42:09,835:INFO:New best model found at epoch 1800 with validation loss 7.843e-01. Saving...
2025-08-15 01:49:47,625:INFO:Created DataLoaders with 2994 training samples and 998 validation samples.
2025-08-15 01:49:48,225:INFO:model params: 479490
2025-08-15 01:50:48,875:INFO:Created DataLoaders with 2994 training samples and 998 validation samples.
2025-08-15 01:50:49,472:INFO:model params: 479490
2025-08-15 01:53:21,616:INFO:Created DataLoaders with 2994 training samples and 998 validation samples.
2025-08-15 01:53:22,233:INFO:model params: 479490
2025-08-15 01:55:23,649:INFO:Created DataLoaders with 2994 training samples and 998 validation samples.
2025-08-15 01:55:24,236:INFO:model params: 479490
2025-08-15 01:55:25,391:INFO:Epoch: 0/10000 | Train Loss: 1.082e+03 | Dynamic Loss: 1.082e+03 | Regularization Loss: 6.257e-23 | Val Loss: 5.132e+02 | Time: 1.15s
2025-08-15 01:55:25,391:INFO:New best model found at epoch 0 with validation loss 5.132e+02. Saving...
2025-08-15 01:59:06,478:INFO:Created DataLoaders with 2994 training samples and 998 validation samples.
2025-08-15 01:59:07,749:INFO:model params: 479490
2025-08-15 01:59:09,268:INFO:Epoch: 0/10000 | Train Loss: 1.082e+03 | Dynamic Loss: 1.082e+03 | Regularization Loss: 6.257e-23 | Val Loss: 5.132e+02 | Time: 1.52s
2025-08-15 01:59:09,268:INFO:New best model found at epoch 0 with validation loss 5.132e+02. Saving...
2025-08-15 01:59:13,313:INFO:Epoch: 50/10000 | Train Loss: 4.047e+00 | Dynamic Loss: 4.047e+00 | Regularization Loss: 2.597e-19 | Val Loss: 1.661e+01 | Time: 4.02s
2025-08-15 01:59:13,313:INFO:New best model found at epoch 50 with validation loss 1.661e+01. Saving...
2025-08-15 01:59:17,353:INFO:Epoch: 100/10000 | Train Loss: 2.398e+00 | Dynamic Loss: 2.398e+00 | Regularization Loss: 1.343e-16 | Val Loss: 1.112e+01 | Time: 4.03s
2025-08-15 01:59:17,353:INFO:New best model found at epoch 100 with validation loss 1.112e+01. Saving...
2025-08-15 01:59:21,778:INFO:Epoch: 150/10000 | Train Loss: 1.845e+00 | Dynamic Loss: 1.845e+00 | Regularization Loss: 8.132e-14 | Val Loss: 8.360e+00 | Time: 4.41s
2025-08-15 01:59:21,778:INFO:New best model found at epoch 150 with validation loss 8.360e+00. Saving...
2025-08-15 01:59:30,043:INFO:Epoch: 200/10000 | Train Loss: 1.578e+00 | Dynamic Loss: 1.578e+00 | Regularization Loss: 6.291e-11 | Val Loss: 6.661e+00 | Time: 8.25s
2025-08-15 01:59:30,043:INFO:New best model found at epoch 200 with validation loss 6.661e+00. Saving...
2025-08-15 01:59:34,169:INFO:Epoch: 250/10000 | Train Loss: 1.411e+00 | Dynamic Loss: 1.411e+00 | Regularization Loss: 6.297e-08 | Val Loss: 5.581e+00 | Time: 4.12s
2025-08-15 01:59:34,171:INFO:New best model found at epoch 250 with validation loss 5.581e+00. Saving...
2025-08-15 01:59:38,314:INFO:Epoch: 300/10000 | Train Loss: 1.276e+00 | Dynamic Loss: 1.276e+00 | Regularization Loss: 5.034e-07 | Val Loss: 4.822e+00 | Time: 4.13s
2025-08-15 01:59:38,314:INFO:New best model found at epoch 300 with validation loss 4.822e+00. Saving...
2025-08-15 01:59:42,515:INFO:Epoch: 350/10000 | Train Loss: 1.185e+00 | Dynamic Loss: 1.185e+00 | Regularization Loss: 5.079e-07 | Val Loss: 4.202e+00 | Time: 4.19s
2025-08-15 01:59:42,515:INFO:New best model found at epoch 350 with validation loss 4.202e+00. Saving...
2025-08-15 01:59:46,731:INFO:Epoch: 400/10000 | Train Loss: 1.194e+00 | Dynamic Loss: 1.194e+00 | Regularization Loss: 5.318e-07 | Val Loss: 3.765e+00 | Time: 4.21s
2025-08-15 01:59:46,731:INFO:New best model found at epoch 400 with validation loss 3.765e+00. Saving...
2025-08-15 01:59:50,890:INFO:Epoch: 450/10000 | Train Loss: 1.095e+00 | Dynamic Loss: 1.095e+00 | Regularization Loss: 5.273e-07 | Val Loss: 3.460e+00 | Time: 4.15s
2025-08-15 01:59:50,890:INFO:New best model found at epoch 450 with validation loss 3.460e+00. Saving...
2025-08-15 01:59:55,089:INFO:Epoch: 500/10000 | Train Loss: 1.146e+00 | Dynamic Loss: 1.146e+00 | Regularization Loss: 5.282e-07 | Val Loss: 3.109e+00 | Time: 4.19s
2025-08-15 01:59:55,089:INFO:New best model found at epoch 500 with validation loss 3.109e+00. Saving...
2025-08-15 02:00:00,121:INFO:Epoch: 550/10000 | Train Loss: 1.117e+00 | Dynamic Loss: 1.117e+00 | Regularization Loss: 5.353e-07 | Val Loss: 2.893e+00 | Time: 5.02s
2025-08-15 02:00:00,121:INFO:New best model found at epoch 550 with validation loss 2.893e+00. Saving...
2025-08-15 02:00:08,967:INFO:Epoch: 600/10000 | Train Loss: 9.888e-01 | Dynamic Loss: 9.888e-01 | Regularization Loss: 5.371e-07 | Val Loss: 2.643e+00 | Time: 8.84s
2025-08-15 02:00:08,967:INFO:New best model found at epoch 600 with validation loss 2.643e+00. Saving...
2025-08-15 02:00:13,169:INFO:Epoch: 650/10000 | Train Loss: 9.485e-01 | Dynamic Loss: 9.485e-01 | Regularization Loss: 5.379e-07 | Val Loss: 2.441e+00 | Time: 4.19s
2025-08-15 02:00:13,169:INFO:New best model found at epoch 650 with validation loss 2.441e+00. Saving...
2025-08-15 02:00:17,480:INFO:Epoch: 700/10000 | Train Loss: 8.168e-01 | Dynamic Loss: 8.168e-01 | Regularization Loss: 5.340e-07 | Val Loss: 2.180e+00 | Time: 4.30s
2025-08-15 02:00:17,480:INFO:New best model found at epoch 700 with validation loss 2.180e+00. Saving...
2025-08-15 02:00:21,745:INFO:Epoch: 750/10000 | Train Loss: 8.733e-01 | Dynamic Loss: 8.733e-01 | Regularization Loss: 5.298e-07 | Val Loss: 2.022e+00 | Time: 4.26s
2025-08-15 02:00:21,746:INFO:New best model found at epoch 750 with validation loss 2.022e+00. Saving...
2025-08-15 02:00:25,993:INFO:Epoch: 800/10000 | Train Loss: 8.214e-01 | Dynamic Loss: 8.214e-01 | Regularization Loss: 5.246e-07 | Val Loss: 1.960e+00 | Time: 4.24s
2025-08-15 02:00:25,993:INFO:New best model found at epoch 800 with validation loss 1.960e+00. Saving...
2025-08-15 02:00:30,242:INFO:Epoch: 850/10000 | Train Loss: 7.453e-01 | Dynamic Loss: 7.453e-01 | Regularization Loss: 5.232e-07 | Val Loss: 1.833e+00 | Time: 4.24s
2025-08-15 02:00:30,242:INFO:New best model found at epoch 850 with validation loss 1.833e+00. Saving...
2025-08-15 02:00:34,470:INFO:Epoch: 900/10000 | Train Loss: 7.455e-01 | Dynamic Loss: 7.455e-01 | Regularization Loss: 5.197e-07 | Val Loss: 1.706e+00 | Time: 4.22s
2025-08-15 02:00:34,470:INFO:New best model found at epoch 900 with validation loss 1.706e+00. Saving...
2025-08-15 02:00:43,448:INFO:Epoch: 950/10000 | Train Loss: 7.648e-01 | Dynamic Loss: 7.648e-01 | Regularization Loss: 5.171e-07 | Val Loss: 1.630e+00 | Time: 8.97s
2025-08-15 02:00:43,448:INFO:New best model found at epoch 950 with validation loss 1.630e+00. Saving...
2025-08-15 02:00:47,715:INFO:Epoch: 1000/10000 | Train Loss: 6.964e-01 | Dynamic Loss: 6.964e-01 | Regularization Loss: 5.103e-07 | Val Loss: 1.508e+00 | Time: 4.26s
2025-08-15 02:00:47,715:INFO:New best model found at epoch 1000 with validation loss 1.508e+00. Saving...
2025-08-15 02:00:51,962:INFO:Epoch: 1050/10000 | Train Loss: 7.153e-01 | Dynamic Loss: 7.153e-01 | Regularization Loss: 5.089e-07 | Val Loss: 1.483e+00 | Time: 4.24s
2025-08-15 02:00:51,962:INFO:New best model found at epoch 1050 with validation loss 1.483e+00. Saving...
2025-08-15 02:00:56,228:INFO:Epoch: 1100/10000 | Train Loss: 7.120e-01 | Dynamic Loss: 7.120e-01 | Regularization Loss: 5.063e-07 | Val Loss: 1.363e+00 | Time: 4.26s
2025-08-15 02:00:56,228:INFO:New best model found at epoch 1100 with validation loss 1.363e+00. Saving...
2025-08-15 02:01:00,481:INFO:Epoch: 1150/10000 | Train Loss: 7.818e-01 | Dynamic Loss: 7.818e-01 | Regularization Loss: 5.016e-07 | Val Loss: 1.352e+00 | Time: 4.24s
2025-08-15 02:01:00,481:INFO:New best model found at epoch 1150 with validation loss 1.352e+00. Saving...
2025-08-15 02:01:04,730:INFO:Epoch: 1200/10000 | Train Loss: 6.846e-01 | Dynamic Loss: 6.846e-01 | Regularization Loss: 4.993e-07 | Val Loss: 1.234e+00 | Time: 4.24s
2025-08-15 02:01:04,730:INFO:New best model found at epoch 1200 with validation loss 1.234e+00. Saving...
2025-08-15 02:01:08,994:INFO:Epoch: 1250/10000 | Train Loss: 6.928e-01 | Dynamic Loss: 6.928e-01 | Regularization Loss: 4.954e-07 | Val Loss: 1.206e+00 | Time: 4.25s
2025-08-15 02:01:08,994:INFO:New best model found at epoch 1250 with validation loss 1.206e+00. Saving...
2025-08-15 02:01:18,201:INFO:Epoch: 1300/10000 | Train Loss: 6.690e-01 | Dynamic Loss: 6.690e-01 | Regularization Loss: 4.901e-07 | Val Loss: 1.140e+00 | Time: 9.20s
2025-08-15 02:01:18,202:INFO:New best model found at epoch 1300 with validation loss 1.140e+00. Saving...
2025-08-15 02:01:22,505:INFO:Epoch: 1350/10000 | Train Loss: 6.810e-01 | Dynamic Loss: 6.810e-01 | Regularization Loss: 4.844e-07 | Val Loss: 1.156e+00 | Time: 4.29s
2025-08-15 02:01:26,806:INFO:Epoch: 1400/10000 | Train Loss: 6.785e-01 | Dynamic Loss: 6.785e-01 | Regularization Loss: 4.807e-07 | Val Loss: 1.047e+00 | Time: 4.30s
2025-08-15 02:01:26,806:INFO:New best model found at epoch 1400 with validation loss 1.047e+00. Saving...
2025-08-15 02:01:31,100:INFO:Epoch: 1450/10000 | Train Loss: 6.567e-01 | Dynamic Loss: 6.567e-01 | Regularization Loss: 4.710e-07 | Val Loss: 1.081e+00 | Time: 4.29s
2025-08-15 02:01:35,386:INFO:Epoch: 1500/10000 | Train Loss: 6.788e-01 | Dynamic Loss: 6.788e-01 | Regularization Loss: 4.740e-07 | Val Loss: 1.049e+00 | Time: 4.29s
2025-08-15 02:01:39,654:INFO:Epoch: 1550/10000 | Train Loss: 7.064e-01 | Dynamic Loss: 7.064e-01 | Regularization Loss: 4.646e-07 | Val Loss: 9.436e-01 | Time: 4.27s
2025-08-15 02:01:39,655:INFO:New best model found at epoch 1550 with validation loss 9.436e-01. Saving...
2025-08-15 02:01:43,917:INFO:Epoch: 1600/10000 | Train Loss: 6.345e-01 | Dynamic Loss: 6.345e-01 | Regularization Loss: 4.641e-07 | Val Loss: 9.045e-01 | Time: 4.25s
2025-08-15 02:01:43,917:INFO:New best model found at epoch 1600 with validation loss 9.045e-01. Saving...
2025-08-15 02:01:50,971:INFO:Epoch: 1650/10000 | Train Loss: 6.912e-01 | Dynamic Loss: 6.912e-01 | Regularization Loss: 4.566e-07 | Val Loss: 8.885e-01 | Time: 7.04s
2025-08-15 02:01:50,971:INFO:New best model found at epoch 1650 with validation loss 8.885e-01. Saving...
2025-08-15 02:02:00,957:INFO:Epoch: 1700/10000 | Train Loss: 5.997e-01 | Dynamic Loss: 5.997e-01 | Regularization Loss: 4.509e-07 | Val Loss: 8.278e-01 | Time: 9.98s
2025-08-15 02:02:00,957:INFO:New best model found at epoch 1700 with validation loss 8.278e-01. Saving...
2025-08-15 02:02:05,214:INFO:Epoch: 1750/10000 | Train Loss: 6.063e-01 | Dynamic Loss: 6.063e-01 | Regularization Loss: 4.469e-07 | Val Loss: 8.263e-01 | Time: 4.25s
2025-08-15 02:02:05,214:INFO:New best model found at epoch 1750 with validation loss 8.263e-01. Saving...
2025-08-15 02:02:09,484:INFO:Epoch: 1800/10000 | Train Loss: 5.884e-01 | Dynamic Loss: 5.884e-01 | Regularization Loss: 4.436e-07 | Val Loss: 7.843e-01 | Time: 4.26s
2025-08-15 02:02:09,484:INFO:New best model found at epoch 1800 with validation loss 7.843e-01. Saving...
2025-08-15 02:02:13,739:INFO:Epoch: 1850/10000 | Train Loss: 5.820e-01 | Dynamic Loss: 5.820e-01 | Regularization Loss: 4.322e-07 | Val Loss: 7.634e-01 | Time: 4.25s
2025-08-15 02:02:13,739:INFO:New best model found at epoch 1850 with validation loss 7.634e-01. Saving...
2025-08-15 02:02:18,032:INFO:Epoch: 1900/10000 | Train Loss: 5.832e-01 | Dynamic Loss: 5.832e-01 | Regularization Loss: 4.422e-07 | Val Loss: 7.774e-01 | Time: 4.28s
2025-08-15 02:02:22,323:INFO:Epoch: 1950/10000 | Train Loss: 6.402e-01 | Dynamic Loss: 6.402e-01 | Regularization Loss: 4.320e-07 | Val Loss: 7.404e-01 | Time: 4.29s
2025-08-15 02:02:22,323:INFO:New best model found at epoch 1950 with validation loss 7.404e-01. Saving...
2025-08-15 02:02:28,936:INFO:Epoch: 2000/10000 | Train Loss: 5.841e-01 | Dynamic Loss: 5.841e-01 | Regularization Loss: 4.264e-07 | Val Loss: 7.465e-01 | Time: 6.60s
2025-08-15 02:02:38,930:INFO:Epoch: 2050/10000 | Train Loss: 5.744e-01 | Dynamic Loss: 5.744e-01 | Regularization Loss: 4.249e-07 | Val Loss: 7.094e-01 | Time: 9.99s
2025-08-15 02:02:38,930:INFO:New best model found at epoch 2050 with validation loss 7.094e-01. Saving...
2025-08-15 02:02:43,221:INFO:Epoch: 2100/10000 | Train Loss: 5.999e-01 | Dynamic Loss: 5.999e-01 | Regularization Loss: 4.178e-07 | Val Loss: 6.759e-01 | Time: 4.28s
2025-08-15 02:02:43,221:INFO:New best model found at epoch 2100 with validation loss 6.759e-01. Saving...
2025-08-15 02:02:47,571:INFO:Epoch: 2150/10000 | Train Loss: 6.478e-01 | Dynamic Loss: 6.478e-01 | Regularization Loss: 4.192e-07 | Val Loss: 7.193e-01 | Time: 4.34s
2025-08-15 02:02:51,876:INFO:Epoch: 2200/10000 | Train Loss: 6.180e-01 | Dynamic Loss: 6.180e-01 | Regularization Loss: 4.140e-07 | Val Loss: 6.590e-01 | Time: 4.30s
2025-08-15 02:02:51,876:INFO:New best model found at epoch 2200 with validation loss 6.590e-01. Saving...
2025-08-15 02:02:56,198:INFO:Epoch: 2250/10000 | Train Loss: 6.096e-01 | Dynamic Loss: 6.096e-01 | Regularization Loss: 4.114e-07 | Val Loss: 6.466e-01 | Time: 4.31s
2025-08-15 02:02:56,198:INFO:New best model found at epoch 2250 with validation loss 6.466e-01. Saving...
2025-08-15 02:03:00,504:INFO:Epoch: 2300/10000 | Train Loss: 5.777e-01 | Dynamic Loss: 5.777e-01 | Regularization Loss: 4.057e-07 | Val Loss: 6.635e-01 | Time: 4.30s
2025-08-15 02:03:04,842:INFO:Epoch: 2350/10000 | Train Loss: 6.007e-01 | Dynamic Loss: 6.007e-01 | Regularization Loss: 4.030e-07 | Val Loss: 6.015e-01 | Time: 4.34s
2025-08-15 02:03:04,842:INFO:New best model found at epoch 2350 with validation loss 6.015e-01. Saving...
2025-08-15 02:03:13,928:INFO:Epoch: 2400/10000 | Train Loss: 5.733e-01 | Dynamic Loss: 5.733e-01 | Regularization Loss: 3.870e-07 | Val Loss: 5.891e-01 | Time: 9.08s
2025-08-15 02:03:13,928:INFO:New best model found at epoch 2400 with validation loss 5.891e-01. Saving...
2025-08-15 02:03:18,239:INFO:Epoch: 2450/10000 | Train Loss: 5.680e-01 | Dynamic Loss: 5.680e-01 | Regularization Loss: 3.881e-07 | Val Loss: 5.797e-01 | Time: 4.30s
2025-08-15 02:03:18,239:INFO:New best model found at epoch 2450 with validation loss 5.797e-01. Saving...
2025-08-15 02:03:22,580:INFO:Epoch: 2500/10000 | Train Loss: 5.822e-01 | Dynamic Loss: 5.822e-01 | Regularization Loss: 3.844e-07 | Val Loss: 6.155e-01 | Time: 4.33s
2025-08-15 02:03:26,895:INFO:Epoch: 2550/10000 | Train Loss: 5.651e-01 | Dynamic Loss: 5.651e-01 | Regularization Loss: 3.883e-07 | Val Loss: 5.970e-01 | Time: 4.31s
2025-08-15 02:03:31,194:INFO:Epoch: 2600/10000 | Train Loss: 5.772e-01 | Dynamic Loss: 5.772e-01 | Regularization Loss: 3.795e-07 | Val Loss: 5.901e-01 | Time: 4.30s
2025-08-15 02:03:35,513:INFO:Epoch: 2650/10000 | Train Loss: 5.688e-01 | Dynamic Loss: 5.688e-01 | Regularization Loss: 3.752e-07 | Val Loss: 5.830e-01 | Time: 4.32s
2025-08-15 02:03:39,739:INFO:Epoch: 2700/10000 | Train Loss: 5.755e-01 | Dynamic Loss: 5.755e-01 | Regularization Loss: 3.730e-07 | Val Loss: 5.569e-01 | Time: 4.23s
2025-08-15 02:03:39,739:INFO:New best model found at epoch 2700 with validation loss 5.569e-01. Saving...
2025-08-15 02:03:47,961:INFO:Epoch: 2750/10000 | Train Loss: 5.571e-01 | Dynamic Loss: 5.571e-01 | Regularization Loss: 3.701e-07 | Val Loss: 5.731e-01 | Time: 8.21s
2025-08-15 02:03:56,578:INFO:Epoch: 2800/10000 | Train Loss: 5.582e-01 | Dynamic Loss: 5.582e-01 | Regularization Loss: 3.665e-07 | Val Loss: 5.863e-01 | Time: 8.62s
2025-08-15 02:04:00,893:INFO:Epoch: 2850/10000 | Train Loss: 5.584e-01 | Dynamic Loss: 5.584e-01 | Regularization Loss: 3.620e-07 | Val Loss: 5.709e-01 | Time: 4.31s
2025-08-15 02:04:05,222:INFO:Epoch: 2900/10000 | Train Loss: 5.581e-01 | Dynamic Loss: 5.581e-01 | Regularization Loss: 3.582e-07 | Val Loss: 5.430e-01 | Time: 4.33s
2025-08-15 02:04:05,222:INFO:New best model found at epoch 2900 with validation loss 5.430e-01. Saving...
2025-08-15 02:04:09,523:INFO:Epoch: 2950/10000 | Train Loss: 5.603e-01 | Dynamic Loss: 5.603e-01 | Regularization Loss: 3.550e-07 | Val Loss: 5.338e-01 | Time: 4.29s
2025-08-15 02:04:09,523:INFO:New best model found at epoch 2950 with validation loss 5.338e-01. Saving...
2025-08-15 02:04:13,813:INFO:Epoch: 3000/10000 | Train Loss: 5.496e-01 | Dynamic Loss: 5.496e-01 | Regularization Loss: 3.466e-07 | Val Loss: 5.559e-01 | Time: 4.28s
2025-08-15 02:04:18,134:INFO:Epoch: 3050/10000 | Train Loss: 5.513e-01 | Dynamic Loss: 5.513e-01 | Regularization Loss: 3.470e-07 | Val Loss: 5.541e-01 | Time: 4.32s
2025-08-15 02:04:26,343:INFO:Epoch: 3100/10000 | Train Loss: 5.404e-01 | Dynamic Loss: 5.404e-01 | Regularization Loss: 3.431e-07 | Val Loss: 5.384e-01 | Time: 8.21s
2025-08-15 02:04:30,719:INFO:Epoch: 3150/10000 | Train Loss: 5.544e-01 | Dynamic Loss: 5.544e-01 | Regularization Loss: 3.438e-07 | Val Loss: 5.441e-01 | Time: 4.37s
2025-08-15 02:04:35,097:INFO:Epoch: 3200/10000 | Train Loss: 5.398e-01 | Dynamic Loss: 5.398e-01 | Regularization Loss: 3.362e-07 | Val Loss: 5.409e-01 | Time: 4.38s
2025-08-15 02:04:39,438:INFO:Epoch: 3250/10000 | Train Loss: 5.422e-01 | Dynamic Loss: 5.422e-01 | Regularization Loss: 3.328e-07 | Val Loss: 5.357e-01 | Time: 4.34s
2025-08-15 02:04:43,744:INFO:Epoch: 3300/10000 | Train Loss: 5.394e-01 | Dynamic Loss: 5.394e-01 | Regularization Loss: 3.316e-07 | Val Loss: 5.426e-01 | Time: 4.31s
2025-08-15 02:04:48,021:INFO:Epoch: 3350/10000 | Train Loss: 5.497e-01 | Dynamic Loss: 5.497e-01 | Regularization Loss: 3.291e-07 | Val Loss: 5.276e-01 | Time: 4.28s
2025-08-15 02:04:48,021:INFO:New best model found at epoch 3350 with validation loss 5.276e-01. Saving...
2025-08-15 02:04:52,334:INFO:Epoch: 3400/10000 | Train Loss: 5.437e-01 | Dynamic Loss: 5.437e-01 | Regularization Loss: 3.264e-07 | Val Loss: 5.333e-01 | Time: 4.30s
2025-08-15 02:04:59,204:INFO:Epoch: 3450/10000 | Train Loss: 5.402e-01 | Dynamic Loss: 5.402e-01 | Regularization Loss: 3.227e-07 | Val Loss: 5.225e-01 | Time: 6.87s
2025-08-15 02:04:59,204:INFO:New best model found at epoch 3450 with validation loss 5.225e-01. Saving...
2025-08-15 02:05:09,391:INFO:Epoch: 3500/10000 | Train Loss: 5.349e-01 | Dynamic Loss: 5.349e-01 | Regularization Loss: 3.202e-07 | Val Loss: 5.451e-01 | Time: 10.18s
2025-08-15 02:05:13,712:INFO:Epoch: 3550/10000 | Train Loss: 5.409e-01 | Dynamic Loss: 5.409e-01 | Regularization Loss: 3.152e-07 | Val Loss: 5.178e-01 | Time: 4.32s
2025-08-15 02:05:13,713:INFO:New best model found at epoch 3550 with validation loss 5.178e-01. Saving...
2025-08-15 02:05:17,996:INFO:Epoch: 3600/10000 | Train Loss: 5.301e-01 | Dynamic Loss: 5.301e-01 | Regularization Loss: 3.111e-07 | Val Loss: 5.172e-01 | Time: 4.27s
2025-08-15 02:05:17,996:INFO:New best model found at epoch 3600 with validation loss 5.172e-01. Saving...
2025-08-15 02:05:22,291:INFO:Epoch: 3650/10000 | Train Loss: 5.305e-01 | Dynamic Loss: 5.305e-01 | Regularization Loss: 3.082e-07 | Val Loss: 5.225e-01 | Time: 4.29s
2025-08-15 02:05:26,565:INFO:Epoch: 3700/10000 | Train Loss: 5.393e-01 | Dynamic Loss: 5.393e-01 | Regularization Loss: 3.094e-07 | Val Loss: 5.207e-01 | Time: 4.27s
2025-08-15 02:05:30,930:INFO:Epoch: 3750/10000 | Train Loss: 5.346e-01 | Dynamic Loss: 5.346e-01 | Regularization Loss: 3.041e-07 | Val Loss: 5.217e-01 | Time: 4.36s
2025-08-15 02:05:37,891:INFO:Epoch: 3800/10000 | Train Loss: 5.330e-01 | Dynamic Loss: 5.330e-01 | Regularization Loss: 3.020e-07 | Val Loss: 5.138e-01 | Time: 6.96s
2025-08-15 02:05:37,891:INFO:New best model found at epoch 3800 with validation loss 5.138e-01. Saving...
2025-08-15 02:05:47,826:INFO:Epoch: 3850/10000 | Train Loss: 5.344e-01 | Dynamic Loss: 5.344e-01 | Regularization Loss: 2.990e-07 | Val Loss: 5.119e-01 | Time: 9.93s
2025-08-15 02:05:47,826:INFO:New best model found at epoch 3850 with validation loss 5.119e-01. Saving...
2025-08-15 02:05:52,116:INFO:Epoch: 3900/10000 | Train Loss: 5.255e-01 | Dynamic Loss: 5.255e-01 | Regularization Loss: 2.952e-07 | Val Loss: 5.127e-01 | Time: 4.28s
2025-08-15 02:05:56,481:INFO:Epoch: 3950/10000 | Train Loss: 5.266e-01 | Dynamic Loss: 5.266e-01 | Regularization Loss: 2.911e-07 | Val Loss: 5.163e-01 | Time: 4.36s
2025-08-15 02:06:00,777:INFO:Epoch: 4000/10000 | Train Loss: 5.280e-01 | Dynamic Loss: 5.280e-01 | Regularization Loss: 2.938e-07 | Val Loss: 5.221e-01 | Time: 4.30s
2025-08-15 02:06:05,124:INFO:Epoch: 4050/10000 | Train Loss: 5.244e-01 | Dynamic Loss: 5.244e-01 | Regularization Loss: 2.877e-07 | Val Loss: 5.081e-01 | Time: 4.35s
2025-08-15 02:06:05,124:INFO:New best model found at epoch 4050 with validation loss 5.081e-01. Saving...
2025-08-15 02:06:09,384:INFO:Epoch: 4100/10000 | Train Loss: 5.278e-01 | Dynamic Loss: 5.278e-01 | Regularization Loss: 2.903e-07 | Val Loss: 5.111e-01 | Time: 4.25s
2025-08-15 02:06:13,692:INFO:Epoch: 4150/10000 | Train Loss: 5.289e-01 | Dynamic Loss: 5.289e-01 | Regularization Loss: 2.845e-07 | Val Loss: 5.115e-01 | Time: 4.31s
2025-08-15 02:06:20,395:INFO:Epoch: 4200/10000 | Train Loss: 5.237e-01 | Dynamic Loss: 5.237e-01 | Regularization Loss: 2.789e-07 | Val Loss: 5.076e-01 | Time: 6.70s
2025-08-15 02:06:20,395:INFO:New best model found at epoch 4200 with validation loss 5.076e-01. Saving...
2025-08-15 02:06:30,607:INFO:Epoch: 4250/10000 | Train Loss: 5.140e-01 | Dynamic Loss: 5.140e-01 | Regularization Loss: 2.779e-07 | Val Loss: 5.113e-01 | Time: 10.20s
2025-08-15 02:06:34,948:INFO:Epoch: 4300/10000 | Train Loss: 5.168e-01 | Dynamic Loss: 5.168e-01 | Regularization Loss: 2.752e-07 | Val Loss: 5.035e-01 | Time: 4.34s
2025-08-15 02:06:34,948:INFO:New best model found at epoch 4300 with validation loss 5.035e-01. Saving...
2025-08-15 02:06:39,239:INFO:Epoch: 4350/10000 | Train Loss: 5.187e-01 | Dynamic Loss: 5.187e-01 | Regularization Loss: 2.735e-07 | Val Loss: 5.084e-01 | Time: 4.28s
2025-08-15 02:06:43,580:INFO:Epoch: 4400/10000 | Train Loss: 5.102e-01 | Dynamic Loss: 5.102e-01 | Regularization Loss: 2.683e-07 | Val Loss: 5.027e-01 | Time: 4.34s
2025-08-15 02:06:43,580:INFO:New best model found at epoch 4400 with validation loss 5.027e-01. Saving...
2025-08-15 02:06:47,923:INFO:Epoch: 4450/10000 | Train Loss: 5.141e-01 | Dynamic Loss: 5.141e-01 | Regularization Loss: 2.691e-07 | Val Loss: 5.077e-01 | Time: 4.33s
2025-08-15 02:06:52,262:INFO:Epoch: 4500/10000 | Train Loss: 5.112e-01 | Dynamic Loss: 5.112e-01 | Regularization Loss: 2.672e-07 | Val Loss: 5.043e-01 | Time: 4.34s
2025-08-15 02:06:57,054:INFO:Epoch: 4550/10000 | Train Loss: 5.157e-01 | Dynamic Loss: 5.157e-01 | Regularization Loss: 2.647e-07 | Val Loss: 5.017e-01 | Time: 4.79s
2025-08-15 02:06:57,054:INFO:New best model found at epoch 4550 with validation loss 5.017e-01. Saving...
2025-08-15 02:07:06,818:INFO:Epoch: 4600/10000 | Train Loss: 5.074e-01 | Dynamic Loss: 5.074e-01 | Regularization Loss: 2.609e-07 | Val Loss: 5.012e-01 | Time: 9.75s
2025-08-15 02:07:06,818:INFO:New best model found at epoch 4600 with validation loss 5.012e-01. Saving...
2025-08-15 02:07:11,224:INFO:Epoch: 4650/10000 | Train Loss: 5.105e-01 | Dynamic Loss: 5.105e-01 | Regularization Loss: 2.607e-07 | Val Loss: 5.029e-01 | Time: 4.40s
2025-08-15 02:07:15,558:INFO:Epoch: 4700/10000 | Train Loss: 5.112e-01 | Dynamic Loss: 5.112e-01 | Regularization Loss: 2.589e-07 | Val Loss: 5.055e-01 | Time: 4.33s
2025-08-15 02:07:19,892:INFO:Epoch: 4750/10000 | Train Loss: 5.094e-01 | Dynamic Loss: 5.094e-01 | Regularization Loss: 2.557e-07 | Val Loss: 5.023e-01 | Time: 4.33s
2025-08-15 02:07:24,217:INFO:Epoch: 4800/10000 | Train Loss: 5.083e-01 | Dynamic Loss: 5.083e-01 | Regularization Loss: 2.543e-07 | Val Loss: 4.980e-01 | Time: 4.33s
2025-08-15 02:07:24,218:INFO:New best model found at epoch 4800 with validation loss 4.980e-01. Saving...
2025-08-15 02:07:28,532:INFO:Epoch: 4850/10000 | Train Loss: 5.085e-01 | Dynamic Loss: 5.085e-01 | Regularization Loss: 2.528e-07 | Val Loss: 4.987e-01 | Time: 4.30s
2025-08-15 02:07:33,476:INFO:Epoch: 4900/10000 | Train Loss: 5.043e-01 | Dynamic Loss: 5.043e-01 | Regularization Loss: 2.497e-07 | Val Loss: 4.982e-01 | Time: 4.94s
2025-08-15 02:07:41,879:INFO:Epoch: 4950/10000 | Train Loss: 5.055e-01 | Dynamic Loss: 5.055e-01 | Regularization Loss: 2.483e-07 | Val Loss: 4.956e-01 | Time: 8.40s
2025-08-15 02:07:41,879:INFO:New best model found at epoch 4950 with validation loss 4.956e-01. Saving...
2025-08-15 02:07:46,167:INFO:Epoch: 5000/10000 | Train Loss: 5.060e-01 | Dynamic Loss: 5.060e-01 | Regularization Loss: 2.479e-07 | Val Loss: 5.001e-01 | Time: 4.28s
2025-08-15 02:07:50,492:INFO:Epoch: 5050/10000 | Train Loss: 5.066e-01 | Dynamic Loss: 5.066e-01 | Regularization Loss: 2.447e-07 | Val Loss: 4.979e-01 | Time: 4.33s
2025-08-15 02:07:54,786:INFO:Epoch: 5100/10000 | Train Loss: 5.043e-01 | Dynamic Loss: 5.043e-01 | Regularization Loss: 2.437e-07 | Val Loss: 4.938e-01 | Time: 4.29s
2025-08-15 02:07:54,787:INFO:New best model found at epoch 5100 with validation loss 4.938e-01. Saving...
2025-08-15 02:07:59,138:INFO:Epoch: 5150/10000 | Train Loss: 5.058e-01 | Dynamic Loss: 5.058e-01 | Regularization Loss: 2.413e-07 | Val Loss: 4.954e-01 | Time: 4.34s
2025-08-15 02:08:03,515:INFO:Epoch: 5200/10000 | Train Loss: 5.031e-01 | Dynamic Loss: 5.031e-01 | Regularization Loss: 2.401e-07 | Val Loss: 4.970e-01 | Time: 4.38s
2025-08-15 02:08:07,840:INFO:Epoch: 5250/10000 | Train Loss: 5.017e-01 | Dynamic Loss: 5.017e-01 | Regularization Loss: 2.374e-07 | Val Loss: 4.980e-01 | Time: 4.32s
2025-08-15 02:08:12,137:INFO:Epoch: 5300/10000 | Train Loss: 5.074e-01 | Dynamic Loss: 5.074e-01 | Regularization Loss: 2.377e-07 | Val Loss: 4.938e-01 | Time: 4.30s
2025-08-15 02:08:12,137:INFO:New best model found at epoch 5300 with validation loss 4.938e-01. Saving...
2025-08-15 02:08:22,152:INFO:Epoch: 5350/10000 | Train Loss: 5.025e-01 | Dynamic Loss: 5.025e-01 | Regularization Loss: 2.359e-07 | Val Loss: 5.004e-01 | Time: 10.01s
2025-08-15 02:08:26,518:INFO:Epoch: 5400/10000 | Train Loss: 5.024e-01 | Dynamic Loss: 5.024e-01 | Regularization Loss: 2.321e-07 | Val Loss: 4.932e-01 | Time: 4.37s
2025-08-15 02:08:26,518:INFO:New best model found at epoch 5400 with validation loss 4.932e-01. Saving...
2025-08-15 02:08:30,884:INFO:Epoch: 5450/10000 | Train Loss: 5.000e-01 | Dynamic Loss: 5.000e-01 | Regularization Loss: 2.338e-07 | Val Loss: 4.941e-01 | Time: 4.36s
2025-08-15 02:08:35,241:INFO:Epoch: 5500/10000 | Train Loss: 5.028e-01 | Dynamic Loss: 5.028e-01 | Regularization Loss: 2.304e-07 | Val Loss: 4.948e-01 | Time: 4.36s
2025-08-15 02:08:39,537:INFO:Epoch: 5550/10000 | Train Loss: 5.010e-01 | Dynamic Loss: 5.010e-01 | Regularization Loss: 2.278e-07 | Val Loss: 4.896e-01 | Time: 4.30s
2025-08-15 02:08:39,537:INFO:New best model found at epoch 5550 with validation loss 4.896e-01. Saving...
2025-08-15 02:08:43,828:INFO:Epoch: 5600/10000 | Train Loss: 5.005e-01 | Dynamic Loss: 5.005e-01 | Regularization Loss: 2.298e-07 | Val Loss: 4.932e-01 | Time: 4.28s
2025-08-15 02:08:48,259:INFO:Epoch: 5650/10000 | Train Loss: 4.990e-01 | Dynamic Loss: 4.990e-01 | Regularization Loss: 2.272e-07 | Val Loss: 4.886e-01 | Time: 4.43s
2025-08-15 02:08:48,259:INFO:New best model found at epoch 5650 with validation loss 4.886e-01. Saving...
2025-08-15 02:08:56,797:INFO:Epoch: 5700/10000 | Train Loss: 4.966e-01 | Dynamic Loss: 4.966e-01 | Regularization Loss: 2.237e-07 | Val Loss: 4.882e-01 | Time: 8.53s
2025-08-15 02:08:56,797:INFO:New best model found at epoch 5700 with validation loss 4.882e-01. Saving...
2025-08-15 02:09:01,137:INFO:Epoch: 5750/10000 | Train Loss: 4.977e-01 | Dynamic Loss: 4.977e-01 | Regularization Loss: 2.229e-07 | Val Loss: 4.868e-01 | Time: 4.33s
2025-08-15 02:09:01,137:INFO:New best model found at epoch 5750 with validation loss 4.868e-01. Saving...
2025-08-15 02:09:05,494:INFO:Epoch: 5800/10000 | Train Loss: 5.019e-01 | Dynamic Loss: 5.019e-01 | Regularization Loss: 2.211e-07 | Val Loss: 4.912e-01 | Time: 4.35s
2025-08-15 02:09:09,867:INFO:Epoch: 5850/10000 | Train Loss: 4.977e-01 | Dynamic Loss: 4.977e-01 | Regularization Loss: 2.204e-07 | Val Loss: 4.881e-01 | Time: 4.37s
2025-08-15 02:09:14,242:INFO:Epoch: 5900/10000 | Train Loss: 4.960e-01 | Dynamic Loss: 4.960e-01 | Regularization Loss: 2.171e-07 | Val Loss: 4.934e-01 | Time: 4.37s
2025-08-15 02:09:18,564:INFO:Epoch: 5950/10000 | Train Loss: 4.980e-01 | Dynamic Loss: 4.980e-01 | Regularization Loss: 2.183e-07 | Val Loss: 4.967e-01 | Time: 4.32s
2025-08-15 02:09:22,879:INFO:Epoch: 6000/10000 | Train Loss: 4.980e-01 | Dynamic Loss: 4.980e-01 | Regularization Loss: 2.134e-07 | Val Loss: 4.901e-01 | Time: 4.31s
2025-08-15 02:09:30,480:INFO:Epoch: 6050/10000 | Train Loss: 4.968e-01 | Dynamic Loss: 4.968e-01 | Regularization Loss: 2.136e-07 | Val Loss: 4.855e-01 | Time: 7.60s
2025-08-15 02:09:30,480:INFO:New best model found at epoch 6050 with validation loss 4.855e-01. Saving...
2025-08-15 02:09:34,816:INFO:Epoch: 6100/10000 | Train Loss: 4.923e-01 | Dynamic Loss: 4.923e-01 | Regularization Loss: 2.115e-07 | Val Loss: 4.901e-01 | Time: 4.33s
2025-08-15 02:09:39,175:INFO:Epoch: 6150/10000 | Train Loss: 4.944e-01 | Dynamic Loss: 4.944e-01 | Regularization Loss: 2.093e-07 | Val Loss: 4.884e-01 | Time: 4.36s
2025-08-15 02:09:43,588:INFO:Epoch: 6200/10000 | Train Loss: 4.933e-01 | Dynamic Loss: 4.933e-01 | Regularization Loss: 2.084e-07 | Val Loss: 4.853e-01 | Time: 4.41s
2025-08-15 02:09:43,588:INFO:New best model found at epoch 6200 with validation loss 4.853e-01. Saving...
2025-08-15 02:09:47,965:INFO:Epoch: 6250/10000 | Train Loss: 4.922e-01 | Dynamic Loss: 4.922e-01 | Regularization Loss: 2.063e-07 | Val Loss: 4.875e-01 | Time: 4.37s
2025-08-15 02:09:52,310:INFO:Epoch: 6300/10000 | Train Loss: 4.908e-01 | Dynamic Loss: 4.908e-01 | Regularization Loss: 2.076e-07 | Val Loss: 4.883e-01 | Time: 4.34s
2025-08-15 02:09:56,649:INFO:Epoch: 6350/10000 | Train Loss: 4.914e-01 | Dynamic Loss: 4.914e-01 | Regularization Loss: 2.093e-07 | Val Loss: 4.832e-01 | Time: 4.34s
2025-08-15 02:09:56,649:INFO:New best model found at epoch 6350 with validation loss 4.832e-01. Saving...
2025-08-15 02:10:04,121:INFO:Epoch: 6400/10000 | Train Loss: 4.915e-01 | Dynamic Loss: 4.915e-01 | Regularization Loss: 2.020e-07 | Val Loss: 4.829e-01 | Time: 7.46s
2025-08-15 02:10:04,121:INFO:New best model found at epoch 6400 with validation loss 4.829e-01. Saving...
2025-08-15 02:10:08,520:INFO:Epoch: 6450/10000 | Train Loss: 4.910e-01 | Dynamic Loss: 4.910e-01 | Regularization Loss: 2.022e-07 | Val Loss: 4.843e-01 | Time: 4.39s
2025-08-15 02:10:12,862:INFO:Epoch: 6500/10000 | Train Loss: 4.881e-01 | Dynamic Loss: 4.881e-01 | Regularization Loss: 2.000e-07 | Val Loss: 4.847e-01 | Time: 4.34s
2025-08-15 02:10:17,235:INFO:Epoch: 6550/10000 | Train Loss: 4.859e-01 | Dynamic Loss: 4.859e-01 | Regularization Loss: 1.992e-07 | Val Loss: 4.794e-01 | Time: 4.37s
2025-08-15 02:10:17,235:INFO:New best model found at epoch 6550 with validation loss 4.794e-01. Saving...
2025-08-15 02:10:21,683:INFO:Epoch: 6600/10000 | Train Loss: 4.861e-01 | Dynamic Loss: 4.861e-01 | Regularization Loss: 1.953e-07 | Val Loss: 4.798e-01 | Time: 4.44s
2025-08-15 02:10:26,037:INFO:Epoch: 6650/10000 | Train Loss: 4.849e-01 | Dynamic Loss: 4.849e-01 | Regularization Loss: 1.948e-07 | Val Loss: 4.789e-01 | Time: 4.35s
2025-08-15 02:10:26,037:INFO:New best model found at epoch 6650 with validation loss 4.789e-01. Saving...
2025-08-15 02:10:30,353:INFO:Epoch: 6700/10000 | Train Loss: 4.893e-01 | Dynamic Loss: 4.893e-01 | Regularization Loss: 1.933e-07 | Val Loss: 4.802e-01 | Time: 4.31s
2025-08-15 02:10:38,329:INFO:Epoch: 6750/10000 | Train Loss: 4.849e-01 | Dynamic Loss: 4.849e-01 | Regularization Loss: 1.928e-07 | Val Loss: 4.785e-01 | Time: 7.98s
2025-08-15 02:10:38,329:INFO:New best model found at epoch 6750 with validation loss 4.785e-01. Saving...
2025-08-15 02:10:42,721:INFO:Epoch: 6800/10000 | Train Loss: 4.836e-01 | Dynamic Loss: 4.836e-01 | Regularization Loss: 1.912e-07 | Val Loss: 4.753e-01 | Time: 4.38s
2025-08-15 02:10:42,721:INFO:New best model found at epoch 6800 with validation loss 4.753e-01. Saving...
2025-08-15 02:10:47,117:INFO:Epoch: 6850/10000 | Train Loss: 4.845e-01 | Dynamic Loss: 4.845e-01 | Regularization Loss: 1.904e-07 | Val Loss: 4.761e-01 | Time: 4.39s
2025-08-15 02:10:51,498:INFO:Epoch: 6900/10000 | Train Loss: 4.817e-01 | Dynamic Loss: 4.817e-01 | Regularization Loss: 1.886e-07 | Val Loss: 4.749e-01 | Time: 4.38s
2025-08-15 02:10:51,498:INFO:New best model found at epoch 6900 with validation loss 4.749e-01. Saving...
2025-08-15 02:10:55,862:INFO:Epoch: 6950/10000 | Train Loss: 4.850e-01 | Dynamic Loss: 4.850e-01 | Regularization Loss: 1.888e-07 | Val Loss: 4.751e-01 | Time: 4.35s
2025-08-15 02:11:00,249:INFO:Epoch: 7000/10000 | Train Loss: 4.830e-01 | Dynamic Loss: 4.830e-01 | Regularization Loss: 1.878e-07 | Val Loss: 4.750e-01 | Time: 4.39s
2025-08-15 02:11:04,617:INFO:Epoch: 7050/10000 | Train Loss: 4.818e-01 | Dynamic Loss: 4.818e-01 | Regularization Loss: 1.839e-07 | Val Loss: 4.750e-01 | Time: 4.37s
2025-08-15 02:11:09,092:INFO:Epoch: 7100/10000 | Train Loss: 4.807e-01 | Dynamic Loss: 4.807e-01 | Regularization Loss: 1.839e-07 | Val Loss: 4.756e-01 | Time: 4.47s
2025-08-15 02:11:15,585:INFO:Epoch: 7150/10000 | Train Loss: 4.811e-01 | Dynamic Loss: 4.811e-01 | Regularization Loss: 1.850e-07 | Val Loss: 4.725e-01 | Time: 6.49s
2025-08-15 02:11:15,585:INFO:New best model found at epoch 7150 with validation loss 4.725e-01. Saving...
2025-08-15 02:11:19,990:INFO:Epoch: 7200/10000 | Train Loss: 4.819e-01 | Dynamic Loss: 4.819e-01 | Regularization Loss: 1.830e-07 | Val Loss: 4.721e-01 | Time: 4.40s
2025-08-15 02:11:19,990:INFO:New best model found at epoch 7200 with validation loss 4.721e-01. Saving...
2025-08-15 02:11:24,439:INFO:Epoch: 7250/10000 | Train Loss: 4.800e-01 | Dynamic Loss: 4.800e-01 | Regularization Loss: 1.814e-07 | Val Loss: 4.742e-01 | Time: 4.44s
2025-08-15 02:11:28,794:INFO:Epoch: 7300/10000 | Train Loss: 4.789e-01 | Dynamic Loss: 4.789e-01 | Regularization Loss: 1.808e-07 | Val Loss: 4.712e-01 | Time: 4.36s
2025-08-15 02:11:28,794:INFO:New best model found at epoch 7300 with validation loss 4.712e-01. Saving...
2025-08-15 02:11:33,178:INFO:Epoch: 7350/10000 | Train Loss: 4.767e-01 | Dynamic Loss: 4.767e-01 | Regularization Loss: 1.778e-07 | Val Loss: 4.701e-01 | Time: 4.37s
2025-08-15 02:11:33,178:INFO:New best model found at epoch 7350 with validation loss 4.701e-01. Saving...
2025-08-15 02:11:37,489:INFO:Epoch: 7400/10000 | Train Loss: 4.765e-01 | Dynamic Loss: 4.765e-01 | Regularization Loss: 1.791e-07 | Val Loss: 4.701e-01 | Time: 4.30s
2025-08-15 02:11:37,490:INFO:New best model found at epoch 7400 with validation loss 4.701e-01. Saving...
2025-08-15 02:11:43,733:INFO:Epoch: 7450/10000 | Train Loss: 4.785e-01 | Dynamic Loss: 4.785e-01 | Regularization Loss: 1.777e-07 | Val Loss: 4.698e-01 | Time: 6.23s
2025-08-15 02:11:43,733:INFO:New best model found at epoch 7450 with validation loss 4.698e-01. Saving...
2025-08-15 02:11:49,252:INFO:Epoch: 7500/10000 | Train Loss: 4.772e-01 | Dynamic Loss: 4.772e-01 | Regularization Loss: 1.756e-07 | Val Loss: 4.686e-01 | Time: 5.51s
2025-08-15 02:11:49,252:INFO:New best model found at epoch 7500 with validation loss 4.686e-01. Saving...
2025-08-15 02:11:53,551:INFO:Epoch: 7550/10000 | Train Loss: 4.699e-01 | Dynamic Loss: 4.699e-01 | Regularization Loss: 1.734e-07 | Val Loss: 4.633e-01 | Time: 4.29s
2025-08-15 02:11:53,551:INFO:New best model found at epoch 7550 with validation loss 4.633e-01. Saving...
2025-08-15 02:11:58,085:INFO:Epoch: 7600/10000 | Train Loss: 4.689e-01 | Dynamic Loss: 4.689e-01 | Regularization Loss: 1.716e-07 | Val Loss: 4.630e-01 | Time: 4.52s
2025-08-15 02:11:58,085:INFO:New best model found at epoch 7600 with validation loss 4.630e-01. Saving...
2025-08-15 02:12:02,462:INFO:Epoch: 7650/10000 | Train Loss: 4.648e-01 | Dynamic Loss: 4.648e-01 | Regularization Loss: 1.702e-07 | Val Loss: 4.608e-01 | Time: 4.37s
2025-08-15 02:12:02,462:INFO:New best model found at epoch 7650 with validation loss 4.608e-01. Saving...
2025-08-15 02:12:06,866:INFO:Epoch: 7700/10000 | Train Loss: 4.651e-01 | Dynamic Loss: 4.651e-01 | Regularization Loss: 1.662e-07 | Val Loss: 4.598e-01 | Time: 4.39s
2025-08-15 02:12:06,866:INFO:New best model found at epoch 7700 with validation loss 4.598e-01. Saving...
2025-08-15 02:12:12,151:INFO:Epoch: 7750/10000 | Train Loss: 4.629e-01 | Dynamic Loss: 4.629e-01 | Regularization Loss: 1.633e-07 | Val Loss: 4.590e-01 | Time: 5.28s
2025-08-15 02:12:12,151:INFO:New best model found at epoch 7750 with validation loss 4.590e-01. Saving...
2025-08-15 02:12:20,793:INFO:Epoch: 7800/10000 | Train Loss: 4.617e-01 | Dynamic Loss: 4.617e-01 | Regularization Loss: 1.611e-07 | Val Loss: 4.582e-01 | Time: 8.63s
2025-08-15 02:12:20,795:INFO:New best model found at epoch 7800 with validation loss 4.582e-01. Saving...
2025-08-15 02:12:25,137:INFO:Epoch: 7850/10000 | Train Loss: 4.603e-01 | Dynamic Loss: 4.603e-01 | Regularization Loss: 1.622e-07 | Val Loss: 4.578e-01 | Time: 4.33s
2025-08-15 02:12:25,137:INFO:New best model found at epoch 7850 with validation loss 4.578e-01. Saving...
2025-08-15 02:12:29,511:INFO:Epoch: 7900/10000 | Train Loss: 4.603e-01 | Dynamic Loss: 4.603e-01 | Regularization Loss: 1.588e-07 | Val Loss: 4.572e-01 | Time: 4.36s
2025-08-15 02:12:29,511:INFO:New best model found at epoch 7900 with validation loss 4.572e-01. Saving...
2025-08-15 02:12:33,914:INFO:Epoch: 7950/10000 | Train Loss: 4.596e-01 | Dynamic Loss: 4.596e-01 | Regularization Loss: 1.599e-07 | Val Loss: 4.568e-01 | Time: 4.39s
2025-08-15 02:12:33,914:INFO:New best model found at epoch 7950 with validation loss 4.568e-01. Saving...
2025-08-15 02:12:38,316:INFO:Epoch: 8000/10000 | Train Loss: 4.573e-01 | Dynamic Loss: 4.573e-01 | Regularization Loss: 1.555e-07 | Val Loss: 4.551e-01 | Time: 4.39s
2025-08-15 02:12:38,316:INFO:New best model found at epoch 8000 with validation loss 4.551e-01. Saving...
2025-08-15 02:12:42,729:INFO:Epoch: 8050/10000 | Train Loss: 4.570e-01 | Dynamic Loss: 4.570e-01 | Regularization Loss: 1.571e-07 | Val Loss: 4.555e-01 | Time: 4.40s
2025-08-15 02:12:48,786:INFO:Epoch: 8100/10000 | Train Loss: 4.566e-01 | Dynamic Loss: 4.566e-01 | Regularization Loss: 1.544e-07 | Val Loss: 4.545e-01 | Time: 6.05s
2025-08-15 02:12:48,786:INFO:New best model found at epoch 8100 with validation loss 4.545e-01. Saving...
2025-08-15 02:12:58,446:INFO:Epoch: 8150/10000 | Train Loss: 4.532e-01 | Dynamic Loss: 4.532e-01 | Regularization Loss: 1.538e-07 | Val Loss: 4.534e-01 | Time: 9.65s
2025-08-15 02:12:58,446:INFO:New best model found at epoch 8150 with validation loss 4.534e-01. Saving...
2025-08-15 02:13:02,833:INFO:Epoch: 8200/10000 | Train Loss: 4.529e-01 | Dynamic Loss: 4.529e-01 | Regularization Loss: 1.500e-07 | Val Loss: 4.528e-01 | Time: 4.38s
2025-08-15 02:13:02,833:INFO:New best model found at epoch 8200 with validation loss 4.528e-01. Saving...
2025-08-15 02:13:07,243:INFO:Epoch: 8250/10000 | Train Loss: 4.519e-01 | Dynamic Loss: 4.519e-01 | Regularization Loss: 1.493e-07 | Val Loss: 4.526e-01 | Time: 4.40s
2025-08-15 02:13:07,243:INFO:New best model found at epoch 8250 with validation loss 4.526e-01. Saving...
2025-08-15 02:13:11,643:INFO:Epoch: 8300/10000 | Train Loss: 4.518e-01 | Dynamic Loss: 4.518e-01 | Regularization Loss: 1.489e-07 | Val Loss: 4.520e-01 | Time: 4.39s
2025-08-15 02:13:11,643:INFO:New best model found at epoch 8300 with validation loss 4.520e-01. Saving...
2025-08-15 02:13:16,040:INFO:Epoch: 8350/10000 | Train Loss: 4.518e-01 | Dynamic Loss: 4.518e-01 | Regularization Loss: 1.466e-07 | Val Loss: 4.514e-01 | Time: 4.39s
2025-08-15 02:13:16,040:INFO:New best model found at epoch 8350 with validation loss 4.514e-01. Saving...
2025-08-15 02:13:20,480:INFO:Epoch: 8400/10000 | Train Loss: 4.494e-01 | Dynamic Loss: 4.494e-01 | Regularization Loss: 1.459e-07 | Val Loss: 4.504e-01 | Time: 4.43s
2025-08-15 02:13:20,480:INFO:New best model found at epoch 8400 with validation loss 4.504e-01. Saving...
2025-08-15 02:13:24,809:INFO:Epoch: 8450/10000 | Train Loss: 4.498e-01 | Dynamic Loss: 4.498e-01 | Regularization Loss: 1.451e-07 | Val Loss: 4.503e-01 | Time: 4.32s
2025-08-15 02:13:24,810:INFO:New best model found at epoch 8450 with validation loss 4.503e-01. Saving...
2025-08-15 02:13:29,108:INFO:Epoch: 8500/10000 | Train Loss: 4.510e-01 | Dynamic Loss: 4.510e-01 | Regularization Loss: 1.437e-07 | Val Loss: 4.505e-01 | Time: 4.29s
2025-08-15 02:13:38,577:INFO:Epoch: 8550/10000 | Train Loss: 4.506e-01 | Dynamic Loss: 4.506e-01 | Regularization Loss: 1.433e-07 | Val Loss: 4.512e-01 | Time: 9.47s
2025-08-15 02:13:42,996:INFO:Epoch: 8600/10000 | Train Loss: 4.470e-01 | Dynamic Loss: 4.470e-01 | Regularization Loss: 1.411e-07 | Val Loss: 4.485e-01 | Time: 4.42s
2025-08-15 02:13:42,996:INFO:New best model found at epoch 8600 with validation loss 4.485e-01. Saving...
2025-08-15 02:13:47,429:INFO:Epoch: 8650/10000 | Train Loss: 4.487e-01 | Dynamic Loss: 4.487e-01 | Regularization Loss: 1.412e-07 | Val Loss: 4.483e-01 | Time: 4.42s
2025-08-15 02:13:47,429:INFO:New best model found at epoch 8650 with validation loss 4.483e-01. Saving...
2025-08-15 02:13:51,850:INFO:Epoch: 8700/10000 | Train Loss: 4.478e-01 | Dynamic Loss: 4.478e-01 | Regularization Loss: 1.395e-07 | Val Loss: 4.497e-01 | Time: 4.41s
2025-08-15 02:13:56,271:INFO:Epoch: 8750/10000 | Train Loss: 4.470e-01 | Dynamic Loss: 4.470e-01 | Regularization Loss: 1.387e-07 | Val Loss: 4.474e-01 | Time: 4.42s
2025-08-15 02:13:56,271:INFO:New best model found at epoch 8750 with validation loss 4.474e-01. Saving...
2025-08-15 02:14:00,663:INFO:Epoch: 8800/10000 | Train Loss: 4.458e-01 | Dynamic Loss: 4.458e-01 | Regularization Loss: 1.376e-07 | Val Loss: 4.476e-01 | Time: 4.38s
2025-08-15 02:14:04,962:INFO:Epoch: 8850/10000 | Train Loss: 4.456e-01 | Dynamic Loss: 4.456e-01 | Regularization Loss: 1.374e-07 | Val Loss: 4.468e-01 | Time: 4.30s
2025-08-15 02:14:04,962:INFO:New best model found at epoch 8850 with validation loss 4.468e-01. Saving...
2025-08-15 02:14:09,434:INFO:Epoch: 8900/10000 | Train Loss: 4.453e-01 | Dynamic Loss: 4.453e-01 | Regularization Loss: 1.343e-07 | Val Loss: 4.465e-01 | Time: 4.46s
2025-08-15 02:14:09,434:INFO:New best model found at epoch 8900 with validation loss 4.465e-01. Saving...
2025-08-15 02:14:19,406:INFO:Epoch: 8950/10000 | Train Loss: 4.454e-01 | Dynamic Loss: 4.454e-01 | Regularization Loss: 1.367e-07 | Val Loss: 4.461e-01 | Time: 9.96s
2025-08-15 02:14:19,406:INFO:New best model found at epoch 8950 with validation loss 4.461e-01. Saving...
2025-08-15 02:14:23,842:INFO:Epoch: 9000/10000 | Train Loss: 4.454e-01 | Dynamic Loss: 4.454e-01 | Regularization Loss: 1.332e-07 | Val Loss: 4.454e-01 | Time: 4.43s
2025-08-15 02:14:23,843:INFO:New best model found at epoch 9000 with validation loss 4.454e-01. Saving...
2025-08-15 02:14:28,231:INFO:Epoch: 9050/10000 | Train Loss: 4.462e-01 | Dynamic Loss: 4.462e-01 | Regularization Loss: 1.348e-07 | Val Loss: 4.455e-01 | Time: 4.38s
2025-08-15 02:14:32,643:INFO:Epoch: 9100/10000 | Train Loss: 4.463e-01 | Dynamic Loss: 4.463e-01 | Regularization Loss: 1.346e-07 | Val Loss: 4.456e-01 | Time: 4.41s
2025-08-15 02:14:37,041:INFO:Epoch: 9150/10000 | Train Loss: 4.449e-01 | Dynamic Loss: 4.449e-01 | Regularization Loss: 1.335e-07 | Val Loss: 4.451e-01 | Time: 4.40s
2025-08-15 02:14:37,041:INFO:New best model found at epoch 9150 with validation loss 4.451e-01. Saving...
2025-08-15 02:14:41,403:INFO:Epoch: 9200/10000 | Train Loss: 4.459e-01 | Dynamic Loss: 4.459e-01 | Regularization Loss: 1.325e-07 | Val Loss: 4.441e-01 | Time: 4.35s
2025-08-15 02:14:41,403:INFO:New best model found at epoch 9200 with validation loss 4.441e-01. Saving...
2025-08-15 02:14:45,726:INFO:Epoch: 9250/10000 | Train Loss: 4.416e-01 | Dynamic Loss: 4.416e-01 | Regularization Loss: 1.298e-07 | Val Loss: 4.435e-01 | Time: 4.31s
2025-08-15 02:14:45,726:INFO:New best model found at epoch 9250 with validation loss 4.435e-01. Saving...
2025-08-15 02:14:55,279:INFO:Epoch: 9300/10000 | Train Loss: 4.423e-01 | Dynamic Loss: 4.423e-01 | Regularization Loss: 1.289e-07 | Val Loss: 4.433e-01 | Time: 9.54s
2025-08-15 02:14:55,279:INFO:New best model found at epoch 9300 with validation loss 4.433e-01. Saving...
2025-08-15 02:14:59,669:INFO:Epoch: 9350/10000 | Train Loss: 4.428e-01 | Dynamic Loss: 4.428e-01 | Regularization Loss: 1.290e-07 | Val Loss: 4.427e-01 | Time: 4.38s
2025-08-15 02:14:59,669:INFO:New best model found at epoch 9350 with validation loss 4.427e-01. Saving...
2025-08-15 02:15:04,072:INFO:Epoch: 9400/10000 | Train Loss: 4.434e-01 | Dynamic Loss: 4.434e-01 | Regularization Loss: 1.288e-07 | Val Loss: 4.434e-01 | Time: 4.39s
2025-08-15 02:15:08,431:INFO:Epoch: 9450/10000 | Train Loss: 4.402e-01 | Dynamic Loss: 4.402e-01 | Regularization Loss: 1.283e-07 | Val Loss: 4.418e-01 | Time: 4.36s
2025-08-15 02:15:08,431:INFO:New best model found at epoch 9450 with validation loss 4.418e-01. Saving...
2025-08-15 02:15:12,843:INFO:Epoch: 9500/10000 | Train Loss: 4.397e-01 | Dynamic Loss: 4.397e-01 | Regularization Loss: 1.259e-07 | Val Loss: 4.419e-01 | Time: 4.40s
2025-08-15 02:15:17,273:INFO:Epoch: 9550/10000 | Train Loss: 4.504e-01 | Dynamic Loss: 4.504e-01 | Regularization Loss: 1.276e-07 | Val Loss: 4.481e-01 | Time: 4.43s
2025-08-15 02:15:21,678:INFO:Epoch: 9600/10000 | Train Loss: 4.417e-01 | Dynamic Loss: 4.417e-01 | Regularization Loss: 1.275e-07 | Val Loss: 4.407e-01 | Time: 4.40s
2025-08-15 02:15:21,678:INFO:New best model found at epoch 9600 with validation loss 4.407e-01. Saving...
2025-08-15 02:15:26,066:INFO:Epoch: 9650/10000 | Train Loss: 4.399e-01 | Dynamic Loss: 4.399e-01 | Regularization Loss: 1.252e-07 | Val Loss: 4.401e-01 | Time: 4.38s
2025-08-15 02:15:26,066:INFO:New best model found at epoch 9650 with validation loss 4.401e-01. Saving...
2025-08-15 02:15:36,394:INFO:Epoch: 9700/10000 | Train Loss: 4.386e-01 | Dynamic Loss: 4.386e-01 | Regularization Loss: 1.222e-07 | Val Loss: 4.397e-01 | Time: 10.32s
2025-08-15 02:15:36,394:INFO:New best model found at epoch 9700 with validation loss 4.397e-01. Saving...
2025-08-15 02:15:41,035:INFO:Epoch: 9750/10000 | Train Loss: 4.380e-01 | Dynamic Loss: 4.380e-01 | Regularization Loss: 1.279e-07 | Val Loss: 4.395e-01 | Time: 4.63s
2025-08-15 02:15:41,036:INFO:New best model found at epoch 9750 with validation loss 4.395e-01. Saving...
2025-08-15 02:15:45,463:INFO:Epoch: 9800/10000 | Train Loss: 4.401e-01 | Dynamic Loss: 4.401e-01 | Regularization Loss: 1.356e-07 | Val Loss: 4.393e-01 | Time: 4.42s
2025-08-15 02:15:45,463:INFO:New best model found at epoch 9800 with validation loss 4.393e-01. Saving...
2025-08-15 02:15:49,865:INFO:Epoch: 9850/10000 | Train Loss: 4.406e-01 | Dynamic Loss: 4.406e-01 | Regularization Loss: 1.611e-07 | Val Loss: 4.390e-01 | Time: 4.39s
2025-08-15 02:15:49,865:INFO:New best model found at epoch 9850 with validation loss 4.390e-01. Saving...
2025-08-15 02:15:54,213:INFO:Epoch: 9900/10000 | Train Loss: 4.375e-01 | Dynamic Loss: 4.375e-01 | Regularization Loss: 1.457e-07 | Val Loss: 4.395e-01 | Time: 4.34s
2025-08-15 02:15:58,527:INFO:Epoch: 9950/10000 | Train Loss: 4.377e-01 | Dynamic Loss: 4.377e-01 | Regularization Loss: 0.000e+00 | Val Loss: 4.388e-01 | Time: 4.31s
2025-08-15 02:15:58,530:INFO:New best model found at epoch 9950 with validation loss 4.388e-01. Saving...
2025-08-15 02:16:02,918:INFO:Epoch: 10000/10000 | Train Loss: nan | Dynamic Loss: nan | Regularization Loss: nan | Val Loss: nan | Time: 4.38s
