2025-08-15 01:37:04,385:INFO:Created DataLoaders with 2994 training samples and 998 validation samples.
2025-08-15 01:37:17,423:INFO:model params: 479490
2025-08-15 01:39:24,551:INFO:Created DataLoaders with 2994 training samples and 998 validation samples.
2025-08-15 01:39:25,145:INFO:model params: 479490
2025-08-15 01:39:30,444:INFO:Epoch: 0/10000 | Train Loss: 1.082e+03 | Dynamic Loss: 1.082e+03 | Regularization Loss: 3.129e-23 | Val Loss: 5.132e+02 | Time: 5.30s
2025-08-15 01:39:30,444:INFO:New best model found at epoch 0 with validation loss 5.132e+02. Saving...
2025-08-15 01:39:34,892:INFO:Epoch: 50/10000 | Train Loss: 4.047e+00 | Dynamic Loss: 4.047e+00 | Regularization Loss: 1.299e-19 | Val Loss: 1.661e+01 | Time: 3.99s
2025-08-15 01:39:34,892:INFO:New best model found at epoch 50 with validation loss 1.661e+01. Saving...
2025-08-15 01:39:38,878:INFO:Epoch: 100/10000 | Train Loss: 2.398e+00 | Dynamic Loss: 2.398e+00 | Regularization Loss: 6.716e-17 | Val Loss: 1.112e+01 | Time: 3.97s
2025-08-15 01:39:38,880:INFO:New best model found at epoch 100 with validation loss 1.112e+01. Saving...
2025-08-15 01:39:42,819:INFO:Epoch: 150/10000 | Train Loss: 1.845e+00 | Dynamic Loss: 1.845e+00 | Regularization Loss: 4.066e-14 | Val Loss: 8.360e+00 | Time: 3.93s
2025-08-15 01:39:42,821:INFO:New best model found at epoch 150 with validation loss 8.360e+00. Saving...
2025-08-15 01:39:46,754:INFO:Epoch: 200/10000 | Train Loss: 1.578e+00 | Dynamic Loss: 1.578e+00 | Regularization Loss: 3.146e-11 | Val Loss: 6.661e+00 | Time: 3.92s
2025-08-15 01:39:46,754:INFO:New best model found at epoch 200 with validation loss 6.661e+00. Saving...
2025-08-15 01:39:50,724:INFO:Epoch: 250/10000 | Train Loss: 1.411e+00 | Dynamic Loss: 1.411e+00 | Regularization Loss: 3.268e-08 | Val Loss: 5.581e+00 | Time: 3.96s
2025-08-15 01:39:50,726:INFO:New best model found at epoch 250 with validation loss 5.581e+00. Saving...
2025-08-15 01:39:54,697:INFO:Epoch: 300/10000 | Train Loss: 1.276e+00 | Dynamic Loss: 1.276e+00 | Regularization Loss: 5.068e-07 | Val Loss: 4.821e+00 | Time: 3.96s
2025-08-15 01:39:54,697:INFO:New best model found at epoch 300 with validation loss 4.821e+00. Saving...
2025-08-15 01:39:58,713:INFO:Epoch: 350/10000 | Train Loss: 1.185e+00 | Dynamic Loss: 1.185e+00 | Regularization Loss: 5.091e-07 | Val Loss: 4.202e+00 | Time: 4.01s
2025-08-15 01:39:58,713:INFO:New best model found at epoch 350 with validation loss 4.202e+00. Saving...
2025-08-15 01:40:02,702:INFO:Epoch: 400/10000 | Train Loss: 1.173e+00 | Dynamic Loss: 1.173e+00 | Regularization Loss: 5.345e-07 | Val Loss: 3.719e+00 | Time: 3.98s
2025-08-15 01:40:02,702:INFO:New best model found at epoch 400 with validation loss 3.719e+00. Saving...
2025-08-15 01:40:06,692:INFO:Epoch: 450/10000 | Train Loss: 1.070e+00 | Dynamic Loss: 1.070e+00 | Regularization Loss: 5.296e-07 | Val Loss: 3.323e+00 | Time: 3.98s
2025-08-15 01:40:06,692:INFO:New best model found at epoch 450 with validation loss 3.323e+00. Saving...
2025-08-15 01:40:10,705:INFO:Epoch: 500/10000 | Train Loss: 1.088e+00 | Dynamic Loss: 1.088e+00 | Regularization Loss: 5.381e-07 | Val Loss: 3.071e+00 | Time: 4.00s
2025-08-15 01:40:10,705:INFO:New best model found at epoch 500 with validation loss 3.071e+00. Saving...
2025-08-15 01:40:14,698:INFO:Epoch: 550/10000 | Train Loss: 9.580e-01 | Dynamic Loss: 9.580e-01 | Regularization Loss: 5.295e-07 | Val Loss: 2.934e+00 | Time: 3.98s
2025-08-15 01:40:14,698:INFO:New best model found at epoch 550 with validation loss 2.934e+00. Saving...
2025-08-15 01:40:18,679:INFO:Epoch: 600/10000 | Train Loss: 9.652e-01 | Dynamic Loss: 9.652e-01 | Regularization Loss: 5.324e-07 | Val Loss: 2.657e+00 | Time: 3.97s
2025-08-15 01:40:18,679:INFO:New best model found at epoch 600 with validation loss 2.657e+00. Saving...
2025-08-15 01:40:22,667:INFO:Epoch: 650/10000 | Train Loss: 8.591e-01 | Dynamic Loss: 8.591e-01 | Regularization Loss: 5.361e-07 | Val Loss: 2.467e+00 | Time: 3.98s
2025-08-15 01:40:22,668:INFO:New best model found at epoch 650 with validation loss 2.467e+00. Saving...
2025-08-15 01:40:26,694:INFO:Epoch: 700/10000 | Train Loss: 8.562e-01 | Dynamic Loss: 8.562e-01 | Regularization Loss: 5.385e-07 | Val Loss: 2.262e+00 | Time: 4.02s
2025-08-15 01:40:26,694:INFO:New best model found at epoch 700 with validation loss 2.262e+00. Saving...
2025-08-15 01:40:30,706:INFO:Epoch: 750/10000 | Train Loss: 8.351e-01 | Dynamic Loss: 8.351e-01 | Regularization Loss: 5.310e-07 | Val Loss: 2.089e+00 | Time: 4.00s
2025-08-15 01:40:30,706:INFO:New best model found at epoch 750 with validation loss 2.089e+00. Saving...
2025-08-15 01:40:35,132:INFO:Epoch: 800/10000 | Train Loss: 8.907e-01 | Dynamic Loss: 8.907e-01 | Regularization Loss: 5.200e-07 | Val Loss: 2.044e+00 | Time: 4.42s
2025-08-15 01:40:35,132:INFO:New best model found at epoch 800 with validation loss 2.044e+00. Saving...
2025-08-15 01:40:40,233:INFO:Epoch: 850/10000 | Train Loss: 8.331e-01 | Dynamic Loss: 8.331e-01 | Regularization Loss: 5.275e-07 | Val Loss: 1.845e+00 | Time: 5.09s
2025-08-15 01:40:40,234:INFO:New best model found at epoch 850 with validation loss 1.845e+00. Saving...
2025-08-15 01:40:45,853:INFO:Epoch: 900/10000 | Train Loss: 7.913e-01 | Dynamic Loss: 7.913e-01 | Regularization Loss: 5.204e-07 | Val Loss: 1.745e+00 | Time: 5.61s
2025-08-15 01:40:45,853:INFO:New best model found at epoch 900 with validation loss 1.745e+00. Saving...
2025-08-15 01:40:53,844:INFO:Epoch: 950/10000 | Train Loss: 7.762e-01 | Dynamic Loss: 7.762e-01 | Regularization Loss: 5.202e-07 | Val Loss: 1.613e+00 | Time: 7.98s
2025-08-15 01:40:53,844:INFO:New best model found at epoch 950 with validation loss 1.613e+00. Saving...
2025-08-15 01:41:01,979:INFO:Epoch: 1000/10000 | Train Loss: 7.776e-01 | Dynamic Loss: 7.776e-01 | Regularization Loss: 5.148e-07 | Val Loss: 1.536e+00 | Time: 8.13s
2025-08-15 01:41:01,979:INFO:New best model found at epoch 1000 with validation loss 1.536e+00. Saving...
2025-08-15 01:41:09,747:INFO:Epoch: 1050/10000 | Train Loss: 6.970e-01 | Dynamic Loss: 6.970e-01 | Regularization Loss: 5.039e-07 | Val Loss: 1.523e+00 | Time: 7.76s
2025-08-15 01:41:09,747:INFO:New best model found at epoch 1050 with validation loss 1.523e+00. Saving...
2025-08-15 01:41:13,775:INFO:Epoch: 1100/10000 | Train Loss: 7.610e-01 | Dynamic Loss: 7.610e-01 | Regularization Loss: 5.073e-07 | Val Loss: 1.395e+00 | Time: 4.02s
2025-08-15 01:41:13,775:INFO:New best model found at epoch 1100 with validation loss 1.395e+00. Saving...
2025-08-15 01:41:17,766:INFO:Epoch: 1150/10000 | Train Loss: 7.625e-01 | Dynamic Loss: 7.625e-01 | Regularization Loss: 5.037e-07 | Val Loss: 1.382e+00 | Time: 3.98s
2025-08-15 01:41:17,767:INFO:New best model found at epoch 1150 with validation loss 1.382e+00. Saving...
2025-08-15 01:41:21,829:INFO:Epoch: 1200/10000 | Train Loss: 7.337e-01 | Dynamic Loss: 7.337e-01 | Regularization Loss: 4.990e-07 | Val Loss: 1.275e+00 | Time: 4.05s
2025-08-15 01:41:21,829:INFO:New best model found at epoch 1200 with validation loss 1.275e+00. Saving...
2025-08-15 01:41:25,874:INFO:Epoch: 1250/10000 | Train Loss: 7.504e-01 | Dynamic Loss: 7.504e-01 | Regularization Loss: 4.941e-07 | Val Loss: 1.245e+00 | Time: 4.04s
2025-08-15 01:41:25,876:INFO:New best model found at epoch 1250 with validation loss 1.245e+00. Saving...
2025-08-15 01:41:29,842:INFO:Epoch: 1300/10000 | Train Loss: 7.168e-01 | Dynamic Loss: 7.168e-01 | Regularization Loss: 4.900e-07 | Val Loss: 1.154e+00 | Time: 3.96s
2025-08-15 01:41:29,842:INFO:New best model found at epoch 1300 with validation loss 1.154e+00. Saving...
2025-08-15 01:41:33,816:INFO:Epoch: 1350/10000 | Train Loss: 6.427e-01 | Dynamic Loss: 6.427e-01 | Regularization Loss: 4.829e-07 | Val Loss: 1.151e+00 | Time: 3.97s
2025-08-15 01:41:33,816:INFO:New best model found at epoch 1350 with validation loss 1.151e+00. Saving...
2025-08-15 01:41:37,791:INFO:Epoch: 1400/10000 | Train Loss: 6.299e-01 | Dynamic Loss: 6.299e-01 | Regularization Loss: 4.806e-07 | Val Loss: 1.075e+00 | Time: 3.97s
2025-08-15 01:41:37,792:INFO:New best model found at epoch 1400 with validation loss 1.075e+00. Saving...
2025-08-15 01:41:41,799:INFO:Epoch: 1450/10000 | Train Loss: 6.282e-01 | Dynamic Loss: 6.282e-01 | Regularization Loss: 4.761e-07 | Val Loss: 1.043e+00 | Time: 4.00s
2025-08-15 01:41:41,799:INFO:New best model found at epoch 1450 with validation loss 1.043e+00. Saving...
2025-08-15 01:41:45,810:INFO:Epoch: 1500/10000 | Train Loss: 6.686e-01 | Dynamic Loss: 6.686e-01 | Regularization Loss: 4.723e-07 | Val Loss: 9.769e-01 | Time: 4.00s
2025-08-15 01:41:45,810:INFO:New best model found at epoch 1500 with validation loss 9.769e-01. Saving...
2025-08-15 01:41:49,819:INFO:Epoch: 1550/10000 | Train Loss: 6.144e-01 | Dynamic Loss: 6.144e-01 | Regularization Loss: 4.698e-07 | Val Loss: 9.242e-01 | Time: 4.00s
2025-08-15 01:41:49,820:INFO:New best model found at epoch 1550 with validation loss 9.242e-01. Saving...
2025-08-15 01:41:53,825:INFO:Epoch: 1600/10000 | Train Loss: 6.993e-01 | Dynamic Loss: 6.993e-01 | Regularization Loss: 4.707e-07 | Val Loss: 9.486e-01 | Time: 4.00s
2025-08-15 01:41:57,842:INFO:Epoch: 1650/10000 | Train Loss: 6.059e-01 | Dynamic Loss: 6.059e-01 | Regularization Loss: 4.605e-07 | Val Loss: 8.910e-01 | Time: 4.02s
2025-08-15 01:41:57,842:INFO:New best model found at epoch 1650 with validation loss 8.910e-01. Saving...
2025-08-15 01:42:01,866:INFO:Epoch: 1700/10000 | Train Loss: 6.077e-01 | Dynamic Loss: 6.077e-01 | Regularization Loss: 4.540e-07 | Val Loss: 8.369e-01 | Time: 4.02s
2025-08-15 01:42:01,867:INFO:New best model found at epoch 1700 with validation loss 8.369e-01. Saving...
2025-08-15 01:42:05,882:INFO:Epoch: 1750/10000 | Train Loss: 6.417e-01 | Dynamic Loss: 6.417e-01 | Regularization Loss: 4.498e-07 | Val Loss: 8.226e-01 | Time: 4.01s
2025-08-15 01:42:05,882:INFO:New best model found at epoch 1750 with validation loss 8.226e-01. Saving...
2025-08-15 01:42:09,893:INFO:Epoch: 1800/10000 | Train Loss: 5.884e-01 | Dynamic Loss: 5.884e-01 | Regularization Loss: 4.450e-07 | Val Loss: 7.913e-01 | Time: 4.00s
2025-08-15 01:42:09,893:INFO:New best model found at epoch 1800 with validation loss 7.913e-01. Saving...
2025-08-15 01:49:47,628:INFO:Created DataLoaders with 2994 training samples and 998 validation samples.
2025-08-15 01:49:48,197:INFO:model params: 479490
2025-08-15 01:50:48,840:INFO:Created DataLoaders with 2994 training samples and 998 validation samples.
2025-08-15 01:50:49,458:INFO:model params: 479490
2025-08-15 01:53:21,528:INFO:Created DataLoaders with 2994 training samples and 998 validation samples.
2025-08-15 01:53:22,129:INFO:model params: 479490
2025-08-15 01:55:23,698:INFO:Created DataLoaders with 2994 training samples and 998 validation samples.
2025-08-15 01:55:24,296:INFO:model params: 479490
2025-08-15 01:55:25,360:INFO:Epoch: 0/10000 | Train Loss: 1.082e+03 | Dynamic Loss: 1.082e+03 | Regularization Loss: 3.129e-23 | Val Loss: 5.132e+02 | Time: 1.06s
2025-08-15 01:55:25,361:INFO:New best model found at epoch 0 with validation loss 5.132e+02. Saving...
2025-08-15 01:58:57,469:INFO:Created DataLoaders with 2994 training samples and 998 validation samples.
2025-08-15 01:58:58,084:INFO:model params: 479490
2025-08-15 01:58:58,668:INFO:Epoch: 0/10000 | Train Loss: 1.082e+03 | Dynamic Loss: 1.082e+03 | Regularization Loss: 3.129e-23 | Val Loss: 5.132e+02 | Time: 0.58s
2025-08-15 01:58:58,668:INFO:New best model found at epoch 0 with validation loss 5.132e+02. Saving...
2025-08-15 01:59:02,890:INFO:Epoch: 50/10000 | Train Loss: 4.047e+00 | Dynamic Loss: 4.047e+00 | Regularization Loss: 1.299e-19 | Val Loss: 1.661e+01 | Time: 4.21s
2025-08-15 01:59:02,890:INFO:New best model found at epoch 50 with validation loss 1.661e+01. Saving...
2025-08-15 01:59:07,151:INFO:Epoch: 100/10000 | Train Loss: 2.398e+00 | Dynamic Loss: 2.398e+00 | Regularization Loss: 6.716e-17 | Val Loss: 1.112e+01 | Time: 4.25s
2025-08-15 01:59:07,152:INFO:New best model found at epoch 100 with validation loss 1.112e+01. Saving...
2025-08-15 01:59:11,718:INFO:Epoch: 150/10000 | Train Loss: 1.845e+00 | Dynamic Loss: 1.845e+00 | Regularization Loss: 4.066e-14 | Val Loss: 8.360e+00 | Time: 4.56s
2025-08-15 01:59:11,718:INFO:New best model found at epoch 150 with validation loss 8.360e+00. Saving...
2025-08-15 01:59:20,148:INFO:Epoch: 200/10000 | Train Loss: 1.578e+00 | Dynamic Loss: 1.578e+00 | Regularization Loss: 3.146e-11 | Val Loss: 6.661e+00 | Time: 8.42s
2025-08-15 01:59:20,149:INFO:New best model found at epoch 200 with validation loss 6.661e+00. Saving...
2025-08-15 01:59:24,549:INFO:Epoch: 250/10000 | Train Loss: 1.411e+00 | Dynamic Loss: 1.411e+00 | Regularization Loss: 3.268e-08 | Val Loss: 5.581e+00 | Time: 4.39s
2025-08-15 01:59:24,549:INFO:New best model found at epoch 250 with validation loss 5.581e+00. Saving...
2025-08-15 01:59:29,051:INFO:Epoch: 300/10000 | Train Loss: 1.276e+00 | Dynamic Loss: 1.276e+00 | Regularization Loss: 5.068e-07 | Val Loss: 4.821e+00 | Time: 4.49s
2025-08-15 01:59:29,053:INFO:New best model found at epoch 300 with validation loss 4.821e+00. Saving...
2025-08-15 01:59:33,530:INFO:Epoch: 350/10000 | Train Loss: 1.185e+00 | Dynamic Loss: 1.185e+00 | Regularization Loss: 5.091e-07 | Val Loss: 4.202e+00 | Time: 4.47s
2025-08-15 01:59:33,530:INFO:New best model found at epoch 350 with validation loss 4.202e+00. Saving...
2025-08-15 01:59:37,992:INFO:Epoch: 400/10000 | Train Loss: 1.173e+00 | Dynamic Loss: 1.173e+00 | Regularization Loss: 5.345e-07 | Val Loss: 3.719e+00 | Time: 4.45s
2025-08-15 01:59:37,992:INFO:New best model found at epoch 400 with validation loss 3.719e+00. Saving...
2025-08-15 01:59:42,427:INFO:Epoch: 450/10000 | Train Loss: 1.070e+00 | Dynamic Loss: 1.070e+00 | Regularization Loss: 5.296e-07 | Val Loss: 3.323e+00 | Time: 4.43s
2025-08-15 01:59:42,427:INFO:New best model found at epoch 450 with validation loss 3.323e+00. Saving...
2025-08-15 01:59:46,889:INFO:Epoch: 500/10000 | Train Loss: 1.088e+00 | Dynamic Loss: 1.088e+00 | Regularization Loss: 5.381e-07 | Val Loss: 3.071e+00 | Time: 4.45s
2025-08-15 01:59:46,891:INFO:New best model found at epoch 500 with validation loss 3.071e+00. Saving...
2025-08-15 01:59:52,223:INFO:Epoch: 550/10000 | Train Loss: 9.580e-01 | Dynamic Loss: 9.580e-01 | Regularization Loss: 5.295e-07 | Val Loss: 2.934e+00 | Time: 5.32s
2025-08-15 01:59:52,224:INFO:New best model found at epoch 550 with validation loss 2.934e+00. Saving...
2025-08-15 02:00:01,173:INFO:Epoch: 600/10000 | Train Loss: 9.652e-01 | Dynamic Loss: 9.652e-01 | Regularization Loss: 5.324e-07 | Val Loss: 2.657e+00 | Time: 8.94s
2025-08-15 02:00:01,173:INFO:New best model found at epoch 600 with validation loss 2.657e+00. Saving...
2025-08-15 02:00:05,581:INFO:Epoch: 650/10000 | Train Loss: 8.591e-01 | Dynamic Loss: 8.591e-01 | Regularization Loss: 5.361e-07 | Val Loss: 2.467e+00 | Time: 4.40s
2025-08-15 02:00:05,581:INFO:New best model found at epoch 650 with validation loss 2.467e+00. Saving...
2025-08-15 02:00:10,104:INFO:Epoch: 700/10000 | Train Loss: 8.562e-01 | Dynamic Loss: 8.562e-01 | Regularization Loss: 5.385e-07 | Val Loss: 2.262e+00 | Time: 4.51s
2025-08-15 02:00:10,105:INFO:New best model found at epoch 700 with validation loss 2.262e+00. Saving...
2025-08-15 02:00:14,619:INFO:Epoch: 750/10000 | Train Loss: 8.351e-01 | Dynamic Loss: 8.351e-01 | Regularization Loss: 5.310e-07 | Val Loss: 2.089e+00 | Time: 4.50s
2025-08-15 02:00:14,619:INFO:New best model found at epoch 750 with validation loss 2.089e+00. Saving...
2025-08-15 02:00:19,099:INFO:Epoch: 800/10000 | Train Loss: 8.907e-01 | Dynamic Loss: 8.907e-01 | Regularization Loss: 5.200e-07 | Val Loss: 2.044e+00 | Time: 4.47s
2025-08-15 02:00:19,099:INFO:New best model found at epoch 800 with validation loss 2.044e+00. Saving...
2025-08-15 02:00:23,515:INFO:Epoch: 850/10000 | Train Loss: 8.331e-01 | Dynamic Loss: 8.331e-01 | Regularization Loss: 5.275e-07 | Val Loss: 1.845e+00 | Time: 4.41s
2025-08-15 02:00:23,515:INFO:New best model found at epoch 850 with validation loss 1.845e+00. Saving...
2025-08-15 02:00:28,029:INFO:Epoch: 900/10000 | Train Loss: 7.913e-01 | Dynamic Loss: 7.913e-01 | Regularization Loss: 5.204e-07 | Val Loss: 1.745e+00 | Time: 4.50s
2025-08-15 02:00:28,029:INFO:New best model found at epoch 900 with validation loss 1.745e+00. Saving...
2025-08-15 02:00:37,458:INFO:Epoch: 950/10000 | Train Loss: 7.762e-01 | Dynamic Loss: 7.762e-01 | Regularization Loss: 5.202e-07 | Val Loss: 1.613e+00 | Time: 9.42s
2025-08-15 02:00:37,458:INFO:New best model found at epoch 950 with validation loss 1.613e+00. Saving...
2025-08-15 02:00:41,978:INFO:Epoch: 1000/10000 | Train Loss: 7.776e-01 | Dynamic Loss: 7.776e-01 | Regularization Loss: 5.148e-07 | Val Loss: 1.536e+00 | Time: 4.51s
2025-08-15 02:00:41,978:INFO:New best model found at epoch 1000 with validation loss 1.536e+00. Saving...
2025-08-15 02:00:46,515:INFO:Epoch: 1050/10000 | Train Loss: 6.970e-01 | Dynamic Loss: 6.970e-01 | Regularization Loss: 5.039e-07 | Val Loss: 1.523e+00 | Time: 4.53s
2025-08-15 02:00:46,516:INFO:New best model found at epoch 1050 with validation loss 1.523e+00. Saving...
2025-08-15 02:00:51,055:INFO:Epoch: 1100/10000 | Train Loss: 7.610e-01 | Dynamic Loss: 7.610e-01 | Regularization Loss: 5.073e-07 | Val Loss: 1.395e+00 | Time: 4.53s
2025-08-15 02:00:51,055:INFO:New best model found at epoch 1100 with validation loss 1.395e+00. Saving...
2025-08-15 02:00:55,588:INFO:Epoch: 1150/10000 | Train Loss: 7.625e-01 | Dynamic Loss: 7.625e-01 | Regularization Loss: 5.037e-07 | Val Loss: 1.382e+00 | Time: 4.52s
2025-08-15 02:00:55,588:INFO:New best model found at epoch 1150 with validation loss 1.382e+00. Saving...
2025-08-15 02:01:00,132:INFO:Epoch: 1200/10000 | Train Loss: 7.337e-01 | Dynamic Loss: 7.337e-01 | Regularization Loss: 4.990e-07 | Val Loss: 1.275e+00 | Time: 4.53s
2025-08-15 02:01:00,132:INFO:New best model found at epoch 1200 with validation loss 1.275e+00. Saving...
2025-08-15 02:01:04,591:INFO:Epoch: 1250/10000 | Train Loss: 7.504e-01 | Dynamic Loss: 7.504e-01 | Regularization Loss: 4.941e-07 | Val Loss: 1.245e+00 | Time: 4.45s
2025-08-15 02:01:04,592:INFO:New best model found at epoch 1250 with validation loss 1.245e+00. Saving...
2025-08-15 02:01:14,397:INFO:Epoch: 1300/10000 | Train Loss: 7.168e-01 | Dynamic Loss: 7.168e-01 | Regularization Loss: 4.900e-07 | Val Loss: 1.154e+00 | Time: 9.80s
2025-08-15 02:01:14,397:INFO:New best model found at epoch 1300 with validation loss 1.154e+00. Saving...
2025-08-15 02:01:18,950:INFO:Epoch: 1350/10000 | Train Loss: 6.427e-01 | Dynamic Loss: 6.427e-01 | Regularization Loss: 4.829e-07 | Val Loss: 1.151e+00 | Time: 4.54s
2025-08-15 02:01:18,952:INFO:New best model found at epoch 1350 with validation loss 1.151e+00. Saving...
2025-08-15 02:01:23,516:INFO:Epoch: 1400/10000 | Train Loss: 6.299e-01 | Dynamic Loss: 6.299e-01 | Regularization Loss: 4.806e-07 | Val Loss: 1.075e+00 | Time: 4.56s
2025-08-15 02:01:23,517:INFO:New best model found at epoch 1400 with validation loss 1.075e+00. Saving...
2025-08-15 02:01:27,986:INFO:Epoch: 1450/10000 | Train Loss: 6.282e-01 | Dynamic Loss: 6.282e-01 | Regularization Loss: 4.761e-07 | Val Loss: 1.043e+00 | Time: 4.46s
2025-08-15 02:01:27,986:INFO:New best model found at epoch 1450 with validation loss 1.043e+00. Saving...
2025-08-15 02:01:32,536:INFO:Epoch: 1500/10000 | Train Loss: 6.686e-01 | Dynamic Loss: 6.686e-01 | Regularization Loss: 4.723e-07 | Val Loss: 9.769e-01 | Time: 4.54s
2025-08-15 02:01:32,536:INFO:New best model found at epoch 1500 with validation loss 9.769e-01. Saving...
2025-08-15 02:01:37,048:INFO:Epoch: 1550/10000 | Train Loss: 6.144e-01 | Dynamic Loss: 6.144e-01 | Regularization Loss: 4.698e-07 | Val Loss: 9.242e-01 | Time: 4.50s
2025-08-15 02:01:37,048:INFO:New best model found at epoch 1550 with validation loss 9.242e-01. Saving...
2025-08-15 02:01:41,526:INFO:Epoch: 1600/10000 | Train Loss: 6.993e-01 | Dynamic Loss: 6.993e-01 | Regularization Loss: 4.707e-07 | Val Loss: 9.486e-01 | Time: 4.47s
2025-08-15 02:01:48,894:INFO:Epoch: 1650/10000 | Train Loss: 6.059e-01 | Dynamic Loss: 6.059e-01 | Regularization Loss: 4.605e-07 | Val Loss: 8.910e-01 | Time: 7.37s
2025-08-15 02:01:48,894:INFO:New best model found at epoch 1650 with validation loss 8.910e-01. Saving...
2025-08-15 02:01:59,226:INFO:Epoch: 1700/10000 | Train Loss: 6.077e-01 | Dynamic Loss: 6.077e-01 | Regularization Loss: 4.540e-07 | Val Loss: 8.369e-01 | Time: 10.32s
2025-08-15 02:01:59,226:INFO:New best model found at epoch 1700 with validation loss 8.369e-01. Saving...
2025-08-15 02:02:03,717:INFO:Epoch: 1750/10000 | Train Loss: 6.417e-01 | Dynamic Loss: 6.417e-01 | Regularization Loss: 4.498e-07 | Val Loss: 8.226e-01 | Time: 4.48s
2025-08-15 02:02:03,718:INFO:New best model found at epoch 1750 with validation loss 8.226e-01. Saving...
2025-08-15 02:02:08,218:INFO:Epoch: 1800/10000 | Train Loss: 5.884e-01 | Dynamic Loss: 5.884e-01 | Regularization Loss: 4.450e-07 | Val Loss: 7.913e-01 | Time: 4.49s
2025-08-15 02:02:08,219:INFO:New best model found at epoch 1800 with validation loss 7.913e-01. Saving...
2025-08-15 02:02:12,689:INFO:Epoch: 1850/10000 | Train Loss: 6.286e-01 | Dynamic Loss: 6.286e-01 | Regularization Loss: 4.392e-07 | Val Loss: 8.465e-01 | Time: 4.46s
2025-08-15 02:02:17,122:INFO:Epoch: 1900/10000 | Train Loss: 6.372e-01 | Dynamic Loss: 6.372e-01 | Regularization Loss: 4.360e-07 | Val Loss: 7.417e-01 | Time: 4.43s
2025-08-15 02:02:17,122:INFO:New best model found at epoch 1900 with validation loss 7.417e-01. Saving...
2025-08-15 02:02:21,676:INFO:Epoch: 1950/10000 | Train Loss: 6.903e-01 | Dynamic Loss: 6.903e-01 | Regularization Loss: 4.382e-07 | Val Loss: 7.596e-01 | Time: 4.54s
2025-08-15 02:02:28,446:INFO:Epoch: 2000/10000 | Train Loss: 6.300e-01 | Dynamic Loss: 6.300e-01 | Regularization Loss: 4.354e-07 | Val Loss: 7.894e-01 | Time: 6.77s
2025-08-15 02:02:38,469:INFO:Epoch: 2050/10000 | Train Loss: 6.474e-01 | Dynamic Loss: 6.474e-01 | Regularization Loss: 4.316e-07 | Val Loss: 6.848e-01 | Time: 10.02s
2025-08-15 02:02:38,469:INFO:New best model found at epoch 2050 with validation loss 6.848e-01. Saving...
2025-08-15 02:02:43,033:INFO:Epoch: 2100/10000 | Train Loss: 5.966e-01 | Dynamic Loss: 5.966e-01 | Regularization Loss: 4.230e-07 | Val Loss: 7.491e-01 | Time: 4.55s
2025-08-15 02:02:47,536:INFO:Epoch: 2150/10000 | Train Loss: 6.038e-01 | Dynamic Loss: 6.038e-01 | Regularization Loss: 4.193e-07 | Val Loss: 6.806e-01 | Time: 4.50s
2025-08-15 02:02:47,536:INFO:New best model found at epoch 2150 with validation loss 6.806e-01. Saving...
2025-08-15 02:02:52,085:INFO:Epoch: 2200/10000 | Train Loss: 6.163e-01 | Dynamic Loss: 6.163e-01 | Regularization Loss: 4.146e-07 | Val Loss: 6.611e-01 | Time: 4.54s
2025-08-15 02:02:52,085:INFO:New best model found at epoch 2200 with validation loss 6.611e-01. Saving...
2025-08-15 02:02:56,618:INFO:Epoch: 2250/10000 | Train Loss: 5.784e-01 | Dynamic Loss: 5.784e-01 | Regularization Loss: 4.160e-07 | Val Loss: 6.714e-01 | Time: 4.52s
2025-08-15 02:03:01,472:INFO:Epoch: 2300/10000 | Train Loss: 5.762e-01 | Dynamic Loss: 5.762e-01 | Regularization Loss: 4.050e-07 | Val Loss: 6.558e-01 | Time: 4.85s
2025-08-15 02:03:01,472:INFO:New best model found at epoch 2300 with validation loss 6.558e-01. Saving...
2025-08-15 02:03:05,967:INFO:Epoch: 2350/10000 | Train Loss: 5.699e-01 | Dynamic Loss: 5.699e-01 | Regularization Loss: 4.044e-07 | Val Loss: 6.184e-01 | Time: 4.49s
2025-08-15 02:03:05,967:INFO:New best model found at epoch 2350 with validation loss 6.184e-01. Saving...
2025-08-15 02:03:15,968:INFO:Epoch: 2400/10000 | Train Loss: 5.800e-01 | Dynamic Loss: 5.800e-01 | Regularization Loss: 3.944e-07 | Val Loss: 6.125e-01 | Time: 9.99s
2025-08-15 02:03:15,969:INFO:New best model found at epoch 2400 with validation loss 6.125e-01. Saving...
2025-08-15 02:03:20,481:INFO:Epoch: 2450/10000 | Train Loss: 5.863e-01 | Dynamic Loss: 5.863e-01 | Regularization Loss: 3.954e-07 | Val Loss: 5.916e-01 | Time: 4.50s
2025-08-15 02:03:20,481:INFO:New best model found at epoch 2450 with validation loss 5.916e-01. Saving...
2025-08-15 02:03:24,989:INFO:Epoch: 2500/10000 | Train Loss: 5.703e-01 | Dynamic Loss: 5.703e-01 | Regularization Loss: 3.878e-07 | Val Loss: 6.189e-01 | Time: 4.50s
2025-08-15 02:03:29,510:INFO:Epoch: 2550/10000 | Train Loss: 5.640e-01 | Dynamic Loss: 5.640e-01 | Regularization Loss: 3.820e-07 | Val Loss: 5.918e-01 | Time: 4.52s
2025-08-15 02:03:33,939:INFO:Epoch: 2600/10000 | Train Loss: 5.650e-01 | Dynamic Loss: 5.650e-01 | Regularization Loss: 3.801e-07 | Val Loss: 5.912e-01 | Time: 4.43s
2025-08-15 02:03:33,939:INFO:New best model found at epoch 2600 with validation loss 5.912e-01. Saving...
2025-08-15 02:03:38,393:INFO:Epoch: 2650/10000 | Train Loss: 5.650e-01 | Dynamic Loss: 5.650e-01 | Regularization Loss: 3.783e-07 | Val Loss: 5.831e-01 | Time: 4.44s
2025-08-15 02:03:38,393:INFO:New best model found at epoch 2650 with validation loss 5.831e-01. Saving...
2025-08-15 02:03:43,271:INFO:Epoch: 2700/10000 | Train Loss: 5.433e-01 | Dynamic Loss: 5.433e-01 | Regularization Loss: 3.678e-07 | Val Loss: 5.480e-01 | Time: 4.87s
2025-08-15 02:03:43,271:INFO:New best model found at epoch 2700 with validation loss 5.480e-01. Saving...
2025-08-15 02:03:52,066:INFO:Epoch: 2750/10000 | Train Loss: 5.703e-01 | Dynamic Loss: 5.703e-01 | Regularization Loss: 3.669e-07 | Val Loss: 5.470e-01 | Time: 8.79s
2025-08-15 02:03:52,066:INFO:New best model found at epoch 2750 with validation loss 5.470e-01. Saving...
2025-08-15 02:03:56,531:INFO:Epoch: 2800/10000 | Train Loss: 5.699e-01 | Dynamic Loss: 5.699e-01 | Regularization Loss: 3.638e-07 | Val Loss: 5.889e-01 | Time: 4.46s
2025-08-15 02:04:01,063:INFO:Epoch: 2850/10000 | Train Loss: 5.621e-01 | Dynamic Loss: 5.621e-01 | Regularization Loss: 3.613e-07 | Val Loss: 5.452e-01 | Time: 4.53s
2025-08-15 02:04:01,063:INFO:New best model found at epoch 2850 with validation loss 5.452e-01. Saving...
2025-08-15 02:04:05,637:INFO:Epoch: 2900/10000 | Train Loss: 5.542e-01 | Dynamic Loss: 5.542e-01 | Regularization Loss: 3.608e-07 | Val Loss: 5.772e-01 | Time: 4.56s
2025-08-15 02:04:10,239:INFO:Epoch: 2950/10000 | Train Loss: 5.475e-01 | Dynamic Loss: 5.475e-01 | Regularization Loss: 3.524e-07 | Val Loss: 5.408e-01 | Time: 4.60s
2025-08-15 02:04:10,239:INFO:New best model found at epoch 2950 with validation loss 5.408e-01. Saving...
2025-08-15 02:04:14,794:INFO:Epoch: 3000/10000 | Train Loss: 5.619e-01 | Dynamic Loss: 5.619e-01 | Regularization Loss: 3.522e-07 | Val Loss: 5.449e-01 | Time: 4.55s
2025-08-15 02:04:20,240:INFO:Epoch: 3050/10000 | Train Loss: 5.407e-01 | Dynamic Loss: 5.407e-01 | Regularization Loss: 3.466e-07 | Val Loss: 5.431e-01 | Time: 5.45s
2025-08-15 02:04:29,073:INFO:Epoch: 3100/10000 | Train Loss: 5.399e-01 | Dynamic Loss: 5.399e-01 | Regularization Loss: 3.414e-07 | Val Loss: 5.441e-01 | Time: 8.83s
2025-08-15 02:04:33,603:INFO:Epoch: 3150/10000 | Train Loss: 5.523e-01 | Dynamic Loss: 5.523e-01 | Regularization Loss: 3.422e-07 | Val Loss: 5.287e-01 | Time: 4.53s
2025-08-15 02:04:33,603:INFO:New best model found at epoch 3150 with validation loss 5.287e-01. Saving...
2025-08-15 02:04:38,101:INFO:Epoch: 3200/10000 | Train Loss: 5.330e-01 | Dynamic Loss: 5.330e-01 | Regularization Loss: 3.350e-07 | Val Loss: 5.299e-01 | Time: 4.49s
2025-08-15 02:04:42,676:INFO:Epoch: 3250/10000 | Train Loss: 5.444e-01 | Dynamic Loss: 5.444e-01 | Regularization Loss: 3.300e-07 | Val Loss: 5.314e-01 | Time: 4.58s
2025-08-15 02:04:47,183:INFO:Epoch: 3300/10000 | Train Loss: 5.334e-01 | Dynamic Loss: 5.334e-01 | Regularization Loss: 3.297e-07 | Val Loss: 5.351e-01 | Time: 4.51s
2025-08-15 02:04:51,685:INFO:Epoch: 3350/10000 | Train Loss: 5.353e-01 | Dynamic Loss: 5.353e-01 | Regularization Loss: 3.293e-07 | Val Loss: 5.444e-01 | Time: 4.50s
2025-08-15 02:04:56,163:INFO:Epoch: 3400/10000 | Train Loss: 5.412e-01 | Dynamic Loss: 5.412e-01 | Regularization Loss: 3.237e-07 | Val Loss: 5.306e-01 | Time: 4.48s
2025-08-15 02:05:03,772:INFO:Epoch: 3450/10000 | Train Loss: 5.430e-01 | Dynamic Loss: 5.430e-01 | Regularization Loss: 3.243e-07 | Val Loss: 5.237e-01 | Time: 7.61s
2025-08-15 02:05:03,772:INFO:New best model found at epoch 3450 with validation loss 5.237e-01. Saving...
2025-08-15 02:05:08,278:INFO:Epoch: 3500/10000 | Train Loss: 5.310e-01 | Dynamic Loss: 5.310e-01 | Regularization Loss: 3.152e-07 | Val Loss: 5.277e-01 | Time: 4.50s
2025-08-15 02:05:12,860:INFO:Epoch: 3550/10000 | Train Loss: 5.383e-01 | Dynamic Loss: 5.383e-01 | Regularization Loss: 3.159e-07 | Val Loss: 5.363e-01 | Time: 4.58s
2025-08-15 02:05:17,397:INFO:Epoch: 3600/10000 | Train Loss: 5.356e-01 | Dynamic Loss: 5.356e-01 | Regularization Loss: 3.118e-07 | Val Loss: 5.220e-01 | Time: 4.54s
2025-08-15 02:05:17,397:INFO:New best model found at epoch 3600 with validation loss 5.220e-01. Saving...
2025-08-15 02:05:21,973:INFO:Epoch: 3650/10000 | Train Loss: 5.380e-01 | Dynamic Loss: 5.380e-01 | Regularization Loss: 3.113e-07 | Val Loss: 5.159e-01 | Time: 4.57s
2025-08-15 02:05:21,974:INFO:New best model found at epoch 3650 with validation loss 5.159e-01. Saving...
2025-08-15 02:05:26,512:INFO:Epoch: 3700/10000 | Train Loss: 5.368e-01 | Dynamic Loss: 5.368e-01 | Regularization Loss: 3.076e-07 | Val Loss: 5.311e-01 | Time: 4.53s
2025-08-15 02:05:31,073:INFO:Epoch: 3750/10000 | Train Loss: 5.253e-01 | Dynamic Loss: 5.253e-01 | Regularization Loss: 3.019e-07 | Val Loss: 5.131e-01 | Time: 4.56s
2025-08-15 02:05:31,073:INFO:New best model found at epoch 3750 with validation loss 5.131e-01. Saving...
2025-08-15 02:05:39,114:INFO:Epoch: 3800/10000 | Train Loss: 5.212e-01 | Dynamic Loss: 5.212e-01 | Regularization Loss: 3.000e-07 | Val Loss: 5.226e-01 | Time: 8.03s
2025-08-15 02:05:43,714:INFO:Epoch: 3850/10000 | Train Loss: 5.288e-01 | Dynamic Loss: 5.288e-01 | Regularization Loss: 3.011e-07 | Val Loss: 5.220e-01 | Time: 4.60s
2025-08-15 02:05:48,273:INFO:Epoch: 3900/10000 | Train Loss: 5.336e-01 | Dynamic Loss: 5.336e-01 | Regularization Loss: 2.993e-07 | Val Loss: 5.408e-01 | Time: 4.56s
2025-08-15 02:05:52,798:INFO:Epoch: 3950/10000 | Train Loss: 5.241e-01 | Dynamic Loss: 5.241e-01 | Regularization Loss: 2.908e-07 | Val Loss: 5.085e-01 | Time: 4.53s
2025-08-15 02:05:52,799:INFO:New best model found at epoch 3950 with validation loss 5.085e-01. Saving...
2025-08-15 02:05:57,339:INFO:Epoch: 4000/10000 | Train Loss: 5.259e-01 | Dynamic Loss: 5.259e-01 | Regularization Loss: 2.923e-07 | Val Loss: 5.190e-01 | Time: 4.53s
2025-08-15 02:06:01,897:INFO:Epoch: 4050/10000 | Train Loss: 5.219e-01 | Dynamic Loss: 5.219e-01 | Regularization Loss: 2.864e-07 | Val Loss: 5.068e-01 | Time: 4.56s
2025-08-15 02:06:01,897:INFO:New best model found at epoch 4050 with validation loss 5.068e-01. Saving...
2025-08-15 02:06:06,501:INFO:Epoch: 4100/10000 | Train Loss: 5.150e-01 | Dynamic Loss: 5.150e-01 | Regularization Loss: 2.855e-07 | Val Loss: 5.086e-01 | Time: 4.59s
2025-08-15 02:06:14,984:INFO:Epoch: 4150/10000 | Train Loss: 5.176e-01 | Dynamic Loss: 5.176e-01 | Regularization Loss: 2.836e-07 | Val Loss: 5.089e-01 | Time: 8.48s
2025-08-15 02:06:19,513:INFO:Epoch: 4200/10000 | Train Loss: 5.213e-01 | Dynamic Loss: 5.213e-01 | Regularization Loss: 2.805e-07 | Val Loss: 5.163e-01 | Time: 4.53s
2025-08-15 02:06:24,016:INFO:Epoch: 4250/10000 | Train Loss: 5.143e-01 | Dynamic Loss: 5.143e-01 | Regularization Loss: 2.781e-07 | Val Loss: 5.075e-01 | Time: 4.50s
2025-08-15 02:06:29,825:INFO:Epoch: 4300/10000 | Train Loss: 5.157e-01 | Dynamic Loss: 5.157e-01 | Regularization Loss: 2.759e-07 | Val Loss: 5.069e-01 | Time: 5.81s
2025-08-15 02:06:34,387:INFO:Epoch: 4350/10000 | Train Loss: 5.170e-01 | Dynamic Loss: 5.170e-01 | Regularization Loss: 2.723e-07 | Val Loss: 5.139e-01 | Time: 4.56s
2025-08-15 02:06:38,932:INFO:Epoch: 4400/10000 | Train Loss: 5.147e-01 | Dynamic Loss: 5.147e-01 | Regularization Loss: 2.694e-07 | Val Loss: 5.083e-01 | Time: 4.55s
2025-08-15 02:06:43,507:INFO:Epoch: 4450/10000 | Train Loss: 5.136e-01 | Dynamic Loss: 5.136e-01 | Regularization Loss: 2.699e-07 | Val Loss: 5.044e-01 | Time: 4.57s
2025-08-15 02:06:43,507:INFO:New best model found at epoch 4450 with validation loss 5.044e-01. Saving...
2025-08-15 02:06:49,145:INFO:Epoch: 4500/10000 | Train Loss: 5.126e-01 | Dynamic Loss: 5.126e-01 | Regularization Loss: 2.665e-07 | Val Loss: 5.010e-01 | Time: 5.63s
2025-08-15 02:06:49,145:INFO:New best model found at epoch 4500 with validation loss 5.010e-01. Saving...
2025-08-15 02:06:58,374:INFO:Epoch: 4550/10000 | Train Loss: 5.141e-01 | Dynamic Loss: 5.141e-01 | Regularization Loss: 2.645e-07 | Val Loss: 5.029e-01 | Time: 9.22s
2025-08-15 02:07:02,825:INFO:Epoch: 4600/10000 | Train Loss: 5.161e-01 | Dynamic Loss: 5.161e-01 | Regularization Loss: 2.657e-07 | Val Loss: 5.041e-01 | Time: 4.45s
2025-08-15 02:07:07,313:INFO:Epoch: 4650/10000 | Train Loss: 5.113e-01 | Dynamic Loss: 5.113e-01 | Regularization Loss: 2.600e-07 | Val Loss: 4.976e-01 | Time: 4.49s
2025-08-15 02:07:07,313:INFO:New best model found at epoch 4650 with validation loss 4.976e-01. Saving...
2025-08-15 02:07:11,839:INFO:Epoch: 4700/10000 | Train Loss: 5.109e-01 | Dynamic Loss: 5.109e-01 | Regularization Loss: 2.583e-07 | Val Loss: 5.008e-01 | Time: 4.52s
2025-08-15 02:07:16,648:INFO:Epoch: 4750/10000 | Train Loss: 5.098e-01 | Dynamic Loss: 5.098e-01 | Regularization Loss: 2.574e-07 | Val Loss: 4.995e-01 | Time: 4.81s
2025-08-15 02:07:21,231:INFO:Epoch: 4800/10000 | Train Loss: 5.090e-01 | Dynamic Loss: 5.090e-01 | Regularization Loss: 2.555e-07 | Val Loss: 4.980e-01 | Time: 4.58s
2025-08-15 02:07:25,772:INFO:Epoch: 4850/10000 | Train Loss: 5.052e-01 | Dynamic Loss: 5.052e-01 | Regularization Loss: 2.535e-07 | Val Loss: 5.002e-01 | Time: 4.54s
2025-08-15 02:07:33,665:INFO:Epoch: 4900/10000 | Train Loss: 5.039e-01 | Dynamic Loss: 5.039e-01 | Regularization Loss: 2.498e-07 | Val Loss: 4.956e-01 | Time: 7.89s
2025-08-15 02:07:33,666:INFO:New best model found at epoch 4900 with validation loss 4.956e-01. Saving...
2025-08-15 02:07:43,525:INFO:Epoch: 4950/10000 | Train Loss: 5.092e-01 | Dynamic Loss: 5.092e-01 | Regularization Loss: 2.513e-07 | Val Loss: 5.037e-01 | Time: 9.85s
2025-08-15 02:07:48,149:INFO:Epoch: 5000/10000 | Train Loss: 5.097e-01 | Dynamic Loss: 5.097e-01 | Regularization Loss: 2.487e-07 | Val Loss: 4.982e-01 | Time: 4.62s
2025-08-15 02:07:52,920:INFO:Epoch: 5050/10000 | Train Loss: 5.075e-01 | Dynamic Loss: 5.075e-01 | Regularization Loss: 2.458e-07 | Val Loss: 4.969e-01 | Time: 4.77s
2025-08-15 02:07:57,812:INFO:Epoch: 5100/10000 | Train Loss: 5.041e-01 | Dynamic Loss: 5.041e-01 | Regularization Loss: 2.446e-07 | Val Loss: 4.974e-01 | Time: 4.89s
2025-08-15 02:08:02,443:INFO:Epoch: 5150/10000 | Train Loss: 5.064e-01 | Dynamic Loss: 5.064e-01 | Regularization Loss: 2.439e-07 | Val Loss: 4.953e-01 | Time: 4.63s
2025-08-15 02:08:02,444:INFO:New best model found at epoch 5150 with validation loss 4.953e-01. Saving...
2025-08-15 02:08:07,088:INFO:Epoch: 5200/10000 | Train Loss: 5.012e-01 | Dynamic Loss: 5.012e-01 | Regularization Loss: 2.397e-07 | Val Loss: 4.961e-01 | Time: 4.64s
2025-08-15 02:08:11,735:INFO:Epoch: 5250/10000 | Train Loss: 5.068e-01 | Dynamic Loss: 5.068e-01 | Regularization Loss: 2.410e-07 | Val Loss: 4.986e-01 | Time: 4.65s
2025-08-15 02:08:16,680:INFO:Epoch: 5300/10000 | Train Loss: 5.062e-01 | Dynamic Loss: 5.062e-01 | Regularization Loss: 2.378e-07 | Val Loss: 4.909e-01 | Time: 4.94s
2025-08-15 02:08:16,680:INFO:New best model found at epoch 5300 with validation loss 4.909e-01. Saving...
2025-08-15 02:08:26,892:INFO:Epoch: 5350/10000 | Train Loss: 5.036e-01 | Dynamic Loss: 5.036e-01 | Regularization Loss: 2.364e-07 | Val Loss: 4.991e-01 | Time: 10.20s
2025-08-15 02:08:31,480:INFO:Epoch: 5400/10000 | Train Loss: 5.007e-01 | Dynamic Loss: 5.007e-01 | Regularization Loss: 2.319e-07 | Val Loss: 4.930e-01 | Time: 4.59s
2025-08-15 02:08:36,088:INFO:Epoch: 5450/10000 | Train Loss: 5.017e-01 | Dynamic Loss: 5.017e-01 | Regularization Loss: 2.307e-07 | Val Loss: 4.923e-01 | Time: 4.61s
2025-08-15 02:08:40,783:INFO:Epoch: 5500/10000 | Train Loss: 5.026e-01 | Dynamic Loss: 5.026e-01 | Regularization Loss: 2.309e-07 | Val Loss: 4.930e-01 | Time: 4.70s
2025-08-15 02:08:45,380:INFO:Epoch: 5550/10000 | Train Loss: 4.994e-01 | Dynamic Loss: 4.994e-01 | Regularization Loss: 2.291e-07 | Val Loss: 4.930e-01 | Time: 4.60s
2025-08-15 02:08:50,024:INFO:Epoch: 5600/10000 | Train Loss: 5.010e-01 | Dynamic Loss: 5.010e-01 | Regularization Loss: 2.305e-07 | Val Loss: 4.939e-01 | Time: 4.64s
2025-08-15 02:08:54,619:INFO:Epoch: 5650/10000 | Train Loss: 4.982e-01 | Dynamic Loss: 4.982e-01 | Regularization Loss: 2.280e-07 | Val Loss: 4.872e-01 | Time: 4.59s
2025-08-15 02:08:54,619:INFO:New best model found at epoch 5650 with validation loss 4.872e-01. Saving...
2025-08-15 02:09:04,651:INFO:Epoch: 5700/10000 | Train Loss: 5.031e-01 | Dynamic Loss: 5.031e-01 | Regularization Loss: 2.249e-07 | Val Loss: 4.940e-01 | Time: 10.02s
2025-08-15 02:09:09,202:INFO:Epoch: 5750/10000 | Train Loss: 4.975e-01 | Dynamic Loss: 4.975e-01 | Regularization Loss: 2.222e-07 | Val Loss: 4.877e-01 | Time: 4.55s
2025-08-15 02:09:13,818:INFO:Epoch: 5800/10000 | Train Loss: 4.999e-01 | Dynamic Loss: 4.999e-01 | Regularization Loss: 2.220e-07 | Val Loss: 4.894e-01 | Time: 4.62s
2025-08-15 02:09:18,355:INFO:Epoch: 5850/10000 | Train Loss: 5.019e-01 | Dynamic Loss: 5.019e-01 | Regularization Loss: 2.204e-07 | Val Loss: 4.881e-01 | Time: 4.54s
2025-08-15 02:09:22,866:INFO:Epoch: 5900/10000 | Train Loss: 4.955e-01 | Dynamic Loss: 4.955e-01 | Regularization Loss: 2.180e-07 | Val Loss: 4.892e-01 | Time: 4.51s
2025-08-15 02:09:27,361:INFO:Epoch: 5950/10000 | Train Loss: 4.962e-01 | Dynamic Loss: 4.962e-01 | Regularization Loss: 2.171e-07 | Val Loss: 4.909e-01 | Time: 4.50s
2025-08-15 02:09:32,059:INFO:Epoch: 6000/10000 | Train Loss: 4.942e-01 | Dynamic Loss: 4.942e-01 | Regularization Loss: 2.139e-07 | Val Loss: 4.872e-01 | Time: 4.70s
2025-08-15 02:09:41,140:INFO:Epoch: 6050/10000 | Train Loss: 4.992e-01 | Dynamic Loss: 4.992e-01 | Regularization Loss: 2.171e-07 | Val Loss: 4.884e-01 | Time: 9.08s
2025-08-15 02:09:45,666:INFO:Epoch: 6100/10000 | Train Loss: 4.948e-01 | Dynamic Loss: 4.948e-01 | Regularization Loss: 2.133e-07 | Val Loss: 4.877e-01 | Time: 4.53s
2025-08-15 02:09:50,309:INFO:Epoch: 6150/10000 | Train Loss: 4.949e-01 | Dynamic Loss: 4.949e-01 | Regularization Loss: 2.103e-07 | Val Loss: 4.877e-01 | Time: 4.64s
2025-08-15 02:09:54,849:INFO:Epoch: 6200/10000 | Train Loss: 4.947e-01 | Dynamic Loss: 4.947e-01 | Regularization Loss: 2.057e-07 | Val Loss: 4.871e-01 | Time: 4.54s
2025-08-15 02:09:54,849:INFO:New best model found at epoch 6200 with validation loss 4.871e-01. Saving...
2025-08-15 02:09:59,452:INFO:Epoch: 6250/10000 | Train Loss: 4.926e-01 | Dynamic Loss: 4.926e-01 | Regularization Loss: 2.071e-07 | Val Loss: 4.836e-01 | Time: 4.59s
2025-08-15 02:09:59,452:INFO:New best model found at epoch 6250 with validation loss 4.836e-01. Saving...
2025-08-15 02:10:03,989:INFO:Epoch: 6300/10000 | Train Loss: 4.922e-01 | Dynamic Loss: 4.922e-01 | Regularization Loss: 2.099e-07 | Val Loss: 4.905e-01 | Time: 4.53s
2025-08-15 02:10:08,486:INFO:Epoch: 6350/10000 | Train Loss: 4.914e-01 | Dynamic Loss: 4.914e-01 | Regularization Loss: 2.060e-07 | Val Loss: 4.808e-01 | Time: 4.50s
2025-08-15 02:10:08,487:INFO:New best model found at epoch 6350 with validation loss 4.808e-01. Saving...
2025-08-15 02:10:15,265:INFO:Epoch: 6400/10000 | Train Loss: 4.927e-01 | Dynamic Loss: 4.927e-01 | Regularization Loss: 2.041e-07 | Val Loss: 4.830e-01 | Time: 6.77s
2025-08-15 02:10:25,881:INFO:Epoch: 6450/10000 | Train Loss: 4.917e-01 | Dynamic Loss: 4.917e-01 | Regularization Loss: 2.024e-07 | Val Loss: 4.802e-01 | Time: 10.62s
2025-08-15 02:10:25,881:INFO:New best model found at epoch 6450 with validation loss 4.802e-01. Saving...
2025-08-15 02:10:30,410:INFO:Epoch: 6500/10000 | Train Loss: 4.907e-01 | Dynamic Loss: 4.907e-01 | Regularization Loss: 2.010e-07 | Val Loss: 4.805e-01 | Time: 4.52s
2025-08-15 02:10:34,914:INFO:Epoch: 6550/10000 | Train Loss: 4.857e-01 | Dynamic Loss: 4.857e-01 | Regularization Loss: 2.002e-07 | Val Loss: 4.779e-01 | Time: 4.50s
2025-08-15 02:10:34,915:INFO:New best model found at epoch 6550 with validation loss 4.779e-01. Saving...
2025-08-15 02:10:39,569:INFO:Epoch: 6600/10000 | Train Loss: 4.872e-01 | Dynamic Loss: 4.872e-01 | Regularization Loss: 1.991e-07 | Val Loss: 4.790e-01 | Time: 4.64s
2025-08-15 02:10:44,190:INFO:Epoch: 6650/10000 | Train Loss: 4.847e-01 | Dynamic Loss: 4.847e-01 | Regularization Loss: 1.944e-07 | Val Loss: 4.776e-01 | Time: 4.62s
2025-08-15 02:10:44,190:INFO:New best model found at epoch 6650 with validation loss 4.776e-01. Saving...
2025-08-15 02:10:48,724:INFO:Epoch: 6700/10000 | Train Loss: 4.851e-01 | Dynamic Loss: 4.851e-01 | Regularization Loss: 1.944e-07 | Val Loss: 4.765e-01 | Time: 4.53s
2025-08-15 02:10:48,724:INFO:New best model found at epoch 6700 with validation loss 4.765e-01. Saving...
2025-08-15 02:10:53,845:INFO:Epoch: 6750/10000 | Train Loss: 4.849e-01 | Dynamic Loss: 4.849e-01 | Regularization Loss: 1.918e-07 | Val Loss: 4.783e-01 | Time: 5.11s
2025-08-15 02:11:04,249:INFO:Epoch: 6800/10000 | Train Loss: 4.847e-01 | Dynamic Loss: 4.847e-01 | Regularization Loss: 1.932e-07 | Val Loss: 4.779e-01 | Time: 10.40s
2025-08-15 02:11:08,887:INFO:Epoch: 6850/10000 | Train Loss: 4.861e-01 | Dynamic Loss: 4.861e-01 | Regularization Loss: 1.910e-07 | Val Loss: 4.766e-01 | Time: 4.64s
2025-08-15 02:11:13,529:INFO:Epoch: 6900/10000 | Train Loss: 4.822e-01 | Dynamic Loss: 4.822e-01 | Regularization Loss: 1.875e-07 | Val Loss: 4.752e-01 | Time: 4.64s
2025-08-15 02:11:13,529:INFO:New best model found at epoch 6900 with validation loss 4.752e-01. Saving...
2025-08-15 02:11:18,100:INFO:Epoch: 6950/10000 | Train Loss: 4.840e-01 | Dynamic Loss: 4.840e-01 | Regularization Loss: 1.885e-07 | Val Loss: 4.748e-01 | Time: 4.56s
2025-08-15 02:11:18,101:INFO:New best model found at epoch 6950 with validation loss 4.748e-01. Saving...
2025-08-15 02:11:22,789:INFO:Epoch: 7000/10000 | Train Loss: 4.811e-01 | Dynamic Loss: 4.811e-01 | Regularization Loss: 1.856e-07 | Val Loss: 4.775e-01 | Time: 4.68s
2025-08-15 02:11:27,346:INFO:Epoch: 7050/10000 | Train Loss: 4.814e-01 | Dynamic Loss: 4.814e-01 | Regularization Loss: 1.853e-07 | Val Loss: 4.760e-01 | Time: 4.56s
2025-08-15 02:11:31,924:INFO:Epoch: 7100/10000 | Train Loss: 4.810e-01 | Dynamic Loss: 4.810e-01 | Regularization Loss: 1.849e-07 | Val Loss: 4.751e-01 | Time: 4.58s
2025-08-15 02:11:41,392:INFO:Epoch: 7150/10000 | Train Loss: 4.803e-01 | Dynamic Loss: 4.803e-01 | Regularization Loss: 1.847e-07 | Val Loss: 4.718e-01 | Time: 9.47s
2025-08-15 02:11:41,392:INFO:New best model found at epoch 7150 with validation loss 4.718e-01. Saving...
2025-08-15 02:11:46,044:INFO:Epoch: 7200/10000 | Train Loss: 4.797e-01 | Dynamic Loss: 4.797e-01 | Regularization Loss: 1.821e-07 | Val Loss: 4.716e-01 | Time: 4.64s
2025-08-15 02:11:46,044:INFO:New best model found at epoch 7200 with validation loss 4.716e-01. Saving...
2025-08-15 02:11:50,662:INFO:Epoch: 7250/10000 | Train Loss: 4.787e-01 | Dynamic Loss: 4.787e-01 | Regularization Loss: 1.810e-07 | Val Loss: 4.723e-01 | Time: 4.61s
2025-08-15 02:11:55,331:INFO:Epoch: 7300/10000 | Train Loss: 4.786e-01 | Dynamic Loss: 4.786e-01 | Regularization Loss: 1.812e-07 | Val Loss: 4.705e-01 | Time: 4.67s
2025-08-15 02:11:55,331:INFO:New best model found at epoch 7300 with validation loss 4.705e-01. Saving...
2025-08-15 02:11:59,911:INFO:Epoch: 7350/10000 | Train Loss: 4.758e-01 | Dynamic Loss: 4.758e-01 | Regularization Loss: 1.783e-07 | Val Loss: 4.699e-01 | Time: 4.57s
2025-08-15 02:11:59,911:INFO:New best model found at epoch 7350 with validation loss 4.699e-01. Saving...
2025-08-15 02:12:04,601:INFO:Epoch: 7400/10000 | Train Loss: 4.760e-01 | Dynamic Loss: 4.760e-01 | Regularization Loss: 1.787e-07 | Val Loss: 4.698e-01 | Time: 4.68s
2025-08-15 02:12:04,601:INFO:New best model found at epoch 7400 with validation loss 4.698e-01. Saving...
2025-08-15 02:12:09,249:INFO:Epoch: 7450/10000 | Train Loss: 4.755e-01 | Dynamic Loss: 4.755e-01 | Regularization Loss: 1.773e-07 | Val Loss: 4.691e-01 | Time: 4.64s
2025-08-15 02:12:09,249:INFO:New best model found at epoch 7450 with validation loss 4.691e-01. Saving...
2025-08-15 02:12:15,730:INFO:Epoch: 7500/10000 | Train Loss: 4.707e-01 | Dynamic Loss: 4.707e-01 | Regularization Loss: 1.745e-07 | Val Loss: 4.633e-01 | Time: 6.47s
2025-08-15 02:12:15,730:INFO:New best model found at epoch 7500 with validation loss 4.633e-01. Saving...
2025-08-15 02:12:21,706:INFO:Epoch: 7550/10000 | Train Loss: 4.682e-01 | Dynamic Loss: 4.682e-01 | Regularization Loss: 1.731e-07 | Val Loss: 4.627e-01 | Time: 5.97s
2025-08-15 02:12:21,706:INFO:New best model found at epoch 7550 with validation loss 4.627e-01. Saving...
2025-08-15 02:12:26,355:INFO:Epoch: 7600/10000 | Train Loss: 4.685e-01 | Dynamic Loss: 4.685e-01 | Regularization Loss: 1.714e-07 | Val Loss: 4.619e-01 | Time: 4.64s
2025-08-15 02:12:26,355:INFO:New best model found at epoch 7600 with validation loss 4.619e-01. Saving...
2025-08-15 02:12:30,994:INFO:Epoch: 7650/10000 | Train Loss: 4.640e-01 | Dynamic Loss: 4.640e-01 | Regularization Loss: 1.702e-07 | Val Loss: 4.609e-01 | Time: 4.63s
2025-08-15 02:12:30,994:INFO:New best model found at epoch 7650 with validation loss 4.609e-01. Saving...
2025-08-15 02:12:35,590:INFO:Epoch: 7700/10000 | Train Loss: 4.642e-01 | Dynamic Loss: 4.642e-01 | Regularization Loss: 1.660e-07 | Val Loss: 4.598e-01 | Time: 4.59s
2025-08-15 02:12:35,590:INFO:New best model found at epoch 7700 with validation loss 4.598e-01. Saving...
2025-08-15 02:12:40,162:INFO:Epoch: 7750/10000 | Train Loss: 4.629e-01 | Dynamic Loss: 4.629e-01 | Regularization Loss: 1.630e-07 | Val Loss: 4.592e-01 | Time: 4.56s
2025-08-15 02:12:40,162:INFO:New best model found at epoch 7750 with validation loss 4.592e-01. Saving...
2025-08-15 02:12:44,727:INFO:Epoch: 7800/10000 | Train Loss: 4.613e-01 | Dynamic Loss: 4.613e-01 | Regularization Loss: 1.610e-07 | Val Loss: 4.579e-01 | Time: 4.56s
2025-08-15 02:12:44,727:INFO:New best model found at epoch 7800 with validation loss 4.579e-01. Saving...
2025-08-15 02:12:51,243:INFO:Epoch: 7850/10000 | Train Loss: 4.594e-01 | Dynamic Loss: 4.594e-01 | Regularization Loss: 1.623e-07 | Val Loss: 4.569e-01 | Time: 6.51s
2025-08-15 02:12:51,243:INFO:New best model found at epoch 7850 with validation loss 4.569e-01. Saving...
2025-08-15 02:12:57,202:INFO:Epoch: 7900/10000 | Train Loss: 4.597e-01 | Dynamic Loss: 4.597e-01 | Regularization Loss: 1.589e-07 | Val Loss: 4.563e-01 | Time: 5.95s
2025-08-15 02:12:57,202:INFO:New best model found at epoch 7900 with validation loss 4.563e-01. Saving...
2025-08-15 02:13:01,728:INFO:Epoch: 7950/10000 | Train Loss: 4.582e-01 | Dynamic Loss: 4.582e-01 | Regularization Loss: 1.599e-07 | Val Loss: 4.556e-01 | Time: 4.52s
2025-08-15 02:13:01,728:INFO:New best model found at epoch 7950 with validation loss 4.556e-01. Saving...
2025-08-15 02:13:06,267:INFO:Epoch: 8000/10000 | Train Loss: 4.572e-01 | Dynamic Loss: 4.572e-01 | Regularization Loss: 1.557e-07 | Val Loss: 4.547e-01 | Time: 4.53s
2025-08-15 02:13:06,268:INFO:New best model found at epoch 8000 with validation loss 4.547e-01. Saving...
2025-08-15 02:13:10,878:INFO:Epoch: 8050/10000 | Train Loss: 4.568e-01 | Dynamic Loss: 4.568e-01 | Regularization Loss: 1.574e-07 | Val Loss: 4.543e-01 | Time: 4.60s
2025-08-15 02:13:10,878:INFO:New best model found at epoch 8050 with validation loss 4.543e-01. Saving...
2025-08-15 02:13:15,541:INFO:Epoch: 8100/10000 | Train Loss: 4.558e-01 | Dynamic Loss: 4.558e-01 | Regularization Loss: 1.545e-07 | Val Loss: 4.536e-01 | Time: 4.65s
2025-08-15 02:13:15,541:INFO:New best model found at epoch 8100 with validation loss 4.536e-01. Saving...
2025-08-15 02:13:22,648:INFO:Epoch: 8150/10000 | Train Loss: 4.533e-01 | Dynamic Loss: 4.533e-01 | Regularization Loss: 1.540e-07 | Val Loss: 4.531e-01 | Time: 7.10s
2025-08-15 02:13:22,648:INFO:New best model found at epoch 8150 with validation loss 4.531e-01. Saving...
2025-08-15 02:13:31,938:INFO:Epoch: 8200/10000 | Train Loss: 4.534e-01 | Dynamic Loss: 4.534e-01 | Regularization Loss: 1.500e-07 | Val Loss: 4.530e-01 | Time: 9.28s
2025-08-15 02:13:31,939:INFO:New best model found at epoch 8200 with validation loss 4.530e-01. Saving...
2025-08-15 02:13:36,504:INFO:Epoch: 8250/10000 | Train Loss: 4.524e-01 | Dynamic Loss: 4.524e-01 | Regularization Loss: 1.497e-07 | Val Loss: 4.526e-01 | Time: 4.56s
2025-08-15 02:13:36,504:INFO:New best model found at epoch 8250 with validation loss 4.526e-01. Saving...
2025-08-15 02:13:41,110:INFO:Epoch: 8300/10000 | Train Loss: 4.521e-01 | Dynamic Loss: 4.521e-01 | Regularization Loss: 1.494e-07 | Val Loss: 4.521e-01 | Time: 4.60s
2025-08-15 02:13:41,110:INFO:New best model found at epoch 8300 with validation loss 4.521e-01. Saving...
2025-08-15 02:13:46,177:INFO:Epoch: 8350/10000 | Train Loss: 4.536e-01 | Dynamic Loss: 4.536e-01 | Regularization Loss: 1.472e-07 | Val Loss: 4.577e-01 | Time: 5.06s
2025-08-15 02:13:50,818:INFO:Epoch: 8400/10000 | Train Loss: 4.504e-01 | Dynamic Loss: 4.504e-01 | Regularization Loss: 1.466e-07 | Val Loss: 4.518e-01 | Time: 4.64s
2025-08-15 02:13:50,818:INFO:New best model found at epoch 8400 with validation loss 4.518e-01. Saving...
2025-08-15 02:13:55,387:INFO:Epoch: 8450/10000 | Train Loss: 4.515e-01 | Dynamic Loss: 4.515e-01 | Regularization Loss: 1.461e-07 | Val Loss: 4.524e-01 | Time: 4.56s
2025-08-15 02:14:00,116:INFO:Epoch: 8500/10000 | Train Loss: 4.523e-01 | Dynamic Loss: 4.523e-01 | Regularization Loss: 1.448e-07 | Val Loss: 4.524e-01 | Time: 4.73s
2025-08-15 02:14:06,793:INFO:Epoch: 8550/10000 | Train Loss: 4.547e-01 | Dynamic Loss: 4.547e-01 | Regularization Loss: 1.444e-07 | Val Loss: 4.572e-01 | Time: 6.68s
2025-08-15 02:14:12,806:INFO:Epoch: 8600/10000 | Train Loss: 4.494e-01 | Dynamic Loss: 4.494e-01 | Regularization Loss: 1.423e-07 | Val Loss: 4.525e-01 | Time: 6.01s
2025-08-15 02:14:17,406:INFO:Epoch: 8650/10000 | Train Loss: 4.516e-01 | Dynamic Loss: 4.516e-01 | Regularization Loss: 1.427e-07 | Val Loss: 4.518e-01 | Time: 4.60s
2025-08-15 02:14:17,407:INFO:New best model found at epoch 8650 with validation loss 4.518e-01. Saving...
2025-08-15 02:14:22,027:INFO:Epoch: 8700/10000 | Train Loss: 4.492e-01 | Dynamic Loss: 4.492e-01 | Regularization Loss: 1.410e-07 | Val Loss: 4.514e-01 | Time: 4.61s
2025-08-15 02:14:22,027:INFO:New best model found at epoch 8700 with validation loss 4.514e-01. Saving...
2025-08-15 02:14:26,698:INFO:Epoch: 8750/10000 | Train Loss: 4.497e-01 | Dynamic Loss: 4.497e-01 | Regularization Loss: 1.404e-07 | Val Loss: 4.521e-01 | Time: 4.66s
2025-08-15 02:14:31,211:INFO:Epoch: 8800/10000 | Train Loss: 4.480e-01 | Dynamic Loss: 4.480e-01 | Regularization Loss: 1.395e-07 | Val Loss: 4.510e-01 | Time: 4.51s
2025-08-15 02:14:31,211:INFO:New best model found at epoch 8800 with validation loss 4.510e-01. Saving...
2025-08-15 02:14:35,684:INFO:Epoch: 8850/10000 | Train Loss: 5.070e-01 | Dynamic Loss: 5.070e-01 | Regularization Loss: 1.633e-07 | Val Loss: 5.123e-01 | Time: 4.46s
2025-08-15 02:14:42,889:INFO:Epoch: 8900/10000 | Train Loss: 4.560e-01 | Dynamic Loss: 4.560e-01 | Regularization Loss: 1.412e-07 | Val Loss: 4.596e-01 | Time: 7.21s
2025-08-15 02:14:52,789:INFO:Epoch: 8950/10000 | Train Loss: 4.546e-01 | Dynamic Loss: 4.546e-01 | Regularization Loss: 1.409e-07 | Val Loss: 4.564e-01 | Time: 9.90s
2025-08-15 02:14:57,431:INFO:Epoch: 9000/10000 | Train Loss: 4.534e-01 | Dynamic Loss: 4.534e-01 | Regularization Loss: 1.400e-07 | Val Loss: 4.546e-01 | Time: 4.64s
2025-08-15 02:15:02,096:INFO:Epoch: 9050/10000 | Train Loss: 4.509e-01 | Dynamic Loss: 4.509e-01 | Regularization Loss: 1.394e-07 | Val Loss: 4.536e-01 | Time: 4.66s
2025-08-15 02:15:06,660:INFO:Epoch: 9100/10000 | Train Loss: 4.517e-01 | Dynamic Loss: 4.517e-01 | Regularization Loss: 1.389e-07 | Val Loss: 4.539e-01 | Time: 4.56s
2025-08-15 02:15:11,224:INFO:Epoch: 9150/10000 | Train Loss: 4.505e-01 | Dynamic Loss: 4.505e-01 | Regularization Loss: 1.382e-07 | Val Loss: 4.523e-01 | Time: 4.56s
2025-08-15 02:15:15,914:INFO:Epoch: 9200/10000 | Train Loss: 4.532e-01 | Dynamic Loss: 4.532e-01 | Regularization Loss: 1.367e-07 | Val Loss: 4.534e-01 | Time: 4.69s
2025-08-15 02:15:20,485:INFO:Epoch: 9250/10000 | Train Loss: 4.486e-01 | Dynamic Loss: 4.486e-01 | Regularization Loss: 1.365e-07 | Val Loss: 4.519e-01 | Time: 4.57s
2025-08-15 02:15:29,433:INFO:Epoch: 9300/10000 | Train Loss: 4.491e-01 | Dynamic Loss: 4.491e-01 | Regularization Loss: 1.355e-07 | Val Loss: 4.515e-01 | Time: 8.95s
2025-08-15 02:15:34,101:INFO:Epoch: 9350/10000 | Train Loss: 4.496e-01 | Dynamic Loss: 4.496e-01 | Regularization Loss: 1.349e-07 | Val Loss: 4.513e-01 | Time: 4.67s
2025-08-15 02:15:38,776:INFO:Epoch: 9400/10000 | Train Loss: 4.503e-01 | Dynamic Loss: 4.503e-01 | Regularization Loss: 1.340e-07 | Val Loss: 4.549e-01 | Time: 4.67s
2025-08-15 02:15:43,461:INFO:Epoch: 9450/10000 | Train Loss: 4.485e-01 | Dynamic Loss: 4.485e-01 | Regularization Loss: 1.345e-07 | Val Loss: 4.527e-01 | Time: 4.69s
2025-08-15 02:15:48,102:INFO:Epoch: 9500/10000 | Train Loss: 4.466e-01 | Dynamic Loss: 4.466e-01 | Regularization Loss: 1.327e-07 | Val Loss: 4.511e-01 | Time: 4.64s
2025-08-15 02:15:52,699:INFO:Epoch: 9550/10000 | Train Loss: 4.474e-01 | Dynamic Loss: 4.474e-01 | Regularization Loss: 1.334e-07 | Val Loss: 4.523e-01 | Time: 4.60s
2025-08-15 02:15:57,300:INFO:Epoch: 9600/10000 | Train Loss: 4.485e-01 | Dynamic Loss: 4.485e-01 | Regularization Loss: 1.310e-07 | Val Loss: 4.500e-01 | Time: 4.60s
2025-08-15 02:15:57,300:INFO:New best model found at epoch 9600 with validation loss 4.500e-01. Saving...
2025-08-15 02:16:04,681:INFO:Epoch: 9650/10000 | Train Loss: 4.462e-01 | Dynamic Loss: 4.462e-01 | Regularization Loss: 1.316e-07 | Val Loss: 4.500e-01 | Time: 7.37s
2025-08-15 02:16:04,682:INFO:New best model found at epoch 9650 with validation loss 4.500e-01. Saving...
2025-08-15 02:16:15,111:INFO:Epoch: 9700/10000 | Train Loss: 4.462e-01 | Dynamic Loss: 4.462e-01 | Regularization Loss: 1.305e-07 | Val Loss: 4.530e-01 | Time: 10.42s
2025-08-15 02:16:19,755:INFO:Epoch: 9750/10000 | Train Loss: 4.458e-01 | Dynamic Loss: 4.458e-01 | Regularization Loss: 1.288e-07 | Val Loss: 4.507e-01 | Time: 4.64s
2025-08-15 02:16:24,356:INFO:Epoch: 9800/10000 | Train Loss: 4.523e-01 | Dynamic Loss: 4.523e-01 | Regularization Loss: 1.304e-07 | Val Loss: 4.527e-01 | Time: 4.60s
2025-08-15 02:16:28,932:INFO:Epoch: 9850/10000 | Train Loss: 4.457e-01 | Dynamic Loss: 4.457e-01 | Regularization Loss: 1.320e-07 | Val Loss: 4.490e-01 | Time: 4.58s
2025-08-15 02:16:28,933:INFO:New best model found at epoch 9850 with validation loss 4.490e-01. Saving...
2025-08-15 02:16:33,599:INFO:Epoch: 9900/10000 | Train Loss: 4.444e-01 | Dynamic Loss: 4.444e-01 | Regularization Loss: 1.291e-07 | Val Loss: 4.485e-01 | Time: 4.66s
2025-08-15 02:16:33,599:INFO:New best model found at epoch 9900 with validation loss 4.485e-01. Saving...
2025-08-15 02:16:38,194:INFO:Epoch: 9950/10000 | Train Loss: 4.454e-01 | Dynamic Loss: 4.454e-01 | Regularization Loss: 1.242e-07 | Val Loss: 4.494e-01 | Time: 4.59s
2025-08-15 02:16:42,728:INFO:Epoch: 10000/10000 | Train Loss: 4.505e-01 | Dynamic Loss: 4.505e-01 | Regularization Loss: 1.325e-07 | Val Loss: 4.487e-01 | Time: 4.53s
