2025-08-15 01:37:04,358:INFO:Created DataLoaders with 2994 training samples and 998 validation samples.
2025-08-15 01:37:17,429:INFO:model params: 479490
2025-08-15 01:39:24,599:INFO:Created DataLoaders with 2994 training samples and 998 validation samples.
2025-08-15 01:39:25,166:INFO:model params: 479490
2025-08-15 01:39:30,449:INFO:Epoch: 0/10000 | Train Loss: 1.082e+03 | Dynamic Loss: 1.082e+03 | Regularization Loss: 6.257e-24 | Val Loss: 5.132e+02 | Time: 5.28s
2025-08-15 01:39:30,449:INFO:New best model found at epoch 0 with validation loss 5.132e+02. Saving...
2025-08-15 01:39:34,862:INFO:Epoch: 50/10000 | Train Loss: 4.047e+00 | Dynamic Loss: 4.047e+00 | Regularization Loss: 2.597e-20 | Val Loss: 1.661e+01 | Time: 3.96s
2025-08-15 01:39:34,862:INFO:New best model found at epoch 50 with validation loss 1.661e+01. Saving...
2025-08-15 01:39:38,879:INFO:Epoch: 100/10000 | Train Loss: 2.398e+00 | Dynamic Loss: 2.398e+00 | Regularization Loss: 1.343e-17 | Val Loss: 1.112e+01 | Time: 4.01s
2025-08-15 01:39:38,879:INFO:New best model found at epoch 100 with validation loss 1.112e+01. Saving...
2025-08-15 01:39:42,886:INFO:Epoch: 150/10000 | Train Loss: 1.845e+00 | Dynamic Loss: 1.845e+00 | Regularization Loss: 8.132e-15 | Val Loss: 8.360e+00 | Time: 4.00s
2025-08-15 01:39:42,888:INFO:New best model found at epoch 150 with validation loss 8.360e+00. Saving...
2025-08-15 01:39:46,865:INFO:Epoch: 200/10000 | Train Loss: 1.578e+00 | Dynamic Loss: 1.578e+00 | Regularization Loss: 6.292e-12 | Val Loss: 6.661e+00 | Time: 3.97s
2025-08-15 01:39:46,865:INFO:New best model found at epoch 200 with validation loss 6.661e+00. Saving...
2025-08-15 01:39:50,794:INFO:Epoch: 250/10000 | Train Loss: 1.411e+00 | Dynamic Loss: 1.411e+00 | Regularization Loss: 6.737e-09 | Val Loss: 5.581e+00 | Time: 3.92s
2025-08-15 01:39:50,795:INFO:New best model found at epoch 250 with validation loss 5.581e+00. Saving...
2025-08-15 01:39:54,737:INFO:Epoch: 300/10000 | Train Loss: 1.276e+00 | Dynamic Loss: 1.276e+00 | Regularization Loss: 5.421e-07 | Val Loss: 4.822e+00 | Time: 3.93s
2025-08-15 01:39:54,738:INFO:New best model found at epoch 300 with validation loss 4.822e+00. Saving...
2025-08-15 01:39:58,679:INFO:Epoch: 350/10000 | Train Loss: 1.186e+00 | Dynamic Loss: 1.186e+00 | Regularization Loss: 5.120e-07 | Val Loss: 4.203e+00 | Time: 3.93s
2025-08-15 01:39:58,679:INFO:New best model found at epoch 350 with validation loss 4.203e+00. Saving...
2025-08-15 01:40:02,607:INFO:Epoch: 400/10000 | Train Loss: 1.193e+00 | Dynamic Loss: 1.193e+00 | Regularization Loss: 5.361e-07 | Val Loss: 3.760e+00 | Time: 3.92s
2025-08-15 01:40:02,607:INFO:New best model found at epoch 400 with validation loss 3.760e+00. Saving...
2025-08-15 01:40:06,542:INFO:Epoch: 450/10000 | Train Loss: 1.162e+00 | Dynamic Loss: 1.162e+00 | Regularization Loss: 5.343e-07 | Val Loss: 3.423e+00 | Time: 3.93s
2025-08-15 01:40:06,543:INFO:New best model found at epoch 450 with validation loss 3.423e+00. Saving...
2025-08-15 01:40:10,474:INFO:Epoch: 500/10000 | Train Loss: 1.053e+00 | Dynamic Loss: 1.053e+00 | Regularization Loss: 5.415e-07 | Val Loss: 3.008e+00 | Time: 3.92s
2025-08-15 01:40:10,474:INFO:New best model found at epoch 500 with validation loss 3.008e+00. Saving...
2025-08-15 01:40:14,439:INFO:Epoch: 550/10000 | Train Loss: 9.651e-01 | Dynamic Loss: 9.651e-01 | Regularization Loss: 5.429e-07 | Val Loss: 2.897e+00 | Time: 3.96s
2025-08-15 01:40:14,439:INFO:New best model found at epoch 550 with validation loss 2.897e+00. Saving...
2025-08-15 01:40:18,372:INFO:Epoch: 600/10000 | Train Loss: 9.483e-01 | Dynamic Loss: 9.483e-01 | Regularization Loss: 5.399e-07 | Val Loss: 2.606e+00 | Time: 3.92s
2025-08-15 01:40:18,372:INFO:New best model found at epoch 600 with validation loss 2.606e+00. Saving...
2025-08-15 01:40:22,308:INFO:Epoch: 650/10000 | Train Loss: 8.951e-01 | Dynamic Loss: 8.951e-01 | Regularization Loss: 5.396e-07 | Val Loss: 2.444e+00 | Time: 3.93s
2025-08-15 01:40:22,308:INFO:New best model found at epoch 650 with validation loss 2.444e+00. Saving...
2025-08-15 01:40:26,239:INFO:Epoch: 700/10000 | Train Loss: 9.205e-01 | Dynamic Loss: 9.205e-01 | Regularization Loss: 5.359e-07 | Val Loss: 2.178e+00 | Time: 3.92s
2025-08-15 01:40:26,239:INFO:New best model found at epoch 700 with validation loss 2.178e+00. Saving...
2025-08-15 01:40:30,165:INFO:Epoch: 750/10000 | Train Loss: 8.770e-01 | Dynamic Loss: 8.770e-01 | Regularization Loss: 5.334e-07 | Val Loss: 2.036e+00 | Time: 3.92s
2025-08-15 01:40:30,165:INFO:New best model found at epoch 750 with validation loss 2.036e+00. Saving...
2025-08-15 01:40:34,566:INFO:Epoch: 800/10000 | Train Loss: 7.673e-01 | Dynamic Loss: 7.673e-01 | Regularization Loss: 5.260e-07 | Val Loss: 1.919e+00 | Time: 4.39s
2025-08-15 01:40:34,566:INFO:New best model found at epoch 800 with validation loss 1.919e+00. Saving...
2025-08-15 01:40:39,602:INFO:Epoch: 850/10000 | Train Loss: 7.422e-01 | Dynamic Loss: 7.422e-01 | Regularization Loss: 5.281e-07 | Val Loss: 1.800e+00 | Time: 5.03s
2025-08-15 01:40:39,602:INFO:New best model found at epoch 850 with validation loss 1.800e+00. Saving...
2025-08-15 01:40:45,177:INFO:Epoch: 900/10000 | Train Loss: 7.741e-01 | Dynamic Loss: 7.741e-01 | Regularization Loss: 5.255e-07 | Val Loss: 1.742e+00 | Time: 5.57s
2025-08-15 01:40:45,177:INFO:New best model found at epoch 900 with validation loss 1.742e+00. Saving...
2025-08-15 01:40:53,099:INFO:Epoch: 950/10000 | Train Loss: 8.242e-01 | Dynamic Loss: 8.242e-01 | Regularization Loss: 5.183e-07 | Val Loss: 1.589e+00 | Time: 7.91s
2025-08-15 01:40:53,100:INFO:New best model found at epoch 950 with validation loss 1.589e+00. Saving...
2025-08-15 01:41:01,140:INFO:Epoch: 1000/10000 | Train Loss: 7.068e-01 | Dynamic Loss: 7.068e-01 | Regularization Loss: 5.139e-07 | Val Loss: 1.538e+00 | Time: 8.03s
2025-08-15 01:41:01,141:INFO:New best model found at epoch 1000 with validation loss 1.538e+00. Saving...
2025-08-15 01:41:08,837:INFO:Epoch: 1050/10000 | Train Loss: 7.491e-01 | Dynamic Loss: 7.491e-01 | Regularization Loss: 5.139e-07 | Val Loss: 1.426e+00 | Time: 7.69s
2025-08-15 01:41:08,837:INFO:New best model found at epoch 1050 with validation loss 1.426e+00. Saving...
2025-08-15 01:41:12,811:INFO:Epoch: 1100/10000 | Train Loss: 6.983e-01 | Dynamic Loss: 6.983e-01 | Regularization Loss: 5.141e-07 | Val Loss: 1.473e+00 | Time: 3.97s
2025-08-15 01:41:16,805:INFO:Epoch: 1150/10000 | Train Loss: 8.167e-01 | Dynamic Loss: 8.167e-01 | Regularization Loss: 5.040e-07 | Val Loss: 1.357e+00 | Time: 3.99s
2025-08-15 01:41:16,806:INFO:New best model found at epoch 1150 with validation loss 1.357e+00. Saving...
2025-08-15 01:41:20,814:INFO:Epoch: 1200/10000 | Train Loss: 6.890e-01 | Dynamic Loss: 6.890e-01 | Regularization Loss: 5.059e-07 | Val Loss: 1.255e+00 | Time: 4.00s
2025-08-15 01:41:20,814:INFO:New best model found at epoch 1200 with validation loss 1.255e+00. Saving...
2025-08-15 01:41:24,791:INFO:Epoch: 1250/10000 | Train Loss: 7.047e-01 | Dynamic Loss: 7.047e-01 | Regularization Loss: 4.944e-07 | Val Loss: 1.297e+00 | Time: 3.97s
2025-08-15 01:41:28,774:INFO:Epoch: 1300/10000 | Train Loss: 6.559e-01 | Dynamic Loss: 6.559e-01 | Regularization Loss: 4.850e-07 | Val Loss: 1.220e+00 | Time: 3.98s
2025-08-15 01:41:28,774:INFO:New best model found at epoch 1300 with validation loss 1.220e+00. Saving...
2025-08-15 01:41:32,741:INFO:Epoch: 1350/10000 | Train Loss: 6.474e-01 | Dynamic Loss: 6.474e-01 | Regularization Loss: 4.874e-07 | Val Loss: 1.080e+00 | Time: 3.96s
2025-08-15 01:41:32,741:INFO:New best model found at epoch 1350 with validation loss 1.080e+00. Saving...
2025-08-15 01:41:36,739:INFO:Epoch: 1400/10000 | Train Loss: 6.243e-01 | Dynamic Loss: 6.243e-01 | Regularization Loss: 4.801e-07 | Val Loss: 1.057e+00 | Time: 3.99s
2025-08-15 01:41:36,739:INFO:New best model found at epoch 1400 with validation loss 1.057e+00. Saving...
2025-08-15 01:41:40,760:INFO:Epoch: 1450/10000 | Train Loss: 6.826e-01 | Dynamic Loss: 6.826e-01 | Regularization Loss: 4.813e-07 | Val Loss: 1.087e+00 | Time: 4.01s
2025-08-15 01:41:44,757:INFO:Epoch: 1500/10000 | Train Loss: 6.564e-01 | Dynamic Loss: 6.564e-01 | Regularization Loss: 4.717e-07 | Val Loss: 1.065e+00 | Time: 4.00s
2025-08-15 01:41:48,757:INFO:Epoch: 1550/10000 | Train Loss: 6.341e-01 | Dynamic Loss: 6.341e-01 | Regularization Loss: 4.714e-07 | Val Loss: 9.281e-01 | Time: 4.00s
2025-08-15 01:41:48,757:INFO:New best model found at epoch 1550 with validation loss 9.281e-01. Saving...
2025-08-15 01:41:52,768:INFO:Epoch: 1600/10000 | Train Loss: 6.591e-01 | Dynamic Loss: 6.591e-01 | Regularization Loss: 4.678e-07 | Val Loss: 8.877e-01 | Time: 4.00s
2025-08-15 01:41:52,768:INFO:New best model found at epoch 1600 with validation loss 8.877e-01. Saving...
2025-08-15 01:41:56,780:INFO:Epoch: 1650/10000 | Train Loss: 6.302e-01 | Dynamic Loss: 6.302e-01 | Regularization Loss: 4.605e-07 | Val Loss: 9.374e-01 | Time: 4.00s
2025-08-15 01:42:00,825:INFO:Epoch: 1700/10000 | Train Loss: 6.821e-01 | Dynamic Loss: 6.821e-01 | Regularization Loss: 4.554e-07 | Val Loss: 8.526e-01 | Time: 4.05s
2025-08-15 01:42:00,825:INFO:New best model found at epoch 1700 with validation loss 8.526e-01. Saving...
2025-08-15 01:42:04,818:INFO:Epoch: 1750/10000 | Train Loss: 6.778e-01 | Dynamic Loss: 6.778e-01 | Regularization Loss: 4.544e-07 | Val Loss: 8.254e-01 | Time: 3.98s
2025-08-15 01:42:04,818:INFO:New best model found at epoch 1750 with validation loss 8.254e-01. Saving...
2025-08-15 01:42:08,820:INFO:Epoch: 1800/10000 | Train Loss: 6.556e-01 | Dynamic Loss: 6.556e-01 | Regularization Loss: 4.453e-07 | Val Loss: 7.880e-01 | Time: 3.99s
2025-08-15 01:42:08,820:INFO:New best model found at epoch 1800 with validation loss 7.880e-01. Saving...
2025-08-15 01:42:12,826:INFO:Epoch: 1850/10000 | Train Loss: 6.456e-01 | Dynamic Loss: 6.456e-01 | Regularization Loss: 4.385e-07 | Val Loss: 8.127e-01 | Time: 4.00s
2025-08-15 01:49:56,057:INFO:Created DataLoaders with 2994 training samples and 998 validation samples.
2025-08-15 01:49:57,333:INFO:model params: 479490
2025-08-15 01:50:48,795:INFO:Created DataLoaders with 2994 training samples and 998 validation samples.
2025-08-15 01:50:49,392:INFO:model params: 479490
2025-08-15 01:53:21,635:INFO:Created DataLoaders with 2994 training samples and 998 validation samples.
2025-08-15 01:53:22,242:INFO:model params: 479490
2025-08-15 01:55:23,724:INFO:Created DataLoaders with 2994 training samples and 998 validation samples.
2025-08-15 01:55:24,333:INFO:model params: 479490
2025-08-15 01:55:25,366:INFO:Epoch: 0/10000 | Train Loss: 1.082e+03 | Dynamic Loss: 1.082e+03 | Regularization Loss: 6.257e-24 | Val Loss: 5.132e+02 | Time: 1.03s
2025-08-15 01:55:25,366:INFO:New best model found at epoch 0 with validation loss 5.132e+02. Saving...
2025-08-15 01:58:57,448:INFO:Created DataLoaders with 2994 training samples and 998 validation samples.
2025-08-15 01:58:58,062:INFO:model params: 479490
2025-08-15 01:58:58,651:INFO:Epoch: 0/10000 | Train Loss: 1.082e+03 | Dynamic Loss: 1.082e+03 | Regularization Loss: 6.257e-24 | Val Loss: 5.132e+02 | Time: 0.59s
2025-08-15 01:58:58,651:INFO:New best model found at epoch 0 with validation loss 5.132e+02. Saving...
2025-08-15 01:59:02,822:INFO:Epoch: 50/10000 | Train Loss: 4.047e+00 | Dynamic Loss: 4.047e+00 | Regularization Loss: 2.597e-20 | Val Loss: 1.661e+01 | Time: 4.16s
2025-08-15 01:59:02,823:INFO:New best model found at epoch 50 with validation loss 1.661e+01. Saving...
2025-08-15 01:59:07,009:INFO:Epoch: 100/10000 | Train Loss: 2.398e+00 | Dynamic Loss: 2.398e+00 | Regularization Loss: 1.343e-17 | Val Loss: 1.112e+01 | Time: 4.18s
2025-08-15 01:59:07,009:INFO:New best model found at epoch 100 with validation loss 1.112e+01. Saving...
2025-08-15 01:59:11,602:INFO:Epoch: 150/10000 | Train Loss: 1.845e+00 | Dynamic Loss: 1.845e+00 | Regularization Loss: 8.132e-15 | Val Loss: 8.360e+00 | Time: 4.58s
2025-08-15 01:59:11,603:INFO:New best model found at epoch 150 with validation loss 8.360e+00. Saving...
2025-08-15 01:59:19,997:INFO:Epoch: 200/10000 | Train Loss: 1.578e+00 | Dynamic Loss: 1.578e+00 | Regularization Loss: 6.292e-12 | Val Loss: 6.661e+00 | Time: 8.39s
2025-08-15 01:59:19,997:INFO:New best model found at epoch 200 with validation loss 6.661e+00. Saving...
2025-08-15 01:59:24,369:INFO:Epoch: 250/10000 | Train Loss: 1.411e+00 | Dynamic Loss: 1.411e+00 | Regularization Loss: 6.737e-09 | Val Loss: 5.581e+00 | Time: 4.36s
2025-08-15 01:59:24,369:INFO:New best model found at epoch 250 with validation loss 5.581e+00. Saving...
2025-08-15 01:59:28,687:INFO:Epoch: 300/10000 | Train Loss: 1.276e+00 | Dynamic Loss: 1.276e+00 | Regularization Loss: 5.421e-07 | Val Loss: 4.822e+00 | Time: 4.31s
2025-08-15 01:59:28,689:INFO:New best model found at epoch 300 with validation loss 4.822e+00. Saving...
2025-08-15 01:59:33,034:INFO:Epoch: 350/10000 | Train Loss: 1.186e+00 | Dynamic Loss: 1.186e+00 | Regularization Loss: 5.120e-07 | Val Loss: 4.203e+00 | Time: 4.34s
2025-08-15 01:59:33,034:INFO:New best model found at epoch 350 with validation loss 4.203e+00. Saving...
2025-08-15 01:59:37,422:INFO:Epoch: 400/10000 | Train Loss: 1.193e+00 | Dynamic Loss: 1.193e+00 | Regularization Loss: 5.361e-07 | Val Loss: 3.760e+00 | Time: 4.38s
2025-08-15 01:59:37,424:INFO:New best model found at epoch 400 with validation loss 3.760e+00. Saving...
2025-08-15 01:59:41,813:INFO:Epoch: 450/10000 | Train Loss: 1.162e+00 | Dynamic Loss: 1.162e+00 | Regularization Loss: 5.343e-07 | Val Loss: 3.423e+00 | Time: 4.38s
2025-08-15 01:59:41,813:INFO:New best model found at epoch 450 with validation loss 3.423e+00. Saving...
2025-08-15 01:59:46,258:INFO:Epoch: 500/10000 | Train Loss: 1.053e+00 | Dynamic Loss: 1.053e+00 | Regularization Loss: 5.415e-07 | Val Loss: 3.008e+00 | Time: 4.44s
2025-08-15 01:59:46,259:INFO:New best model found at epoch 500 with validation loss 3.008e+00. Saving...
2025-08-15 01:59:52,079:INFO:Epoch: 550/10000 | Train Loss: 9.651e-01 | Dynamic Loss: 9.651e-01 | Regularization Loss: 5.429e-07 | Val Loss: 2.897e+00 | Time: 5.81s
2025-08-15 01:59:52,081:INFO:New best model found at epoch 550 with validation loss 2.897e+00. Saving...
2025-08-15 02:00:01,343:INFO:Epoch: 600/10000 | Train Loss: 9.483e-01 | Dynamic Loss: 9.483e-01 | Regularization Loss: 5.399e-07 | Val Loss: 2.606e+00 | Time: 9.25s
2025-08-15 02:00:01,343:INFO:New best model found at epoch 600 with validation loss 2.606e+00. Saving...
2025-08-15 02:00:05,770:INFO:Epoch: 650/10000 | Train Loss: 8.951e-01 | Dynamic Loss: 8.951e-01 | Regularization Loss: 5.396e-07 | Val Loss: 2.444e+00 | Time: 4.42s
2025-08-15 02:00:05,770:INFO:New best model found at epoch 650 with validation loss 2.444e+00. Saving...
2025-08-15 02:00:10,186:INFO:Epoch: 700/10000 | Train Loss: 9.205e-01 | Dynamic Loss: 9.205e-01 | Regularization Loss: 5.359e-07 | Val Loss: 2.178e+00 | Time: 4.41s
2025-08-15 02:00:10,186:INFO:New best model found at epoch 700 with validation loss 2.178e+00. Saving...
2025-08-15 02:00:14,680:INFO:Epoch: 750/10000 | Train Loss: 8.770e-01 | Dynamic Loss: 8.770e-01 | Regularization Loss: 5.334e-07 | Val Loss: 2.036e+00 | Time: 4.48s
2025-08-15 02:00:14,680:INFO:New best model found at epoch 750 with validation loss 2.036e+00. Saving...
2025-08-15 02:00:19,367:INFO:Epoch: 800/10000 | Train Loss: 7.673e-01 | Dynamic Loss: 7.673e-01 | Regularization Loss: 5.260e-07 | Val Loss: 1.919e+00 | Time: 4.68s
2025-08-15 02:00:19,367:INFO:New best model found at epoch 800 with validation loss 1.919e+00. Saving...
2025-08-15 02:00:23,837:INFO:Epoch: 850/10000 | Train Loss: 7.422e-01 | Dynamic Loss: 7.422e-01 | Regularization Loss: 5.281e-07 | Val Loss: 1.800e+00 | Time: 4.46s
2025-08-15 02:00:23,838:INFO:New best model found at epoch 850 with validation loss 1.800e+00. Saving...
2025-08-15 02:00:28,248:INFO:Epoch: 900/10000 | Train Loss: 7.741e-01 | Dynamic Loss: 7.741e-01 | Regularization Loss: 5.255e-07 | Val Loss: 1.742e+00 | Time: 4.40s
2025-08-15 02:00:28,248:INFO:New best model found at epoch 900 with validation loss 1.742e+00. Saving...
2025-08-15 02:00:37,599:INFO:Epoch: 950/10000 | Train Loss: 8.242e-01 | Dynamic Loss: 8.242e-01 | Regularization Loss: 5.183e-07 | Val Loss: 1.589e+00 | Time: 9.34s
2025-08-15 02:00:37,599:INFO:New best model found at epoch 950 with validation loss 1.589e+00. Saving...
2025-08-15 02:00:42,003:INFO:Epoch: 1000/10000 | Train Loss: 7.068e-01 | Dynamic Loss: 7.068e-01 | Regularization Loss: 5.139e-07 | Val Loss: 1.538e+00 | Time: 4.39s
2025-08-15 02:00:42,003:INFO:New best model found at epoch 1000 with validation loss 1.538e+00. Saving...
2025-08-15 02:00:46,477:INFO:Epoch: 1050/10000 | Train Loss: 7.491e-01 | Dynamic Loss: 7.491e-01 | Regularization Loss: 5.139e-07 | Val Loss: 1.426e+00 | Time: 4.46s
2025-08-15 02:00:46,477:INFO:New best model found at epoch 1050 with validation loss 1.426e+00. Saving...
2025-08-15 02:00:50,931:INFO:Epoch: 1100/10000 | Train Loss: 6.983e-01 | Dynamic Loss: 6.983e-01 | Regularization Loss: 5.141e-07 | Val Loss: 1.473e+00 | Time: 4.45s
2025-08-15 02:00:55,311:INFO:Epoch: 1150/10000 | Train Loss: 8.167e-01 | Dynamic Loss: 8.167e-01 | Regularization Loss: 5.040e-07 | Val Loss: 1.357e+00 | Time: 4.38s
2025-08-15 02:00:55,312:INFO:New best model found at epoch 1150 with validation loss 1.357e+00. Saving...
2025-08-15 02:00:59,751:INFO:Epoch: 1200/10000 | Train Loss: 6.890e-01 | Dynamic Loss: 6.890e-01 | Regularization Loss: 5.059e-07 | Val Loss: 1.255e+00 | Time: 4.43s
2025-08-15 02:00:59,751:INFO:New best model found at epoch 1200 with validation loss 1.255e+00. Saving...
2025-08-15 02:01:04,135:INFO:Epoch: 1250/10000 | Train Loss: 7.047e-01 | Dynamic Loss: 7.047e-01 | Regularization Loss: 4.944e-07 | Val Loss: 1.297e+00 | Time: 4.38s
2025-08-15 02:01:13,633:INFO:Epoch: 1300/10000 | Train Loss: 6.559e-01 | Dynamic Loss: 6.559e-01 | Regularization Loss: 4.850e-07 | Val Loss: 1.220e+00 | Time: 9.50s
2025-08-15 02:01:13,634:INFO:New best model found at epoch 1300 with validation loss 1.220e+00. Saving...
2025-08-15 02:01:18,005:INFO:Epoch: 1350/10000 | Train Loss: 6.474e-01 | Dynamic Loss: 6.474e-01 | Regularization Loss: 4.874e-07 | Val Loss: 1.080e+00 | Time: 4.36s
2025-08-15 02:01:18,005:INFO:New best model found at epoch 1350 with validation loss 1.080e+00. Saving...
2025-08-15 02:01:22,399:INFO:Epoch: 1400/10000 | Train Loss: 6.243e-01 | Dynamic Loss: 6.243e-01 | Regularization Loss: 4.801e-07 | Val Loss: 1.057e+00 | Time: 4.39s
2025-08-15 02:01:22,399:INFO:New best model found at epoch 1400 with validation loss 1.057e+00. Saving...
2025-08-15 02:01:26,950:INFO:Epoch: 1450/10000 | Train Loss: 6.826e-01 | Dynamic Loss: 6.826e-01 | Regularization Loss: 4.813e-07 | Val Loss: 1.087e+00 | Time: 4.54s
2025-08-15 02:01:31,371:INFO:Epoch: 1500/10000 | Train Loss: 6.564e-01 | Dynamic Loss: 6.564e-01 | Regularization Loss: 4.717e-07 | Val Loss: 1.065e+00 | Time: 4.42s
2025-08-15 02:01:35,806:INFO:Epoch: 1550/10000 | Train Loss: 6.341e-01 | Dynamic Loss: 6.341e-01 | Regularization Loss: 4.714e-07 | Val Loss: 9.281e-01 | Time: 4.43s
2025-08-15 02:01:35,806:INFO:New best model found at epoch 1550 with validation loss 9.281e-01. Saving...
2025-08-15 02:01:40,232:INFO:Epoch: 1600/10000 | Train Loss: 6.591e-01 | Dynamic Loss: 6.591e-01 | Regularization Loss: 4.678e-07 | Val Loss: 8.877e-01 | Time: 4.42s
2025-08-15 02:01:40,232:INFO:New best model found at epoch 1600 with validation loss 8.877e-01. Saving...
2025-08-15 02:01:45,255:INFO:Epoch: 1650/10000 | Train Loss: 6.302e-01 | Dynamic Loss: 6.302e-01 | Regularization Loss: 4.605e-07 | Val Loss: 9.374e-01 | Time: 5.01s
2025-08-15 02:01:51,392:INFO:Epoch: 1700/10000 | Train Loss: 6.821e-01 | Dynamic Loss: 6.821e-01 | Regularization Loss: 4.554e-07 | Val Loss: 8.526e-01 | Time: 6.14s
2025-08-15 02:01:51,392:INFO:New best model found at epoch 1700 with validation loss 8.526e-01. Saving...
2025-08-15 02:01:55,882:INFO:Epoch: 1750/10000 | Train Loss: 6.778e-01 | Dynamic Loss: 6.778e-01 | Regularization Loss: 4.544e-07 | Val Loss: 8.254e-01 | Time: 4.48s
2025-08-15 02:01:55,882:INFO:New best model found at epoch 1750 with validation loss 8.254e-01. Saving...
2025-08-15 02:02:00,404:INFO:Epoch: 1800/10000 | Train Loss: 6.556e-01 | Dynamic Loss: 6.556e-01 | Regularization Loss: 4.453e-07 | Val Loss: 7.880e-01 | Time: 4.51s
2025-08-15 02:02:00,404:INFO:New best model found at epoch 1800 with validation loss 7.880e-01. Saving...
2025-08-15 02:02:04,907:INFO:Epoch: 1850/10000 | Train Loss: 6.456e-01 | Dynamic Loss: 6.456e-01 | Regularization Loss: 4.385e-07 | Val Loss: 8.127e-01 | Time: 4.49s
2025-08-15 02:02:09,401:INFO:Epoch: 1900/10000 | Train Loss: 5.860e-01 | Dynamic Loss: 5.860e-01 | Regularization Loss: 4.397e-07 | Val Loss: 7.428e-01 | Time: 4.49s
2025-08-15 02:02:09,401:INFO:New best model found at epoch 1900 with validation loss 7.428e-01. Saving...
2025-08-15 02:02:13,776:INFO:Epoch: 1950/10000 | Train Loss: 6.411e-01 | Dynamic Loss: 6.411e-01 | Regularization Loss: 4.385e-07 | Val Loss: 7.309e-01 | Time: 4.37s
2025-08-15 02:02:13,776:INFO:New best model found at epoch 1950 with validation loss 7.309e-01. Saving...
2025-08-15 02:02:21,309:INFO:Epoch: 2000/10000 | Train Loss: 6.253e-01 | Dynamic Loss: 6.253e-01 | Regularization Loss: 4.301e-07 | Val Loss: 7.396e-01 | Time: 7.52s
2025-08-15 02:02:26,497:INFO:Epoch: 2050/10000 | Train Loss: 5.871e-01 | Dynamic Loss: 5.871e-01 | Regularization Loss: 4.282e-07 | Val Loss: 7.302e-01 | Time: 5.19s
2025-08-15 02:02:26,497:INFO:New best model found at epoch 2050 with validation loss 7.302e-01. Saving...
2025-08-15 02:02:30,865:INFO:Epoch: 2100/10000 | Train Loss: 6.289e-01 | Dynamic Loss: 6.289e-01 | Regularization Loss: 4.237e-07 | Val Loss: 7.028e-01 | Time: 4.36s
2025-08-15 02:02:30,865:INFO:New best model found at epoch 2100 with validation loss 7.028e-01. Saving...
2025-08-15 02:02:35,321:INFO:Epoch: 2150/10000 | Train Loss: 6.272e-01 | Dynamic Loss: 6.272e-01 | Regularization Loss: 4.302e-07 | Val Loss: 7.707e-01 | Time: 4.45s
2025-08-15 02:02:39,839:INFO:Epoch: 2200/10000 | Train Loss: 6.111e-01 | Dynamic Loss: 6.111e-01 | Regularization Loss: 4.167e-07 | Val Loss: 6.746e-01 | Time: 4.52s
2025-08-15 02:02:39,840:INFO:New best model found at epoch 2200 with validation loss 6.746e-01. Saving...
2025-08-15 02:02:44,343:INFO:Epoch: 2250/10000 | Train Loss: 5.872e-01 | Dynamic Loss: 5.872e-01 | Regularization Loss: 4.134e-07 | Val Loss: 6.752e-01 | Time: 4.49s
2025-08-15 02:02:48,790:INFO:Epoch: 2300/10000 | Train Loss: 5.708e-01 | Dynamic Loss: 5.708e-01 | Regularization Loss: 4.033e-07 | Val Loss: 6.403e-01 | Time: 4.45s
2025-08-15 02:02:48,790:INFO:New best model found at epoch 2300 with validation loss 6.403e-01. Saving...
2025-08-15 02:02:57,811:INFO:Epoch: 2350/10000 | Train Loss: 5.837e-01 | Dynamic Loss: 5.837e-01 | Regularization Loss: 4.002e-07 | Val Loss: 6.028e-01 | Time: 9.01s
2025-08-15 02:02:57,811:INFO:New best model found at epoch 2350 with validation loss 6.028e-01. Saving...
2025-08-15 02:03:06,694:INFO:Epoch: 2400/10000 | Train Loss: 6.117e-01 | Dynamic Loss: 6.117e-01 | Regularization Loss: 4.039e-07 | Val Loss: 6.099e-01 | Time: 8.87s
2025-08-15 02:03:11,155:INFO:Epoch: 2450/10000 | Train Loss: 5.801e-01 | Dynamic Loss: 5.801e-01 | Regularization Loss: 3.939e-07 | Val Loss: 6.309e-01 | Time: 4.46s
2025-08-15 02:03:15,650:INFO:Epoch: 2500/10000 | Train Loss: 5.580e-01 | Dynamic Loss: 5.580e-01 | Regularization Loss: 3.906e-07 | Val Loss: 6.126e-01 | Time: 4.49s
2025-08-15 02:03:20,123:INFO:Epoch: 2550/10000 | Train Loss: 5.711e-01 | Dynamic Loss: 5.711e-01 | Regularization Loss: 3.845e-07 | Val Loss: 5.726e-01 | Time: 4.47s
2025-08-15 02:03:20,123:INFO:New best model found at epoch 2550 with validation loss 5.726e-01. Saving...
2025-08-15 02:03:24,626:INFO:Epoch: 2600/10000 | Train Loss: 5.630e-01 | Dynamic Loss: 5.630e-01 | Regularization Loss: 3.832e-07 | Val Loss: 5.619e-01 | Time: 4.49s
2025-08-15 02:03:24,626:INFO:New best model found at epoch 2600 with validation loss 5.619e-01. Saving...
2025-08-15 02:03:29,166:INFO:Epoch: 2650/10000 | Train Loss: 5.703e-01 | Dynamic Loss: 5.703e-01 | Regularization Loss: 3.830e-07 | Val Loss: 5.807e-01 | Time: 4.53s
2025-08-15 02:03:35,239:INFO:Epoch: 2700/10000 | Train Loss: 5.804e-01 | Dynamic Loss: 5.804e-01 | Regularization Loss: 3.783e-07 | Val Loss: 5.600e-01 | Time: 6.07s
2025-08-15 02:03:35,239:INFO:New best model found at epoch 2700 with validation loss 5.600e-01. Saving...
2025-08-15 02:03:45,309:INFO:Epoch: 2750/10000 | Train Loss: 5.572e-01 | Dynamic Loss: 5.572e-01 | Regularization Loss: 3.750e-07 | Val Loss: 5.750e-01 | Time: 10.06s
2025-08-15 02:03:49,769:INFO:Epoch: 2800/10000 | Train Loss: 5.548e-01 | Dynamic Loss: 5.548e-01 | Regularization Loss: 3.688e-07 | Val Loss: 5.729e-01 | Time: 4.46s
2025-08-15 02:03:54,196:INFO:Epoch: 2850/10000 | Train Loss: 5.548e-01 | Dynamic Loss: 5.548e-01 | Regularization Loss: 3.628e-07 | Val Loss: 5.608e-01 | Time: 4.43s
2025-08-15 02:03:59,523:INFO:Epoch: 2900/10000 | Train Loss: 5.609e-01 | Dynamic Loss: 5.609e-01 | Regularization Loss: 3.574e-07 | Val Loss: 5.493e-01 | Time: 5.33s
2025-08-15 02:03:59,523:INFO:New best model found at epoch 2900 with validation loss 5.493e-01. Saving...
2025-08-15 02:04:04,000:INFO:Epoch: 2950/10000 | Train Loss: 5.479e-01 | Dynamic Loss: 5.479e-01 | Regularization Loss: 3.552e-07 | Val Loss: 5.587e-01 | Time: 4.47s
2025-08-15 02:04:08,400:INFO:Epoch: 3000/10000 | Train Loss: 5.549e-01 | Dynamic Loss: 5.549e-01 | Regularization Loss: 3.522e-07 | Val Loss: 5.806e-01 | Time: 4.40s
2025-08-15 02:04:13,172:INFO:Epoch: 3050/10000 | Train Loss: 5.563e-01 | Dynamic Loss: 5.563e-01 | Regularization Loss: 3.531e-07 | Val Loss: 5.400e-01 | Time: 4.77s
2025-08-15 02:04:13,172:INFO:New best model found at epoch 3050 with validation loss 5.400e-01. Saving...
2025-08-15 02:04:19,035:INFO:Epoch: 3100/10000 | Train Loss: 5.477e-01 | Dynamic Loss: 5.477e-01 | Regularization Loss: 3.434e-07 | Val Loss: 5.540e-01 | Time: 5.85s
2025-08-15 02:04:25,205:INFO:Epoch: 3150/10000 | Train Loss: 5.525e-01 | Dynamic Loss: 5.525e-01 | Regularization Loss: 3.451e-07 | Val Loss: 5.310e-01 | Time: 6.17s
2025-08-15 02:04:25,205:INFO:New best model found at epoch 3150 with validation loss 5.310e-01. Saving...
2025-08-15 02:04:29,636:INFO:Epoch: 3200/10000 | Train Loss: 5.526e-01 | Dynamic Loss: 5.526e-01 | Regularization Loss: 3.370e-07 | Val Loss: 5.248e-01 | Time: 4.42s
2025-08-15 02:04:29,636:INFO:New best model found at epoch 3200 with validation loss 5.248e-01. Saving...
2025-08-15 02:04:34,028:INFO:Epoch: 3250/10000 | Train Loss: 5.381e-01 | Dynamic Loss: 5.381e-01 | Regularization Loss: 3.356e-07 | Val Loss: 5.503e-01 | Time: 4.38s
2025-08-15 02:04:38,470:INFO:Epoch: 3300/10000 | Train Loss: 5.500e-01 | Dynamic Loss: 5.500e-01 | Regularization Loss: 3.380e-07 | Val Loss: 5.282e-01 | Time: 4.44s
2025-08-15 02:04:42,894:INFO:Epoch: 3350/10000 | Train Loss: 5.393e-01 | Dynamic Loss: 5.393e-01 | Regularization Loss: 3.287e-07 | Val Loss: 5.284e-01 | Time: 4.42s
2025-08-15 02:04:47,679:INFO:Epoch: 3400/10000 | Train Loss: 5.466e-01 | Dynamic Loss: 5.466e-01 | Regularization Loss: 3.281e-07 | Val Loss: 5.254e-01 | Time: 4.78s
2025-08-15 02:04:54,949:INFO:Epoch: 3450/10000 | Train Loss: 5.455e-01 | Dynamic Loss: 5.455e-01 | Regularization Loss: 3.239e-07 | Val Loss: 5.217e-01 | Time: 7.27s
2025-08-15 02:04:54,949:INFO:New best model found at epoch 3450 with validation loss 5.217e-01. Saving...
2025-08-15 02:04:59,379:INFO:Epoch: 3500/10000 | Train Loss: 5.379e-01 | Dynamic Loss: 5.379e-01 | Regularization Loss: 3.220e-07 | Val Loss: 5.314e-01 | Time: 4.42s
2025-08-15 02:05:03,944:INFO:Epoch: 3550/10000 | Train Loss: 5.341e-01 | Dynamic Loss: 5.341e-01 | Regularization Loss: 3.171e-07 | Val Loss: 5.198e-01 | Time: 4.56s
2025-08-15 02:05:03,944:INFO:New best model found at epoch 3550 with validation loss 5.198e-01. Saving...
2025-08-15 02:05:08,411:INFO:Epoch: 3600/10000 | Train Loss: 5.398e-01 | Dynamic Loss: 5.398e-01 | Regularization Loss: 3.173e-07 | Val Loss: 5.204e-01 | Time: 4.46s
2025-08-15 02:05:12,930:INFO:Epoch: 3650/10000 | Train Loss: 5.286e-01 | Dynamic Loss: 5.286e-01 | Regularization Loss: 3.116e-07 | Val Loss: 5.182e-01 | Time: 4.52s
2025-08-15 02:05:12,930:INFO:New best model found at epoch 3650 with validation loss 5.182e-01. Saving...
2025-08-15 02:05:17,437:INFO:Epoch: 3700/10000 | Train Loss: 5.242e-01 | Dynamic Loss: 5.242e-01 | Regularization Loss: 3.070e-07 | Val Loss: 5.138e-01 | Time: 4.50s
2025-08-15 02:05:17,437:INFO:New best model found at epoch 3700 with validation loss 5.138e-01. Saving...
2025-08-15 02:05:21,936:INFO:Epoch: 3750/10000 | Train Loss: 5.362e-01 | Dynamic Loss: 5.362e-01 | Regularization Loss: 3.067e-07 | Val Loss: 5.159e-01 | Time: 4.49s
2025-08-15 02:05:29,818:INFO:Epoch: 3800/10000 | Train Loss: 5.353e-01 | Dynamic Loss: 5.353e-01 | Regularization Loss: 3.050e-07 | Val Loss: 5.218e-01 | Time: 7.88s
2025-08-15 02:05:34,856:INFO:Epoch: 3850/10000 | Train Loss: 5.265e-01 | Dynamic Loss: 5.265e-01 | Regularization Loss: 3.009e-07 | Val Loss: 5.251e-01 | Time: 5.04s
2025-08-15 02:05:39,333:INFO:Epoch: 3900/10000 | Train Loss: 5.310e-01 | Dynamic Loss: 5.310e-01 | Regularization Loss: 3.003e-07 | Val Loss: 5.392e-01 | Time: 4.48s
2025-08-15 02:05:43,779:INFO:Epoch: 3950/10000 | Train Loss: 5.233e-01 | Dynamic Loss: 5.233e-01 | Regularization Loss: 2.954e-07 | Val Loss: 5.084e-01 | Time: 4.45s
2025-08-15 02:05:43,780:INFO:New best model found at epoch 3950 with validation loss 5.084e-01. Saving...
2025-08-15 02:05:48,209:INFO:Epoch: 4000/10000 | Train Loss: 5.209e-01 | Dynamic Loss: 5.209e-01 | Regularization Loss: 2.931e-07 | Val Loss: 5.234e-01 | Time: 4.42s
2025-08-15 02:05:52,666:INFO:Epoch: 4050/10000 | Train Loss: 5.267e-01 | Dynamic Loss: 5.267e-01 | Regularization Loss: 2.923e-07 | Val Loss: 5.198e-01 | Time: 4.46s
2025-08-15 02:05:58,008:INFO:Epoch: 4100/10000 | Train Loss: 5.214e-01 | Dynamic Loss: 5.214e-01 | Regularization Loss: 2.892e-07 | Val Loss: 5.229e-01 | Time: 5.34s
2025-08-15 02:06:06,534:INFO:Epoch: 4150/10000 | Train Loss: 5.189e-01 | Dynamic Loss: 5.189e-01 | Regularization Loss: 2.843e-07 | Val Loss: 5.081e-01 | Time: 8.53s
2025-08-15 02:06:06,534:INFO:New best model found at epoch 4150 with validation loss 5.081e-01. Saving...
2025-08-15 02:06:11,096:INFO:Epoch: 4200/10000 | Train Loss: 5.242e-01 | Dynamic Loss: 5.242e-01 | Regularization Loss: 2.835e-07 | Val Loss: 5.088e-01 | Time: 4.55s
2025-08-15 02:06:15,606:INFO:Epoch: 4250/10000 | Train Loss: 5.184e-01 | Dynamic Loss: 5.184e-01 | Regularization Loss: 2.818e-07 | Val Loss: 5.082e-01 | Time: 4.51s
2025-08-15 02:06:20,106:INFO:Epoch: 4300/10000 | Train Loss: 5.149e-01 | Dynamic Loss: 5.149e-01 | Regularization Loss: 2.757e-07 | Val Loss: 5.048e-01 | Time: 4.50s
2025-08-15 02:06:20,106:INFO:New best model found at epoch 4300 with validation loss 5.048e-01. Saving...
2025-08-15 02:06:24,592:INFO:Epoch: 4350/10000 | Train Loss: 5.192e-01 | Dynamic Loss: 5.192e-01 | Regularization Loss: 2.757e-07 | Val Loss: 5.093e-01 | Time: 4.48s
2025-08-15 02:06:29,053:INFO:Epoch: 4400/10000 | Train Loss: 5.138e-01 | Dynamic Loss: 5.138e-01 | Regularization Loss: 2.726e-07 | Val Loss: 5.026e-01 | Time: 4.46s
2025-08-15 02:06:29,053:INFO:New best model found at epoch 4400 with validation loss 5.026e-01. Saving...
2025-08-15 02:06:33,571:INFO:Epoch: 4450/10000 | Train Loss: 5.164e-01 | Dynamic Loss: 5.164e-01 | Regularization Loss: 2.728e-07 | Val Loss: 5.091e-01 | Time: 4.51s
2025-08-15 02:06:43,189:INFO:Epoch: 4500/10000 | Train Loss: 5.141e-01 | Dynamic Loss: 5.141e-01 | Regularization Loss: 2.679e-07 | Val Loss: 5.068e-01 | Time: 9.62s
2025-08-15 02:06:47,763:INFO:Epoch: 4550/10000 | Train Loss: 5.142e-01 | Dynamic Loss: 5.142e-01 | Regularization Loss: 2.675e-07 | Val Loss: 5.023e-01 | Time: 4.57s
2025-08-15 02:06:47,763:INFO:New best model found at epoch 4550 with validation loss 5.023e-01. Saving...
2025-08-15 02:06:52,417:INFO:Epoch: 4600/10000 | Train Loss: 5.116e-01 | Dynamic Loss: 5.116e-01 | Regularization Loss: 2.640e-07 | Val Loss: 5.066e-01 | Time: 4.64s
2025-08-15 02:06:56,951:INFO:Epoch: 4650/10000 | Train Loss: 5.172e-01 | Dynamic Loss: 5.172e-01 | Regularization Loss: 2.645e-07 | Val Loss: 5.062e-01 | Time: 4.53s
2025-08-15 02:07:01,430:INFO:Epoch: 4700/10000 | Train Loss: 5.111e-01 | Dynamic Loss: 5.111e-01 | Regularization Loss: 2.625e-07 | Val Loss: 5.018e-01 | Time: 4.48s
2025-08-15 02:07:01,431:INFO:New best model found at epoch 4700 with validation loss 5.018e-01. Saving...
2025-08-15 02:07:05,887:INFO:Epoch: 4750/10000 | Train Loss: 5.129e-01 | Dynamic Loss: 5.129e-01 | Regularization Loss: 2.587e-07 | Val Loss: 5.015e-01 | Time: 4.45s
2025-08-15 02:07:05,887:INFO:New best model found at epoch 4750 with validation loss 5.015e-01. Saving...
2025-08-15 02:07:10,384:INFO:Epoch: 4800/10000 | Train Loss: 5.112e-01 | Dynamic Loss: 5.112e-01 | Regularization Loss: 2.580e-07 | Val Loss: 5.006e-01 | Time: 4.49s
2025-08-15 02:07:10,384:INFO:New best model found at epoch 4800 with validation loss 5.006e-01. Saving...
2025-08-15 02:07:16,451:INFO:Epoch: 4850/10000 | Train Loss: 5.055e-01 | Dynamic Loss: 5.055e-01 | Regularization Loss: 2.548e-07 | Val Loss: 5.004e-01 | Time: 6.06s
2025-08-15 02:07:16,452:INFO:New best model found at epoch 4850 with validation loss 5.004e-01. Saving...
2025-08-15 02:07:25,366:INFO:Epoch: 4900/10000 | Train Loss: 5.096e-01 | Dynamic Loss: 5.096e-01 | Regularization Loss: 2.531e-07 | Val Loss: 5.033e-01 | Time: 8.91s
2025-08-15 02:07:29,826:INFO:Epoch: 4950/10000 | Train Loss: 5.068e-01 | Dynamic Loss: 5.068e-01 | Regularization Loss: 2.519e-07 | Val Loss: 4.960e-01 | Time: 4.46s
2025-08-15 02:07:29,826:INFO:New best model found at epoch 4950 with validation loss 4.960e-01. Saving...
2025-08-15 02:07:34,344:INFO:Epoch: 5000/10000 | Train Loss: 5.078e-01 | Dynamic Loss: 5.078e-01 | Regularization Loss: 2.501e-07 | Val Loss: 5.007e-01 | Time: 4.51s
2025-08-15 02:07:38,834:INFO:Epoch: 5050/10000 | Train Loss: 5.048e-01 | Dynamic Loss: 5.048e-01 | Regularization Loss: 2.488e-07 | Val Loss: 5.024e-01 | Time: 4.49s
2025-08-15 02:07:43,382:INFO:Epoch: 5100/10000 | Train Loss: 5.043e-01 | Dynamic Loss: 5.043e-01 | Regularization Loss: 2.463e-07 | Val Loss: 4.943e-01 | Time: 4.55s
2025-08-15 02:07:43,382:INFO:New best model found at epoch 5100 with validation loss 4.943e-01. Saving...
2025-08-15 02:07:47,973:INFO:Epoch: 5150/10000 | Train Loss: 5.062e-01 | Dynamic Loss: 5.062e-01 | Regularization Loss: 2.444e-07 | Val Loss: 5.016e-01 | Time: 4.58s
2025-08-15 02:07:52,423:INFO:Epoch: 5200/10000 | Train Loss: 5.023e-01 | Dynamic Loss: 5.023e-01 | Regularization Loss: 2.420e-07 | Val Loss: 4.991e-01 | Time: 4.45s
2025-08-15 02:08:00,577:INFO:Epoch: 5250/10000 | Train Loss: 5.050e-01 | Dynamic Loss: 5.050e-01 | Regularization Loss: 2.416e-07 | Val Loss: 4.952e-01 | Time: 8.15s
2025-08-15 02:08:05,123:INFO:Epoch: 5300/10000 | Train Loss: 5.033e-01 | Dynamic Loss: 5.033e-01 | Regularization Loss: 2.404e-07 | Val Loss: 4.969e-01 | Time: 4.55s
2025-08-15 02:08:09,636:INFO:Epoch: 5350/10000 | Train Loss: 5.011e-01 | Dynamic Loss: 5.011e-01 | Regularization Loss: 2.379e-07 | Val Loss: 4.962e-01 | Time: 4.51s
2025-08-15 02:08:14,164:INFO:Epoch: 5400/10000 | Train Loss: 5.017e-01 | Dynamic Loss: 5.017e-01 | Regularization Loss: 2.347e-07 | Val Loss: 4.978e-01 | Time: 4.53s
2025-08-15 02:08:18,728:INFO:Epoch: 5450/10000 | Train Loss: 5.060e-01 | Dynamic Loss: 5.060e-01 | Regularization Loss: 2.354e-07 | Val Loss: 4.982e-01 | Time: 4.56s
2025-08-15 02:08:23,305:INFO:Epoch: 5500/10000 | Train Loss: 5.018e-01 | Dynamic Loss: 5.018e-01 | Regularization Loss: 2.317e-07 | Val Loss: 4.904e-01 | Time: 4.58s
2025-08-15 02:08:23,305:INFO:New best model found at epoch 5500 with validation loss 4.904e-01. Saving...
2025-08-15 02:08:27,811:INFO:Epoch: 5550/10000 | Train Loss: 5.020e-01 | Dynamic Loss: 5.020e-01 | Regularization Loss: 2.298e-07 | Val Loss: 4.936e-01 | Time: 4.50s
2025-08-15 02:08:36,132:INFO:Epoch: 5600/10000 | Train Loss: 5.034e-01 | Dynamic Loss: 5.034e-01 | Regularization Loss: 2.293e-07 | Val Loss: 4.925e-01 | Time: 8.32s
2025-08-15 02:08:40,755:INFO:Epoch: 5650/10000 | Train Loss: 5.002e-01 | Dynamic Loss: 5.002e-01 | Regularization Loss: 2.295e-07 | Val Loss: 4.919e-01 | Time: 4.62s
2025-08-15 02:08:45,314:INFO:Epoch: 5700/10000 | Train Loss: 4.989e-01 | Dynamic Loss: 4.989e-01 | Regularization Loss: 2.263e-07 | Val Loss: 4.904e-01 | Time: 4.56s
2025-08-15 02:08:45,314:INFO:New best model found at epoch 5700 with validation loss 4.904e-01. Saving...
2025-08-15 02:08:50,078:INFO:Epoch: 5750/10000 | Train Loss: 4.972e-01 | Dynamic Loss: 4.972e-01 | Regularization Loss: 2.235e-07 | Val Loss: 4.906e-01 | Time: 4.76s
2025-08-15 02:08:54,706:INFO:Epoch: 5800/10000 | Train Loss: 4.968e-01 | Dynamic Loss: 4.968e-01 | Regularization Loss: 2.238e-07 | Val Loss: 4.887e-01 | Time: 4.63s
2025-08-15 02:08:54,707:INFO:New best model found at epoch 5800 with validation loss 4.887e-01. Saving...
2025-08-15 02:08:59,244:INFO:Epoch: 5850/10000 | Train Loss: 4.976e-01 | Dynamic Loss: 4.976e-01 | Regularization Loss: 2.229e-07 | Val Loss: 4.932e-01 | Time: 4.53s
2025-08-15 02:09:03,719:INFO:Epoch: 5900/10000 | Train Loss: 4.972e-01 | Dynamic Loss: 4.972e-01 | Regularization Loss: 2.199e-07 | Val Loss: 4.908e-01 | Time: 4.47s
2025-08-15 02:09:09,290:INFO:Epoch: 5950/10000 | Train Loss: 4.976e-01 | Dynamic Loss: 4.976e-01 | Regularization Loss: 2.184e-07 | Val Loss: 4.957e-01 | Time: 5.57s
2025-08-15 02:09:16,832:INFO:Epoch: 6000/10000 | Train Loss: 5.004e-01 | Dynamic Loss: 5.004e-01 | Regularization Loss: 2.179e-07 | Val Loss: 4.937e-01 | Time: 7.54s
2025-08-15 02:09:21,435:INFO:Epoch: 6050/10000 | Train Loss: 4.956e-01 | Dynamic Loss: 4.956e-01 | Regularization Loss: 2.172e-07 | Val Loss: 4.868e-01 | Time: 4.60s
2025-08-15 02:09:21,435:INFO:New best model found at epoch 6050 with validation loss 4.868e-01. Saving...
2025-08-15 02:09:26,033:INFO:Epoch: 6100/10000 | Train Loss: 4.951e-01 | Dynamic Loss: 4.951e-01 | Regularization Loss: 2.132e-07 | Val Loss: 4.882e-01 | Time: 4.59s
2025-08-15 02:09:30,520:INFO:Epoch: 6150/10000 | Train Loss: 4.941e-01 | Dynamic Loss: 4.941e-01 | Regularization Loss: 2.115e-07 | Val Loss: 4.844e-01 | Time: 4.49s
2025-08-15 02:09:30,520:INFO:New best model found at epoch 6150 with validation loss 4.844e-01. Saving...
2025-08-15 02:09:34,961:INFO:Epoch: 6200/10000 | Train Loss: 4.944e-01 | Dynamic Loss: 4.944e-01 | Regularization Loss: 2.105e-07 | Val Loss: 4.910e-01 | Time: 4.43s
2025-08-15 02:09:39,454:INFO:Epoch: 6250/10000 | Train Loss: 4.935e-01 | Dynamic Loss: 4.935e-01 | Regularization Loss: 2.087e-07 | Val Loss: 4.852e-01 | Time: 4.49s
2025-08-15 02:09:43,877:INFO:Epoch: 6300/10000 | Train Loss: 4.925e-01 | Dynamic Loss: 4.925e-01 | Regularization Loss: 2.078e-07 | Val Loss: 4.851e-01 | Time: 4.42s
2025-08-15 02:09:54,091:INFO:Epoch: 6350/10000 | Train Loss: 4.923e-01 | Dynamic Loss: 4.923e-01 | Regularization Loss: 2.078e-07 | Val Loss: 4.833e-01 | Time: 10.21s
2025-08-15 02:09:54,091:INFO:New best model found at epoch 6350 with validation loss 4.833e-01. Saving...
2025-08-15 02:09:58,639:INFO:Epoch: 6400/10000 | Train Loss: 4.893e-01 | Dynamic Loss: 4.893e-01 | Regularization Loss: 2.046e-07 | Val Loss: 4.812e-01 | Time: 4.54s
2025-08-15 02:09:58,639:INFO:New best model found at epoch 6400 with validation loss 4.812e-01. Saving...
2025-08-15 02:10:03,257:INFO:Epoch: 6450/10000 | Train Loss: 4.933e-01 | Dynamic Loss: 4.933e-01 | Regularization Loss: 2.039e-07 | Val Loss: 4.808e-01 | Time: 4.61s
2025-08-15 02:10:03,257:INFO:New best model found at epoch 6450 with validation loss 4.808e-01. Saving...
2025-08-15 02:10:07,844:INFO:Epoch: 6500/10000 | Train Loss: 4.912e-01 | Dynamic Loss: 4.912e-01 | Regularization Loss: 2.030e-07 | Val Loss: 4.854e-01 | Time: 4.58s
2025-08-15 02:10:12,385:INFO:Epoch: 6550/10000 | Train Loss: 4.875e-01 | Dynamic Loss: 4.875e-01 | Regularization Loss: 2.011e-07 | Val Loss: 4.786e-01 | Time: 4.54s
2025-08-15 02:10:12,386:INFO:New best model found at epoch 6550 with validation loss 4.786e-01. Saving...
2025-08-15 02:10:16,831:INFO:Epoch: 6600/10000 | Train Loss: 4.884e-01 | Dynamic Loss: 4.884e-01 | Regularization Loss: 2.012e-07 | Val Loss: 4.779e-01 | Time: 4.44s
2025-08-15 02:10:16,831:INFO:New best model found at epoch 6600 with validation loss 4.779e-01. Saving...
2025-08-15 02:10:21,795:INFO:Epoch: 6650/10000 | Train Loss: 4.861e-01 | Dynamic Loss: 4.861e-01 | Regularization Loss: 1.966e-07 | Val Loss: 4.792e-01 | Time: 4.95s
2025-08-15 02:10:31,679:INFO:Epoch: 6700/10000 | Train Loss: 4.855e-01 | Dynamic Loss: 4.855e-01 | Regularization Loss: 1.969e-07 | Val Loss: 4.761e-01 | Time: 9.88s
2025-08-15 02:10:31,679:INFO:New best model found at epoch 6700 with validation loss 4.761e-01. Saving...
2025-08-15 02:10:36,287:INFO:Epoch: 6750/10000 | Train Loss: 4.859e-01 | Dynamic Loss: 4.859e-01 | Regularization Loss: 1.942e-07 | Val Loss: 4.770e-01 | Time: 4.60s
2025-08-15 02:10:40,878:INFO:Epoch: 6800/10000 | Train Loss: 4.860e-01 | Dynamic Loss: 4.860e-01 | Regularization Loss: 1.938e-07 | Val Loss: 4.777e-01 | Time: 4.59s
2025-08-15 02:10:45,642:INFO:Epoch: 6850/10000 | Train Loss: 4.838e-01 | Dynamic Loss: 4.838e-01 | Regularization Loss: 1.916e-07 | Val Loss: 4.799e-01 | Time: 4.76s
2025-08-15 02:10:50,179:INFO:Epoch: 6900/10000 | Train Loss: 4.818e-01 | Dynamic Loss: 4.818e-01 | Regularization Loss: 1.888e-07 | Val Loss: 4.751e-01 | Time: 4.54s
2025-08-15 02:10:50,179:INFO:New best model found at epoch 6900 with validation loss 4.751e-01. Saving...
2025-08-15 02:10:54,659:INFO:Epoch: 6950/10000 | Train Loss: 4.863e-01 | Dynamic Loss: 4.863e-01 | Regularization Loss: 1.911e-07 | Val Loss: 4.754e-01 | Time: 4.47s
2025-08-15 02:10:59,083:INFO:Epoch: 7000/10000 | Train Loss: 4.817e-01 | Dynamic Loss: 4.817e-01 | Regularization Loss: 1.882e-07 | Val Loss: 4.729e-01 | Time: 4.42s
2025-08-15 02:10:59,083:INFO:New best model found at epoch 7000 with validation loss 4.729e-01. Saving...
2025-08-15 02:11:03,613:INFO:Epoch: 7050/10000 | Train Loss: 4.810e-01 | Dynamic Loss: 4.810e-01 | Regularization Loss: 1.854e-07 | Val Loss: 4.739e-01 | Time: 4.52s
2025-08-15 02:11:12,745:INFO:Epoch: 7100/10000 | Train Loss: 4.812e-01 | Dynamic Loss: 4.812e-01 | Regularization Loss: 1.865e-07 | Val Loss: 4.757e-01 | Time: 9.13s
2025-08-15 02:11:17,310:INFO:Epoch: 7150/10000 | Train Loss: 4.808e-01 | Dynamic Loss: 4.808e-01 | Regularization Loss: 1.842e-07 | Val Loss: 4.729e-01 | Time: 4.56s
2025-08-15 02:11:17,310:INFO:New best model found at epoch 7150 with validation loss 4.729e-01. Saving...
2025-08-15 02:11:21,930:INFO:Epoch: 7200/10000 | Train Loss: 4.807e-01 | Dynamic Loss: 4.807e-01 | Regularization Loss: 1.827e-07 | Val Loss: 4.713e-01 | Time: 4.61s
2025-08-15 02:11:21,930:INFO:New best model found at epoch 7200 with validation loss 4.713e-01. Saving...
2025-08-15 02:11:26,547:INFO:Epoch: 7250/10000 | Train Loss: 4.802e-01 | Dynamic Loss: 4.802e-01 | Regularization Loss: 1.823e-07 | Val Loss: 4.710e-01 | Time: 4.61s
2025-08-15 02:11:26,547:INFO:New best model found at epoch 7250 with validation loss 4.710e-01. Saving...
2025-08-15 02:11:31,130:INFO:Epoch: 7300/10000 | Train Loss: 4.797e-01 | Dynamic Loss: 4.797e-01 | Regularization Loss: 1.824e-07 | Val Loss: 4.736e-01 | Time: 4.57s
2025-08-15 02:11:35,639:INFO:Epoch: 7350/10000 | Train Loss: 4.753e-01 | Dynamic Loss: 4.753e-01 | Regularization Loss: 1.795e-07 | Val Loss: 4.668e-01 | Time: 4.51s
2025-08-15 02:11:35,639:INFO:New best model found at epoch 7350 with validation loss 4.668e-01. Saving...
2025-08-15 02:11:40,221:INFO:Epoch: 7400/10000 | Train Loss: 4.706e-01 | Dynamic Loss: 4.706e-01 | Regularization Loss: 1.772e-07 | Val Loss: 4.639e-01 | Time: 4.57s
2025-08-15 02:11:40,221:INFO:New best model found at epoch 7400 with validation loss 4.639e-01. Saving...
2025-08-15 02:11:44,719:INFO:Epoch: 7450/10000 | Train Loss: 4.696e-01 | Dynamic Loss: 4.696e-01 | Regularization Loss: 1.762e-07 | Val Loss: 4.629e-01 | Time: 4.49s
2025-08-15 02:11:44,719:INFO:New best model found at epoch 7450 with validation loss 4.629e-01. Saving...
2025-08-15 02:11:55,181:INFO:Epoch: 7500/10000 | Train Loss: 4.685e-01 | Dynamic Loss: 4.685e-01 | Regularization Loss: 1.736e-07 | Val Loss: 4.623e-01 | Time: 10.45s
2025-08-15 02:11:55,181:INFO:New best model found at epoch 7500 with validation loss 4.623e-01. Saving...
2025-08-15 02:11:59,695:INFO:Epoch: 7550/10000 | Train Loss: 4.660e-01 | Dynamic Loss: 4.660e-01 | Regularization Loss: 1.721e-07 | Val Loss: 4.616e-01 | Time: 4.51s
2025-08-15 02:11:59,695:INFO:New best model found at epoch 7550 with validation loss 4.616e-01. Saving...
2025-08-15 02:12:04,312:INFO:Epoch: 7600/10000 | Train Loss: 4.672e-01 | Dynamic Loss: 4.672e-01 | Regularization Loss: 1.703e-07 | Val Loss: 4.613e-01 | Time: 4.61s
2025-08-15 02:12:04,313:INFO:New best model found at epoch 7600 with validation loss 4.613e-01. Saving...
2025-08-15 02:12:08,844:INFO:Epoch: 7650/10000 | Train Loss: 4.625e-01 | Dynamic Loss: 4.625e-01 | Regularization Loss: 1.695e-07 | Val Loss: 4.602e-01 | Time: 4.52s
2025-08-15 02:12:08,844:INFO:New best model found at epoch 7650 with validation loss 4.602e-01. Saving...
2025-08-15 02:12:13,412:INFO:Epoch: 7700/10000 | Train Loss: 4.632e-01 | Dynamic Loss: 4.632e-01 | Regularization Loss: 1.656e-07 | Val Loss: 4.595e-01 | Time: 4.56s
2025-08-15 02:12:13,412:INFO:New best model found at epoch 7700 with validation loss 4.595e-01. Saving...
2025-08-15 02:12:17,913:INFO:Epoch: 7750/10000 | Train Loss: 4.620e-01 | Dynamic Loss: 4.620e-01 | Regularization Loss: 1.626e-07 | Val Loss: 4.591e-01 | Time: 4.49s
2025-08-15 02:12:17,913:INFO:New best model found at epoch 7750 with validation loss 4.591e-01. Saving...
2025-08-15 02:12:22,471:INFO:Epoch: 7800/10000 | Train Loss: 4.602e-01 | Dynamic Loss: 4.602e-01 | Regularization Loss: 1.608e-07 | Val Loss: 4.581e-01 | Time: 4.55s
2025-08-15 02:12:22,471:INFO:New best model found at epoch 7800 with validation loss 4.581e-01. Saving...
2025-08-15 02:12:31,974:INFO:Epoch: 7850/10000 | Train Loss: 4.585e-01 | Dynamic Loss: 4.585e-01 | Regularization Loss: 1.624e-07 | Val Loss: 4.574e-01 | Time: 9.49s
2025-08-15 02:12:31,974:INFO:New best model found at epoch 7850 with validation loss 4.574e-01. Saving...
2025-08-15 02:12:36,503:INFO:Epoch: 7900/10000 | Train Loss: 4.588e-01 | Dynamic Loss: 4.588e-01 | Regularization Loss: 1.589e-07 | Val Loss: 4.571e-01 | Time: 4.52s
2025-08-15 02:12:36,503:INFO:New best model found at epoch 7900 with validation loss 4.571e-01. Saving...
2025-08-15 02:12:41,028:INFO:Epoch: 7950/10000 | Train Loss: 4.575e-01 | Dynamic Loss: 4.575e-01 | Regularization Loss: 1.600e-07 | Val Loss: 4.566e-01 | Time: 4.51s
2025-08-15 02:12:41,028:INFO:New best model found at epoch 7950 with validation loss 4.566e-01. Saving...
2025-08-15 02:12:45,881:INFO:Epoch: 8000/10000 | Train Loss: 4.561e-01 | Dynamic Loss: 4.561e-01 | Regularization Loss: 1.557e-07 | Val Loss: 4.558e-01 | Time: 4.84s
2025-08-15 02:12:45,881:INFO:New best model found at epoch 8000 with validation loss 4.558e-01. Saving...
2025-08-15 02:12:50,466:INFO:Epoch: 8050/10000 | Train Loss: 4.563e-01 | Dynamic Loss: 4.563e-01 | Regularization Loss: 1.574e-07 | Val Loss: 4.562e-01 | Time: 4.58s
2025-08-15 02:12:55,111:INFO:Epoch: 8100/10000 | Train Loss: 4.548e-01 | Dynamic Loss: 4.548e-01 | Regularization Loss: 1.547e-07 | Val Loss: 4.547e-01 | Time: 4.64s
2025-08-15 02:12:55,111:INFO:New best model found at epoch 8100 with validation loss 4.547e-01. Saving...
2025-08-15 02:12:59,710:INFO:Epoch: 8150/10000 | Train Loss: 4.523e-01 | Dynamic Loss: 4.523e-01 | Regularization Loss: 1.541e-07 | Val Loss: 4.544e-01 | Time: 4.59s
2025-08-15 02:12:59,710:INFO:New best model found at epoch 8150 with validation loss 4.544e-01. Saving...
2025-08-15 02:13:04,876:INFO:Epoch: 8200/10000 | Train Loss: 4.522e-01 | Dynamic Loss: 4.522e-01 | Regularization Loss: 1.504e-07 | Val Loss: 4.542e-01 | Time: 5.16s
2025-08-15 02:13:04,876:INFO:New best model found at epoch 8200 with validation loss 4.542e-01. Saving...
2025-08-15 02:13:11,886:INFO:Epoch: 8250/10000 | Train Loss: 4.511e-01 | Dynamic Loss: 4.511e-01 | Regularization Loss: 1.498e-07 | Val Loss: 4.542e-01 | Time: 7.00s
2025-08-15 02:13:16,415:INFO:Epoch: 8300/10000 | Train Loss: 4.506e-01 | Dynamic Loss: 4.506e-01 | Regularization Loss: 1.494e-07 | Val Loss: 4.534e-01 | Time: 4.53s
2025-08-15 02:13:16,415:INFO:New best model found at epoch 8300 with validation loss 4.534e-01. Saving...
2025-08-15 02:13:20,912:INFO:Epoch: 8350/10000 | Train Loss: 4.505e-01 | Dynamic Loss: 4.505e-01 | Regularization Loss: 1.471e-07 | Val Loss: 4.527e-01 | Time: 4.49s
2025-08-15 02:13:20,912:INFO:New best model found at epoch 8350 with validation loss 4.527e-01. Saving...
2025-08-15 02:13:25,444:INFO:Epoch: 8400/10000 | Train Loss: 4.485e-01 | Dynamic Loss: 4.485e-01 | Regularization Loss: 1.462e-07 | Val Loss: 4.522e-01 | Time: 4.52s
2025-08-15 02:13:25,444:INFO:New best model found at epoch 8400 with validation loss 4.522e-01. Saving...
2025-08-15 02:13:29,928:INFO:Epoch: 8450/10000 | Train Loss: 4.488e-01 | Dynamic Loss: 4.488e-01 | Regularization Loss: 1.454e-07 | Val Loss: 4.516e-01 | Time: 4.48s
2025-08-15 02:13:29,929:INFO:New best model found at epoch 8450 with validation loss 4.516e-01. Saving...
2025-08-15 02:13:34,466:INFO:Epoch: 8500/10000 | Train Loss: 4.494e-01 | Dynamic Loss: 4.494e-01 | Regularization Loss: 1.439e-07 | Val Loss: 4.514e-01 | Time: 4.53s
2025-08-15 02:13:34,466:INFO:New best model found at epoch 8500 with validation loss 4.514e-01. Saving...
2025-08-15 02:13:38,935:INFO:Epoch: 8550/10000 | Train Loss: 4.482e-01 | Dynamic Loss: 4.482e-01 | Regularization Loss: 1.433e-07 | Val Loss: 4.516e-01 | Time: 4.46s
2025-08-15 02:13:45,765:INFO:Epoch: 8600/10000 | Train Loss: 4.456e-01 | Dynamic Loss: 4.456e-01 | Regularization Loss: 1.411e-07 | Val Loss: 4.503e-01 | Time: 6.83s
2025-08-15 02:13:45,765:INFO:New best model found at epoch 8600 with validation loss 4.503e-01. Saving...
2025-08-15 02:13:56,262:INFO:Epoch: 8650/10000 | Train Loss: 4.470e-01 | Dynamic Loss: 4.470e-01 | Regularization Loss: 1.410e-07 | Val Loss: 4.494e-01 | Time: 10.49s
2025-08-15 02:13:56,262:INFO:New best model found at epoch 8650 with validation loss 4.494e-01. Saving...
2025-08-15 02:14:00,832:INFO:Epoch: 8700/10000 | Train Loss: 4.454e-01 | Dynamic Loss: 4.454e-01 | Regularization Loss: 1.392e-07 | Val Loss: 4.491e-01 | Time: 4.56s
2025-08-15 02:14:00,832:INFO:New best model found at epoch 8700 with validation loss 4.491e-01. Saving...
2025-08-15 02:14:05,366:INFO:Epoch: 8750/10000 | Train Loss: 4.453e-01 | Dynamic Loss: 4.453e-01 | Regularization Loss: 1.383e-07 | Val Loss: 4.484e-01 | Time: 4.52s
2025-08-15 02:14:05,366:INFO:New best model found at epoch 8750 with validation loss 4.484e-01. Saving...
2025-08-15 02:14:09,938:INFO:Epoch: 8800/10000 | Train Loss: 4.449e-01 | Dynamic Loss: 4.449e-01 | Regularization Loss: 1.370e-07 | Val Loss: 4.496e-01 | Time: 4.56s
2025-08-15 02:14:14,570:INFO:Epoch: 8850/10000 | Train Loss: 4.465e-01 | Dynamic Loss: 4.465e-01 | Regularization Loss: 1.368e-07 | Val Loss: 4.520e-01 | Time: 4.63s
2025-08-15 02:14:19,121:INFO:Epoch: 8900/10000 | Train Loss: 4.427e-01 | Dynamic Loss: 4.426e-01 | Regularization Loss: 1.336e-07 | Val Loss: 4.471e-01 | Time: 4.55s
2025-08-15 02:14:19,121:INFO:New best model found at epoch 8900 with validation loss 4.471e-01. Saving...
2025-08-15 02:14:23,736:INFO:Epoch: 8950/10000 | Train Loss: 4.456e-01 | Dynamic Loss: 4.456e-01 | Regularization Loss: 1.362e-07 | Val Loss: 4.495e-01 | Time: 4.61s
2025-08-15 02:14:32,568:INFO:Epoch: 9000/10000 | Train Loss: 4.438e-01 | Dynamic Loss: 4.438e-01 | Regularization Loss: 1.325e-07 | Val Loss: 4.471e-01 | Time: 8.83s
2025-08-15 02:14:32,568:INFO:New best model found at epoch 9000 with validation loss 4.471e-01. Saving...
2025-08-15 02:14:41,958:INFO:Epoch: 9050/10000 | Train Loss: 4.423e-01 | Dynamic Loss: 4.423e-01 | Regularization Loss: 1.343e-07 | Val Loss: 4.473e-01 | Time: 9.38s
2025-08-15 02:14:46,478:INFO:Epoch: 9100/10000 | Train Loss: 4.432e-01 | Dynamic Loss: 4.432e-01 | Regularization Loss: 1.342e-07 | Val Loss: 4.472e-01 | Time: 4.52s
2025-08-15 02:14:50,952:INFO:Epoch: 9150/10000 | Train Loss: 4.439e-01 | Dynamic Loss: 4.439e-01 | Regularization Loss: 1.329e-07 | Val Loss: 4.466e-01 | Time: 4.47s
2025-08-15 02:14:50,952:INFO:New best model found at epoch 9150 with validation loss 4.466e-01. Saving...
2025-08-15 02:14:55,492:INFO:Epoch: 9200/10000 | Train Loss: 4.414e-01 | Dynamic Loss: 4.414e-01 | Regularization Loss: 1.319e-07 | Val Loss: 4.459e-01 | Time: 4.53s
2025-08-15 02:14:55,492:INFO:New best model found at epoch 9200 with validation loss 4.459e-01. Saving...
2025-08-15 02:15:00,083:INFO:Epoch: 9250/10000 | Train Loss: 4.398e-01 | Dynamic Loss: 4.398e-01 | Regularization Loss: 1.291e-07 | Val Loss: 4.456e-01 | Time: 4.58s
2025-08-15 02:15:00,084:INFO:New best model found at epoch 9250 with validation loss 4.456e-01. Saving...
2025-08-15 02:15:04,645:INFO:Epoch: 9300/10000 | Train Loss: 4.426e-01 | Dynamic Loss: 4.426e-01 | Regularization Loss: 1.282e-07 | Val Loss: 4.468e-01 | Time: 4.55s
2025-08-15 02:15:09,186:INFO:Epoch: 9350/10000 | Train Loss: 4.420e-01 | Dynamic Loss: 4.420e-01 | Regularization Loss: 1.283e-07 | Val Loss: 4.463e-01 | Time: 4.54s
2025-08-15 02:15:13,941:INFO:Epoch: 9400/10000 | Train Loss: 4.404e-01 | Dynamic Loss: 4.404e-01 | Regularization Loss: 1.284e-07 | Val Loss: 4.451e-01 | Time: 4.76s
2025-08-15 02:15:13,942:INFO:New best model found at epoch 9400 with validation loss 4.451e-01. Saving...
2025-08-15 02:15:24,136:INFO:Epoch: 9450/10000 | Train Loss: 4.383e-01 | Dynamic Loss: 4.383e-01 | Regularization Loss: 1.279e-07 | Val Loss: 4.451e-01 | Time: 10.19s
2025-08-15 02:15:28,901:INFO:Epoch: 9500/10000 | Train Loss: 4.384e-01 | Dynamic Loss: 4.384e-01 | Regularization Loss: 1.258e-07 | Val Loss: 4.454e-01 | Time: 4.76s
2025-08-15 02:15:33,411:INFO:Epoch: 9550/10000 | Train Loss: 4.391e-01 | Dynamic Loss: 4.391e-01 | Regularization Loss: 1.261e-07 | Val Loss: 4.451e-01 | Time: 4.51s
2025-08-15 02:15:38,015:INFO:Epoch: 9600/10000 | Train Loss: 4.398e-01 | Dynamic Loss: 4.398e-01 | Regularization Loss: 1.249e-07 | Val Loss: 4.446e-01 | Time: 4.60s
2025-08-15 02:15:38,015:INFO:New best model found at epoch 9600 with validation loss 4.446e-01. Saving...
2025-08-15 02:15:42,642:INFO:Epoch: 9650/10000 | Train Loss: 4.382e-01 | Dynamic Loss: 4.382e-01 | Regularization Loss: 1.264e-07 | Val Loss: 4.451e-01 | Time: 4.62s
2025-08-15 02:15:47,093:INFO:Epoch: 9700/10000 | Train Loss: 4.372e-01 | Dynamic Loss: 4.372e-01 | Regularization Loss: 1.227e-07 | Val Loss: 4.439e-01 | Time: 4.45s
2025-08-15 02:15:47,093:INFO:New best model found at epoch 9700 with validation loss 4.439e-01. Saving...
2025-08-15 02:15:51,692:INFO:Epoch: 9750/10000 | Train Loss: 4.394e-01 | Dynamic Loss: 4.394e-01 | Regularization Loss: 1.272e-07 | Val Loss: 4.450e-01 | Time: 4.59s
2025-08-15 02:15:58,352:INFO:Epoch: 9800/10000 | Train Loss: 4.402e-01 | Dynamic Loss: 4.402e-01 | Regularization Loss: 1.240e-07 | Val Loss: 4.460e-01 | Time: 6.66s
2025-08-15 02:16:09,027:INFO:Epoch: 9850/10000 | Train Loss: 4.382e-01 | Dynamic Loss: 4.382e-01 | Regularization Loss: 1.415e-07 | Val Loss: 4.449e-01 | Time: 10.67s
2025-08-15 02:16:13,547:INFO:Epoch: 9900/10000 | Train Loss: 4.383e-01 | Dynamic Loss: 4.383e-01 | Regularization Loss: 1.350e-07 | Val Loss: 4.458e-01 | Time: 4.52s
2025-08-15 02:16:18,124:INFO:Epoch: 9950/10000 | Train Loss: nan | Dynamic Loss: nan | Regularization Loss: nan | Val Loss: nan | Time: 4.58s
2025-08-15 02:16:22,735:INFO:Epoch: 10000/10000 | Train Loss: nan | Dynamic Loss: nan | Regularization Loss: nan | Val Loss: nan | Time: 4.61s
