2025-08-15 01:37:34,845:INFO:Created DataLoaders with 2994 training samples and 998 validation samples.
2025-08-15 01:37:35,452:INFO:model params: 479490
2025-08-15 01:50:18,206:INFO:Created DataLoaders with 2994 training samples and 998 validation samples.
2025-08-15 01:50:18,784:INFO:model params: 479490
2025-08-15 01:51:19,285:INFO:Created DataLoaders with 2994 training samples and 998 validation samples.
2025-08-15 01:51:19,865:INFO:model params: 479490
2025-08-15 01:53:52,085:INFO:Created DataLoaders with 2994 training samples and 998 validation samples.
2025-08-15 01:53:52,666:INFO:model params: 479490
2025-08-15 01:55:54,265:INFO:Created DataLoaders with 2994 training samples and 998 validation samples.
2025-08-15 01:55:54,844:INFO:model params: 479490
2025-08-15 01:55:55,425:INFO:Epoch: 0/10000 | Train Loss: 1.082e+03 | Dynamic Loss: 1.082e+03 | Regularization Loss: 6.257e-22 | Val Loss: 5.132e+02 | Time: 0.58s
2025-08-15 01:55:55,425:INFO:New best model found at epoch 0 with validation loss 5.132e+02. Saving...
2025-08-15 02:16:26,810:INFO:Created DataLoaders with 2994 training samples and 998 validation samples.
2025-08-15 02:16:27,411:INFO:model params: 479490
2025-08-15 02:16:28,022:INFO:Epoch: 0/10000 | Train Loss: 1.082e+03 | Dynamic Loss: 1.082e+03 | Regularization Loss: 6.257e-22 | Val Loss: 5.132e+02 | Time: 0.61s
2025-08-15 02:16:28,023:INFO:New best model found at epoch 0 with validation loss 5.132e+02. Saving...
2025-08-15 02:16:32,731:INFO:Epoch: 50/10000 | Train Loss: 4.047e+00 | Dynamic Loss: 4.047e+00 | Regularization Loss: 2.597e-18 | Val Loss: 1.661e+01 | Time: 4.67s
2025-08-15 02:16:32,731:INFO:New best model found at epoch 50 with validation loss 1.661e+01. Saving...
2025-08-15 02:16:37,042:INFO:Epoch: 100/10000 | Train Loss: 2.398e+00 | Dynamic Loss: 2.398e+00 | Regularization Loss: 1.343e-15 | Val Loss: 1.112e+01 | Time: 4.30s
2025-08-15 02:16:37,042:INFO:New best model found at epoch 100 with validation loss 1.112e+01. Saving...
2025-08-15 02:16:41,284:INFO:Epoch: 150/10000 | Train Loss: 1.845e+00 | Dynamic Loss: 1.845e+00 | Regularization Loss: 8.132e-13 | Val Loss: 8.360e+00 | Time: 4.23s
2025-08-15 02:16:41,284:INFO:New best model found at epoch 150 with validation loss 8.360e+00. Saving...
2025-08-15 02:16:48,918:INFO:Epoch: 200/10000 | Train Loss: 1.578e+00 | Dynamic Loss: 1.578e+00 | Regularization Loss: 6.288e-10 | Val Loss: 6.661e+00 | Time: 7.62s
2025-08-15 02:16:48,918:INFO:New best model found at epoch 200 with validation loss 6.661e+00. Saving...
2025-08-15 02:16:57,902:INFO:Epoch: 250/10000 | Train Loss: 1.411e+00 | Dynamic Loss: 1.411e+00 | Regularization Loss: 3.665e-07 | Val Loss: 5.582e+00 | Time: 8.97s
2025-08-15 02:16:57,903:INFO:New best model found at epoch 250 with validation loss 5.582e+00. Saving...
2025-08-15 02:17:02,310:INFO:Epoch: 300/10000 | Train Loss: 1.276e+00 | Dynamic Loss: 1.276e+00 | Regularization Loss: 5.042e-07 | Val Loss: 4.821e+00 | Time: 4.40s
2025-08-15 02:17:02,310:INFO:New best model found at epoch 300 with validation loss 4.821e+00. Saving...
2025-08-15 02:17:06,695:INFO:Epoch: 350/10000 | Train Loss: 1.185e+00 | Dynamic Loss: 1.185e+00 | Regularization Loss: 5.039e-07 | Val Loss: 4.201e+00 | Time: 4.38s
2025-08-15 02:17:06,695:INFO:New best model found at epoch 350 with validation loss 4.201e+00. Saving...
2025-08-15 02:17:11,099:INFO:Epoch: 400/10000 | Train Loss: 1.191e+00 | Dynamic Loss: 1.191e+00 | Regularization Loss: 5.273e-07 | Val Loss: 3.758e+00 | Time: 4.39s
2025-08-15 02:17:11,099:INFO:New best model found at epoch 400 with validation loss 3.758e+00. Saving...
2025-08-15 02:17:15,413:INFO:Epoch: 450/10000 | Train Loss: 1.024e+00 | Dynamic Loss: 1.024e+00 | Regularization Loss: 5.221e-07 | Val Loss: 3.322e+00 | Time: 4.30s
2025-08-15 02:17:15,413:INFO:New best model found at epoch 450 with validation loss 3.322e+00. Saving...
2025-08-15 02:17:19,756:INFO:Epoch: 500/10000 | Train Loss: 1.069e+00 | Dynamic Loss: 1.069e+00 | Regularization Loss: 5.325e-07 | Val Loss: 3.054e+00 | Time: 4.33s
2025-08-15 02:17:19,756:INFO:New best model found at epoch 500 with validation loss 3.054e+00. Saving...
2025-08-15 02:17:25,936:INFO:Epoch: 550/10000 | Train Loss: 1.044e+00 | Dynamic Loss: 1.044e+00 | Regularization Loss: 5.242e-07 | Val Loss: 2.952e+00 | Time: 6.17s
2025-08-15 02:17:25,936:INFO:New best model found at epoch 550 with validation loss 2.952e+00. Saving...
2025-08-15 02:17:35,762:INFO:Epoch: 600/10000 | Train Loss: 9.504e-01 | Dynamic Loss: 9.504e-01 | Regularization Loss: 5.344e-07 | Val Loss: 2.598e+00 | Time: 9.82s
2025-08-15 02:17:35,762:INFO:New best model found at epoch 600 with validation loss 2.598e+00. Saving...
2025-08-15 02:17:40,174:INFO:Epoch: 650/10000 | Train Loss: 9.375e-01 | Dynamic Loss: 9.375e-01 | Regularization Loss: 5.262e-07 | Val Loss: 2.534e+00 | Time: 4.40s
2025-08-15 02:17:40,175:INFO:New best model found at epoch 650 with validation loss 2.534e+00. Saving...
2025-08-15 02:17:44,669:INFO:Epoch: 700/10000 | Train Loss: 8.321e-01 | Dynamic Loss: 8.321e-01 | Regularization Loss: 5.289e-07 | Val Loss: 2.217e+00 | Time: 4.48s
2025-08-15 02:17:44,670:INFO:New best model found at epoch 700 with validation loss 2.217e+00. Saving...
2025-08-15 02:17:49,112:INFO:Epoch: 750/10000 | Train Loss: 7.882e-01 | Dynamic Loss: 7.882e-01 | Regularization Loss: 5.224e-07 | Val Loss: 2.044e+00 | Time: 4.43s
2025-08-15 02:17:49,112:INFO:New best model found at epoch 750 with validation loss 2.044e+00. Saving...
2025-08-15 02:17:53,587:INFO:Epoch: 800/10000 | Train Loss: 7.818e-01 | Dynamic Loss: 7.818e-01 | Regularization Loss: 5.227e-07 | Val Loss: 1.929e+00 | Time: 4.47s
2025-08-15 02:17:53,587:INFO:New best model found at epoch 800 with validation loss 1.929e+00. Saving...
2025-08-15 02:17:58,094:INFO:Epoch: 850/10000 | Train Loss: 8.517e-01 | Dynamic Loss: 8.517e-01 | Regularization Loss: 5.140e-07 | Val Loss: 1.958e+00 | Time: 4.50s
2025-08-15 02:18:02,460:INFO:Epoch: 900/10000 | Train Loss: 7.679e-01 | Dynamic Loss: 7.679e-01 | Regularization Loss: 5.158e-07 | Val Loss: 1.740e+00 | Time: 4.37s
2025-08-15 02:18:02,460:INFO:New best model found at epoch 900 with validation loss 1.740e+00. Saving...
2025-08-15 02:18:11,278:INFO:Epoch: 950/10000 | Train Loss: 7.320e-01 | Dynamic Loss: 7.320e-01 | Regularization Loss: 5.111e-07 | Val Loss: 1.597e+00 | Time: 8.81s
2025-08-15 02:18:11,278:INFO:New best model found at epoch 950 with validation loss 1.597e+00. Saving...
2025-08-15 02:18:15,685:INFO:Epoch: 1000/10000 | Train Loss: 8.234e-01 | Dynamic Loss: 8.234e-01 | Regularization Loss: 5.074e-07 | Val Loss: 1.657e+00 | Time: 4.40s
2025-08-15 02:18:20,071:INFO:Epoch: 1050/10000 | Train Loss: 8.349e-01 | Dynamic Loss: 8.349e-01 | Regularization Loss: 5.021e-07 | Val Loss: 1.478e+00 | Time: 4.39s
2025-08-15 02:18:20,071:INFO:New best model found at epoch 1050 with validation loss 1.478e+00. Saving...
2025-08-15 02:18:24,538:INFO:Epoch: 1100/10000 | Train Loss: 6.868e-01 | Dynamic Loss: 6.868e-01 | Regularization Loss: 5.005e-07 | Val Loss: 1.385e+00 | Time: 4.46s
2025-08-15 02:18:24,538:INFO:New best model found at epoch 1100 with validation loss 1.385e+00. Saving...
2025-08-15 02:18:28,967:INFO:Epoch: 1150/10000 | Train Loss: 6.706e-01 | Dynamic Loss: 6.706e-01 | Regularization Loss: 4.980e-07 | Val Loss: 1.311e+00 | Time: 4.42s
2025-08-15 02:18:28,967:INFO:New best model found at epoch 1150 with validation loss 1.311e+00. Saving...
2025-08-15 02:18:33,368:INFO:Epoch: 1200/10000 | Train Loss: 6.860e-01 | Dynamic Loss: 6.860e-01 | Regularization Loss: 4.927e-07 | Val Loss: 1.250e+00 | Time: 4.39s
2025-08-15 02:18:33,368:INFO:New best model found at epoch 1200 with validation loss 1.250e+00. Saving...
2025-08-15 02:18:37,784:INFO:Epoch: 1250/10000 | Train Loss: 6.519e-01 | Dynamic Loss: 6.519e-01 | Regularization Loss: 4.877e-07 | Val Loss: 1.206e+00 | Time: 4.41s
2025-08-15 02:18:37,784:INFO:New best model found at epoch 1250 with validation loss 1.206e+00. Saving...
2025-08-15 02:18:42,180:INFO:Epoch: 1300/10000 | Train Loss: 7.058e-01 | Dynamic Loss: 7.058e-01 | Regularization Loss: 4.864e-07 | Val Loss: 1.154e+00 | Time: 4.39s
2025-08-15 02:18:42,180:INFO:New best model found at epoch 1300 with validation loss 1.154e+00. Saving...
2025-08-15 02:18:51,461:INFO:Epoch: 1350/10000 | Train Loss: 7.498e-01 | Dynamic Loss: 7.498e-01 | Regularization Loss: 4.820e-07 | Val Loss: 1.117e+00 | Time: 9.27s
2025-08-15 02:18:51,461:INFO:New best model found at epoch 1350 with validation loss 1.117e+00. Saving...
2025-08-15 02:18:55,929:INFO:Epoch: 1400/10000 | Train Loss: 6.307e-01 | Dynamic Loss: 6.307e-01 | Regularization Loss: 4.773e-07 | Val Loss: 1.037e+00 | Time: 4.46s
2025-08-15 02:18:55,929:INFO:New best model found at epoch 1400 with validation loss 1.037e+00. Saving...
2025-08-15 02:19:00,468:INFO:Epoch: 1450/10000 | Train Loss: 6.402e-01 | Dynamic Loss: 6.402e-01 | Regularization Loss: 4.681e-07 | Val Loss: 1.006e+00 | Time: 4.53s
2025-08-15 02:19:00,469:INFO:New best model found at epoch 1450 with validation loss 1.006e+00. Saving...
2025-08-15 02:19:04,890:INFO:Epoch: 1500/10000 | Train Loss: 6.338e-01 | Dynamic Loss: 6.338e-01 | Regularization Loss: 4.687e-07 | Val Loss: 9.539e-01 | Time: 4.41s
2025-08-15 02:19:04,890:INFO:New best model found at epoch 1500 with validation loss 9.539e-01. Saving...
2025-08-15 02:19:09,338:INFO:Epoch: 1550/10000 | Train Loss: 6.267e-01 | Dynamic Loss: 6.267e-01 | Regularization Loss: 4.667e-07 | Val Loss: 1.008e+00 | Time: 4.44s
2025-08-15 02:19:13,733:INFO:Epoch: 1600/10000 | Train Loss: 6.165e-01 | Dynamic Loss: 6.165e-01 | Regularization Loss: 4.583e-07 | Val Loss: 9.109e-01 | Time: 4.39s
2025-08-15 02:19:13,733:INFO:New best model found at epoch 1600 with validation loss 9.109e-01. Saving...
2025-08-15 02:19:18,191:INFO:Epoch: 1650/10000 | Train Loss: 6.324e-01 | Dynamic Loss: 6.324e-01 | Regularization Loss: 4.552e-07 | Val Loss: 8.728e-01 | Time: 4.45s
2025-08-15 02:19:18,191:INFO:New best model found at epoch 1650 with validation loss 8.728e-01. Saving...
2025-08-15 02:19:24,754:INFO:Epoch: 1700/10000 | Train Loss: 6.705e-01 | Dynamic Loss: 6.705e-01 | Regularization Loss: 4.484e-07 | Val Loss: 8.896e-01 | Time: 6.55s
2025-08-15 02:19:34,755:INFO:Epoch: 1750/10000 | Train Loss: 6.075e-01 | Dynamic Loss: 6.075e-01 | Regularization Loss: 4.427e-07 | Val Loss: 8.085e-01 | Time: 10.00s
2025-08-15 02:19:34,756:INFO:New best model found at epoch 1750 with validation loss 8.085e-01. Saving...
2025-08-15 02:19:39,278:INFO:Epoch: 1800/10000 | Train Loss: 6.001e-01 | Dynamic Loss: 6.001e-01 | Regularization Loss: 4.392e-07 | Val Loss: 8.321e-01 | Time: 4.51s
2025-08-15 02:19:43,765:INFO:Epoch: 1850/10000 | Train Loss: 6.582e-01 | Dynamic Loss: 6.581e-01 | Regularization Loss: 4.355e-07 | Val Loss: 7.930e-01 | Time: 4.49s
2025-08-15 02:19:43,765:INFO:New best model found at epoch 1850 with validation loss 7.930e-01. Saving...
2025-08-15 02:19:48,281:INFO:Epoch: 1900/10000 | Train Loss: 6.543e-01 | Dynamic Loss: 6.543e-01 | Regularization Loss: 4.292e-07 | Val Loss: 7.451e-01 | Time: 4.51s
2025-08-15 02:19:48,281:INFO:New best model found at epoch 1900 with validation loss 7.451e-01. Saving...
2025-08-15 02:19:52,783:INFO:Epoch: 1950/10000 | Train Loss: 6.450e-01 | Dynamic Loss: 6.450e-01 | Regularization Loss: 4.280e-07 | Val Loss: 7.466e-01 | Time: 4.49s
2025-08-15 02:19:57,285:INFO:Epoch: 2000/10000 | Train Loss: 6.046e-01 | Dynamic Loss: 6.046e-01 | Regularization Loss: 4.235e-07 | Val Loss: 7.089e-01 | Time: 4.50s
2025-08-15 02:19:57,285:INFO:New best model found at epoch 2000 with validation loss 7.089e-01. Saving...
2025-08-15 02:20:03,136:INFO:Epoch: 2050/10000 | Train Loss: 5.729e-01 | Dynamic Loss: 5.729e-01 | Regularization Loss: 4.192e-07 | Val Loss: 7.017e-01 | Time: 5.84s
2025-08-15 02:20:03,136:INFO:New best model found at epoch 2050 with validation loss 7.017e-01. Saving...
2025-08-15 02:20:13,345:INFO:Epoch: 2100/10000 | Train Loss: 6.203e-01 | Dynamic Loss: 6.203e-01 | Regularization Loss: 4.114e-07 | Val Loss: 6.684e-01 | Time: 10.20s
2025-08-15 02:20:13,345:INFO:New best model found at epoch 2100 with validation loss 6.684e-01. Saving...
2025-08-15 02:20:17,804:INFO:Epoch: 2150/10000 | Train Loss: 5.995e-01 | Dynamic Loss: 5.995e-01 | Regularization Loss: 4.058e-07 | Val Loss: 6.909e-01 | Time: 4.45s
2025-08-15 02:20:22,348:INFO:Epoch: 2200/10000 | Train Loss: 5.823e-01 | Dynamic Loss: 5.823e-01 | Regularization Loss: 4.009e-07 | Val Loss: 7.115e-01 | Time: 4.54s
2025-08-15 02:20:26,876:INFO:Epoch: 2250/10000 | Train Loss: 6.231e-01 | Dynamic Loss: 6.231e-01 | Regularization Loss: 4.017e-07 | Val Loss: 6.324e-01 | Time: 4.53s
2025-08-15 02:20:26,876:INFO:New best model found at epoch 2250 with validation loss 6.324e-01. Saving...
2025-08-15 02:20:31,356:INFO:Epoch: 2300/10000 | Train Loss: 6.068e-01 | Dynamic Loss: 6.068e-01 | Regularization Loss: 4.084e-07 | Val Loss: 6.848e-01 | Time: 4.47s
2025-08-15 02:20:35,774:INFO:Epoch: 2350/10000 | Train Loss: 5.809e-01 | Dynamic Loss: 5.809e-01 | Regularization Loss: 4.052e-07 | Val Loss: 6.320e-01 | Time: 4.42s
2025-08-15 02:20:35,774:INFO:New best model found at epoch 2350 with validation loss 6.320e-01. Saving...
2025-08-15 02:20:40,322:INFO:Epoch: 2400/10000 | Train Loss: 5.811e-01 | Dynamic Loss: 5.811e-01 | Regularization Loss: 3.825e-07 | Val Loss: 6.392e-01 | Time: 4.54s
2025-08-15 02:20:49,489:INFO:Epoch: 2450/10000 | Train Loss: 5.824e-01 | Dynamic Loss: 5.824e-01 | Regularization Loss: 3.834e-07 | Val Loss: 5.940e-01 | Time: 9.17s
2025-08-15 02:20:49,489:INFO:New best model found at epoch 2450 with validation loss 5.940e-01. Saving...
2025-08-15 02:20:53,991:INFO:Epoch: 2500/10000 | Train Loss: 6.069e-01 | Dynamic Loss: 6.069e-01 | Regularization Loss: 3.834e-07 | Val Loss: 5.879e-01 | Time: 4.49s
2025-08-15 02:20:53,991:INFO:New best model found at epoch 2500 with validation loss 5.879e-01. Saving...
2025-08-15 02:20:58,573:INFO:Epoch: 2550/10000 | Train Loss: 5.566e-01 | Dynamic Loss: 5.566e-01 | Regularization Loss: 3.752e-07 | Val Loss: 5.951e-01 | Time: 4.57s
2025-08-15 02:21:03,101:INFO:Epoch: 2600/10000 | Train Loss: 5.744e-01 | Dynamic Loss: 5.744e-01 | Regularization Loss: 3.792e-07 | Val Loss: 5.928e-01 | Time: 4.53s
2025-08-15 02:21:07,675:INFO:Epoch: 2650/10000 | Train Loss: 5.859e-01 | Dynamic Loss: 5.859e-01 | Regularization Loss: 3.721e-07 | Val Loss: 5.633e-01 | Time: 4.57s
2025-08-15 02:21:07,675:INFO:New best model found at epoch 2650 with validation loss 5.633e-01. Saving...
2025-08-15 02:21:12,218:INFO:Epoch: 2700/10000 | Train Loss: 5.736e-01 | Dynamic Loss: 5.736e-01 | Regularization Loss: 3.633e-07 | Val Loss: 5.535e-01 | Time: 4.53s
2025-08-15 02:21:12,218:INFO:New best model found at epoch 2700 with validation loss 5.535e-01. Saving...
2025-08-15 02:21:16,636:INFO:Epoch: 2750/10000 | Train Loss: 5.566e-01 | Dynamic Loss: 5.566e-01 | Regularization Loss: 3.629e-07 | Val Loss: 5.866e-01 | Time: 4.41s
2025-08-15 02:21:22,899:INFO:Epoch: 2800/10000 | Train Loss: 5.710e-01 | Dynamic Loss: 5.710e-01 | Regularization Loss: 3.592e-07 | Val Loss: 5.440e-01 | Time: 6.26s
2025-08-15 02:21:22,899:INFO:New best model found at epoch 2800 with validation loss 5.440e-01. Saving...
2025-08-15 02:21:32,349:INFO:Epoch: 2850/10000 | Train Loss: 5.531e-01 | Dynamic Loss: 5.531e-01 | Regularization Loss: 3.563e-07 | Val Loss: 5.736e-01 | Time: 9.44s
2025-08-15 02:21:36,853:INFO:Epoch: 2900/10000 | Train Loss: 5.483e-01 | Dynamic Loss: 5.483e-01 | Regularization Loss: 3.561e-07 | Val Loss: 5.824e-01 | Time: 4.50s
2025-08-15 02:21:41,352:INFO:Epoch: 2950/10000 | Train Loss: 5.629e-01 | Dynamic Loss: 5.629e-01 | Regularization Loss: 3.524e-07 | Val Loss: 5.640e-01 | Time: 4.50s
2025-08-15 02:21:45,821:INFO:Epoch: 3000/10000 | Train Loss: 5.561e-01 | Dynamic Loss: 5.561e-01 | Regularization Loss: 3.457e-07 | Val Loss: 5.945e-01 | Time: 4.47s
2025-08-15 02:21:50,353:INFO:Epoch: 3050/10000 | Train Loss: 5.608e-01 | Dynamic Loss: 5.608e-01 | Regularization Loss: 3.464e-07 | Val Loss: 5.382e-01 | Time: 4.53s
2025-08-15 02:21:50,353:INFO:New best model found at epoch 3050 with validation loss 5.382e-01. Saving...
2025-08-15 02:21:54,915:INFO:Epoch: 3100/10000 | Train Loss: 5.510e-01 | Dynamic Loss: 5.510e-01 | Regularization Loss: 3.384e-07 | Val Loss: 5.312e-01 | Time: 4.55s
2025-08-15 02:21:54,915:INFO:New best model found at epoch 3100 with validation loss 5.312e-01. Saving...
2025-08-15 02:21:59,446:INFO:Epoch: 3150/10000 | Train Loss: 5.530e-01 | Dynamic Loss: 5.530e-01 | Regularization Loss: 3.411e-07 | Val Loss: 5.420e-01 | Time: 4.52s
2025-08-15 02:22:08,429:INFO:Epoch: 3200/10000 | Train Loss: 5.534e-01 | Dynamic Loss: 5.534e-01 | Regularization Loss: 3.377e-07 | Val Loss: 5.328e-01 | Time: 8.98s
2025-08-15 02:22:18,624:INFO:Epoch: 3250/10000 | Train Loss: 5.501e-01 | Dynamic Loss: 5.501e-01 | Regularization Loss: 3.263e-07 | Val Loss: 5.245e-01 | Time: 10.19s
2025-08-15 02:22:18,624:INFO:New best model found at epoch 3250 with validation loss 5.245e-01. Saving...
2025-08-15 02:22:23,205:INFO:Epoch: 3300/10000 | Train Loss: 5.522e-01 | Dynamic Loss: 5.522e-01 | Regularization Loss: 3.289e-07 | Val Loss: 5.375e-01 | Time: 4.57s
2025-08-15 02:22:27,745:INFO:Epoch: 3350/10000 | Train Loss: 5.356e-01 | Dynamic Loss: 5.356e-01 | Regularization Loss: 3.229e-07 | Val Loss: 5.322e-01 | Time: 4.54s
2025-08-15 02:22:32,238:INFO:Epoch: 3400/10000 | Train Loss: 5.440e-01 | Dynamic Loss: 5.440e-01 | Regularization Loss: 3.242e-07 | Val Loss: 5.320e-01 | Time: 4.49s
2025-08-15 02:22:36,774:INFO:Epoch: 3450/10000 | Train Loss: 5.326e-01 | Dynamic Loss: 5.326e-01 | Regularization Loss: 3.210e-07 | Val Loss: 5.291e-01 | Time: 4.54s
2025-08-15 02:22:41,245:INFO:Epoch: 3500/10000 | Train Loss: 5.354e-01 | Dynamic Loss: 5.354e-01 | Regularization Loss: 3.167e-07 | Val Loss: 5.181e-01 | Time: 4.47s
2025-08-15 02:22:41,245:INFO:New best model found at epoch 3500 with validation loss 5.181e-01. Saving...
2025-08-15 02:22:48,767:INFO:Epoch: 3550/10000 | Train Loss: 5.410e-01 | Dynamic Loss: 5.410e-01 | Regularization Loss: 3.132e-07 | Val Loss: 5.182e-01 | Time: 7.51s
2025-08-15 02:22:59,161:INFO:Epoch: 3600/10000 | Train Loss: 5.318e-01 | Dynamic Loss: 5.318e-01 | Regularization Loss: 3.108e-07 | Val Loss: 5.296e-01 | Time: 10.39s
2025-08-15 02:23:03,723:INFO:Epoch: 3650/10000 | Train Loss: 5.276e-01 | Dynamic Loss: 5.276e-01 | Regularization Loss: 3.042e-07 | Val Loss: 5.184e-01 | Time: 4.56s
2025-08-15 02:23:08,305:INFO:Epoch: 3700/10000 | Train Loss: 5.310e-01 | Dynamic Loss: 5.310e-01 | Regularization Loss: 2.987e-07 | Val Loss: 5.139e-01 | Time: 4.58s
2025-08-15 02:23:08,305:INFO:New best model found at epoch 3700 with validation loss 5.139e-01. Saving...
2025-08-15 02:23:12,919:INFO:Epoch: 3750/10000 | Train Loss: 5.222e-01 | Dynamic Loss: 5.222e-01 | Regularization Loss: 3.000e-07 | Val Loss: 5.258e-01 | Time: 4.60s
2025-08-15 02:23:17,467:INFO:Epoch: 3800/10000 | Train Loss: 5.270e-01 | Dynamic Loss: 5.270e-01 | Regularization Loss: 2.952e-07 | Val Loss: 5.152e-01 | Time: 4.55s
2025-08-15 02:23:22,026:INFO:Epoch: 3850/10000 | Train Loss: 5.344e-01 | Dynamic Loss: 5.344e-01 | Regularization Loss: 2.992e-07 | Val Loss: 5.166e-01 | Time: 4.56s
2025-08-15 02:23:27,390:INFO:Epoch: 3900/10000 | Train Loss: 5.267e-01 | Dynamic Loss: 5.267e-01 | Regularization Loss: 2.888e-07 | Val Loss: 5.157e-01 | Time: 5.36s
2025-08-15 02:23:37,366:INFO:Epoch: 3950/10000 | Train Loss: 5.290e-01 | Dynamic Loss: 5.290e-01 | Regularization Loss: 2.900e-07 | Val Loss: 5.155e-01 | Time: 9.98s
2025-08-15 02:23:41,907:INFO:Epoch: 4000/10000 | Train Loss: 5.199e-01 | Dynamic Loss: 5.199e-01 | Regularization Loss: 2.878e-07 | Val Loss: 5.107e-01 | Time: 4.54s
2025-08-15 02:23:41,907:INFO:New best model found at epoch 4000 with validation loss 5.107e-01. Saving...
2025-08-15 02:23:46,465:INFO:Epoch: 4050/10000 | Train Loss: 5.214e-01 | Dynamic Loss: 5.214e-01 | Regularization Loss: 2.862e-07 | Val Loss: 5.126e-01 | Time: 4.55s
2025-08-15 02:23:50,958:INFO:Epoch: 4100/10000 | Train Loss: 5.205e-01 | Dynamic Loss: 5.205e-01 | Regularization Loss: 2.837e-07 | Val Loss: 5.108e-01 | Time: 4.49s
2025-08-15 02:23:55,739:INFO:Epoch: 4150/10000 | Train Loss: 5.213e-01 | Dynamic Loss: 5.213e-01 | Regularization Loss: 2.822e-07 | Val Loss: 5.172e-01 | Time: 4.78s
2025-08-15 02:24:00,189:INFO:Epoch: 4200/10000 | Train Loss: 5.195e-01 | Dynamic Loss: 5.195e-01 | Regularization Loss: 2.766e-07 | Val Loss: 5.108e-01 | Time: 4.45s
2025-08-15 02:24:04,631:INFO:Epoch: 4250/10000 | Train Loss: 5.193e-01 | Dynamic Loss: 5.193e-01 | Regularization Loss: 2.782e-07 | Val Loss: 5.071e-01 | Time: 4.44s
2025-08-15 02:24:04,631:INFO:New best model found at epoch 4250 with validation loss 5.071e-01. Saving...
2025-08-15 02:24:09,894:INFO:Epoch: 4300/10000 | Train Loss: 5.155e-01 | Dynamic Loss: 5.155e-01 | Regularization Loss: 2.717e-07 | Val Loss: 5.064e-01 | Time: 5.25s
2025-08-15 02:24:09,894:INFO:New best model found at epoch 4300 with validation loss 5.064e-01. Saving...
2025-08-15 02:24:19,718:INFO:Epoch: 4350/10000 | Train Loss: 5.198e-01 | Dynamic Loss: 5.198e-01 | Regularization Loss: 2.700e-07 | Val Loss: 5.060e-01 | Time: 9.81s
2025-08-15 02:24:19,718:INFO:New best model found at epoch 4350 with validation loss 5.060e-01. Saving...
2025-08-15 02:24:24,218:INFO:Epoch: 4400/10000 | Train Loss: 5.177e-01 | Dynamic Loss: 5.177e-01 | Regularization Loss: 2.676e-07 | Val Loss: 5.023e-01 | Time: 4.49s
2025-08-15 02:24:24,218:INFO:New best model found at epoch 4400 with validation loss 5.023e-01. Saving...
2025-08-15 02:24:28,763:INFO:Epoch: 4450/10000 | Train Loss: 5.133e-01 | Dynamic Loss: 5.133e-01 | Regularization Loss: 2.665e-07 | Val Loss: 5.094e-01 | Time: 4.53s
2025-08-15 02:24:33,220:INFO:Epoch: 4500/10000 | Train Loss: 5.174e-01 | Dynamic Loss: 5.174e-01 | Regularization Loss: 2.659e-07 | Val Loss: 5.056e-01 | Time: 4.46s
2025-08-15 02:24:37,851:INFO:Epoch: 4550/10000 | Train Loss: 5.116e-01 | Dynamic Loss: 5.116e-01 | Regularization Loss: 2.611e-07 | Val Loss: 5.046e-01 | Time: 4.63s
2025-08-15 02:24:42,387:INFO:Epoch: 4600/10000 | Train Loss: 5.124e-01 | Dynamic Loss: 5.124e-01 | Regularization Loss: 2.589e-07 | Val Loss: 5.021e-01 | Time: 4.54s
2025-08-15 02:24:42,387:INFO:New best model found at epoch 4600 with validation loss 5.021e-01. Saving...
2025-08-15 02:24:46,861:INFO:Epoch: 4650/10000 | Train Loss: 5.176e-01 | Dynamic Loss: 5.176e-01 | Regularization Loss: 2.597e-07 | Val Loss: 5.079e-01 | Time: 4.46s
2025-08-15 02:24:52,966:INFO:Epoch: 4700/10000 | Train Loss: 5.119e-01 | Dynamic Loss: 5.119e-01 | Regularization Loss: 2.564e-07 | Val Loss: 5.026e-01 | Time: 6.11s
2025-08-15 02:25:03,102:INFO:Epoch: 4750/10000 | Train Loss: 5.106e-01 | Dynamic Loss: 5.106e-01 | Regularization Loss: 2.531e-07 | Val Loss: 4.986e-01 | Time: 10.14s
2025-08-15 02:25:03,102:INFO:New best model found at epoch 4750 with validation loss 4.986e-01. Saving...
2025-08-15 02:25:07,704:INFO:Epoch: 4800/10000 | Train Loss: 5.101e-01 | Dynamic Loss: 5.101e-01 | Regularization Loss: 2.523e-07 | Val Loss: 4.991e-01 | Time: 4.59s
2025-08-15 02:25:12,276:INFO:Epoch: 4850/10000 | Train Loss: 5.084e-01 | Dynamic Loss: 5.084e-01 | Regularization Loss: 2.506e-07 | Val Loss: 5.001e-01 | Time: 4.57s
2025-08-15 02:25:16,772:INFO:Epoch: 4900/10000 | Train Loss: 5.099e-01 | Dynamic Loss: 5.099e-01 | Regularization Loss: 2.475e-07 | Val Loss: 4.962e-01 | Time: 4.50s
2025-08-15 02:25:16,772:INFO:New best model found at epoch 4900 with validation loss 4.962e-01. Saving...
2025-08-15 02:25:21,315:INFO:Epoch: 4950/10000 | Train Loss: 5.085e-01 | Dynamic Loss: 5.085e-01 | Regularization Loss: 2.476e-07 | Val Loss: 4.965e-01 | Time: 4.53s
2025-08-15 02:25:25,820:INFO:Epoch: 5000/10000 | Train Loss: 5.037e-01 | Dynamic Loss: 5.037e-01 | Regularization Loss: 2.451e-07 | Val Loss: 4.971e-01 | Time: 4.50s
2025-08-15 02:25:30,347:INFO:Epoch: 5050/10000 | Train Loss: 5.065e-01 | Dynamic Loss: 5.065e-01 | Regularization Loss: 2.432e-07 | Val Loss: 4.961e-01 | Time: 4.53s
2025-08-15 02:25:30,348:INFO:New best model found at epoch 5050 with validation loss 4.961e-01. Saving...
2025-08-15 02:25:39,239:INFO:Epoch: 5100/10000 | Train Loss: 5.042e-01 | Dynamic Loss: 5.042e-01 | Regularization Loss: 2.417e-07 | Val Loss: 4.972e-01 | Time: 8.88s
2025-08-15 02:25:43,759:INFO:Epoch: 5150/10000 | Train Loss: 5.069e-01 | Dynamic Loss: 5.069e-01 | Regularization Loss: 2.400e-07 | Val Loss: 4.957e-01 | Time: 4.52s
2025-08-15 02:25:43,759:INFO:New best model found at epoch 5150 with validation loss 4.957e-01. Saving...
2025-08-15 02:25:48,276:INFO:Epoch: 5200/10000 | Train Loss: 5.020e-01 | Dynamic Loss: 5.020e-01 | Regularization Loss: 2.376e-07 | Val Loss: 4.930e-01 | Time: 4.51s
2025-08-15 02:25:48,276:INFO:New best model found at epoch 5200 with validation loss 4.930e-01. Saving...
2025-08-15 02:25:52,956:INFO:Epoch: 5250/10000 | Train Loss: 5.073e-01 | Dynamic Loss: 5.073e-01 | Regularization Loss: 2.373e-07 | Val Loss: 4.952e-01 | Time: 4.67s
2025-08-15 02:25:57,530:INFO:Epoch: 5300/10000 | Train Loss: 5.038e-01 | Dynamic Loss: 5.038e-01 | Regularization Loss: 2.352e-07 | Val Loss: 4.936e-01 | Time: 4.57s
2025-08-15 02:26:02,171:INFO:Epoch: 5350/10000 | Train Loss: 5.040e-01 | Dynamic Loss: 5.040e-01 | Regularization Loss: 2.342e-07 | Val Loss: 5.015e-01 | Time: 4.64s
2025-08-15 02:26:06,636:INFO:Epoch: 5400/10000 | Train Loss: 5.057e-01 | Dynamic Loss: 5.057e-01 | Regularization Loss: 2.302e-07 | Val Loss: 4.965e-01 | Time: 4.47s
2025-08-15 02:26:11,559:INFO:Epoch: 5450/10000 | Train Loss: 5.044e-01 | Dynamic Loss: 5.044e-01 | Regularization Loss: 2.320e-07 | Val Loss: 4.975e-01 | Time: 4.92s
2025-08-15 02:26:20,339:INFO:Epoch: 5500/10000 | Train Loss: 5.037e-01 | Dynamic Loss: 5.037e-01 | Regularization Loss: 2.283e-07 | Val Loss: 4.957e-01 | Time: 8.78s
2025-08-15 02:26:24,876:INFO:Epoch: 5550/10000 | Train Loss: 5.005e-01 | Dynamic Loss: 5.005e-01 | Regularization Loss: 2.255e-07 | Val Loss: 4.910e-01 | Time: 4.54s
2025-08-15 02:26:24,876:INFO:New best model found at epoch 5550 with validation loss 4.910e-01. Saving...
2025-08-15 02:26:29,355:INFO:Epoch: 5600/10000 | Train Loss: 5.053e-01 | Dynamic Loss: 5.053e-01 | Regularization Loss: 2.275e-07 | Val Loss: 4.932e-01 | Time: 4.47s
2025-08-15 02:26:33,900:INFO:Epoch: 5650/10000 | Train Loss: 5.000e-01 | Dynamic Loss: 5.000e-01 | Regularization Loss: 2.244e-07 | Val Loss: 4.934e-01 | Time: 4.55s
2025-08-15 02:26:38,436:INFO:Epoch: 5700/10000 | Train Loss: 5.010e-01 | Dynamic Loss: 5.010e-01 | Regularization Loss: 2.238e-07 | Val Loss: 4.944e-01 | Time: 4.54s
2025-08-15 02:26:42,845:INFO:Epoch: 5750/10000 | Train Loss: 5.013e-01 | Dynamic Loss: 5.013e-01 | Regularization Loss: 2.222e-07 | Val Loss: 4.894e-01 | Time: 4.41s
2025-08-15 02:26:42,845:INFO:New best model found at epoch 5750 with validation loss 4.894e-01. Saving...
2025-08-15 02:26:47,416:INFO:Epoch: 5800/10000 | Train Loss: 4.997e-01 | Dynamic Loss: 4.997e-01 | Regularization Loss: 2.213e-07 | Val Loss: 4.916e-01 | Time: 4.56s
2025-08-15 02:26:54,010:INFO:Epoch: 5850/10000 | Train Loss: 4.991e-01 | Dynamic Loss: 4.991e-01 | Regularization Loss: 2.207e-07 | Val Loss: 4.967e-01 | Time: 6.59s
2025-08-15 02:27:00,829:INFO:Epoch: 5900/10000 | Train Loss: 4.979e-01 | Dynamic Loss: 4.979e-01 | Regularization Loss: 2.145e-07 | Val Loss: 4.866e-01 | Time: 6.82s
2025-08-15 02:27:00,829:INFO:New best model found at epoch 5900 with validation loss 4.866e-01. Saving...
2025-08-15 02:27:05,311:INFO:Epoch: 5950/10000 | Train Loss: 5.025e-01 | Dynamic Loss: 5.025e-01 | Regularization Loss: 2.167e-07 | Val Loss: 4.939e-01 | Time: 4.47s
2025-08-15 02:27:09,880:INFO:Epoch: 6000/10000 | Train Loss: 4.969e-01 | Dynamic Loss: 4.969e-01 | Regularization Loss: 2.125e-07 | Val Loss: 4.887e-01 | Time: 4.57s
2025-08-15 02:27:14,434:INFO:Epoch: 6050/10000 | Train Loss: 4.984e-01 | Dynamic Loss: 4.984e-01 | Regularization Loss: 2.113e-07 | Val Loss: 4.863e-01 | Time: 4.55s
2025-08-15 02:27:14,434:INFO:New best model found at epoch 6050 with validation loss 4.863e-01. Saving...
2025-08-15 02:27:18,998:INFO:Epoch: 6100/10000 | Train Loss: 4.955e-01 | Dynamic Loss: 4.955e-01 | Regularization Loss: 2.105e-07 | Val Loss: 4.902e-01 | Time: 4.56s
2025-08-15 02:27:23,501:INFO:Epoch: 6150/10000 | Train Loss: 4.936e-01 | Dynamic Loss: 4.936e-01 | Regularization Loss: 2.102e-07 | Val Loss: 4.892e-01 | Time: 4.50s
2025-08-15 02:27:32,043:INFO:Epoch: 6200/10000 | Train Loss: 4.956e-01 | Dynamic Loss: 4.956e-01 | Regularization Loss: 2.065e-07 | Val Loss: 4.865e-01 | Time: 8.54s
2025-08-15 02:27:42,115:INFO:Epoch: 6250/10000 | Train Loss: 4.988e-01 | Dynamic Loss: 4.988e-01 | Regularization Loss: 2.070e-07 | Val Loss: 4.864e-01 | Time: 10.07s
2025-08-15 02:27:47,477:INFO:Epoch: 6300/10000 | Train Loss: 4.922e-01 | Dynamic Loss: 4.922e-01 | Regularization Loss: 2.048e-07 | Val Loss: 4.875e-01 | Time: 5.36s
2025-08-15 02:27:51,946:INFO:Epoch: 6350/10000 | Train Loss: 4.933e-01 | Dynamic Loss: 4.933e-01 | Regularization Loss: 2.062e-07 | Val Loss: 4.884e-01 | Time: 4.47s
2025-08-15 02:27:56,457:INFO:Epoch: 6400/10000 | Train Loss: 4.918e-01 | Dynamic Loss: 4.918e-01 | Regularization Loss: 2.034e-07 | Val Loss: 4.854e-01 | Time: 4.51s
2025-08-15 02:27:56,457:INFO:New best model found at epoch 6400 with validation loss 4.854e-01. Saving...
2025-08-15 02:28:00,924:INFO:Epoch: 6450/10000 | Train Loss: 4.930e-01 | Dynamic Loss: 4.930e-01 | Regularization Loss: 1.980e-07 | Val Loss: 4.812e-01 | Time: 4.46s
2025-08-15 02:28:00,924:INFO:New best model found at epoch 6450 with validation loss 4.812e-01. Saving...
2025-08-15 02:28:05,501:INFO:Epoch: 6500/10000 | Train Loss: 4.904e-01 | Dynamic Loss: 4.904e-01 | Regularization Loss: 1.972e-07 | Val Loss: 4.841e-01 | Time: 4.57s
2025-08-15 02:28:11,529:INFO:Epoch: 6550/10000 | Train Loss: 4.917e-01 | Dynamic Loss: 4.917e-01 | Regularization Loss: 1.976e-07 | Val Loss: 4.825e-01 | Time: 6.03s
2025-08-15 02:28:21,466:INFO:Epoch: 6600/10000 | Train Loss: 4.871e-01 | Dynamic Loss: 4.871e-01 | Regularization Loss: 1.958e-07 | Val Loss: 4.821e-01 | Time: 9.94s
2025-08-15 02:28:26,011:INFO:Epoch: 6650/10000 | Train Loss: 4.858e-01 | Dynamic Loss: 4.858e-01 | Regularization Loss: 1.943e-07 | Val Loss: 4.830e-01 | Time: 4.54s
2025-08-15 02:28:30,562:INFO:Epoch: 6700/10000 | Train Loss: 4.862e-01 | Dynamic Loss: 4.862e-01 | Regularization Loss: 1.929e-07 | Val Loss: 4.815e-01 | Time: 4.55s
2025-08-15 02:28:35,103:INFO:Epoch: 6750/10000 | Train Loss: 4.868e-01 | Dynamic Loss: 4.868e-01 | Regularization Loss: 1.906e-07 | Val Loss: 4.794e-01 | Time: 4.54s
2025-08-15 02:28:35,104:INFO:New best model found at epoch 6750 with validation loss 4.794e-01. Saving...
2025-08-15 02:28:39,725:INFO:Epoch: 6800/10000 | Train Loss: 4.842e-01 | Dynamic Loss: 4.842e-01 | Regularization Loss: 1.907e-07 | Val Loss: 4.787e-01 | Time: 4.61s
2025-08-15 02:28:39,725:INFO:New best model found at epoch 6800 with validation loss 4.787e-01. Saving...
2025-08-15 02:28:44,312:INFO:Epoch: 6850/10000 | Train Loss: 4.841e-01 | Dynamic Loss: 4.841e-01 | Regularization Loss: 1.885e-07 | Val Loss: 4.762e-01 | Time: 4.58s
2025-08-15 02:28:44,312:INFO:New best model found at epoch 6850 with validation loss 4.762e-01. Saving...
2025-08-15 02:28:48,905:INFO:Epoch: 6900/10000 | Train Loss: 4.829e-01 | Dynamic Loss: 4.829e-01 | Regularization Loss: 1.878e-07 | Val Loss: 4.742e-01 | Time: 4.58s
2025-08-15 02:28:48,905:INFO:New best model found at epoch 6900 with validation loss 4.742e-01. Saving...
2025-08-15 02:28:58,600:INFO:Epoch: 6950/10000 | Train Loss: 4.859e-01 | Dynamic Loss: 4.859e-01 | Regularization Loss: 1.873e-07 | Val Loss: 4.732e-01 | Time: 9.69s
2025-08-15 02:28:58,600:INFO:New best model found at epoch 6950 with validation loss 4.732e-01. Saving...
2025-08-15 02:29:03,132:INFO:Epoch: 7000/10000 | Train Loss: 4.813e-01 | Dynamic Loss: 4.813e-01 | Regularization Loss: 1.849e-07 | Val Loss: 4.741e-01 | Time: 4.52s
2025-08-15 02:29:07,662:INFO:Epoch: 7050/10000 | Train Loss: 4.808e-01 | Dynamic Loss: 4.808e-01 | Regularization Loss: 1.824e-07 | Val Loss: 4.735e-01 | Time: 4.53s
2025-08-15 02:29:12,210:INFO:Epoch: 7100/10000 | Train Loss: 4.848e-01 | Dynamic Loss: 4.848e-01 | Regularization Loss: 1.841e-07 | Val Loss: 4.746e-01 | Time: 4.55s
2025-08-15 02:29:16,868:INFO:Epoch: 7150/10000 | Train Loss: 4.802e-01 | Dynamic Loss: 4.802e-01 | Regularization Loss: 1.830e-07 | Val Loss: 4.733e-01 | Time: 4.66s
2025-08-15 02:29:21,577:INFO:Epoch: 7200/10000 | Train Loss: 4.796e-01 | Dynamic Loss: 4.796e-01 | Regularization Loss: 1.798e-07 | Val Loss: 4.715e-01 | Time: 4.71s
2025-08-15 02:29:21,577:INFO:New best model found at epoch 7200 with validation loss 4.715e-01. Saving...
2025-08-15 02:29:26,197:INFO:Epoch: 7250/10000 | Train Loss: 4.787e-01 | Dynamic Loss: 4.787e-01 | Regularization Loss: 1.793e-07 | Val Loss: 4.717e-01 | Time: 4.61s
2025-08-15 02:29:31,077:INFO:Epoch: 7300/10000 | Train Loss: 4.783e-01 | Dynamic Loss: 4.783e-01 | Regularization Loss: 1.805e-07 | Val Loss: 4.703e-01 | Time: 4.88s
2025-08-15 02:29:31,077:INFO:New best model found at epoch 7300 with validation loss 4.703e-01. Saving...
2025-08-15 02:29:41,178:INFO:Epoch: 7350/10000 | Train Loss: 4.774e-01 | Dynamic Loss: 4.774e-01 | Regularization Loss: 1.765e-07 | Val Loss: 4.704e-01 | Time: 10.09s
2025-08-15 02:29:45,781:INFO:Epoch: 7400/10000 | Train Loss: 4.763e-01 | Dynamic Loss: 4.763e-01 | Regularization Loss: 1.767e-07 | Val Loss: 4.698e-01 | Time: 4.60s
2025-08-15 02:29:45,781:INFO:New best model found at epoch 7400 with validation loss 4.698e-01. Saving...
2025-08-15 02:29:50,383:INFO:Epoch: 7450/10000 | Train Loss: 4.745e-01 | Dynamic Loss: 4.745e-01 | Regularization Loss: 1.756e-07 | Val Loss: 4.651e-01 | Time: 4.59s
2025-08-15 02:29:50,383:INFO:New best model found at epoch 7450 with validation loss 4.651e-01. Saving...
2025-08-15 02:29:54,968:INFO:Epoch: 7500/10000 | Train Loss: 4.700e-01 | Dynamic Loss: 4.700e-01 | Regularization Loss: 1.722e-07 | Val Loss: 4.622e-01 | Time: 4.57s
2025-08-15 02:29:54,968:INFO:New best model found at epoch 7500 with validation loss 4.622e-01. Saving...
2025-08-15 02:29:59,555:INFO:Epoch: 7550/10000 | Train Loss: 4.672e-01 | Dynamic Loss: 4.672e-01 | Regularization Loss: 1.708e-07 | Val Loss: 4.613e-01 | Time: 4.58s
2025-08-15 02:29:59,555:INFO:New best model found at epoch 7550 with validation loss 4.613e-01. Saving...
2025-08-15 02:30:04,090:INFO:Epoch: 7600/10000 | Train Loss: 4.670e-01 | Dynamic Loss: 4.670e-01 | Regularization Loss: 1.689e-07 | Val Loss: 4.607e-01 | Time: 4.53s
2025-08-15 02:30:04,090:INFO:New best model found at epoch 7600 with validation loss 4.607e-01. Saving...
2025-08-15 02:30:08,689:INFO:Epoch: 7650/10000 | Train Loss: 4.636e-01 | Dynamic Loss: 4.636e-01 | Regularization Loss: 1.674e-07 | Val Loss: 4.601e-01 | Time: 4.59s
2025-08-15 02:30:08,689:INFO:New best model found at epoch 7650 with validation loss 4.601e-01. Saving...
2025-08-15 02:30:18,727:INFO:Epoch: 7700/10000 | Train Loss: 4.634e-01 | Dynamic Loss: 4.634e-01 | Regularization Loss: 1.634e-07 | Val Loss: 4.594e-01 | Time: 10.03s
2025-08-15 02:30:18,727:INFO:New best model found at epoch 7700 with validation loss 4.594e-01. Saving...
2025-08-15 02:30:23,362:INFO:Epoch: 7750/10000 | Train Loss: 4.612e-01 | Dynamic Loss: 4.612e-01 | Regularization Loss: 1.607e-07 | Val Loss: 4.586e-01 | Time: 4.62s
2025-08-15 02:30:23,362:INFO:New best model found at epoch 7750 with validation loss 4.586e-01. Saving...
2025-08-15 02:30:27,967:INFO:Epoch: 7800/10000 | Train Loss: 4.603e-01 | Dynamic Loss: 4.603e-01 | Regularization Loss: 1.584e-07 | Val Loss: 4.583e-01 | Time: 4.60s
2025-08-15 02:30:27,967:INFO:New best model found at epoch 7800 with validation loss 4.583e-01. Saving...
2025-08-15 02:30:32,594:INFO:Epoch: 7850/10000 | Train Loss: 4.582e-01 | Dynamic Loss: 4.582e-01 | Regularization Loss: 1.596e-07 | Val Loss: 4.569e-01 | Time: 4.62s
2025-08-15 02:30:32,595:INFO:New best model found at epoch 7850 with validation loss 4.569e-01. Saving...
2025-08-15 02:30:37,238:INFO:Epoch: 7900/10000 | Train Loss: 4.582e-01 | Dynamic Loss: 4.582e-01 | Regularization Loss: 1.561e-07 | Val Loss: 4.560e-01 | Time: 4.63s
2025-08-15 02:30:37,238:INFO:New best model found at epoch 7900 with validation loss 4.560e-01. Saving...
2025-08-15 02:30:41,794:INFO:Epoch: 7950/10000 | Train Loss: 4.580e-01 | Dynamic Loss: 4.580e-01 | Regularization Loss: 1.571e-07 | Val Loss: 4.559e-01 | Time: 4.55s
2025-08-15 02:30:41,794:INFO:New best model found at epoch 7950 with validation loss 4.559e-01. Saving...
2025-08-15 02:30:46,532:INFO:Epoch: 8000/10000 | Train Loss: 4.556e-01 | Dynamic Loss: 4.556e-01 | Regularization Loss: 1.527e-07 | Val Loss: 4.548e-01 | Time: 4.73s
2025-08-15 02:30:46,532:INFO:New best model found at epoch 8000 with validation loss 4.548e-01. Saving...
2025-08-15 02:30:52,119:INFO:Epoch: 8050/10000 | Train Loss: 4.552e-01 | Dynamic Loss: 4.552e-01 | Regularization Loss: 1.542e-07 | Val Loss: 4.545e-01 | Time: 5.58s
2025-08-15 02:30:52,120:INFO:New best model found at epoch 8050 with validation loss 4.545e-01. Saving...
2025-08-15 02:31:02,336:INFO:Epoch: 8100/10000 | Train Loss: 4.547e-01 | Dynamic Loss: 4.547e-01 | Regularization Loss: 1.516e-07 | Val Loss: 4.551e-01 | Time: 10.21s
2025-08-15 02:31:06,915:INFO:Epoch: 8150/10000 | Train Loss: 4.516e-01 | Dynamic Loss: 4.516e-01 | Regularization Loss: 1.512e-07 | Val Loss: 4.530e-01 | Time: 4.58s
2025-08-15 02:31:06,915:INFO:New best model found at epoch 8150 with validation loss 4.530e-01. Saving...
2025-08-15 02:31:11,455:INFO:Epoch: 8200/10000 | Train Loss: 4.517e-01 | Dynamic Loss: 4.517e-01 | Regularization Loss: 1.475e-07 | Val Loss: 4.532e-01 | Time: 4.53s
2025-08-15 02:31:15,943:INFO:Epoch: 8250/10000 | Train Loss: 4.508e-01 | Dynamic Loss: 4.508e-01 | Regularization Loss: 1.470e-07 | Val Loss: 4.529e-01 | Time: 4.49s
2025-08-15 02:31:15,944:INFO:New best model found at epoch 8250 with validation loss 4.529e-01. Saving...
2025-08-15 02:31:20,465:INFO:Epoch: 8300/10000 | Train Loss: 4.502e-01 | Dynamic Loss: 4.502e-01 | Regularization Loss: 1.467e-07 | Val Loss: 4.518e-01 | Time: 4.51s
2025-08-15 02:31:20,465:INFO:New best model found at epoch 8300 with validation loss 4.518e-01. Saving...
2025-08-15 02:31:24,995:INFO:Epoch: 8350/10000 | Train Loss: 4.504e-01 | Dynamic Loss: 4.504e-01 | Regularization Loss: 1.446e-07 | Val Loss: 4.515e-01 | Time: 4.52s
2025-08-15 02:31:24,995:INFO:New best model found at epoch 8350 with validation loss 4.515e-01. Saving...
2025-08-15 02:31:29,599:INFO:Epoch: 8400/10000 | Train Loss: 4.484e-01 | Dynamic Loss: 4.484e-01 | Regularization Loss: 1.440e-07 | Val Loss: 4.509e-01 | Time: 4.59s
2025-08-15 02:31:29,599:INFO:New best model found at epoch 8400 with validation loss 4.509e-01. Saving...
2025-08-15 02:31:36,839:INFO:Epoch: 8450/10000 | Train Loss: 4.490e-01 | Dynamic Loss: 4.490e-01 | Regularization Loss: 1.432e-07 | Val Loss: 4.503e-01 | Time: 7.23s
2025-08-15 02:31:36,839:INFO:New best model found at epoch 8450 with validation loss 4.503e-01. Saving...
2025-08-15 02:31:42,788:INFO:Epoch: 8500/10000 | Train Loss: 4.498e-01 | Dynamic Loss: 4.498e-01 | Regularization Loss: 1.419e-07 | Val Loss: 4.501e-01 | Time: 5.94s
2025-08-15 02:31:42,788:INFO:New best model found at epoch 8500 with validation loss 4.501e-01. Saving...
2025-08-15 02:31:47,275:INFO:Epoch: 8550/10000 | Train Loss: 4.485e-01 | Dynamic Loss: 4.485e-01 | Regularization Loss: 1.414e-07 | Val Loss: 4.503e-01 | Time: 4.48s
2025-08-15 02:31:51,770:INFO:Epoch: 8600/10000 | Train Loss: 4.464e-01 | Dynamic Loss: 4.464e-01 | Regularization Loss: 1.393e-07 | Val Loss: 4.495e-01 | Time: 4.49s
2025-08-15 02:31:51,770:INFO:New best model found at epoch 8600 with validation loss 4.495e-01. Saving...
2025-08-15 02:31:56,236:INFO:Epoch: 8650/10000 | Train Loss: 4.478e-01 | Dynamic Loss: 4.478e-01 | Regularization Loss: 1.394e-07 | Val Loss: 4.488e-01 | Time: 4.46s
2025-08-15 02:31:56,236:INFO:New best model found at epoch 8650 with validation loss 4.488e-01. Saving...
2025-08-15 02:32:00,752:INFO:Epoch: 8700/10000 | Train Loss: 4.461e-01 | Dynamic Loss: 4.461e-01 | Regularization Loss: 1.374e-07 | Val Loss: 4.487e-01 | Time: 4.51s
2025-08-15 02:32:00,752:INFO:New best model found at epoch 8700 with validation loss 4.487e-01. Saving...
2025-08-15 02:32:05,176:INFO:Epoch: 8750/10000 | Train Loss: 4.465e-01 | Dynamic Loss: 4.465e-01 | Regularization Loss: 1.369e-07 | Val Loss: 4.483e-01 | Time: 4.42s
2025-08-15 02:32:05,176:INFO:New best model found at epoch 8750 with validation loss 4.483e-01. Saving...
2025-08-15 02:32:12,683:INFO:Epoch: 8800/10000 | Train Loss: 4.448e-01 | Dynamic Loss: 4.448e-01 | Regularization Loss: 1.358e-07 | Val Loss: 4.477e-01 | Time: 7.50s
2025-08-15 02:32:12,684:INFO:New best model found at epoch 8800 with validation loss 4.477e-01. Saving...
2025-08-15 02:32:22,841:INFO:Epoch: 8850/10000 | Train Loss: 4.462e-01 | Dynamic Loss: 4.462e-01 | Regularization Loss: 1.356e-07 | Val Loss: 4.479e-01 | Time: 10.15s
2025-08-15 02:32:27,387:INFO:Epoch: 8900/10000 | Train Loss: 4.443e-01 | Dynamic Loss: 4.443e-01 | Regularization Loss: 1.324e-07 | Val Loss: 4.467e-01 | Time: 4.55s
2025-08-15 02:32:27,387:INFO:New best model found at epoch 8900 with validation loss 4.467e-01. Saving...
2025-08-15 02:32:31,995:INFO:Epoch: 8950/10000 | Train Loss: 4.449e-01 | Dynamic Loss: 4.449e-01 | Regularization Loss: 1.349e-07 | Val Loss: 4.466e-01 | Time: 4.60s
2025-08-15 02:32:31,995:INFO:New best model found at epoch 8950 with validation loss 4.466e-01. Saving...
2025-08-15 02:32:36,620:INFO:Epoch: 9000/10000 | Train Loss: 4.448e-01 | Dynamic Loss: 4.448e-01 | Regularization Loss: 1.313e-07 | Val Loss: 4.460e-01 | Time: 4.61s
2025-08-15 02:32:36,620:INFO:New best model found at epoch 9000 with validation loss 4.460e-01. Saving...
2025-08-15 02:32:41,264:INFO:Epoch: 9050/10000 | Train Loss: 4.434e-01 | Dynamic Loss: 4.434e-01 | Regularization Loss: 1.330e-07 | Val Loss: 4.460e-01 | Time: 4.63s
2025-08-15 02:32:41,264:INFO:New best model found at epoch 9050 with validation loss 4.460e-01. Saving...
2025-08-15 02:32:45,839:INFO:Epoch: 9100/10000 | Train Loss: 4.467e-01 | Dynamic Loss: 4.467e-01 | Regularization Loss: 1.328e-07 | Val Loss: 4.503e-01 | Time: 4.57s
2025-08-15 02:32:50,384:INFO:Epoch: 9150/10000 | Train Loss: 4.435e-01 | Dynamic Loss: 4.435e-01 | Regularization Loss: 1.317e-07 | Val Loss: 4.454e-01 | Time: 4.54s
2025-08-15 02:32:50,384:INFO:New best model found at epoch 9150 with validation loss 4.454e-01. Saving...
2025-08-15 02:32:57,430:INFO:Epoch: 9200/10000 | Train Loss: 4.436e-01 | Dynamic Loss: 4.436e-01 | Regularization Loss: 1.312e-07 | Val Loss: 4.456e-01 | Time: 7.04s
2025-08-15 02:33:03,420:INFO:Epoch: 9250/10000 | Train Loss: 4.419e-01 | Dynamic Loss: 4.419e-01 | Regularization Loss: 1.284e-07 | Val Loss: 4.449e-01 | Time: 5.99s
2025-08-15 02:33:03,420:INFO:New best model found at epoch 9250 with validation loss 4.449e-01. Saving...
2025-08-15 02:33:07,951:INFO:Epoch: 9300/10000 | Train Loss: 4.421e-01 | Dynamic Loss: 4.421e-01 | Regularization Loss: 1.276e-07 | Val Loss: 4.446e-01 | Time: 4.52s
2025-08-15 02:33:07,952:INFO:New best model found at epoch 9300 with validation loss 4.446e-01. Saving...
2025-08-15 02:33:12,651:INFO:Epoch: 9350/10000 | Train Loss: 4.425e-01 | Dynamic Loss: 4.425e-01 | Regularization Loss: 1.281e-07 | Val Loss: 4.442e-01 | Time: 4.69s
2025-08-15 02:33:12,651:INFO:New best model found at epoch 9350 with validation loss 4.442e-01. Saving...
2025-08-15 02:33:17,164:INFO:Epoch: 9400/10000 | Train Loss: 4.459e-01 | Dynamic Loss: 4.459e-01 | Regularization Loss: 1.255e-07 | Val Loss: 4.475e-01 | Time: 4.50s
2025-08-15 02:33:21,693:INFO:Epoch: 9450/10000 | Train Loss: 4.418e-01 | Dynamic Loss: 4.418e-01 | Regularization Loss: 1.325e-07 | Val Loss: 4.461e-01 | Time: 4.53s
2025-08-15 02:33:26,222:INFO:Epoch: 9500/10000 | Train Loss: 4.403e-01 | Dynamic Loss: 4.403e-01 | Regularization Loss: 1.167e-07 | Val Loss: 4.445e-01 | Time: 4.53s
2025-08-15 02:33:30,680:INFO:Epoch: 9550/10000 | Train Loss: 4.412e-01 | Dynamic Loss: 4.412e-01 | Regularization Loss: 1.448e-07 | Val Loss: 4.437e-01 | Time: 4.46s
2025-08-15 02:33:30,680:INFO:New best model found at epoch 9550 with validation loss 4.437e-01. Saving...
2025-08-15 02:33:40,119:INFO:Epoch: 9600/10000 | Train Loss: 4.449e-01 | Dynamic Loss: 4.449e-01 | Regularization Loss: 1.145e-07 | Val Loss: 4.450e-01 | Time: 9.43s
2025-08-15 02:33:44,663:INFO:Epoch: 9650/10000 | Train Loss: 4.412e-01 | Dynamic Loss: 4.412e-01 | Regularization Loss: 2.143e-07 | Val Loss: 4.443e-01 | Time: 4.54s
2025-08-15 02:33:49,258:INFO:Epoch: 9700/10000 | Train Loss: nan | Dynamic Loss: nan | Regularization Loss: nan | Val Loss: nan | Time: 4.59s
2025-08-15 02:33:53,829:INFO:Epoch: 9750/10000 | Train Loss: nan | Dynamic Loss: nan | Regularization Loss: nan | Val Loss: nan | Time: 4.57s
2025-08-15 02:33:58,398:INFO:Epoch: 9800/10000 | Train Loss: nan | Dynamic Loss: nan | Regularization Loss: nan | Val Loss: nan | Time: 4.57s
2025-08-15 02:34:02,917:INFO:Epoch: 9850/10000 | Train Loss: nan | Dynamic Loss: nan | Regularization Loss: nan | Val Loss: nan | Time: 4.52s
2025-08-15 02:34:07,420:INFO:Epoch: 9900/10000 | Train Loss: nan | Dynamic Loss: nan | Regularization Loss: nan | Val Loss: nan | Time: 4.50s
2025-08-15 02:34:11,997:INFO:Epoch: 9950/10000 | Train Loss: nan | Dynamic Loss: nan | Regularization Loss: nan | Val Loss: nan | Time: 4.58s
2025-08-15 02:34:21,346:INFO:Epoch: 10000/10000 | Train Loss: nan | Dynamic Loss: nan | Regularization Loss: nan | Val Loss: nan | Time: 9.35s
